[0.366s] DEBUG:colcon:Command line arguments: ['/usr/bin/colcon', 'build', '--packages-select', 'pot_follower', '--symlink-install']
[0.366s] DEBUG:colcon:Parsed command line arguments: Namespace(log_base=None, log_level=None, verb_name='build', build_base='build', install_base='install', merge_install=False, symlink_install=True, test_result_base=None, continue_on_error=False, executor='parallel', parallel_workers=8, event_handlers=None, ignore_user_meta=False, metas=['./colcon.meta'], base_paths=['.'], packages_ignore=None, packages_ignore_regex=None, paths=None, packages_up_to=None, packages_up_to_regex=None, packages_above=None, packages_above_and_dependencies=None, packages_above_depth=None, packages_select_by_dep=None, packages_skip_by_dep=None, packages_skip_up_to=None, packages_select_build_failed=False, packages_skip_build_finished=False, packages_select_test_failures=False, packages_skip_test_passed=False, packages_select=['pot_follower'], packages_skip=None, packages_select_regex=None, packages_skip_regex=None, packages_start=None, packages_end=None, allow_overriding=[], cmake_args=None, cmake_target=None, cmake_target_skip_unavailable=False, cmake_clean_cache=False, cmake_clean_first=False, cmake_force_configure=False, ament_cmake_args=None, catkin_cmake_args=None, catkin_skip_building_tests=False, verb_parser=<colcon_defaults.argument_parser.defaults.DefaultArgumentsDecorator object at 0x787e54e62980>, verb_extension=<colcon_core.verb.build.BuildVerb object at 0x787e54e62530>, main=<bound method BuildVerb.main of <colcon_core.verb.build.BuildVerb object at 0x787e54e62530>>)
[6.558s] Level 1:colcon.colcon_core.package_discovery:discover_packages(colcon_meta) check parameters
[6.558s] Level 1:colcon.colcon_core.package_discovery:discover_packages(recursive) check parameters
[6.558s] Level 1:colcon.colcon_core.package_discovery:discover_packages(ignore) check parameters
[6.558s] Level 1:colcon.colcon_core.package_discovery:discover_packages(path) check parameters
[6.558s] Level 1:colcon.colcon_core.package_discovery:discover_packages(colcon_meta) discover
[6.558s] Level 1:colcon.colcon_core.package_discovery:discover_packages(recursive) discover
[6.558s] INFO:colcon.colcon_core.package_discovery:Crawling recursively for packages in '/home/ayaan/sim_ws'
[6.558s] Level 1:colcon.colcon_core.package_identification:_identify(.) by extensions ['ignore', 'ignore_ament_install']
[6.559s] Level 1:colcon.colcon_core.package_identification:_identify(.) by extension 'ignore'
[6.559s] Level 1:colcon.colcon_core.package_identification:_identify(.) by extension 'ignore_ament_install'
[6.559s] Level 1:colcon.colcon_core.package_identification:_identify(.) by extensions ['colcon_pkg']
[6.559s] Level 1:colcon.colcon_core.package_identification:_identify(.) by extension 'colcon_pkg'
[6.559s] Level 1:colcon.colcon_core.package_identification:_identify(.) by extensions ['colcon_meta']
[6.559s] Level 1:colcon.colcon_core.package_identification:_identify(.) by extension 'colcon_meta'
[6.559s] Level 1:colcon.colcon_core.package_identification:_identify(.) by extensions ['ros']
[6.559s] Level 1:colcon.colcon_core.package_identification:_identify(.) by extension 'ros'
[6.570s] Level 1:colcon.colcon_core.package_identification:_identify(.) by extensions ['cmake', 'python']
[6.570s] Level 1:colcon.colcon_core.package_identification:_identify(.) by extension 'cmake'
[6.570s] Level 1:colcon.colcon_core.package_identification:_identify(.) by extension 'python'
[6.570s] Level 1:colcon.colcon_core.package_identification:_identify(.) by extensions ['python_setup_py']
[6.570s] Level 1:colcon.colcon_core.package_identification:_identify(.) by extension 'python_setup_py'
[6.570s] Level 1:colcon.colcon_core.package_identification:_identify(build) by extensions ['ignore', 'ignore_ament_install']
[6.570s] Level 1:colcon.colcon_core.package_identification:_identify(build) by extension 'ignore'
[6.570s] Level 1:colcon.colcon_core.package_identification:_identify(build) ignored
[6.570s] Level 1:colcon.colcon_core.package_identification:_identify(custom_yolo_models) by extensions ['ignore', 'ignore_ament_install']
[6.570s] Level 1:colcon.colcon_core.package_identification:_identify(custom_yolo_models) by extension 'ignore'
[6.571s] Level 1:colcon.colcon_core.package_identification:_identify(custom_yolo_models) by extension 'ignore_ament_install'
[6.571s] Level 1:colcon.colcon_core.package_identification:_identify(custom_yolo_models) by extensions ['colcon_pkg']
[6.571s] Level 1:colcon.colcon_core.package_identification:_identify(custom_yolo_models) by extension 'colcon_pkg'
[6.571s] Level 1:colcon.colcon_core.package_identification:_identify(custom_yolo_models) by extensions ['colcon_meta']
[6.571s] Level 1:colcon.colcon_core.package_identification:_identify(custom_yolo_models) by extension 'colcon_meta'
[6.571s] Level 1:colcon.colcon_core.package_identification:_identify(custom_yolo_models) by extensions ['ros']
[6.571s] Level 1:colcon.colcon_core.package_identification:_identify(custom_yolo_models) by extension 'ros'
[6.571s] Level 1:colcon.colcon_core.package_identification:_identify(custom_yolo_models) by extensions ['cmake', 'python']
[6.571s] Level 1:colcon.colcon_core.package_identification:_identify(custom_yolo_models) by extension 'cmake'
[6.571s] Level 1:colcon.colcon_core.package_identification:_identify(custom_yolo_models) by extension 'python'
[6.571s] Level 1:colcon.colcon_core.package_identification:_identify(custom_yolo_models) by extensions ['python_setup_py']
[6.571s] Level 1:colcon.colcon_core.package_identification:_identify(custom_yolo_models) by extension 'python_setup_py'
[6.571s] Level 1:colcon.colcon_core.package_identification:_identify(install) by extensions ['ignore', 'ignore_ament_install']
[6.571s] Level 1:colcon.colcon_core.package_identification:_identify(install) by extension 'ignore'
[6.571s] Level 1:colcon.colcon_core.package_identification:_identify(install) ignored
[6.571s] Level 1:colcon.colcon_core.package_identification:_identify(ip) by extensions ['ignore', 'ignore_ament_install']
[6.571s] Level 1:colcon.colcon_core.package_identification:_identify(ip) by extension 'ignore'
[6.571s] Level 1:colcon.colcon_core.package_identification:_identify(ip) by extension 'ignore_ament_install'
[6.571s] Level 1:colcon.colcon_core.package_identification:_identify(ip) by extensions ['colcon_pkg']
[6.571s] Level 1:colcon.colcon_core.package_identification:_identify(ip) by extension 'colcon_pkg'
[6.572s] Level 1:colcon.colcon_core.package_identification:_identify(ip) by extensions ['colcon_meta']
[6.572s] Level 1:colcon.colcon_core.package_identification:_identify(ip) by extension 'colcon_meta'
[6.572s] Level 1:colcon.colcon_core.package_identification:_identify(ip) by extensions ['ros']
[6.572s] Level 1:colcon.colcon_core.package_identification:_identify(ip) by extension 'ros'
[6.572s] Level 1:colcon.colcon_core.package_identification:_identify(ip) by extensions ['cmake', 'python']
[6.572s] Level 1:colcon.colcon_core.package_identification:_identify(ip) by extension 'cmake'
[6.572s] Level 1:colcon.colcon_core.package_identification:_identify(ip) by extension 'python'
[6.572s] Level 1:colcon.colcon_core.package_identification:_identify(ip) by extensions ['python_setup_py']
[6.572s] Level 1:colcon.colcon_core.package_identification:_identify(ip) by extension 'python_setup_py'
[6.572s] Level 1:colcon.colcon_core.package_identification:_identify(log) by extensions ['ignore', 'ignore_ament_install']
[6.572s] Level 1:colcon.colcon_core.package_identification:_identify(log) by extension 'ignore'
[6.572s] Level 1:colcon.colcon_core.package_identification:_identify(log) ignored
[6.572s] Level 1:colcon.colcon_core.package_identification:_identify(rosbag_pot_data) by extensions ['ignore', 'ignore_ament_install']
[6.572s] Level 1:colcon.colcon_core.package_identification:_identify(rosbag_pot_data) by extension 'ignore'
[6.572s] Level 1:colcon.colcon_core.package_identification:_identify(rosbag_pot_data) by extension 'ignore_ament_install'
[6.572s] Level 1:colcon.colcon_core.package_identification:_identify(rosbag_pot_data) by extensions ['colcon_pkg']
[6.572s] Level 1:colcon.colcon_core.package_identification:_identify(rosbag_pot_data) by extension 'colcon_pkg'
[6.572s] Level 1:colcon.colcon_core.package_identification:_identify(rosbag_pot_data) by extensions ['colcon_meta']
[6.572s] Level 1:colcon.colcon_core.package_identification:_identify(rosbag_pot_data) by extension 'colcon_meta'
[6.572s] Level 1:colcon.colcon_core.package_identification:_identify(rosbag_pot_data) by extensions ['ros']
[6.572s] Level 1:colcon.colcon_core.package_identification:_identify(rosbag_pot_data) by extension 'ros'
[6.573s] Level 1:colcon.colcon_core.package_identification:_identify(rosbag_pot_data) by extensions ['cmake', 'python']
[6.573s] Level 1:colcon.colcon_core.package_identification:_identify(rosbag_pot_data) by extension 'cmake'
[6.573s] Level 1:colcon.colcon_core.package_identification:_identify(rosbag_pot_data) by extension 'python'
[6.573s] Level 1:colcon.colcon_core.package_identification:_identify(rosbag_pot_data) by extensions ['python_setup_py']
[6.573s] Level 1:colcon.colcon_core.package_identification:_identify(rosbag_pot_data) by extension 'python_setup_py'
[6.573s] Level 1:colcon.colcon_core.package_identification:_identify(runs) by extensions ['ignore', 'ignore_ament_install']
[6.573s] Level 1:colcon.colcon_core.package_identification:_identify(runs) by extension 'ignore'
[6.573s] Level 1:colcon.colcon_core.package_identification:_identify(runs) by extension 'ignore_ament_install'
[6.573s] Level 1:colcon.colcon_core.package_identification:_identify(runs) by extensions ['colcon_pkg']
[6.573s] Level 1:colcon.colcon_core.package_identification:_identify(runs) by extension 'colcon_pkg'
[6.573s] Level 1:colcon.colcon_core.package_identification:_identify(runs) by extensions ['colcon_meta']
[6.573s] Level 1:colcon.colcon_core.package_identification:_identify(runs) by extension 'colcon_meta'
[6.573s] Level 1:colcon.colcon_core.package_identification:_identify(runs) by extensions ['ros']
[6.573s] Level 1:colcon.colcon_core.package_identification:_identify(runs) by extension 'ros'
[6.573s] Level 1:colcon.colcon_core.package_identification:_identify(runs) by extensions ['cmake', 'python']
[6.573s] Level 1:colcon.colcon_core.package_identification:_identify(runs) by extension 'cmake'
[6.573s] Level 1:colcon.colcon_core.package_identification:_identify(runs) by extension 'python'
[6.573s] Level 1:colcon.colcon_core.package_identification:_identify(runs) by extensions ['python_setup_py']
[6.573s] Level 1:colcon.colcon_core.package_identification:_identify(runs) by extension 'python_setup_py'
[6.573s] Level 1:colcon.colcon_core.package_identification:_identify(runs/detect) by extensions ['ignore', 'ignore_ament_install']
[6.573s] Level 1:colcon.colcon_core.package_identification:_identify(runs/detect) by extension 'ignore'
[6.574s] Level 1:colcon.colcon_core.package_identification:_identify(runs/detect) by extension 'ignore_ament_install'
[6.574s] Level 1:colcon.colcon_core.package_identification:_identify(runs/detect) by extensions ['colcon_pkg']
[6.574s] Level 1:colcon.colcon_core.package_identification:_identify(runs/detect) by extension 'colcon_pkg'
[6.574s] Level 1:colcon.colcon_core.package_identification:_identify(runs/detect) by extensions ['colcon_meta']
[6.574s] Level 1:colcon.colcon_core.package_identification:_identify(runs/detect) by extension 'colcon_meta'
[6.574s] Level 1:colcon.colcon_core.package_identification:_identify(runs/detect) by extensions ['ros']
[6.574s] Level 1:colcon.colcon_core.package_identification:_identify(runs/detect) by extension 'ros'
[6.574s] Level 1:colcon.colcon_core.package_identification:_identify(runs/detect) by extensions ['cmake', 'python']
[6.574s] Level 1:colcon.colcon_core.package_identification:_identify(runs/detect) by extension 'cmake'
[6.574s] Level 1:colcon.colcon_core.package_identification:_identify(runs/detect) by extension 'python'
[6.574s] Level 1:colcon.colcon_core.package_identification:_identify(runs/detect) by extensions ['python_setup_py']
[6.574s] Level 1:colcon.colcon_core.package_identification:_identify(runs/detect) by extension 'python_setup_py'
[6.574s] Level 1:colcon.colcon_core.package_identification:_identify(runs/detect/flower_pot_detector) by extensions ['ignore', 'ignore_ament_install']
[6.574s] Level 1:colcon.colcon_core.package_identification:_identify(runs/detect/flower_pot_detector) by extension 'ignore'
[6.574s] Level 1:colcon.colcon_core.package_identification:_identify(runs/detect/flower_pot_detector) by extension 'ignore_ament_install'
[6.574s] Level 1:colcon.colcon_core.package_identification:_identify(runs/detect/flower_pot_detector) by extensions ['colcon_pkg']
[6.574s] Level 1:colcon.colcon_core.package_identification:_identify(runs/detect/flower_pot_detector) by extension 'colcon_pkg'
[6.574s] Level 1:colcon.colcon_core.package_identification:_identify(runs/detect/flower_pot_detector) by extensions ['colcon_meta']
[6.574s] Level 1:colcon.colcon_core.package_identification:_identify(runs/detect/flower_pot_detector) by extension 'colcon_meta'
[6.574s] Level 1:colcon.colcon_core.package_identification:_identify(runs/detect/flower_pot_detector) by extensions ['ros']
[6.574s] Level 1:colcon.colcon_core.package_identification:_identify(runs/detect/flower_pot_detector) by extension 'ros'
[6.575s] Level 1:colcon.colcon_core.package_identification:_identify(runs/detect/flower_pot_detector) by extensions ['cmake', 'python']
[6.575s] Level 1:colcon.colcon_core.package_identification:_identify(runs/detect/flower_pot_detector) by extension 'cmake'
[6.575s] Level 1:colcon.colcon_core.package_identification:_identify(runs/detect/flower_pot_detector) by extension 'python'
[6.575s] Level 1:colcon.colcon_core.package_identification:_identify(runs/detect/flower_pot_detector) by extensions ['python_setup_py']
[6.575s] Level 1:colcon.colcon_core.package_identification:_identify(runs/detect/flower_pot_detector) by extension 'python_setup_py'
[6.575s] Level 1:colcon.colcon_core.package_identification:_identify(runs/detect/flower_pot_detector/weights) by extensions ['ignore', 'ignore_ament_install']
[6.575s] Level 1:colcon.colcon_core.package_identification:_identify(runs/detect/flower_pot_detector/weights) by extension 'ignore'
[6.575s] Level 1:colcon.colcon_core.package_identification:_identify(runs/detect/flower_pot_detector/weights) by extension 'ignore_ament_install'
[6.575s] Level 1:colcon.colcon_core.package_identification:_identify(runs/detect/flower_pot_detector/weights) by extensions ['colcon_pkg']
[6.575s] Level 1:colcon.colcon_core.package_identification:_identify(runs/detect/flower_pot_detector/weights) by extension 'colcon_pkg'
[6.575s] Level 1:colcon.colcon_core.package_identification:_identify(runs/detect/flower_pot_detector/weights) by extensions ['colcon_meta']
[6.575s] Level 1:colcon.colcon_core.package_identification:_identify(runs/detect/flower_pot_detector/weights) by extension 'colcon_meta'
[6.575s] Level 1:colcon.colcon_core.package_identification:_identify(runs/detect/flower_pot_detector/weights) by extensions ['ros']
[6.575s] Level 1:colcon.colcon_core.package_identification:_identify(runs/detect/flower_pot_detector/weights) by extension 'ros'
[6.575s] Level 1:colcon.colcon_core.package_identification:_identify(runs/detect/flower_pot_detector/weights) by extensions ['cmake', 'python']
[6.575s] Level 1:colcon.colcon_core.package_identification:_identify(runs/detect/flower_pot_detector/weights) by extension 'cmake'
[6.575s] Level 1:colcon.colcon_core.package_identification:_identify(runs/detect/flower_pot_detector/weights) by extension 'python'
[6.575s] Level 1:colcon.colcon_core.package_identification:_identify(runs/detect/flower_pot_detector/weights) by extensions ['python_setup_py']
[6.575s] Level 1:colcon.colcon_core.package_identification:_identify(runs/detect/flower_pot_detector/weights) by extension 'python_setup_py'
[6.575s] Level 1:colcon.colcon_core.package_identification:_identify(src) by extensions ['ignore', 'ignore_ament_install']
[6.575s] Level 1:colcon.colcon_core.package_identification:_identify(src) by extension 'ignore'
[6.576s] Level 1:colcon.colcon_core.package_identification:_identify(src) by extension 'ignore_ament_install'
[6.576s] Level 1:colcon.colcon_core.package_identification:_identify(src) by extensions ['colcon_pkg']
[6.576s] Level 1:colcon.colcon_core.package_identification:_identify(src) by extension 'colcon_pkg'
[6.576s] Level 1:colcon.colcon_core.package_identification:_identify(src) by extensions ['colcon_meta']
[6.576s] Level 1:colcon.colcon_core.package_identification:_identify(src) by extension 'colcon_meta'
[6.576s] Level 1:colcon.colcon_core.package_identification:_identify(src) by extensions ['ros']
[6.576s] Level 1:colcon.colcon_core.package_identification:_identify(src) by extension 'ros'
[6.576s] Level 1:colcon.colcon_core.package_identification:_identify(src) by extensions ['cmake', 'python']
[6.576s] Level 1:colcon.colcon_core.package_identification:_identify(src) by extension 'cmake'
[6.576s] Level 1:colcon.colcon_core.package_identification:_identify(src) by extension 'python'
[6.576s] Level 1:colcon.colcon_core.package_identification:_identify(src) by extensions ['python_setup_py']
[6.576s] Level 1:colcon.colcon_core.package_identification:_identify(src) by extension 'python_setup_py'
[6.576s] Level 1:colcon.colcon_core.package_identification:_identify(src/pot_follower) by extensions ['ignore', 'ignore_ament_install']
[6.576s] Level 1:colcon.colcon_core.package_identification:_identify(src/pot_follower) by extension 'ignore'
[6.576s] Level 1:colcon.colcon_core.package_identification:_identify(src/pot_follower) by extension 'ignore_ament_install'
[6.576s] Level 1:colcon.colcon_core.package_identification:_identify(src/pot_follower) by extensions ['colcon_pkg']
[6.576s] Level 1:colcon.colcon_core.package_identification:_identify(src/pot_follower) by extension 'colcon_pkg'
[6.576s] Level 1:colcon.colcon_core.package_identification:_identify(src/pot_follower) by extensions ['colcon_meta']
[6.576s] Level 1:colcon.colcon_core.package_identification:_identify(src/pot_follower) by extension 'colcon_meta'
[6.576s] Level 1:colcon.colcon_core.package_identification:_identify(src/pot_follower) by extensions ['ros']
[6.576s] Level 1:colcon.colcon_core.package_identification:_identify(src/pot_follower) by extension 'ros'
[6.626s] DEBUG:colcon.colcon_core.package_identification:Package 'src/pot_follower' with type 'ros.ament_python' and name 'pot_follower'
[6.626s] Level 1:colcon.colcon_core.package_identification:_identify(src/sim_bot) by extensions ['ignore', 'ignore_ament_install']
[6.626s] Level 1:colcon.colcon_core.package_identification:_identify(src/sim_bot) by extension 'ignore'
[6.626s] Level 1:colcon.colcon_core.package_identification:_identify(src/sim_bot) by extension 'ignore_ament_install'
[6.626s] Level 1:colcon.colcon_core.package_identification:_identify(src/sim_bot) by extensions ['colcon_pkg']
[6.627s] Level 1:colcon.colcon_core.package_identification:_identify(src/sim_bot) by extension 'colcon_pkg'
[6.627s] Level 1:colcon.colcon_core.package_identification:_identify(src/sim_bot) by extensions ['colcon_meta']
[6.627s] Level 1:colcon.colcon_core.package_identification:_identify(src/sim_bot) by extension 'colcon_meta'
[6.627s] Level 1:colcon.colcon_core.package_identification:_identify(src/sim_bot) by extensions ['ros']
[6.627s] Level 1:colcon.colcon_core.package_identification:_identify(src/sim_bot) by extension 'ros'
[6.630s] DEBUG:colcon.colcon_core.package_identification:Package 'src/sim_bot' with type 'ros.ament_cmake' and name 'sim_bot'
[6.631s] Level 1:colcon.colcon_core.package_identification:_identify(src/sim_lobby_classic) by extensions ['ignore', 'ignore_ament_install']
[6.631s] Level 1:colcon.colcon_core.package_identification:_identify(src/sim_lobby_classic) by extension 'ignore'
[6.631s] Level 1:colcon.colcon_core.package_identification:_identify(src/sim_lobby_classic) by extension 'ignore_ament_install'
[6.631s] Level 1:colcon.colcon_core.package_identification:_identify(src/sim_lobby_classic) by extensions ['colcon_pkg']
[6.631s] Level 1:colcon.colcon_core.package_identification:_identify(src/sim_lobby_classic) by extension 'colcon_pkg'
[6.631s] Level 1:colcon.colcon_core.package_identification:_identify(src/sim_lobby_classic) by extensions ['colcon_meta']
[6.631s] Level 1:colcon.colcon_core.package_identification:_identify(src/sim_lobby_classic) by extension 'colcon_meta'
[6.631s] Level 1:colcon.colcon_core.package_identification:_identify(src/sim_lobby_classic) by extensions ['ros']
[6.631s] Level 1:colcon.colcon_core.package_identification:_identify(src/sim_lobby_classic) by extension 'ros'
[6.643s] DEBUG:colcon.colcon_core.package_identification:Package 'src/sim_lobby_classic' with type 'ros.ament_python' and name 'sim_lobby_classic'
[6.643s] Level 1:colcon.colcon_core.package_identification:_identify(src/yolo_ros) by extensions ['ignore', 'ignore_ament_install']
[6.643s] Level 1:colcon.colcon_core.package_identification:_identify(src/yolo_ros) by extension 'ignore'
[6.643s] Level 1:colcon.colcon_core.package_identification:_identify(src/yolo_ros) by extension 'ignore_ament_install'
[6.643s] Level 1:colcon.colcon_core.package_identification:_identify(src/yolo_ros) by extensions ['colcon_pkg']
[6.644s] Level 1:colcon.colcon_core.package_identification:_identify(src/yolo_ros) by extension 'colcon_pkg'
[6.644s] Level 1:colcon.colcon_core.package_identification:_identify(src/yolo_ros) by extensions ['colcon_meta']
[6.644s] Level 1:colcon.colcon_core.package_identification:_identify(src/yolo_ros) by extension 'colcon_meta'
[6.644s] Level 1:colcon.colcon_core.package_identification:_identify(src/yolo_ros) by extensions ['ros']
[6.644s] Level 1:colcon.colcon_core.package_identification:_identify(src/yolo_ros) by extension 'ros'
[6.644s] Level 1:colcon.colcon_core.package_identification:_identify(src/yolo_ros) by extensions ['cmake', 'python']
[6.644s] Level 1:colcon.colcon_core.package_identification:_identify(src/yolo_ros) by extension 'cmake'
[6.644s] Level 1:colcon.colcon_core.package_identification:_identify(src/yolo_ros) by extension 'python'
[6.644s] Level 1:colcon.colcon_core.package_identification:_identify(src/yolo_ros) by extensions ['python_setup_py']
[6.644s] Level 1:colcon.colcon_core.package_identification:_identify(src/yolo_ros) by extension 'python_setup_py'
[6.644s] Level 1:colcon.colcon_core.package_identification:_identify(src/yolo_ros/docs) by extensions ['ignore', 'ignore_ament_install']
[6.644s] Level 1:colcon.colcon_core.package_identification:_identify(src/yolo_ros/docs) by extension 'ignore'
[6.644s] Level 1:colcon.colcon_core.package_identification:_identify(src/yolo_ros/docs) by extension 'ignore_ament_install'
[6.644s] Level 1:colcon.colcon_core.package_identification:_identify(src/yolo_ros/docs) by extensions ['colcon_pkg']
[6.644s] Level 1:colcon.colcon_core.package_identification:_identify(src/yolo_ros/docs) by extension 'colcon_pkg'
[6.644s] Level 1:colcon.colcon_core.package_identification:_identify(src/yolo_ros/docs) by extensions ['colcon_meta']
[6.644s] Level 1:colcon.colcon_core.package_identification:_identify(src/yolo_ros/docs) by extension 'colcon_meta'
[6.644s] Level 1:colcon.colcon_core.package_identification:_identify(src/yolo_ros/docs) by extensions ['ros']
[6.644s] Level 1:colcon.colcon_core.package_identification:_identify(src/yolo_ros/docs) by extension 'ros'
[6.644s] Level 1:colcon.colcon_core.package_identification:_identify(src/yolo_ros/docs) by extensions ['cmake', 'python']
[6.644s] Level 1:colcon.colcon_core.package_identification:_identify(src/yolo_ros/docs) by extension 'cmake'
[6.644s] Level 1:colcon.colcon_core.package_identification:_identify(src/yolo_ros/docs) by extension 'python'
[6.645s] Level 1:colcon.colcon_core.package_identification:_identify(src/yolo_ros/docs) by extensions ['python_setup_py']
[6.645s] Level 1:colcon.colcon_core.package_identification:_identify(src/yolo_ros/docs) by extension 'python_setup_py'
[6.645s] Level 1:colcon.colcon_core.package_identification:_identify(src/yolo_ros/weights) by extensions ['ignore', 'ignore_ament_install']
[6.645s] Level 1:colcon.colcon_core.package_identification:_identify(src/yolo_ros/weights) by extension 'ignore'
[6.645s] Level 1:colcon.colcon_core.package_identification:_identify(src/yolo_ros/weights) by extension 'ignore_ament_install'
[6.645s] Level 1:colcon.colcon_core.package_identification:_identify(src/yolo_ros/weights) by extensions ['colcon_pkg']
[6.645s] Level 1:colcon.colcon_core.package_identification:_identify(src/yolo_ros/weights) by extension 'colcon_pkg'
[6.645s] Level 1:colcon.colcon_core.package_identification:_identify(src/yolo_ros/weights) by extensions ['colcon_meta']
[6.645s] Level 1:colcon.colcon_core.package_identification:_identify(src/yolo_ros/weights) by extension 'colcon_meta'
[6.645s] Level 1:colcon.colcon_core.package_identification:_identify(src/yolo_ros/weights) by extensions ['ros']
[6.645s] Level 1:colcon.colcon_core.package_identification:_identify(src/yolo_ros/weights) by extension 'ros'
[6.645s] Level 1:colcon.colcon_core.package_identification:_identify(src/yolo_ros/weights) by extensions ['cmake', 'python']
[6.645s] Level 1:colcon.colcon_core.package_identification:_identify(src/yolo_ros/weights) by extension 'cmake'
[6.645s] Level 1:colcon.colcon_core.package_identification:_identify(src/yolo_ros/weights) by extension 'python'
[6.645s] Level 1:colcon.colcon_core.package_identification:_identify(src/yolo_ros/weights) by extensions ['python_setup_py']
[6.645s] Level 1:colcon.colcon_core.package_identification:_identify(src/yolo_ros/weights) by extension 'python_setup_py'
[6.645s] Level 1:colcon.colcon_core.package_identification:_identify(src/yolo_ros/yolo_bringup) by extensions ['ignore', 'ignore_ament_install']
[6.645s] Level 1:colcon.colcon_core.package_identification:_identify(src/yolo_ros/yolo_bringup) by extension 'ignore'
[6.645s] Level 1:colcon.colcon_core.package_identification:_identify(src/yolo_ros/yolo_bringup) by extension 'ignore_ament_install'
[6.645s] Level 1:colcon.colcon_core.package_identification:_identify(src/yolo_ros/yolo_bringup) by extensions ['colcon_pkg']
[6.646s] Level 1:colcon.colcon_core.package_identification:_identify(src/yolo_ros/yolo_bringup) by extension 'colcon_pkg'
[6.646s] Level 1:colcon.colcon_core.package_identification:_identify(src/yolo_ros/yolo_bringup) by extensions ['colcon_meta']
[6.646s] Level 1:colcon.colcon_core.package_identification:_identify(src/yolo_ros/yolo_bringup) by extension 'colcon_meta'
[6.646s] Level 1:colcon.colcon_core.package_identification:_identify(src/yolo_ros/yolo_bringup) by extensions ['ros']
[6.646s] Level 1:colcon.colcon_core.package_identification:_identify(src/yolo_ros/yolo_bringup) by extension 'ros'
[6.666s] DEBUG:colcon.colcon_core.package_identification:Package 'src/yolo_ros/yolo_bringup' with type 'ros.ament_cmake' and name 'yolo_bringup'
[6.666s] Level 1:colcon.colcon_core.package_identification:_identify(src/yolo_ros/yolo_msgs) by extensions ['ignore', 'ignore_ament_install']
[6.667s] Level 1:colcon.colcon_core.package_identification:_identify(src/yolo_ros/yolo_msgs) by extension 'ignore'
[6.667s] Level 1:colcon.colcon_core.package_identification:_identify(src/yolo_ros/yolo_msgs) by extension 'ignore_ament_install'
[6.667s] Level 1:colcon.colcon_core.package_identification:_identify(src/yolo_ros/yolo_msgs) by extensions ['colcon_pkg']
[6.667s] Level 1:colcon.colcon_core.package_identification:_identify(src/yolo_ros/yolo_msgs) by extension 'colcon_pkg'
[6.667s] Level 1:colcon.colcon_core.package_identification:_identify(src/yolo_ros/yolo_msgs) by extensions ['colcon_meta']
[6.667s] Level 1:colcon.colcon_core.package_identification:_identify(src/yolo_ros/yolo_msgs) by extension 'colcon_meta'
[6.667s] Level 1:colcon.colcon_core.package_identification:_identify(src/yolo_ros/yolo_msgs) by extensions ['ros']
[6.667s] Level 1:colcon.colcon_core.package_identification:_identify(src/yolo_ros/yolo_msgs) by extension 'ros'
[6.668s] DEBUG:colcon.colcon_core.package_identification:Package 'src/yolo_ros/yolo_msgs' with type 'ros.ament_cmake' and name 'yolo_msgs'
[6.668s] Level 1:colcon.colcon_core.package_identification:_identify(src/yolo_ros/yolo_ros) by extensions ['ignore', 'ignore_ament_install']
[6.668s] Level 1:colcon.colcon_core.package_identification:_identify(src/yolo_ros/yolo_ros) by extension 'ignore'
[6.668s] Level 1:colcon.colcon_core.package_identification:_identify(src/yolo_ros/yolo_ros) by extension 'ignore_ament_install'
[6.668s] Level 1:colcon.colcon_core.package_identification:_identify(src/yolo_ros/yolo_ros) by extensions ['colcon_pkg']
[6.668s] Level 1:colcon.colcon_core.package_identification:_identify(src/yolo_ros/yolo_ros) by extension 'colcon_pkg'
[6.668s] Level 1:colcon.colcon_core.package_identification:_identify(src/yolo_ros/yolo_ros) by extensions ['colcon_meta']
[6.668s] Level 1:colcon.colcon_core.package_identification:_identify(src/yolo_ros/yolo_ros) by extension 'colcon_meta'
[6.668s] Level 1:colcon.colcon_core.package_identification:_identify(src/yolo_ros/yolo_ros) by extensions ['ros']
[6.668s] Level 1:colcon.colcon_core.package_identification:_identify(src/yolo_ros/yolo_ros) by extension 'ros'
[6.669s] DEBUG:colcon.colcon_core.package_identification:Package 'src/yolo_ros/yolo_ros' with type 'ros.ament_python' and name 'yolo_ros'
[6.669s] Level 1:colcon.colcon_core.package_discovery:discover_packages(recursive) using defaults
[6.669s] Level 1:colcon.colcon_core.package_discovery:discover_packages(ignore) discover
[6.670s] Level 1:colcon.colcon_core.package_discovery:discover_packages(ignore) using defaults
[6.670s] Level 1:colcon.colcon_core.package_discovery:discover_packages(path) discover
[6.670s] Level 1:colcon.colcon_core.package_discovery:discover_packages(path) using defaults
[6.830s] INFO:colcon.colcon_core.package_selection:Skipping not selected package 'sim_bot' in 'src/sim_bot'
[6.830s] INFO:colcon.colcon_core.package_selection:Skipping not selected package 'yolo_msgs' in 'src/yolo_ros/yolo_msgs'
[6.830s] INFO:colcon.colcon_core.package_selection:Skipping not selected package 'sim_lobby_classic' in 'src/sim_lobby_classic'
[6.830s] INFO:colcon.colcon_core.package_selection:Skipping not selected package 'yolo_ros' in 'src/yolo_ros/yolo_ros'
[6.830s] INFO:colcon.colcon_core.package_selection:Skipping not selected package 'yolo_bringup' in 'src/yolo_ros/yolo_bringup'
[6.831s] Level 1:colcon.colcon_core.package_discovery:discover_packages(prefix_path) check parameters
[6.831s] Level 1:colcon.colcon_core.package_discovery:discover_packages(prefix_path) discover
[6.923s] DEBUG:colcon.colcon_installed_package_information.package_discovery:Found 5 installed packages in /home/ayaan/sim_ws/install
[6.924s] DEBUG:colcon.colcon_installed_package_information.package_discovery:Found 12 installed packages in /home/ayaan/turtlebot3_ws/install
[6.925s] DEBUG:colcon.colcon_installed_package_information.package_discovery:Found 377 installed packages in /opt/ros/humble
[6.927s] Level 1:colcon.colcon_core.package_discovery:discover_packages(prefix_path) using defaults
[7.385s] Level 5:colcon.colcon_core.verb:set package 'pot_follower' build argument 'cmake_args' from command line to 'None'
[7.385s] Level 5:colcon.colcon_core.verb:set package 'pot_follower' build argument 'cmake_target' from command line to 'None'
[7.385s] Level 5:colcon.colcon_core.verb:set package 'pot_follower' build argument 'cmake_target_skip_unavailable' from command line to 'False'
[7.385s] Level 5:colcon.colcon_core.verb:set package 'pot_follower' build argument 'cmake_clean_cache' from command line to 'False'
[7.385s] Level 5:colcon.colcon_core.verb:set package 'pot_follower' build argument 'cmake_clean_first' from command line to 'False'
[7.385s] Level 5:colcon.colcon_core.verb:set package 'pot_follower' build argument 'cmake_force_configure' from command line to 'False'
[7.385s] Level 5:colcon.colcon_core.verb:set package 'pot_follower' build argument 'ament_cmake_args' from command line to 'None'
[7.385s] Level 5:colcon.colcon_core.verb:set package 'pot_follower' build argument 'catkin_cmake_args' from command line to 'None'
[7.385s] Level 5:colcon.colcon_core.verb:set package 'pot_follower' build argument 'catkin_skip_building_tests' from command line to 'False'
[7.385s] DEBUG:colcon.colcon_core.verb:Building package 'pot_follower' with the following arguments: {'ament_cmake_args': None, 'build_base': '/home/ayaan/sim_ws/build/pot_follower', 'catkin_cmake_args': None, 'catkin_skip_building_tests': False, 'cmake_args': None, 'cmake_clean_cache': False, 'cmake_clean_first': False, 'cmake_force_configure': False, 'cmake_target': None, 'cmake_target_skip_unavailable': False, 'install_base': '/home/ayaan/sim_ws/install/pot_follower', 'merge_install': False, 'path': '/home/ayaan/sim_ws/src/pot_follower', 'symlink_install': True, 'test_result_base': None}
[7.386s] INFO:colcon.colcon_core.executor:Executing jobs using 'parallel' executor
[7.387s] DEBUG:colcon.colcon_parallel_executor.executor.parallel:run_until_complete
[7.387s] INFO:colcon.colcon_ros.task.ament_python.build:Building ROS package in '/home/ayaan/sim_ws/src/pot_follower' with build type 'ament_python'
[7.387s] Level 1:colcon.colcon_core.shell:create_environment_hook('pot_follower', 'ament_prefix_path')
[7.422s] INFO:colcon.colcon_core.plugin_system:Skipping extension 'colcon_core.shell.bat': Not used on non-Windows systems
[7.422s] INFO:colcon.colcon_core.shell:Creating environment hook '/home/ayaan/sim_ws/install/pot_follower/share/pot_follower/hook/ament_prefix_path.ps1'
[7.423s] INFO:colcon.colcon_core.shell:Creating environment descriptor '/home/ayaan/sim_ws/install/pot_follower/share/pot_follower/hook/ament_prefix_path.dsv'
[7.424s] INFO:colcon.colcon_core.shell:Creating environment hook '/home/ayaan/sim_ws/install/pot_follower/share/pot_follower/hook/ament_prefix_path.sh'
[7.425s] INFO:colcon.colcon_core.shell:Skip shell extension 'powershell' for command environment: Not usable outside of PowerShell
[7.425s] DEBUG:colcon.colcon_core.shell:Skip shell extension 'dsv' for command environment
[7.773s] INFO:colcon.colcon_core.task.python.build:Building Python package in '/home/ayaan/sim_ws/src/pot_follower'
[7.774s] INFO:colcon.colcon_core.shell:Skip shell extension 'powershell' for command environment: Not usable outside of PowerShell
[7.774s] DEBUG:colcon.colcon_core.shell:Skip shell extension 'dsv' for command environment
[8.512s] DEBUG:colcon.colcon_core.event_handler.log_command:Invoking command in '/home/ayaan/sim_ws/build/pot_follower': PYTHONPATH=/home/ayaan/sim_ws/build/pot_follower/prefix_override:/usr/lib/python3/dist-packages/colcon_core/task/python/colcon_distutils_commands:/home/ayaan/sim_ws/install/pot_follower/lib/python3.10/site-packages:${PYTHONPATH} /usr/bin/python3 -W ignore:setup.py install is deprecated -W ignore:easy_install command is deprecated setup.py develop --editable --build-directory /home/ayaan/sim_ws/build/pot_follower/build --no-deps symlink_data
[9.098s] Level 1:colcon.colcon_core.shell:create_environment_hook('pot_follower', 'pythonpath_develop')
[9.098s] INFO:colcon.colcon_core.shell:Creating environment hook '/home/ayaan/sim_ws/build/pot_follower/share/pot_follower/hook/pythonpath_develop.ps1'
[9.099s] DEBUG:colcon.colcon_core.event_handler.log_command:Invoked command in '/home/ayaan/sim_ws/build/pot_follower' returned '0': PYTHONPATH=/home/ayaan/sim_ws/build/pot_follower/prefix_override:/usr/lib/python3/dist-packages/colcon_core/task/python/colcon_distutils_commands:/home/ayaan/sim_ws/install/pot_follower/lib/python3.10/site-packages:${PYTHONPATH} /usr/bin/python3 -W ignore:setup.py install is deprecated -W ignore:easy_install command is deprecated setup.py develop --editable --build-directory /home/ayaan/sim_ws/build/pot_follower/build --no-deps symlink_data
[9.099s] INFO:colcon.colcon_core.shell:Creating environment descriptor '/home/ayaan/sim_ws/build/pot_follower/share/pot_follower/hook/pythonpath_develop.dsv'
[9.099s] INFO:colcon.colcon_core.shell:Creating environment hook '/home/ayaan/sim_ws/build/pot_follower/share/pot_follower/hook/pythonpath_develop.sh'
[9.105s] Level 1:colcon.colcon_core.environment:checking '/home/ayaan/sim_ws/install/pot_follower' for CMake module files
[9.106s] Level 1:colcon.colcon_core.environment:checking '/home/ayaan/sim_ws/install/pot_follower' for CMake config files
[9.106s] Level 1:colcon.colcon_core.environment:checking '/home/ayaan/sim_ws/install/pot_follower/lib'
[9.106s] Level 1:colcon.colcon_core.environment:checking '/home/ayaan/sim_ws/install/pot_follower/bin'
[9.107s] Level 1:colcon.colcon_core.environment:checking '/home/ayaan/sim_ws/install/pot_follower/lib/pkgconfig/pot_follower.pc'
[9.107s] Level 1:colcon.colcon_core.environment:checking '/home/ayaan/sim_ws/install/pot_follower/lib/python3.10/site-packages'
[9.107s] Level 1:colcon.colcon_core.shell:create_environment_hook('pot_follower', 'pythonpath')
[9.107s] INFO:colcon.colcon_core.shell:Creating environment hook '/home/ayaan/sim_ws/install/pot_follower/share/pot_follower/hook/pythonpath.ps1'
[9.108s] INFO:colcon.colcon_core.shell:Creating environment descriptor '/home/ayaan/sim_ws/install/pot_follower/share/pot_follower/hook/pythonpath.dsv'
[9.108s] INFO:colcon.colcon_core.shell:Creating environment hook '/home/ayaan/sim_ws/install/pot_follower/share/pot_follower/hook/pythonpath.sh'
[9.108s] Level 1:colcon.colcon_core.environment:checking '/home/ayaan/sim_ws/install/pot_follower/bin'
[9.108s] Level 1:colcon.colcon_core.environment:create_environment_scripts_only(pot_follower)
[9.109s] INFO:colcon.colcon_core.shell:Creating package script '/home/ayaan/sim_ws/install/pot_follower/share/pot_follower/package.ps1'
[9.110s] INFO:colcon.colcon_core.shell:Creating package descriptor '/home/ayaan/sim_ws/install/pot_follower/share/pot_follower/package.dsv'
[9.111s] INFO:colcon.colcon_core.shell:Creating package script '/home/ayaan/sim_ws/install/pot_follower/share/pot_follower/package.sh'
[9.112s] INFO:colcon.colcon_core.shell:Creating package script '/home/ayaan/sim_ws/install/pot_follower/share/pot_follower/package.bash'
[9.113s] INFO:colcon.colcon_core.shell:Creating package script '/home/ayaan/sim_ws/install/pot_follower/share/pot_follower/package.zsh'
[9.114s] Level 1:colcon.colcon_core.environment:create_file_with_runtime_dependencies(/home/ayaan/sim_ws/install/pot_follower/share/colcon-core/packages/pot_follower)
[9.114s] DEBUG:colcon.colcon_parallel_executor.executor.parallel:closing loop
[9.114s] DEBUG:colcon.colcon_parallel_executor.executor.parallel:loop closed
[9.114s] DEBUG:colcon.colcon_parallel_executor.executor.parallel:run_until_complete finished with '0'
[9.114s] DEBUG:colcon.colcon_core.event_reactor:joining thread
[9.244s] INFO:colcon.colcon_core.plugin_system:Skipping extension 'colcon_notification.desktop_notification.terminal_notifier': Not used on non-Darwin systems
[9.244s] INFO:colcon.colcon_core.plugin_system:Skipping extension 'colcon_notification.desktop_notification.win32': Not used on non-Windows systems
[9.244s] INFO:colcon.colcon_notification.desktop_notification:Sending desktop notification using 'notify2'
[9.500s] DEBUG:colcon.colcon_core.event_reactor:joined thread
[9.501s] INFO:colcon.colcon_core.shell:Creating prefix script '/home/ayaan/sim_ws/install/local_setup.ps1'
[9.503s] INFO:colcon.colcon_core.shell:Creating prefix util module '/home/ayaan/sim_ws/install/_local_setup_util_ps1.py'
[9.512s] INFO:colcon.colcon_core.shell:Creating prefix chain script '/home/ayaan/sim_ws/install/setup.ps1'
[9.514s] INFO:colcon.colcon_core.shell:Creating prefix script '/home/ayaan/sim_ws/install/local_setup.sh'
[9.514s] INFO:colcon.colcon_core.shell:Creating prefix util module '/home/ayaan/sim_ws/install/_local_setup_util_sh.py'
[9.515s] INFO:colcon.colcon_core.shell:Creating prefix chain script '/home/ayaan/sim_ws/install/setup.sh'
[9.517s] INFO:colcon.colcon_core.shell:Creating prefix script '/home/ayaan/sim_ws/install/local_setup.bash'
[9.518s] INFO:colcon.colcon_core.shell:Creating prefix chain script '/home/ayaan/sim_ws/install/setup.bash'
[9.520s] INFO:colcon.colcon_core.shell:Creating prefix script '/home/ayaan/sim_ws/install/local_setup.zsh'
[9.521s] INFO:colcon.colcon_core.shell:Creating prefix chain script '/home/ayaan/sim_ws/install/setup.zsh'
