[0.714s] Invoking command in '/home/ayaan/sim_ws/build/sim_lobby_classic': CMAKE_PREFIX_PATH=/home/ayaan/sim_ws/install/sim_bot:/home/ayaan/sim_ws/install/yolo_bringup:/home/ayaan/sim_ws/install/yolo_msgs:/home/ayaan/turtlebot3_ws/install/turtlebot3:/home/ayaan/turtlebot3_ws/install/turtlebot3_simulations:/home/ayaan/turtlebot3_ws/install/turtlebot3_bringup:/home/ayaan/turtlebot3_ws/install/turtlebot3_node:/home/ayaan/turtlebot3_ws/install/turtlebot3_navigation2:/home/ayaan/turtlebot3_ws/install/turtlebot3_fake_node:/home/ayaan/turtlebot3_ws/install/turtlebot3_msgs:/home/ayaan/turtlebot3_ws/install/turtlebot3_gazebo:/home/ayaan/turtlebot3_ws/install/turtlebot3_description:/home/ayaan/turtlebot3_ws/install/turtlebot3_cartographer PYTHONPATH=/home/ayaan/sim_ws/build/sim_lobby_classic/prefix_override:/usr/lib/python3/dist-packages/colcon_core/task/python/colcon_distutils_commands:/home/ayaan/sim_ws/install/sim_lobby_classic/lib/python3.10/site-packages:${PYTHONPATH} /usr/bin/python3 -W ignore:setup.py install is deprecated -W ignore:easy_install command is deprecated setup.py develop --uninstall --editable --build-directory /home/ayaan/sim_ws/build/sim_lobby_classic/build
[1.059s] running develop
[1.234s] Removing /home/ayaan/sim_ws/install/sim_lobby_classic/lib/python3.10/site-packages/sim-lobby-classic.egg-link (link to .)
[1.260s] Invoked command in '/home/ayaan/sim_ws/build/sim_lobby_classic' returned '0': CMAKE_PREFIX_PATH=/home/ayaan/sim_ws/install/sim_bot:/home/ayaan/sim_ws/install/yolo_bringup:/home/ayaan/sim_ws/install/yolo_msgs:/home/ayaan/turtlebot3_ws/install/turtlebot3:/home/ayaan/turtlebot3_ws/install/turtlebot3_simulations:/home/ayaan/turtlebot3_ws/install/turtlebot3_bringup:/home/ayaan/turtlebot3_ws/install/turtlebot3_node:/home/ayaan/turtlebot3_ws/install/turtlebot3_navigation2:/home/ayaan/turtlebot3_ws/install/turtlebot3_fake_node:/home/ayaan/turtlebot3_ws/install/turtlebot3_msgs:/home/ayaan/turtlebot3_ws/install/turtlebot3_gazebo:/home/ayaan/turtlebot3_ws/install/turtlebot3_description:/home/ayaan/turtlebot3_ws/install/turtlebot3_cartographer PYTHONPATH=/home/ayaan/sim_ws/build/sim_lobby_classic/prefix_override:/usr/lib/python3/dist-packages/colcon_core/task/python/colcon_distutils_commands:/home/ayaan/sim_ws/install/sim_lobby_classic/lib/python3.10/site-packages:${PYTHONPATH} /usr/bin/python3 -W ignore:setup.py install is deprecated -W ignore:easy_install command is deprecated setup.py develop --uninstall --editable --build-directory /home/ayaan/sim_ws/build/sim_lobby_classic/build
[1.262s] Invoking command in '/home/ayaan/sim_ws/src/sim_lobby_classic': CMAKE_PREFIX_PATH=/home/ayaan/sim_ws/install/sim_bot:/home/ayaan/sim_ws/install/yolo_bringup:/home/ayaan/sim_ws/install/yolo_msgs:/home/ayaan/turtlebot3_ws/install/turtlebot3:/home/ayaan/turtlebot3_ws/install/turtlebot3_simulations:/home/ayaan/turtlebot3_ws/install/turtlebot3_bringup:/home/ayaan/turtlebot3_ws/install/turtlebot3_node:/home/ayaan/turtlebot3_ws/install/turtlebot3_navigation2:/home/ayaan/turtlebot3_ws/install/turtlebot3_fake_node:/home/ayaan/turtlebot3_ws/install/turtlebot3_msgs:/home/ayaan/turtlebot3_ws/install/turtlebot3_gazebo:/home/ayaan/turtlebot3_ws/install/turtlebot3_description:/home/ayaan/turtlebot3_ws/install/turtlebot3_cartographer PYTHONPATH=/home/ayaan/sim_ws/build/sim_lobby_classic/prefix_override:/usr/lib/python3/dist-packages/colcon_core/task/python/colcon_distutils_commands:/home/ayaan/sim_ws/install/sim_lobby_classic/lib/python3.10/site-packages:${PYTHONPATH} /usr/bin/python3 -W ignore:setup.py install is deprecated -W ignore:easy_install command is deprecated setup.py egg_info --egg-base ../../build/sim_lobby_classic build --build-base /home/ayaan/sim_ws/build/sim_lobby_classic/build install --record /home/ayaan/sim_ws/build/sim_lobby_classic/install.log --single-version-externally-managed install_data --force
[1.511s] running egg_info
[1.511s] writing ../../build/sim_lobby_classic/sim_lobby_classic.egg-info/PKG-INFO
[1.512s] writing dependency_links to ../../build/sim_lobby_classic/sim_lobby_classic.egg-info/dependency_links.txt
[1.512s] writing entry points to ../../build/sim_lobby_classic/sim_lobby_classic.egg-info/entry_points.txt
[1.512s] writing requirements to ../../build/sim_lobby_classic/sim_lobby_classic.egg-info/requires.txt
[1.512s] writing top-level names to ../../build/sim_lobby_classic/sim_lobby_classic.egg-info/top_level.txt
[1.513s] reading manifest file '../../build/sim_lobby_classic/sim_lobby_classic.egg-info/SOURCES.txt'
[1.514s] writing manifest file '../../build/sim_lobby_classic/sim_lobby_classic.egg-info/SOURCES.txt'
[1.514s] running build
[1.514s] running build_py
[1.515s] creating /home/ayaan/sim_ws/build/sim_lobby_classic/build
[1.515s] creating /home/ayaan/sim_ws/build/sim_lobby_classic/build/lib
[1.515s] creating /home/ayaan/sim_ws/build/sim_lobby_classic/build/lib/sim_lobby_classic
[1.515s] copying sim_lobby_classic/__init__.py -> /home/ayaan/sim_ws/build/sim_lobby_classic/build/lib/sim_lobby_classic
[1.515s] running install
[1.515s] running install_lib
[1.516s] creating /home/ayaan/sim_ws/install/sim_lobby_classic/lib/python3.10/site-packages/sim_lobby_classic
[1.516s] copying /home/ayaan/sim_ws/build/sim_lobby_classic/build/lib/sim_lobby_classic/__init__.py -> /home/ayaan/sim_ws/install/sim_lobby_classic/lib/python3.10/site-packages/sim_lobby_classic
[1.516s] byte-compiling /home/ayaan/sim_ws/install/sim_lobby_classic/lib/python3.10/site-packages/sim_lobby_classic/__init__.py to __init__.cpython-310.pyc
[1.517s] running install_data
[1.517s] copying resource/sim_lobby_classic -> /home/ayaan/sim_ws/install/sim_lobby_classic/share/ament_index/resource_index/packages
[1.517s] copying package.xml -> /home/ayaan/sim_ws/install/sim_lobby_classic/share/sim_lobby_classic
[1.517s] copying launch/lobby_classic.launch.py -> /home/ayaan/sim_ws/install/sim_lobby_classic/share/sim_lobby_classic/launch
[1.517s] copying worlds/lobby_with_pots.world -> /home/ayaan/sim_ws/install/sim_lobby_classic/share/sim_lobby_classic/worlds
[1.539s] running install_egg_info
[1.541s] Copying ../../build/sim_lobby_classic/sim_lobby_classic.egg-info to /home/ayaan/sim_ws/install/sim_lobby_classic/lib/python3.10/site-packages/sim_lobby_classic-0.0.0-py3.10.egg-info
[1.542s] running install_scripts
[1.563s] writing list of installed files to '/home/ayaan/sim_ws/build/sim_lobby_classic/install.log'
[1.587s] Invoked command in '/home/ayaan/sim_ws/src/sim_lobby_classic' returned '0': CMAKE_PREFIX_PATH=/home/ayaan/sim_ws/install/sim_bot:/home/ayaan/sim_ws/install/yolo_bringup:/home/ayaan/sim_ws/install/yolo_msgs:/home/ayaan/turtlebot3_ws/install/turtlebot3:/home/ayaan/turtlebot3_ws/install/turtlebot3_simulations:/home/ayaan/turtlebot3_ws/install/turtlebot3_bringup:/home/ayaan/turtlebot3_ws/install/turtlebot3_node:/home/ayaan/turtlebot3_ws/install/turtlebot3_navigation2:/home/ayaan/turtlebot3_ws/install/turtlebot3_fake_node:/home/ayaan/turtlebot3_ws/install/turtlebot3_msgs:/home/ayaan/turtlebot3_ws/install/turtlebot3_gazebo:/home/ayaan/turtlebot3_ws/install/turtlebot3_description:/home/ayaan/turtlebot3_ws/install/turtlebot3_cartographer PYTHONPATH=/home/ayaan/sim_ws/build/sim_lobby_classic/prefix_override:/usr/lib/python3/dist-packages/colcon_core/task/python/colcon_distutils_commands:/home/ayaan/sim_ws/install/sim_lobby_classic/lib/python3.10/site-packages:${PYTHONPATH} /usr/bin/python3 -W ignore:setup.py install is deprecated -W ignore:easy_install command is deprecated setup.py egg_info --egg-base ../../build/sim_lobby_classic build --build-base /home/ayaan/sim_ws/build/sim_lobby_classic/build install --record /home/ayaan/sim_ws/build/sim_lobby_classic/install.log --single-version-externally-managed install_data --force
