[0.071s] Invoking command in '/home/ayaan/sim_ws/build/yolo_msgs': CMAKE_PREFIX_PATH=${CMAKE_PREFIX_PATH}:/home/ayaan/sim_ws/install/pot_follower:/home/ayaan/sim_ws/install/yolo_ros:/home/ayaan/sim_ws/install/sim_lobby_classic:/home/ayaan/turtlebot3_ws/install/turtlebot3_teleop:/home/ayaan/turtlebot3_ws/install/turtlebot3_example:/opt/ros/humble /usr/bin/cmake /home/ayaan/sim_ws/src/yolo_ros/yolo_msgs -DCMAKE_INSTALL_PREFIX=/home/ayaan/sim_ws/install/yolo_msgs
[0.609s] -- Found ament_cmake: 1.3.11 (/opt/ros/humble/share/ament_cmake/cmake)
[0.965s] -- Override CMake install command with custom implementation using symlinks instead of copying resources
[1.030s] -- Found rosidl_default_generators: 1.2.0 (/opt/ros/humble/share/rosidl_default_generators/cmake)
[1.076s] -- Using all available rosidl_typesupport_c: rosidl_typesupport_fastrtps_c;rosidl_typesupport_introspection_c
[1.115s] -- Found rosidl_adapter: 3.1.6 (/opt/ros/humble/share/rosidl_adapter/cmake)
[1.587s] -- Using all available rosidl_typesupport_cpp: rosidl_typesupport_fastrtps_cpp;rosidl_typesupport_introspection_cpp
[1.815s] -- Found std_msgs: 4.8.0 (/opt/ros/humble/share/std_msgs/cmake)
[1.983s] -- Found geometry_msgs: 4.8.0 (/opt/ros/humble/share/geometry_msgs/cmake)
[2.533s] -- Found ament_cmake_ros: 0.10.0 (/opt/ros/humble/share/ament_cmake_ros/cmake)
[2.809s] -- Using all available rosidl_typesupport_c: rosidl_typesupport_fastrtps_c;rosidl_typesupport_introspection_c
[3.144s] -- Using all available rosidl_typesupport_cpp: rosidl_typesupport_fastrtps_cpp;rosidl_typesupport_introspection_cpp
[3.179s] -- Found python_cmake_module: 0.10.0 (/opt/ros/humble/share/python_cmake_module/cmake)
[3.253s] -- Using PYTHON_EXECUTABLE: /usr/bin/python3
[3.253s] -- Using PYTHON_INCLUDE_DIRS: /usr/include/python3.10
[3.253s] -- Using PYTHON_LIBRARIES: /usr/lib/x86_64-linux-gnu/libpython3.10.so
[3.337s] -- Configuring done
[3.562s] -- Generating done
[3.575s] -- Build files have been written to: /home/ayaan/sim_ws/build/yolo_msgs
[3.582s] Invoked command in '/home/ayaan/sim_ws/build/yolo_msgs' returned '0': CMAKE_PREFIX_PATH=${CMAKE_PREFIX_PATH}:/home/ayaan/sim_ws/install/pot_follower:/home/ayaan/sim_ws/install/yolo_ros:/home/ayaan/sim_ws/install/sim_lobby_classic:/home/ayaan/turtlebot3_ws/install/turtlebot3_teleop:/home/ayaan/turtlebot3_ws/install/turtlebot3_example:/opt/ros/humble /usr/bin/cmake /home/ayaan/sim_ws/src/yolo_ros/yolo_msgs -DCMAKE_INSTALL_PREFIX=/home/ayaan/sim_ws/install/yolo_msgs
[3.584s] Invoking command in '/home/ayaan/sim_ws/build/yolo_msgs': CMAKE_PREFIX_PATH=${CMAKE_PREFIX_PATH}:/home/ayaan/sim_ws/install/pot_follower:/home/ayaan/sim_ws/install/yolo_ros:/home/ayaan/sim_ws/install/sim_lobby_classic:/home/ayaan/turtlebot3_ws/install/turtlebot3_teleop:/home/ayaan/turtlebot3_ws/install/turtlebot3_example:/opt/ros/humble /usr/bin/cmake --build /home/ayaan/sim_ws/build/yolo_msgs -- -j8 -l8
[3.630s] [  0%] Built target yolo_msgs__cpp
[3.637s] [  0%] Built target ament_cmake_python_symlink_yolo_msgs
[3.698s] [35m[1mConsolidate compiler generated dependencies of target yolo_msgs__rosidl_generator_c[0m
[3.711s] [ 12%] Built target yolo_msgs__rosidl_generator_c
[3.750s] [35m[1mConsolidate compiler generated dependencies of target yolo_msgs__rosidl_typesupport_introspection_cpp[0m
[3.763s] [35m[1mConsolidate compiler generated dependencies of target yolo_msgs__rosidl_typesupport_fastrtps_cpp[0m
[3.763s] [35m[1mConsolidate compiler generated dependencies of target yolo_msgs__rosidl_typesupport_fastrtps_c[0m
[3.763s] [35m[1mConsolidate compiler generated dependencies of target yolo_msgs__rosidl_typesupport_cpp[0m
[3.767s] [ 24%] Built target yolo_msgs__rosidl_typesupport_introspection_cpp
[3.780s] [ 36%] Built target yolo_msgs__rosidl_typesupport_fastrtps_cpp
[3.796s] [ 48%] Built target yolo_msgs__rosidl_typesupport_fastrtps_c
[3.848s] [35m[1mConsolidate compiler generated dependencies of target yolo_msgs__rosidl_typesupport_c[0m
[3.849s] [35m[1mConsolidate compiler generated dependencies of target yolo_msgs__rosidl_typesupport_introspection_c[0m
[3.860s] [ 60%] Built target yolo_msgs__rosidl_typesupport_c
[3.862s] [ 72%] Built target yolo_msgs__rosidl_typesupport_cpp
[3.887s] running egg_info
[3.888s] writing yolo_msgs.egg-info/PKG-INFO
[3.888s] writing dependency_links to yolo_msgs.egg-info/dependency_links.txt
[3.888s] writing top-level names to yolo_msgs.egg-info/top_level.txt
[3.892s] reading manifest file 'yolo_msgs.egg-info/SOURCES.txt'
[3.900s] [ 84%] Built target yolo_msgs__rosidl_typesupport_introspection_c
[3.918s] [ 84%] Built target yolo_msgs
[3.922s] writing manifest file 'yolo_msgs.egg-info/SOURCES.txt'
[3.939s] [ 85%] Built target yolo_msgs__py
[3.951s] [ 85%] Built target ament_cmake_python_build_yolo_msgs_egg
[3.979s] [35m[1mConsolidate compiler generated dependencies of target yolo_msgs__rosidl_generator_py[0m
[4.059s] [ 96%] Built target yolo_msgs__rosidl_generator_py
[4.081s] [35m[1mConsolidate compiler generated dependencies of target yolo_msgs__rosidl_typesupport_c__pyext[0m
[4.081s] [35m[1mConsolidate compiler generated dependencies of target yolo_msgs__rosidl_typesupport_fastrtps_c__pyext[0m
[4.081s] [35m[1mConsolidate compiler generated dependencies of target yolo_msgs__rosidl_typesupport_introspection_c__pyext[0m
[4.094s] [100%] Built target yolo_msgs__rosidl_typesupport_fastrtps_c__pyext
[4.094s] [100%] Built target yolo_msgs__rosidl_typesupport_c__pyext
[4.095s] [100%] Built target yolo_msgs__rosidl_typesupport_introspection_c__pyext
[4.105s] Invoked command in '/home/ayaan/sim_ws/build/yolo_msgs' returned '0': CMAKE_PREFIX_PATH=${CMAKE_PREFIX_PATH}:/home/ayaan/sim_ws/install/pot_follower:/home/ayaan/sim_ws/install/yolo_ros:/home/ayaan/sim_ws/install/sim_lobby_classic:/home/ayaan/turtlebot3_ws/install/turtlebot3_teleop:/home/ayaan/turtlebot3_ws/install/turtlebot3_example:/opt/ros/humble /usr/bin/cmake --build /home/ayaan/sim_ws/build/yolo_msgs -- -j8 -l8
[4.122s] Invoking command in '/home/ayaan/sim_ws/build/yolo_msgs': CMAKE_PREFIX_PATH=${CMAKE_PREFIX_PATH}:/home/ayaan/sim_ws/install/pot_follower:/home/ayaan/sim_ws/install/yolo_ros:/home/ayaan/sim_ws/install/sim_lobby_classic:/home/ayaan/turtlebot3_ws/install/turtlebot3_teleop:/home/ayaan/turtlebot3_ws/install/turtlebot3_example:/opt/ros/humble /usr/bin/cmake --install /home/ayaan/sim_ws/build/yolo_msgs
[4.128s] -- Install configuration: ""
[4.129s] -- Execute custom install script
[4.129s] -- Up-to-date symlink: /home/ayaan/sim_ws/install/yolo_msgs/share/ament_index/resource_index/rosidl_interfaces/yolo_msgs
[4.130s] -- Up-to-date symlink: /home/ayaan/sim_ws/install/yolo_msgs/include/yolo_msgs/yolo_msgs/msg/bounding_box2_d.h
[4.130s] -- Up-to-date symlink: /home/ayaan/sim_ws/install/yolo_msgs/include/yolo_msgs/yolo_msgs/msg/bounding_box3_d.h
[4.130s] -- Up-to-date symlink: /home/ayaan/sim_ws/install/yolo_msgs/include/yolo_msgs/yolo_msgs/msg/detail/bounding_box2_d__functions.h
[4.130s] -- Up-to-date symlink: /home/ayaan/sim_ws/install/yolo_msgs/include/yolo_msgs/yolo_msgs/msg/detail/bounding_box2_d__struct.h
[4.130s] -- Up-to-date symlink: /home/ayaan/sim_ws/install/yolo_msgs/include/yolo_msgs/yolo_msgs/msg/detail/bounding_box2_d__type_support.h
[4.130s] -- Up-to-date symlink: /home/ayaan/sim_ws/install/yolo_msgs/include/yolo_msgs/yolo_msgs/msg/detail/bounding_box3_d__functions.h
[4.130s] -- Up-to-date symlink: /home/ayaan/sim_ws/install/yolo_msgs/include/yolo_msgs/yolo_msgs/msg/detail/bounding_box3_d__struct.h
[4.130s] -- Up-to-date symlink: /home/ayaan/sim_ws/install/yolo_msgs/include/yolo_msgs/yolo_msgs/msg/detail/bounding_box3_d__type_support.h
[4.131s] -- Up-to-date symlink: /home/ayaan/sim_ws/install/yolo_msgs/include/yolo_msgs/yolo_msgs/msg/detail/detection__functions.h
[4.131s] -- Up-to-date symlink: /home/ayaan/sim_ws/install/yolo_msgs/include/yolo_msgs/yolo_msgs/msg/detail/detection__struct.h
[4.131s] -- Up-to-date symlink: /home/ayaan/sim_ws/install/yolo_msgs/include/yolo_msgs/yolo_msgs/msg/detail/detection__type_support.h
[4.131s] -- Up-to-date symlink: /home/ayaan/sim_ws/install/yolo_msgs/include/yolo_msgs/yolo_msgs/msg/detail/detection_array__functions.h
[4.131s] -- Up-to-date symlink: /home/ayaan/sim_ws/install/yolo_msgs/include/yolo_msgs/yolo_msgs/msg/detail/detection_array__struct.h
[4.131s] -- Up-to-date symlink: /home/ayaan/sim_ws/install/yolo_msgs/include/yolo_msgs/yolo_msgs/msg/detail/detection_array__type_support.h
[4.131s] -- Up-to-date symlink: /home/ayaan/sim_ws/install/yolo_msgs/include/yolo_msgs/yolo_msgs/msg/detail/key_point2_d__functions.h
[4.131s] -- Up-to-date symlink: /home/ayaan/sim_ws/install/yolo_msgs/include/yolo_msgs/yolo_msgs/msg/detail/key_point2_d__struct.h
[4.131s] -- Up-to-date symlink: /home/ayaan/sim_ws/install/yolo_msgs/include/yolo_msgs/yolo_msgs/msg/detail/key_point2_d__type_support.h
[4.131s] -- Up-to-date symlink: /home/ayaan/sim_ws/install/yolo_msgs/include/yolo_msgs/yolo_msgs/msg/detail/key_point2_d_array__functions.h
[4.131s] -- Up-to-date symlink: /home/ayaan/sim_ws/install/yolo_msgs/include/yolo_msgs/yolo_msgs/msg/detail/key_point2_d_array__struct.h
[4.131s] -- Up-to-date symlink: /home/ayaan/sim_ws/install/yolo_msgs/include/yolo_msgs/yolo_msgs/msg/detail/key_point2_d_array__type_support.h
[4.132s] -- Up-to-date symlink: /home/ayaan/sim_ws/install/yolo_msgs/include/yolo_msgs/yolo_msgs/msg/detail/key_point3_d__functions.h
[4.132s] -- Up-to-date symlink: /home/ayaan/sim_ws/install/yolo_msgs/include/yolo_msgs/yolo_msgs/msg/detail/key_point3_d__struct.h
[4.132s] -- Up-to-date symlink: /home/ayaan/sim_ws/install/yolo_msgs/include/yolo_msgs/yolo_msgs/msg/detail/key_point3_d__type_support.h
[4.132s] -- Up-to-date symlink: /home/ayaan/sim_ws/install/yolo_msgs/include/yolo_msgs/yolo_msgs/msg/detail/key_point3_d_array__functions.h
[4.132s] -- Up-to-date symlink: /home/ayaan/sim_ws/install/yolo_msgs/include/yolo_msgs/yolo_msgs/msg/detail/key_point3_d_array__struct.h
[4.132s] -- Up-to-date symlink: /home/ayaan/sim_ws/install/yolo_msgs/include/yolo_msgs/yolo_msgs/msg/detail/key_point3_d_array__type_support.h
[4.132s] -- Up-to-date symlink: /home/ayaan/sim_ws/install/yolo_msgs/include/yolo_msgs/yolo_msgs/msg/detail/mask__functions.h
[4.132s] -- Up-to-date symlink: /home/ayaan/sim_ws/install/yolo_msgs/include/yolo_msgs/yolo_msgs/msg/detail/mask__struct.h
[4.132s] -- Up-to-date symlink: /home/ayaan/sim_ws/install/yolo_msgs/include/yolo_msgs/yolo_msgs/msg/detail/mask__type_support.h
[4.132s] -- Up-to-date symlink: /home/ayaan/sim_ws/install/yolo_msgs/include/yolo_msgs/yolo_msgs/msg/detail/point2_d__functions.h
[4.132s] -- Up-to-date symlink: /home/ayaan/sim_ws/install/yolo_msgs/include/yolo_msgs/yolo_msgs/msg/detail/point2_d__struct.h
[4.132s] -- Up-to-date symlink: /home/ayaan/sim_ws/install/yolo_msgs/include/yolo_msgs/yolo_msgs/msg/detail/point2_d__type_support.h
[4.133s] -- Up-to-date symlink: /home/ayaan/sim_ws/install/yolo_msgs/include/yolo_msgs/yolo_msgs/msg/detail/pose2_d__functions.h
[4.133s] -- Up-to-date symlink: /home/ayaan/sim_ws/install/yolo_msgs/include/yolo_msgs/yolo_msgs/msg/detail/pose2_d__struct.h
[4.133s] -- Up-to-date symlink: /home/ayaan/sim_ws/install/yolo_msgs/include/yolo_msgs/yolo_msgs/msg/detail/pose2_d__type_support.h
[4.133s] -- Up-to-date symlink: /home/ayaan/sim_ws/install/yolo_msgs/include/yolo_msgs/yolo_msgs/msg/detail/vector2__functions.h
[4.133s] -- Up-to-date symlink: /home/ayaan/sim_ws/install/yolo_msgs/include/yolo_msgs/yolo_msgs/msg/detail/vector2__struct.h
[4.133s] -- Up-to-date symlink: /home/ayaan/sim_ws/install/yolo_msgs/include/yolo_msgs/yolo_msgs/msg/detail/vector2__type_support.h
[4.133s] -- Up-to-date symlink: /home/ayaan/sim_ws/install/yolo_msgs/include/yolo_msgs/yolo_msgs/msg/detection.h
[4.133s] -- Up-to-date symlink: /home/ayaan/sim_ws/install/yolo_msgs/include/yolo_msgs/yolo_msgs/msg/detection_array.h
[4.133s] -- Up-to-date symlink: /home/ayaan/sim_ws/install/yolo_msgs/include/yolo_msgs/yolo_msgs/msg/key_point2_d.h
[4.133s] -- Up-to-date symlink: /home/ayaan/sim_ws/install/yolo_msgs/include/yolo_msgs/yolo_msgs/msg/key_point2_d_array.h
[4.133s] -- Up-to-date symlink: /home/ayaan/sim_ws/install/yolo_msgs/include/yolo_msgs/yolo_msgs/msg/key_point3_d.h
[4.133s] -- Up-to-date symlink: /home/ayaan/sim_ws/install/yolo_msgs/include/yolo_msgs/yolo_msgs/msg/key_point3_d_array.h
[4.134s] -- Up-to-date symlink: /home/ayaan/sim_ws/install/yolo_msgs/include/yolo_msgs/yolo_msgs/msg/mask.h
[4.134s] -- Up-to-date symlink: /home/ayaan/sim_ws/install/yolo_msgs/include/yolo_msgs/yolo_msgs/msg/point2_d.h
[4.134s] -- Up-to-date symlink: /home/ayaan/sim_ws/install/yolo_msgs/include/yolo_msgs/yolo_msgs/msg/pose2_d.h
[4.134s] -- Up-to-date symlink: /home/ayaan/sim_ws/install/yolo_msgs/include/yolo_msgs/yolo_msgs/msg/rosidl_generator_c__visibility_control.h
[4.134s] -- Up-to-date symlink: /home/ayaan/sim_ws/install/yolo_msgs/include/yolo_msgs/yolo_msgs/msg/vector2.h
[4.134s] -- Up-to-date symlink: /home/ayaan/sim_ws/install/yolo_msgs/include/yolo_msgs/yolo_msgs/srv/detail/set_classes__functions.h
[4.134s] -- Up-to-date symlink: /home/ayaan/sim_ws/install/yolo_msgs/include/yolo_msgs/yolo_msgs/srv/detail/set_classes__struct.h
[4.134s] -- Up-to-date symlink: /home/ayaan/sim_ws/install/yolo_msgs/include/yolo_msgs/yolo_msgs/srv/detail/set_classes__type_support.h
[4.134s] -- Up-to-date symlink: /home/ayaan/sim_ws/install/yolo_msgs/include/yolo_msgs/yolo_msgs/srv/set_classes.h
[4.134s] -- Up-to-date symlink: /home/ayaan/sim_ws/install/yolo_msgs/share/yolo_msgs/environment/library_path.sh
[4.134s] -- Up-to-date symlink: /home/ayaan/sim_ws/install/yolo_msgs/share/yolo_msgs/environment/library_path.dsv
[4.135s] -- Up-to-date symlink: /home/ayaan/sim_ws/install/yolo_msgs/include/yolo_msgs/yolo_msgs/msg/detail/bounding_box2_d__rosidl_typesupport_fastrtps_c.h
[4.135s] -- Up-to-date symlink: /home/ayaan/sim_ws/install/yolo_msgs/include/yolo_msgs/yolo_msgs/msg/detail/bounding_box3_d__rosidl_typesupport_fastrtps_c.h
[4.135s] -- Up-to-date symlink: /home/ayaan/sim_ws/install/yolo_msgs/include/yolo_msgs/yolo_msgs/msg/detail/detection__rosidl_typesupport_fastrtps_c.h
[4.135s] -- Up-to-date symlink: /home/ayaan/sim_ws/install/yolo_msgs/include/yolo_msgs/yolo_msgs/msg/detail/detection_array__rosidl_typesupport_fastrtps_c.h
[4.135s] -- Up-to-date symlink: /home/ayaan/sim_ws/install/yolo_msgs/include/yolo_msgs/yolo_msgs/msg/detail/key_point2_d__rosidl_typesupport_fastrtps_c.h
[4.135s] -- Up-to-date symlink: /home/ayaan/sim_ws/install/yolo_msgs/include/yolo_msgs/yolo_msgs/msg/detail/key_point2_d_array__rosidl_typesupport_fastrtps_c.h
[4.136s] -- Up-to-date symlink: /home/ayaan/sim_ws/install/yolo_msgs/include/yolo_msgs/yolo_msgs/msg/detail/key_point3_d__rosidl_typesupport_fastrtps_c.h
[4.136s] -- Up-to-date symlink: /home/ayaan/sim_ws/install/yolo_msgs/include/yolo_msgs/yolo_msgs/msg/detail/key_point3_d_array__rosidl_typesupport_fastrtps_c.h
[4.136s] -- Up-to-date symlink: /home/ayaan/sim_ws/install/yolo_msgs/include/yolo_msgs/yolo_msgs/msg/detail/mask__rosidl_typesupport_fastrtps_c.h
[4.136s] -- Up-to-date symlink: /home/ayaan/sim_ws/install/yolo_msgs/include/yolo_msgs/yolo_msgs/msg/detail/point2_d__rosidl_typesupport_fastrtps_c.h
[4.136s] -- Up-to-date symlink: /home/ayaan/sim_ws/install/yolo_msgs/include/yolo_msgs/yolo_msgs/msg/detail/pose2_d__rosidl_typesupport_fastrtps_c.h
[4.136s] -- Up-to-date symlink: /home/ayaan/sim_ws/install/yolo_msgs/include/yolo_msgs/yolo_msgs/msg/detail/vector2__rosidl_typesupport_fastrtps_c.h
[4.136s] -- Up-to-date symlink: /home/ayaan/sim_ws/install/yolo_msgs/include/yolo_msgs/yolo_msgs/msg/rosidl_typesupport_fastrtps_c__visibility_control.h
[4.136s] -- Up-to-date symlink: /home/ayaan/sim_ws/install/yolo_msgs/include/yolo_msgs/yolo_msgs/srv/detail/set_classes__rosidl_typesupport_fastrtps_c.h
[4.137s] -- Up-to-date symlink: /home/ayaan/sim_ws/install/yolo_msgs/include/yolo_msgs/yolo_msgs/msg/detail/bounding_box2_d__rosidl_typesupport_introspection_c.h
[4.137s] -- Up-to-date symlink: /home/ayaan/sim_ws/install/yolo_msgs/include/yolo_msgs/yolo_msgs/msg/detail/bounding_box3_d__rosidl_typesupport_introspection_c.h
[4.137s] -- Up-to-date symlink: /home/ayaan/sim_ws/install/yolo_msgs/include/yolo_msgs/yolo_msgs/msg/detail/detection__rosidl_typesupport_introspection_c.h
[4.137s] -- Up-to-date symlink: /home/ayaan/sim_ws/install/yolo_msgs/include/yolo_msgs/yolo_msgs/msg/detail/detection_array__rosidl_typesupport_introspection_c.h
[4.137s] -- Up-to-date symlink: /home/ayaan/sim_ws/install/yolo_msgs/include/yolo_msgs/yolo_msgs/msg/detail/key_point2_d__rosidl_typesupport_introspection_c.h
[4.137s] -- Up-to-date symlink: /home/ayaan/sim_ws/install/yolo_msgs/include/yolo_msgs/yolo_msgs/msg/detail/key_point2_d_array__rosidl_typesupport_introspection_c.h
[4.137s] -- Up-to-date symlink: /home/ayaan/sim_ws/install/yolo_msgs/include/yolo_msgs/yolo_msgs/msg/detail/key_point3_d__rosidl_typesupport_introspection_c.h
[4.137s] -- Up-to-date symlink: /home/ayaan/sim_ws/install/yolo_msgs/include/yolo_msgs/yolo_msgs/msg/detail/key_point3_d_array__rosidl_typesupport_introspection_c.h
[4.137s] -- Up-to-date symlink: /home/ayaan/sim_ws/install/yolo_msgs/include/yolo_msgs/yolo_msgs/msg/detail/mask__rosidl_typesupport_introspection_c.h
[4.138s] -- Up-to-date symlink: /home/ayaan/sim_ws/install/yolo_msgs/include/yolo_msgs/yolo_msgs/msg/detail/point2_d__rosidl_typesupport_introspection_c.h
[4.138s] -- Up-to-date symlink: /home/ayaan/sim_ws/install/yolo_msgs/include/yolo_msgs/yolo_msgs/msg/detail/pose2_d__rosidl_typesupport_introspection_c.h
[4.138s] -- Up-to-date symlink: /home/ayaan/sim_ws/install/yolo_msgs/include/yolo_msgs/yolo_msgs/msg/detail/vector2__rosidl_typesupport_introspection_c.h
[4.138s] -- Up-to-date symlink: /home/ayaan/sim_ws/install/yolo_msgs/include/yolo_msgs/yolo_msgs/msg/rosidl_typesupport_introspection_c__visibility_control.h
[4.138s] -- Up-to-date symlink: /home/ayaan/sim_ws/install/yolo_msgs/include/yolo_msgs/yolo_msgs/srv/detail/set_classes__rosidl_typesupport_introspection_c.h
[4.139s] -- Up-to-date symlink: /home/ayaan/sim_ws/install/yolo_msgs/include/yolo_msgs/yolo_msgs/msg/bounding_box2_d.hpp
[4.139s] -- Up-to-date symlink: /home/ayaan/sim_ws/install/yolo_msgs/include/yolo_msgs/yolo_msgs/msg/bounding_box3_d.hpp
[4.139s] -- Up-to-date symlink: /home/ayaan/sim_ws/install/yolo_msgs/include/yolo_msgs/yolo_msgs/msg/detail/bounding_box2_d__builder.hpp
[4.139s] -- Up-to-date symlink: /home/ayaan/sim_ws/install/yolo_msgs/include/yolo_msgs/yolo_msgs/msg/detail/bounding_box2_d__struct.hpp
[4.139s] -- Up-to-date symlink: /home/ayaan/sim_ws/install/yolo_msgs/include/yolo_msgs/yolo_msgs/msg/detail/bounding_box2_d__traits.hpp
[4.139s] -- Up-to-date symlink: /home/ayaan/sim_ws/install/yolo_msgs/include/yolo_msgs/yolo_msgs/msg/detail/bounding_box2_d__type_support.hpp
[4.139s] -- Up-to-date symlink: /home/ayaan/sim_ws/install/yolo_msgs/include/yolo_msgs/yolo_msgs/msg/detail/bounding_box3_d__builder.hpp
[4.139s] -- Up-to-date symlink: /home/ayaan/sim_ws/install/yolo_msgs/include/yolo_msgs/yolo_msgs/msg/detail/bounding_box3_d__struct.hpp
[4.140s] -- Up-to-date symlink: /home/ayaan/sim_ws/install/yolo_msgs/include/yolo_msgs/yolo_msgs/msg/detail/bounding_box3_d__traits.hpp
[4.140s] -- Up-to-date symlink: /home/ayaan/sim_ws/install/yolo_msgs/include/yolo_msgs/yolo_msgs/msg/detail/bounding_box3_d__type_support.hpp
[4.140s] -- Up-to-date symlink: /home/ayaan/sim_ws/install/yolo_msgs/include/yolo_msgs/yolo_msgs/msg/detail/detection__builder.hpp
[4.140s] -- Up-to-date symlink: /home/ayaan/sim_ws/install/yolo_msgs/include/yolo_msgs/yolo_msgs/msg/detail/detection__struct.hpp
[4.140s] -- Up-to-date symlink: /home/ayaan/sim_ws/install/yolo_msgs/include/yolo_msgs/yolo_msgs/msg/detail/detection__traits.hpp
[4.140s] -- Up-to-date symlink: /home/ayaan/sim_ws/install/yolo_msgs/include/yolo_msgs/yolo_msgs/msg/detail/detection__type_support.hpp
[4.140s] -- Up-to-date symlink: /home/ayaan/sim_ws/install/yolo_msgs/include/yolo_msgs/yolo_msgs/msg/detail/detection_array__builder.hpp
[4.140s] -- Up-to-date symlink: /home/ayaan/sim_ws/install/yolo_msgs/include/yolo_msgs/yolo_msgs/msg/detail/detection_array__struct.hpp
[4.140s] -- Up-to-date symlink: /home/ayaan/sim_ws/install/yolo_msgs/include/yolo_msgs/yolo_msgs/msg/detail/detection_array__traits.hpp
[4.140s] -- Up-to-date symlink: /home/ayaan/sim_ws/install/yolo_msgs/include/yolo_msgs/yolo_msgs/msg/detail/detection_array__type_support.hpp
[4.140s] -- Up-to-date symlink: /home/ayaan/sim_ws/install/yolo_msgs/include/yolo_msgs/yolo_msgs/msg/detail/key_point2_d__builder.hpp
[4.141s] -- Up-to-date symlink: /home/ayaan/sim_ws/install/yolo_msgs/include/yolo_msgs/yolo_msgs/msg/detail/key_point2_d__struct.hpp
[4.141s] -- Up-to-date symlink: /home/ayaan/sim_ws/install/yolo_msgs/include/yolo_msgs/yolo_msgs/msg/detail/key_point2_d__traits.hpp
[4.141s] -- Up-to-date symlink: /home/ayaan/sim_ws/install/yolo_msgs/include/yolo_msgs/yolo_msgs/msg/detail/key_point2_d__type_support.hpp
[4.141s] -- Up-to-date symlink: /home/ayaan/sim_ws/install/yolo_msgs/include/yolo_msgs/yolo_msgs/msg/detail/key_point2_d_array__builder.hpp
[4.141s] -- Up-to-date symlink: /home/ayaan/sim_ws/install/yolo_msgs/include/yolo_msgs/yolo_msgs/msg/detail/key_point2_d_array__struct.hpp
[4.141s] -- Up-to-date symlink: /home/ayaan/sim_ws/install/yolo_msgs/include/yolo_msgs/yolo_msgs/msg/detail/key_point2_d_array__traits.hpp
[4.141s] -- Up-to-date symlink: /home/ayaan/sim_ws/install/yolo_msgs/include/yolo_msgs/yolo_msgs/msg/detail/key_point2_d_array__type_support.hpp
[4.141s] -- Up-to-date symlink: /home/ayaan/sim_ws/install/yolo_msgs/include/yolo_msgs/yolo_msgs/msg/detail/key_point3_d__builder.hpp
[4.141s] -- Up-to-date symlink: /home/ayaan/sim_ws/install/yolo_msgs/include/yolo_msgs/yolo_msgs/msg/detail/key_point3_d__struct.hpp
[4.141s] -- Up-to-date symlink: /home/ayaan/sim_ws/install/yolo_msgs/include/yolo_msgs/yolo_msgs/msg/detail/key_point3_d__traits.hpp
[4.141s] -- Up-to-date symlink: /home/ayaan/sim_ws/install/yolo_msgs/include/yolo_msgs/yolo_msgs/msg/detail/key_point3_d__type_support.hpp
[4.141s] -- Up-to-date symlink: /home/ayaan/sim_ws/install/yolo_msgs/include/yolo_msgs/yolo_msgs/msg/detail/key_point3_d_array__builder.hpp
[4.141s] -- Up-to-date symlink: /home/ayaan/sim_ws/install/yolo_msgs/include/yolo_msgs/yolo_msgs/msg/detail/key_point3_d_array__struct.hpp
[4.142s] -- Up-to-date symlink: /home/ayaan/sim_ws/install/yolo_msgs/include/yolo_msgs/yolo_msgs/msg/detail/key_point3_d_array__traits.hpp
[4.142s] -- Up-to-date symlink: /home/ayaan/sim_ws/install/yolo_msgs/include/yolo_msgs/yolo_msgs/msg/detail/key_point3_d_array__type_support.hpp
[4.142s] -- Up-to-date symlink: /home/ayaan/sim_ws/install/yolo_msgs/include/yolo_msgs/yolo_msgs/msg/detail/mask__builder.hpp
[4.142s] -- Up-to-date symlink: /home/ayaan/sim_ws/install/yolo_msgs/include/yolo_msgs/yolo_msgs/msg/detail/mask__struct.hpp
[4.142s] -- Up-to-date symlink: /home/ayaan/sim_ws/install/yolo_msgs/include/yolo_msgs/yolo_msgs/msg/detail/mask__traits.hpp
[4.142s] -- Up-to-date symlink: /home/ayaan/sim_ws/install/yolo_msgs/include/yolo_msgs/yolo_msgs/msg/detail/mask__type_support.hpp
[4.142s] -- Up-to-date symlink: /home/ayaan/sim_ws/install/yolo_msgs/include/yolo_msgs/yolo_msgs/msg/detail/point2_d__builder.hpp
[4.142s] -- Up-to-date symlink: /home/ayaan/sim_ws/install/yolo_msgs/include/yolo_msgs/yolo_msgs/msg/detail/point2_d__struct.hpp
[4.142s] -- Up-to-date symlink: /home/ayaan/sim_ws/install/yolo_msgs/include/yolo_msgs/yolo_msgs/msg/detail/point2_d__traits.hpp
[4.142s] -- Up-to-date symlink: /home/ayaan/sim_ws/install/yolo_msgs/include/yolo_msgs/yolo_msgs/msg/detail/point2_d__type_support.hpp
[4.142s] -- Up-to-date symlink: /home/ayaan/sim_ws/install/yolo_msgs/include/yolo_msgs/yolo_msgs/msg/detail/pose2_d__builder.hpp
[4.143s] -- Up-to-date symlink: /home/ayaan/sim_ws/install/yolo_msgs/include/yolo_msgs/yolo_msgs/msg/detail/pose2_d__struct.hpp
[4.143s] -- Up-to-date symlink: /home/ayaan/sim_ws/install/yolo_msgs/include/yolo_msgs/yolo_msgs/msg/detail/pose2_d__traits.hpp
[4.143s] -- Up-to-date symlink: /home/ayaan/sim_ws/install/yolo_msgs/include/yolo_msgs/yolo_msgs/msg/detail/pose2_d__type_support.hpp
[4.143s] -- Up-to-date symlink: /home/ayaan/sim_ws/install/yolo_msgs/include/yolo_msgs/yolo_msgs/msg/detail/vector2__builder.hpp
[4.143s] -- Up-to-date symlink: /home/ayaan/sim_ws/install/yolo_msgs/include/yolo_msgs/yolo_msgs/msg/detail/vector2__struct.hpp
[4.143s] -- Up-to-date symlink: /home/ayaan/sim_ws/install/yolo_msgs/include/yolo_msgs/yolo_msgs/msg/detail/vector2__traits.hpp
[4.143s] -- Up-to-date symlink: /home/ayaan/sim_ws/install/yolo_msgs/include/yolo_msgs/yolo_msgs/msg/detail/vector2__type_support.hpp
[4.143s] -- Up-to-date symlink: /home/ayaan/sim_ws/install/yolo_msgs/include/yolo_msgs/yolo_msgs/msg/detection.hpp
[4.143s] -- Up-to-date symlink: /home/ayaan/sim_ws/install/yolo_msgs/include/yolo_msgs/yolo_msgs/msg/detection_array.hpp
[4.143s] -- Up-to-date symlink: /home/ayaan/sim_ws/install/yolo_msgs/include/yolo_msgs/yolo_msgs/msg/key_point2_d.hpp
[4.143s] -- Up-to-date symlink: /home/ayaan/sim_ws/install/yolo_msgs/include/yolo_msgs/yolo_msgs/msg/key_point2_d_array.hpp
[4.143s] -- Up-to-date symlink: /home/ayaan/sim_ws/install/yolo_msgs/include/yolo_msgs/yolo_msgs/msg/key_point3_d.hpp
[4.143s] -- Up-to-date symlink: /home/ayaan/sim_ws/install/yolo_msgs/include/yolo_msgs/yolo_msgs/msg/key_point3_d_array.hpp
[4.144s] -- Up-to-date symlink: /home/ayaan/sim_ws/install/yolo_msgs/include/yolo_msgs/yolo_msgs/msg/mask.hpp
[4.144s] -- Up-to-date symlink: /home/ayaan/sim_ws/install/yolo_msgs/include/yolo_msgs/yolo_msgs/msg/point2_d.hpp
[4.144s] -- Up-to-date symlink: /home/ayaan/sim_ws/install/yolo_msgs/include/yolo_msgs/yolo_msgs/msg/pose2_d.hpp
[4.144s] -- Up-to-date symlink: /home/ayaan/sim_ws/install/yolo_msgs/include/yolo_msgs/yolo_msgs/msg/rosidl_generator_cpp__visibility_control.hpp
[4.144s] -- Up-to-date symlink: /home/ayaan/sim_ws/install/yolo_msgs/include/yolo_msgs/yolo_msgs/msg/vector2.hpp
[4.144s] -- Up-to-date symlink: /home/ayaan/sim_ws/install/yolo_msgs/include/yolo_msgs/yolo_msgs/srv/detail/set_classes__builder.hpp
[4.144s] -- Up-to-date symlink: /home/ayaan/sim_ws/install/yolo_msgs/include/yolo_msgs/yolo_msgs/srv/detail/set_classes__struct.hpp
[4.144s] -- Up-to-date symlink: /home/ayaan/sim_ws/install/yolo_msgs/include/yolo_msgs/yolo_msgs/srv/detail/set_classes__traits.hpp
[4.144s] -- Up-to-date symlink: /home/ayaan/sim_ws/install/yolo_msgs/include/yolo_msgs/yolo_msgs/srv/detail/set_classes__type_support.hpp
[4.144s] -- Up-to-date symlink: /home/ayaan/sim_ws/install/yolo_msgs/include/yolo_msgs/yolo_msgs/srv/set_classes.hpp
[4.145s] -- Up-to-date symlink: /home/ayaan/sim_ws/install/yolo_msgs/include/yolo_msgs/yolo_msgs/msg/detail/bounding_box2_d__rosidl_typesupport_fastrtps_cpp.hpp
[4.145s] -- Up-to-date symlink: /home/ayaan/sim_ws/install/yolo_msgs/include/yolo_msgs/yolo_msgs/msg/detail/bounding_box3_d__rosidl_typesupport_fastrtps_cpp.hpp
[4.145s] -- Up-to-date symlink: /home/ayaan/sim_ws/install/yolo_msgs/include/yolo_msgs/yolo_msgs/msg/detail/detection__rosidl_typesupport_fastrtps_cpp.hpp
[4.145s] -- Up-to-date symlink: /home/ayaan/sim_ws/install/yolo_msgs/include/yolo_msgs/yolo_msgs/msg/detail/detection_array__rosidl_typesupport_fastrtps_cpp.hpp
[4.145s] -- Up-to-date symlink: /home/ayaan/sim_ws/install/yolo_msgs/include/yolo_msgs/yolo_msgs/msg/detail/key_point2_d__rosidl_typesupport_fastrtps_cpp.hpp
[4.145s] -- Up-to-date symlink: /home/ayaan/sim_ws/install/yolo_msgs/include/yolo_msgs/yolo_msgs/msg/detail/key_point2_d_array__rosidl_typesupport_fastrtps_cpp.hpp
[4.146s] -- Up-to-date symlink: /home/ayaan/sim_ws/install/yolo_msgs/include/yolo_msgs/yolo_msgs/msg/detail/key_point3_d__rosidl_typesupport_fastrtps_cpp.hpp
[4.146s] -- Up-to-date symlink: /home/ayaan/sim_ws/install/yolo_msgs/include/yolo_msgs/yolo_msgs/msg/detail/key_point3_d_array__rosidl_typesupport_fastrtps_cpp.hpp
[4.146s] -- Up-to-date symlink: /home/ayaan/sim_ws/install/yolo_msgs/include/yolo_msgs/yolo_msgs/msg/detail/mask__rosidl_typesupport_fastrtps_cpp.hpp
[4.146s] -- Up-to-date symlink: /home/ayaan/sim_ws/install/yolo_msgs/include/yolo_msgs/yolo_msgs/msg/detail/point2_d__rosidl_typesupport_fastrtps_cpp.hpp
[4.146s] -- Up-to-date symlink: /home/ayaan/sim_ws/install/yolo_msgs/include/yolo_msgs/yolo_msgs/msg/detail/pose2_d__rosidl_typesupport_fastrtps_cpp.hpp
[4.146s] -- Up-to-date symlink: /home/ayaan/sim_ws/install/yolo_msgs/include/yolo_msgs/yolo_msgs/msg/detail/vector2__rosidl_typesupport_fastrtps_cpp.hpp
[4.146s] -- Up-to-date symlink: /home/ayaan/sim_ws/install/yolo_msgs/include/yolo_msgs/yolo_msgs/msg/rosidl_typesupport_fastrtps_cpp__visibility_control.h
[4.146s] -- Up-to-date symlink: /home/ayaan/sim_ws/install/yolo_msgs/include/yolo_msgs/yolo_msgs/srv/detail/set_classes__rosidl_typesupport_fastrtps_cpp.hpp
[4.147s] -- Up-to-date symlink: /home/ayaan/sim_ws/install/yolo_msgs/include/yolo_msgs/yolo_msgs/msg/detail/bounding_box2_d__rosidl_typesupport_introspection_cpp.hpp
[4.147s] -- Up-to-date symlink: /home/ayaan/sim_ws/install/yolo_msgs/include/yolo_msgs/yolo_msgs/msg/detail/bounding_box3_d__rosidl_typesupport_introspection_cpp.hpp
[4.147s] -- Up-to-date symlink: /home/ayaan/sim_ws/install/yolo_msgs/include/yolo_msgs/yolo_msgs/msg/detail/detection__rosidl_typesupport_introspection_cpp.hpp
[4.147s] -- Up-to-date symlink: /home/ayaan/sim_ws/install/yolo_msgs/include/yolo_msgs/yolo_msgs/msg/detail/detection_array__rosidl_typesupport_introspection_cpp.hpp
[4.147s] -- Up-to-date symlink: /home/ayaan/sim_ws/install/yolo_msgs/include/yolo_msgs/yolo_msgs/msg/detail/key_point2_d__rosidl_typesupport_introspection_cpp.hpp
[4.147s] -- Up-to-date symlink: /home/ayaan/sim_ws/install/yolo_msgs/include/yolo_msgs/yolo_msgs/msg/detail/key_point2_d_array__rosidl_typesupport_introspection_cpp.hpp
[4.147s] -- Up-to-date symlink: /home/ayaan/sim_ws/install/yolo_msgs/include/yolo_msgs/yolo_msgs/msg/detail/key_point3_d__rosidl_typesupport_introspection_cpp.hpp
[4.147s] -- Up-to-date symlink: /home/ayaan/sim_ws/install/yolo_msgs/include/yolo_msgs/yolo_msgs/msg/detail/key_point3_d_array__rosidl_typesupport_introspection_cpp.hpp
[4.147s] -- Up-to-date symlink: /home/ayaan/sim_ws/install/yolo_msgs/include/yolo_msgs/yolo_msgs/msg/detail/mask__rosidl_typesupport_introspection_cpp.hpp
[4.147s] -- Up-to-date symlink: /home/ayaan/sim_ws/install/yolo_msgs/include/yolo_msgs/yolo_msgs/msg/detail/point2_d__rosidl_typesupport_introspection_cpp.hpp
[4.147s] -- Up-to-date symlink: /home/ayaan/sim_ws/install/yolo_msgs/include/yolo_msgs/yolo_msgs/msg/detail/pose2_d__rosidl_typesupport_introspection_cpp.hpp
[4.147s] -- Up-to-date symlink: /home/ayaan/sim_ws/install/yolo_msgs/include/yolo_msgs/yolo_msgs/msg/detail/vector2__rosidl_typesupport_introspection_cpp.hpp
[4.148s] -- Up-to-date symlink: /home/ayaan/sim_ws/install/yolo_msgs/include/yolo_msgs/yolo_msgs/srv/detail/set_classes__rosidl_typesupport_introspection_cpp.hpp
[4.148s] -- Up-to-date symlink: /home/ayaan/sim_ws/install/yolo_msgs/share/yolo_msgs/environment/pythonpath.sh
[4.148s] -- Up-to-date symlink: /home/ayaan/sim_ws/install/yolo_msgs/share/yolo_msgs/environment/pythonpath.dsv
[4.148s] -- Up-to-date symlink: /home/ayaan/sim_ws/install/yolo_msgs/local/lib/python3.10/dist-packages/yolo_msgs-4.2.0-py3.10.egg-info/PKG-INFO
[4.148s] -- Up-to-date symlink: /home/ayaan/sim_ws/install/yolo_msgs/local/lib/python3.10/dist-packages/yolo_msgs-4.2.0-py3.10.egg-info/SOURCES.txt
[4.148s] -- Up-to-date symlink: /home/ayaan/sim_ws/install/yolo_msgs/local/lib/python3.10/dist-packages/yolo_msgs-4.2.0-py3.10.egg-info/dependency_links.txt
[4.148s] -- Up-to-date symlink: /home/ayaan/sim_ws/install/yolo_msgs/local/lib/python3.10/dist-packages/yolo_msgs-4.2.0-py3.10.egg-info/top_level.txt
[4.149s] -- Up-to-date symlink: /home/ayaan/sim_ws/install/yolo_msgs/local/lib/python3.10/dist-packages/yolo_msgs/__init__.py
[4.149s] -- Up-to-date symlink: /home/ayaan/sim_ws/install/yolo_msgs/local/lib/python3.10/dist-packages/yolo_msgs/_yolo_msgs_s.ep.rosidl_typesupport_c.c
[4.150s] -- Up-to-date symlink: /home/ayaan/sim_ws/install/yolo_msgs/local/lib/python3.10/dist-packages/yolo_msgs/_yolo_msgs_s.ep.rosidl_typesupport_fastrtps_c.c
[4.150s] -- Up-to-date symlink: /home/ayaan/sim_ws/install/yolo_msgs/local/lib/python3.10/dist-packages/yolo_msgs/_yolo_msgs_s.ep.rosidl_typesupport_introspection_c.c
[4.150s] -- Up-to-date symlink: /home/ayaan/sim_ws/install/yolo_msgs/local/lib/python3.10/dist-packages/yolo_msgs/libyolo_msgs__rosidl_generator_py.so
[4.150s] -- Up-to-date symlink: /home/ayaan/sim_ws/install/yolo_msgs/local/lib/python3.10/dist-packages/yolo_msgs/msg/__init__.py
[4.150s] -- Up-to-date symlink: /home/ayaan/sim_ws/install/yolo_msgs/local/lib/python3.10/dist-packages/yolo_msgs/msg/_bounding_box2_d.py
[4.150s] -- Up-to-date symlink: /home/ayaan/sim_ws/install/yolo_msgs/local/lib/python3.10/dist-packages/yolo_msgs/msg/_bounding_box2_d_s.c
[4.150s] -- Up-to-date symlink: /home/ayaan/sim_ws/install/yolo_msgs/local/lib/python3.10/dist-packages/yolo_msgs/msg/_bounding_box3_d.py
[4.150s] -- Up-to-date symlink: /home/ayaan/sim_ws/install/yolo_msgs/local/lib/python3.10/dist-packages/yolo_msgs/msg/_bounding_box3_d_s.c
[4.150s] -- Up-to-date symlink: /home/ayaan/sim_ws/install/yolo_msgs/local/lib/python3.10/dist-packages/yolo_msgs/msg/_detection.py
[4.150s] -- Up-to-date symlink: /home/ayaan/sim_ws/install/yolo_msgs/local/lib/python3.10/dist-packages/yolo_msgs/msg/_detection_array.py
[4.150s] -- Up-to-date symlink: /home/ayaan/sim_ws/install/yolo_msgs/local/lib/python3.10/dist-packages/yolo_msgs/msg/_detection_array_s.c
[4.150s] -- Up-to-date symlink: /home/ayaan/sim_ws/install/yolo_msgs/local/lib/python3.10/dist-packages/yolo_msgs/msg/_detection_s.c
[4.150s] -- Up-to-date symlink: /home/ayaan/sim_ws/install/yolo_msgs/local/lib/python3.10/dist-packages/yolo_msgs/msg/_key_point2_d.py
[4.151s] -- Up-to-date symlink: /home/ayaan/sim_ws/install/yolo_msgs/local/lib/python3.10/dist-packages/yolo_msgs/msg/_key_point2_d_array.py
[4.151s] -- Up-to-date symlink: /home/ayaan/sim_ws/install/yolo_msgs/local/lib/python3.10/dist-packages/yolo_msgs/msg/_key_point2_d_array_s.c
[4.151s] -- Up-to-date symlink: /home/ayaan/sim_ws/install/yolo_msgs/local/lib/python3.10/dist-packages/yolo_msgs/msg/_key_point2_d_s.c
[4.151s] -- Up-to-date symlink: /home/ayaan/sim_ws/install/yolo_msgs/local/lib/python3.10/dist-packages/yolo_msgs/msg/_key_point3_d.py
[4.151s] -- Up-to-date symlink: /home/ayaan/sim_ws/install/yolo_msgs/local/lib/python3.10/dist-packages/yolo_msgs/msg/_key_point3_d_array.py
[4.151s] -- Up-to-date symlink: /home/ayaan/sim_ws/install/yolo_msgs/local/lib/python3.10/dist-packages/yolo_msgs/msg/_key_point3_d_array_s.c
[4.151s] -- Up-to-date symlink: /home/ayaan/sim_ws/install/yolo_msgs/local/lib/python3.10/dist-packages/yolo_msgs/msg/_key_point3_d_s.c
[4.151s] -- Up-to-date symlink: /home/ayaan/sim_ws/install/yolo_msgs/local/lib/python3.10/dist-packages/yolo_msgs/msg/_mask.py
[4.151s] -- Up-to-date symlink: /home/ayaan/sim_ws/install/yolo_msgs/local/lib/python3.10/dist-packages/yolo_msgs/msg/_mask_s.c
[4.151s] -- Up-to-date symlink: /home/ayaan/sim_ws/install/yolo_msgs/local/lib/python3.10/dist-packages/yolo_msgs/msg/_point2_d.py
[4.151s] -- Up-to-date symlink: /home/ayaan/sim_ws/install/yolo_msgs/local/lib/python3.10/dist-packages/yolo_msgs/msg/_point2_d_s.c
[4.151s] -- Up-to-date symlink: /home/ayaan/sim_ws/install/yolo_msgs/local/lib/python3.10/dist-packages/yolo_msgs/msg/_pose2_d.py
[4.152s] -- Up-to-date symlink: /home/ayaan/sim_ws/install/yolo_msgs/local/lib/python3.10/dist-packages/yolo_msgs/msg/_pose2_d_s.c
[4.152s] -- Up-to-date symlink: /home/ayaan/sim_ws/install/yolo_msgs/local/lib/python3.10/dist-packages/yolo_msgs/msg/_vector2.py
[4.152s] -- Up-to-date symlink: /home/ayaan/sim_ws/install/yolo_msgs/local/lib/python3.10/dist-packages/yolo_msgs/msg/_vector2_s.c
[4.152s] -- Up-to-date symlink: /home/ayaan/sim_ws/install/yolo_msgs/local/lib/python3.10/dist-packages/yolo_msgs/srv/__init__.py
[4.152s] -- Up-to-date symlink: /home/ayaan/sim_ws/install/yolo_msgs/local/lib/python3.10/dist-packages/yolo_msgs/srv/_set_classes.py
[4.152s] -- Up-to-date symlink: /home/ayaan/sim_ws/install/yolo_msgs/local/lib/python3.10/dist-packages/yolo_msgs/srv/_set_classes_s.c
[4.152s] -- Up-to-date symlink: /home/ayaan/sim_ws/install/yolo_msgs/local/lib/python3.10/dist-packages/yolo_msgs/yolo_msgs_s__rosidl_typesupport_c.cpython-310-x86_64-linux-gnu.so
[4.152s] -- Up-to-date symlink: /home/ayaan/sim_ws/install/yolo_msgs/local/lib/python3.10/dist-packages/yolo_msgs/yolo_msgs_s__rosidl_typesupport_fastrtps_c.cpython-310-x86_64-linux-gnu.so
[4.152s] -- Up-to-date symlink: /home/ayaan/sim_ws/install/yolo_msgs/local/lib/python3.10/dist-packages/yolo_msgs/yolo_msgs_s__rosidl_typesupport_introspection_c.cpython-310-x86_64-linux-gnu.so
[4.152s] -- Up-to-date symlink: /home/ayaan/sim_ws/install/yolo_msgs/local/lib/python3.10/dist-packages/yolo_msgs/yolo_msgs_s__rosidl_typesupport_fastrtps_c.cpython-310-x86_64-linux-gnu.so
[4.153s] -- Up-to-date symlink: /home/ayaan/sim_ws/install/yolo_msgs/local/lib/python3.10/dist-packages/yolo_msgs/yolo_msgs_s__rosidl_typesupport_introspection_c.cpython-310-x86_64-linux-gnu.so
[4.153s] -- Up-to-date symlink: /home/ayaan/sim_ws/install/yolo_msgs/local/lib/python3.10/dist-packages/yolo_msgs/yolo_msgs_s__rosidl_typesupport_c.cpython-310-x86_64-linux-gnu.so
[4.153s] -- Up-to-date symlink: /home/ayaan/sim_ws/install/yolo_msgs/share/yolo_msgs/msg/Point2D.idl
[4.153s] -- Up-to-date symlink: /home/ayaan/sim_ws/install/yolo_msgs/share/yolo_msgs/msg/Vector2.idl
[4.153s] -- Up-to-date symlink: /home/ayaan/sim_ws/install/yolo_msgs/share/yolo_msgs/msg/Pose2D.idl
[4.154s] -- Up-to-date symlink: /home/ayaan/sim_ws/install/yolo_msgs/share/yolo_msgs/msg/BoundingBox2D.idl
[4.154s] -- Up-to-date symlink: /home/ayaan/sim_ws/install/yolo_msgs/share/yolo_msgs/msg/BoundingBox3D.idl
[4.154s] -- Up-to-date symlink: /home/ayaan/sim_ws/install/yolo_msgs/share/yolo_msgs/msg/Mask.idl
[4.154s] -- Up-to-date symlink: /home/ayaan/sim_ws/install/yolo_msgs/share/yolo_msgs/msg/KeyPoint2D.idl
[4.154s] -- Up-to-date symlink: /home/ayaan/sim_ws/install/yolo_msgs/share/yolo_msgs/msg/KeyPoint2DArray.idl
[4.154s] -- Up-to-date symlink: /home/ayaan/sim_ws/install/yolo_msgs/share/yolo_msgs/msg/KeyPoint3D.idl
[4.154s] -- Up-to-date symlink: /home/ayaan/sim_ws/install/yolo_msgs/share/yolo_msgs/msg/KeyPoint3DArray.idl
[4.155s] -- Up-to-date symlink: /home/ayaan/sim_ws/install/yolo_msgs/share/yolo_msgs/msg/Detection.idl
[4.155s] -- Up-to-date symlink: /home/ayaan/sim_ws/install/yolo_msgs/share/yolo_msgs/msg/DetectionArray.idl
[4.155s] -- Up-to-date symlink: /home/ayaan/sim_ws/install/yolo_msgs/share/yolo_msgs/srv/SetClasses.idl
[4.155s] -- Up-to-date symlink: /home/ayaan/sim_ws/install/yolo_msgs/share/yolo_msgs/msg/Point2D.msg
[4.155s] -- Up-to-date symlink: /home/ayaan/sim_ws/install/yolo_msgs/share/yolo_msgs/msg/Vector2.msg
[4.155s] -- Up-to-date symlink: /home/ayaan/sim_ws/install/yolo_msgs/share/yolo_msgs/msg/Pose2D.msg
[4.155s] -- Up-to-date symlink: /home/ayaan/sim_ws/install/yolo_msgs/share/yolo_msgs/msg/BoundingBox2D.msg
[4.156s] -- Up-to-date symlink: /home/ayaan/sim_ws/install/yolo_msgs/share/yolo_msgs/msg/BoundingBox3D.msg
[4.156s] -- Up-to-date symlink: /home/ayaan/sim_ws/install/yolo_msgs/share/yolo_msgs/msg/Mask.msg
[4.156s] -- Up-to-date symlink: /home/ayaan/sim_ws/install/yolo_msgs/share/yolo_msgs/msg/KeyPoint2D.msg
[4.156s] -- Up-to-date symlink: /home/ayaan/sim_ws/install/yolo_msgs/share/yolo_msgs/msg/KeyPoint2DArray.msg
[4.156s] -- Up-to-date symlink: /home/ayaan/sim_ws/install/yolo_msgs/share/yolo_msgs/msg/KeyPoint3D.msg
[4.156s] -- Up-to-date symlink: /home/ayaan/sim_ws/install/yolo_msgs/share/yolo_msgs/msg/KeyPoint3DArray.msg
[4.156s] -- Up-to-date symlink: /home/ayaan/sim_ws/install/yolo_msgs/share/yolo_msgs/msg/Detection.msg
[4.157s] -- Up-to-date symlink: /home/ayaan/sim_ws/install/yolo_msgs/share/yolo_msgs/msg/DetectionArray.msg
[4.157s] -- Up-to-date symlink: /home/ayaan/sim_ws/install/yolo_msgs/share/yolo_msgs/srv/SetClasses.srv
[4.157s] -- Up-to-date symlink: /home/ayaan/sim_ws/install/yolo_msgs/share/yolo_msgs/srv/SetClasses_Request.msg
[4.157s] -- Up-to-date symlink: /home/ayaan/sim_ws/install/yolo_msgs/share/yolo_msgs/srv/SetClasses_Response.msg
[4.157s] -- Up-to-date symlink: /home/ayaan/sim_ws/install/yolo_msgs/share/ament_index/resource_index/package_run_dependencies/yolo_msgs
[4.157s] -- Up-to-date symlink: /home/ayaan/sim_ws/install/yolo_msgs/share/ament_index/resource_index/parent_prefix_path/yolo_msgs
[4.158s] -- Up-to-date symlink: /home/ayaan/sim_ws/install/yolo_msgs/share/yolo_msgs/environment/ament_prefix_path.sh
[4.158s] -- Up-to-date symlink: /home/ayaan/sim_ws/install/yolo_msgs/share/yolo_msgs/environment/ament_prefix_path.dsv
[4.158s] -- Up-to-date symlink: /home/ayaan/sim_ws/install/yolo_msgs/share/yolo_msgs/environment/path.sh
[4.158s] -- Up-to-date symlink: /home/ayaan/sim_ws/install/yolo_msgs/share/yolo_msgs/environment/path.dsv
[4.158s] -- Up-to-date symlink: /home/ayaan/sim_ws/install/yolo_msgs/share/yolo_msgs/local_setup.bash
[4.158s] -- Up-to-date symlink: /home/ayaan/sim_ws/install/yolo_msgs/share/yolo_msgs/local_setup.sh
[4.158s] -- Up-to-date symlink: /home/ayaan/sim_ws/install/yolo_msgs/share/yolo_msgs/local_setup.zsh
[4.159s] -- Up-to-date symlink: /home/ayaan/sim_ws/install/yolo_msgs/share/yolo_msgs/local_setup.dsv
[4.159s] -- Symlinking: /home/ayaan/sim_ws/install/yolo_msgs/share/yolo_msgs/package.dsv
[4.167s] -- Up-to-date symlink: /home/ayaan/sim_ws/install/yolo_msgs/share/ament_index/resource_index/packages/yolo_msgs
[4.167s] -- Up-to-date symlink: /home/ayaan/sim_ws/install/yolo_msgs/share/yolo_msgs/cmake/rosidl_cmake-extras.cmake
[4.167s] -- Up-to-date symlink: /home/ayaan/sim_ws/install/yolo_msgs/share/yolo_msgs/cmake/ament_cmake_export_dependencies-extras.cmake
[4.167s] -- Up-to-date symlink: /home/ayaan/sim_ws/install/yolo_msgs/share/yolo_msgs/cmake/ament_cmake_export_include_directories-extras.cmake
[4.167s] -- Up-to-date symlink: /home/ayaan/sim_ws/install/yolo_msgs/share/yolo_msgs/cmake/ament_cmake_export_libraries-extras.cmake
[4.167s] -- Up-to-date symlink: /home/ayaan/sim_ws/install/yolo_msgs/share/yolo_msgs/cmake/ament_cmake_export_targets-extras.cmake
[4.168s] -- Up-to-date symlink: /home/ayaan/sim_ws/install/yolo_msgs/share/yolo_msgs/cmake/rosidl_cmake_export_typesupport_targets-extras.cmake
[4.168s] -- Up-to-date symlink: /home/ayaan/sim_ws/install/yolo_msgs/share/yolo_msgs/cmake/rosidl_cmake_export_typesupport_libraries-extras.cmake
[4.168s] -- Up-to-date symlink: /home/ayaan/sim_ws/install/yolo_msgs/share/yolo_msgs/cmake/yolo_msgsConfig.cmake
[4.168s] -- Up-to-date symlink: /home/ayaan/sim_ws/install/yolo_msgs/share/yolo_msgs/cmake/yolo_msgsConfig-version.cmake
[4.168s] -- Up-to-date symlink: /home/ayaan/sim_ws/install/yolo_msgs/share/yolo_msgs/package.xml
[4.168s] -- Up-to-date: /home/ayaan/sim_ws/install/yolo_msgs/lib/libyolo_msgs__rosidl_generator_c.so
[4.168s] -- Up-to-date: /home/ayaan/sim_ws/install/yolo_msgs/lib/libyolo_msgs__rosidl_typesupport_fastrtps_c.so
[4.169s] -- Up-to-date: /home/ayaan/sim_ws/install/yolo_msgs/lib/libyolo_msgs__rosidl_typesupport_introspection_c.so
[4.169s] -- Up-to-date: /home/ayaan/sim_ws/install/yolo_msgs/lib/libyolo_msgs__rosidl_typesupport_c.so
[4.196s] -- Up-to-date: /home/ayaan/sim_ws/install/yolo_msgs/lib/libyolo_msgs__rosidl_typesupport_fastrtps_cpp.so
[4.202s] -- Up-to-date: /home/ayaan/sim_ws/install/yolo_msgs/lib/libyolo_msgs__rosidl_typesupport_introspection_cpp.so
[4.204s] -- Up-to-date: /home/ayaan/sim_ws/install/yolo_msgs/lib/libyolo_msgs__rosidl_typesupport_cpp.so
[4.402s] Listing '/home/ayaan/sim_ws/install/yolo_msgs/local/lib/python3.10/dist-packages/yolo_msgs'...
[4.402s] Compiling '/home/ayaan/sim_ws/install/yolo_msgs/local/lib/python3.10/dist-packages/yolo_msgs/__init__.py'...
[4.403s] Listing '/home/ayaan/sim_ws/install/yolo_msgs/local/lib/python3.10/dist-packages/yolo_msgs/msg'...
[4.403s] Listing '/home/ayaan/sim_ws/install/yolo_msgs/local/lib/python3.10/dist-packages/yolo_msgs/srv'...
[4.409s] -- Up-to-date: /home/ayaan/sim_ws/install/yolo_msgs/lib/libyolo_msgs__rosidl_generator_py.so
[4.410s] -- Up-to-date: /home/ayaan/sim_ws/install/yolo_msgs/share/yolo_msgs/cmake/export_yolo_msgs__rosidl_generator_cExport.cmake
[4.410s] -- Up-to-date: /home/ayaan/sim_ws/install/yolo_msgs/share/yolo_msgs/cmake/export_yolo_msgs__rosidl_generator_cExport-noconfig.cmake
[4.410s] -- Up-to-date: /home/ayaan/sim_ws/install/yolo_msgs/share/yolo_msgs/cmake/export_yolo_msgs__rosidl_typesupport_fastrtps_cExport.cmake
[4.410s] -- Up-to-date: /home/ayaan/sim_ws/install/yolo_msgs/share/yolo_msgs/cmake/export_yolo_msgs__rosidl_typesupport_fastrtps_cExport-noconfig.cmake
[4.410s] -- Up-to-date: /home/ayaan/sim_ws/install/yolo_msgs/share/yolo_msgs/cmake/yolo_msgs__rosidl_typesupport_introspection_cExport.cmake
[4.410s] -- Up-to-date: /home/ayaan/sim_ws/install/yolo_msgs/share/yolo_msgs/cmake/yolo_msgs__rosidl_typesupport_introspection_cExport-noconfig.cmake
[4.411s] -- Up-to-date: /home/ayaan/sim_ws/install/yolo_msgs/share/yolo_msgs/cmake/yolo_msgs__rosidl_typesupport_cExport.cmake
[4.411s] -- Up-to-date: /home/ayaan/sim_ws/install/yolo_msgs/share/yolo_msgs/cmake/yolo_msgs__rosidl_typesupport_cExport-noconfig.cmake
[4.411s] -- Up-to-date: /home/ayaan/sim_ws/install/yolo_msgs/share/yolo_msgs/cmake/export_yolo_msgs__rosidl_generator_cppExport.cmake
[4.411s] -- Up-to-date: /home/ayaan/sim_ws/install/yolo_msgs/share/yolo_msgs/cmake/export_yolo_msgs__rosidl_typesupport_fastrtps_cppExport.cmake
[4.411s] -- Up-to-date: /home/ayaan/sim_ws/install/yolo_msgs/share/yolo_msgs/cmake/export_yolo_msgs__rosidl_typesupport_fastrtps_cppExport-noconfig.cmake
[4.411s] -- Up-to-date: /home/ayaan/sim_ws/install/yolo_msgs/share/yolo_msgs/cmake/yolo_msgs__rosidl_typesupport_introspection_cppExport.cmake
[4.411s] -- Up-to-date: /home/ayaan/sim_ws/install/yolo_msgs/share/yolo_msgs/cmake/yolo_msgs__rosidl_typesupport_introspection_cppExport-noconfig.cmake
[4.411s] -- Up-to-date: /home/ayaan/sim_ws/install/yolo_msgs/share/yolo_msgs/cmake/yolo_msgs__rosidl_typesupport_cppExport.cmake
[4.412s] -- Up-to-date: /home/ayaan/sim_ws/install/yolo_msgs/share/yolo_msgs/cmake/yolo_msgs__rosidl_typesupport_cppExport-noconfig.cmake
[4.412s] -- Up-to-date: /home/ayaan/sim_ws/install/yolo_msgs/share/yolo_msgs/cmake/export_yolo_msgs__rosidl_generator_pyExport.cmake
[4.412s] -- Up-to-date: /home/ayaan/sim_ws/install/yolo_msgs/share/yolo_msgs/cmake/export_yolo_msgs__rosidl_generator_pyExport-noconfig.cmake
[4.415s] Invoked command in '/home/ayaan/sim_ws/build/yolo_msgs' returned '0': CMAKE_PREFIX_PATH=${CMAKE_PREFIX_PATH}:/home/ayaan/sim_ws/install/pot_follower:/home/ayaan/sim_ws/install/yolo_ros:/home/ayaan/sim_ws/install/sim_lobby_classic:/home/ayaan/turtlebot3_ws/install/turtlebot3_teleop:/home/ayaan/turtlebot3_ws/install/turtlebot3_example:/opt/ros/humble /usr/bin/cmake --install /home/ayaan/sim_ws/build/yolo_msgs
