[0.188s] Invoking command in '/home/ayaan/sim_ws/build/yolo_msgs': CMAKE_PREFIX_PATH=${CMAKE_PREFIX_PATH}:/home/ayaan/sim_ws/install/yolo_ros:/home/ayaan/sim_ws/install/sim_lobby_classic:/home/ayaan/sim_ws/install/pot_follower:/home/ayaan/turtlebot3_ws/install/turtlebot3_teleop:/home/ayaan/turtlebot3_ws/install/turtlebot3_example:/opt/ros/humble /usr/bin/cmake /home/ayaan/sim_ws/src/yolo_ros/yolo_msgs -DAMENT_CMAKE_SYMLINK_INSTALL=1 -DCMAKE_INSTALL_PREFIX=/home/ayaan/sim_ws/install/yolo_msgs
[1.071s] -- Found ament_cmake: 1.3.11 (/opt/ros/humble/share/ament_cmake/cmake)
[1.680s] -- Override CMake install command with custom implementation using symlinks instead of copying resources
[1.803s] -- Found rosidl_default_generators: 1.2.0 (/opt/ros/humble/share/rosidl_default_generators/cmake)
[1.899s] -- Using all available rosidl_typesupport_c: rosidl_typesupport_fastrtps_c;rosidl_typesupport_introspection_c
[2.004s] -- Found rosidl_adapter: 3.1.6 (/opt/ros/humble/share/rosidl_adapter/cmake)
[2.892s] -- Using all available rosidl_typesupport_cpp: rosidl_typesupport_fastrtps_cpp;rosidl_typesupport_introspection_cpp
[3.533s] -- Found std_msgs: 4.8.0 (/opt/ros/humble/share/std_msgs/cmake)
[3.982s] -- Found geometry_msgs: 4.8.0 (/opt/ros/humble/share/geometry_msgs/cmake)
[5.360s] -- Found ament_cmake_ros: 0.10.0 (/opt/ros/humble/share/ament_cmake_ros/cmake)
[6.108s] -- Using all available rosidl_typesupport_c: rosidl_typesupport_fastrtps_c;rosidl_typesupport_introspection_c
[6.808s] -- Using all available rosidl_typesupport_cpp: rosidl_typesupport_fastrtps_cpp;rosidl_typesupport_introspection_cpp
[6.920s] -- Found python_cmake_module: 0.10.0 (/opt/ros/humble/share/python_cmake_module/cmake)
[7.015s] -- Using PYTHON_EXECUTABLE: /usr/bin/python3
[7.016s] -- Using PYTHON_INCLUDE_DIRS: /usr/include/python3.10
[7.016s] -- Using PYTHON_LIBRARIES: /usr/lib/x86_64-linux-gnu/libpython3.10.so
[7.174s] -- Configuring done
[7.654s] -- Generating done
[7.678s] -- Build files have been written to: /home/ayaan/sim_ws/build/yolo_msgs
[7.689s] Invoked command in '/home/ayaan/sim_ws/build/yolo_msgs' returned '0': CMAKE_PREFIX_PATH=${CMAKE_PREFIX_PATH}:/home/ayaan/sim_ws/install/yolo_ros:/home/ayaan/sim_ws/install/sim_lobby_classic:/home/ayaan/sim_ws/install/pot_follower:/home/ayaan/turtlebot3_ws/install/turtlebot3_teleop:/home/ayaan/turtlebot3_ws/install/turtlebot3_example:/opt/ros/humble /usr/bin/cmake /home/ayaan/sim_ws/src/yolo_ros/yolo_msgs -DAMENT_CMAKE_SYMLINK_INSTALL=1 -DCMAKE_INSTALL_PREFIX=/home/ayaan/sim_ws/install/yolo_msgs
[7.692s] Invoking command in '/home/ayaan/sim_ws/build/yolo_msgs': CMAKE_PREFIX_PATH=${CMAKE_PREFIX_PATH}:/home/ayaan/sim_ws/install/yolo_ros:/home/ayaan/sim_ws/install/sim_lobby_classic:/home/ayaan/sim_ws/install/pot_follower:/home/ayaan/turtlebot3_ws/install/turtlebot3_teleop:/home/ayaan/turtlebot3_ws/install/turtlebot3_example:/opt/ros/humble /usr/bin/cmake --build /home/ayaan/sim_ws/build/yolo_msgs -- -j8 -l8
[7.783s] [  0%] Built target yolo_msgs__cpp
[7.796s] [35m[1mConsolidate compiler generated dependencies of target yolo_msgs__rosidl_generator_c[0m
[7.818s] [  0%] Built target ament_cmake_python_symlink_yolo_msgs
[7.963s] [35m[1mConsolidate compiler generated dependencies of target yolo_msgs__rosidl_typesupport_introspection_cpp[0m
[7.965s] [35m[1mConsolidate compiler generated dependencies of target yolo_msgs__rosidl_typesupport_fastrtps_cpp[0m
[7.988s] [35m[1mConsolidate compiler generated dependencies of target yolo_msgs__rosidl_typesupport_cpp[0m
[8.034s] [ 12%] Built target yolo_msgs__rosidl_generator_c
[8.048s] [ 34%] Built target yolo_msgs__rosidl_typesupport_introspection_cpp
[8.049s] [ 36%] Built target yolo_msgs__rosidl_typesupport_fastrtps_cpp
[8.049s] [ 48%] Built target yolo_msgs__rosidl_typesupport_cpp
[8.065s] [35m[1mConsolidate compiler generated dependencies of target yolo_msgs__rosidl_typesupport_fastrtps_c[0m
[8.083s] [35m[1mConsolidate compiler generated dependencies of target yolo_msgs__rosidl_typesupport_c[0m
[8.084s] [35m[1mConsolidate compiler generated dependencies of target yolo_msgs__rosidl_typesupport_introspection_c[0m
[8.100s] [ 60%] Built target yolo_msgs__rosidl_typesupport_fastrtps_c
[8.106s] [ 72%] Built target yolo_msgs__rosidl_typesupport_c
[8.111s] [ 84%] Built target yolo_msgs__rosidl_typesupport_introspection_c
[8.147s] [ 84%] Built target yolo_msgs
[8.186s] [ 85%] Built target yolo_msgs__py
[8.368s] running egg_info
[8.370s] writing yolo_msgs.egg-info/PKG-INFO
[8.370s] writing dependency_links to yolo_msgs.egg-info/dependency_links.txt
[8.370s] writing top-level names to yolo_msgs.egg-info/top_level.txt
[8.377s] reading manifest file 'yolo_msgs.egg-info/SOURCES.txt'
[8.413s] writing manifest file 'yolo_msgs.egg-info/SOURCES.txt'
[8.456s] [ 85%] Built target ament_cmake_python_build_yolo_msgs_egg
[8.504s] [35m[1mConsolidate compiler generated dependencies of target yolo_msgs__rosidl_generator_py[0m
[8.638s] [ 96%] Built target yolo_msgs__rosidl_generator_py
[8.668s] [35m[1mConsolidate compiler generated dependencies of target yolo_msgs__rosidl_typesupport_c__pyext[0m
[8.668s] [35m[1mConsolidate compiler generated dependencies of target yolo_msgs__rosidl_typesupport_fastrtps_c__pyext[0m
[8.668s] [35m[1mConsolidate compiler generated dependencies of target yolo_msgs__rosidl_typesupport_introspection_c__pyext[0m
[8.687s] [ 99%] Built target yolo_msgs__rosidl_typesupport_c__pyext
[8.687s] [ 99%] Built target yolo_msgs__rosidl_typesupport_fastrtps_c__pyext
[8.688s] [100%] Built target yolo_msgs__rosidl_typesupport_introspection_c__pyext
[8.705s] Invoked command in '/home/ayaan/sim_ws/build/yolo_msgs' returned '0': CMAKE_PREFIX_PATH=${CMAKE_PREFIX_PATH}:/home/ayaan/sim_ws/install/yolo_ros:/home/ayaan/sim_ws/install/sim_lobby_classic:/home/ayaan/sim_ws/install/pot_follower:/home/ayaan/turtlebot3_ws/install/turtlebot3_teleop:/home/ayaan/turtlebot3_ws/install/turtlebot3_example:/opt/ros/humble /usr/bin/cmake --build /home/ayaan/sim_ws/build/yolo_msgs -- -j8 -l8
[8.716s] Invoking command in '/home/ayaan/sim_ws/build/yolo_msgs': CMAKE_PREFIX_PATH=${CMAKE_PREFIX_PATH}:/home/ayaan/sim_ws/install/yolo_ros:/home/ayaan/sim_ws/install/sim_lobby_classic:/home/ayaan/sim_ws/install/pot_follower:/home/ayaan/turtlebot3_ws/install/turtlebot3_teleop:/home/ayaan/turtlebot3_ws/install/turtlebot3_example:/opt/ros/humble /usr/bin/cmake --install /home/ayaan/sim_ws/build/yolo_msgs
[8.728s] -- Install configuration: ""
[8.729s] -- Execute custom install script
[8.729s] -- Up-to-date symlink: /home/ayaan/sim_ws/install/yolo_msgs/share/ament_index/resource_index/rosidl_interfaces/yolo_msgs
[8.732s] -- Up-to-date symlink: /home/ayaan/sim_ws/install/yolo_msgs/include/yolo_msgs/yolo_msgs/msg/bounding_box2_d.h
[8.732s] -- Up-to-date symlink: /home/ayaan/sim_ws/install/yolo_msgs/include/yolo_msgs/yolo_msgs/msg/bounding_box3_d.h
[8.750s] -- Up-to-date symlink: /home/ayaan/sim_ws/install/yolo_msgs/include/yolo_msgs/yolo_msgs/msg/detail/bounding_box2_d__functions.h
[8.870s] -- Up-to-date symlink: /home/ayaan/sim_ws/install/yolo_msgs/include/yolo_msgs/yolo_msgs/msg/detail/bounding_box2_d__struct.h
[8.894s] -- Up-to-date symlink: /home/ayaan/sim_ws/install/yolo_msgs/include/yolo_msgs/yolo_msgs/msg/detail/bounding_box2_d__type_support.h
[8.919s] -- Up-to-date symlink: /home/ayaan/sim_ws/install/yolo_msgs/include/yolo_msgs/yolo_msgs/msg/detail/bounding_box3_d__functions.h
[8.944s] -- Up-to-date symlink: /home/ayaan/sim_ws/install/yolo_msgs/include/yolo_msgs/yolo_msgs/msg/detail/bounding_box3_d__struct.h
[8.944s] -- Up-to-date symlink: /home/ayaan/sim_ws/install/yolo_msgs/include/yolo_msgs/yolo_msgs/msg/detail/bounding_box3_d__type_support.h
[8.968s] -- Up-to-date symlink: /home/ayaan/sim_ws/install/yolo_msgs/include/yolo_msgs/yolo_msgs/msg/detail/detection__functions.h
[8.993s] -- Up-to-date symlink: /home/ayaan/sim_ws/install/yolo_msgs/include/yolo_msgs/yolo_msgs/msg/detail/detection__struct.h
[9.017s] -- Up-to-date symlink: /home/ayaan/sim_ws/install/yolo_msgs/include/yolo_msgs/yolo_msgs/msg/detail/detection__type_support.h
[9.042s] -- Up-to-date symlink: /home/ayaan/sim_ws/install/yolo_msgs/include/yolo_msgs/yolo_msgs/msg/detail/detection_array__functions.h
[9.067s] -- Up-to-date symlink: /home/ayaan/sim_ws/install/yolo_msgs/include/yolo_msgs/yolo_msgs/msg/detail/detection_array__struct.h
[9.091s] -- Up-to-date symlink: /home/ayaan/sim_ws/install/yolo_msgs/include/yolo_msgs/yolo_msgs/msg/detail/detection_array__type_support.h
[9.116s] -- Up-to-date symlink: /home/ayaan/sim_ws/install/yolo_msgs/include/yolo_msgs/yolo_msgs/msg/detail/key_point2_d__functions.h
[9.140s] -- Up-to-date symlink: /home/ayaan/sim_ws/install/yolo_msgs/include/yolo_msgs/yolo_msgs/msg/detail/key_point2_d__struct.h
[9.141s] -- Up-to-date symlink: /home/ayaan/sim_ws/install/yolo_msgs/include/yolo_msgs/yolo_msgs/msg/detail/key_point2_d__type_support.h
[9.142s] -- Up-to-date symlink: /home/ayaan/sim_ws/install/yolo_msgs/include/yolo_msgs/yolo_msgs/msg/detail/key_point2_d_array__functions.h
[9.143s] -- Up-to-date symlink: /home/ayaan/sim_ws/install/yolo_msgs/include/yolo_msgs/yolo_msgs/msg/detail/key_point2_d_array__struct.h
[9.144s] -- Up-to-date symlink: /home/ayaan/sim_ws/install/yolo_msgs/include/yolo_msgs/yolo_msgs/msg/detail/key_point2_d_array__type_support.h
[9.145s] -- Up-to-date symlink: /home/ayaan/sim_ws/install/yolo_msgs/include/yolo_msgs/yolo_msgs/msg/detail/key_point3_d__functions.h
[9.145s] -- Up-to-date symlink: /home/ayaan/sim_ws/install/yolo_msgs/include/yolo_msgs/yolo_msgs/msg/detail/key_point3_d__struct.h
[9.146s] -- Up-to-date symlink: /home/ayaan/sim_ws/install/yolo_msgs/include/yolo_msgs/yolo_msgs/msg/detail/key_point3_d__type_support.h
[9.147s] -- Up-to-date symlink: /home/ayaan/sim_ws/install/yolo_msgs/include/yolo_msgs/yolo_msgs/msg/detail/key_point3_d_array__functions.h
[9.148s] -- Up-to-date symlink: /home/ayaan/sim_ws/install/yolo_msgs/include/yolo_msgs/yolo_msgs/msg/detail/key_point3_d_array__struct.h
[9.149s] -- Up-to-date symlink: /home/ayaan/sim_ws/install/yolo_msgs/include/yolo_msgs/yolo_msgs/msg/detail/key_point3_d_array__type_support.h
[9.150s] -- Up-to-date symlink: /home/ayaan/sim_ws/install/yolo_msgs/include/yolo_msgs/yolo_msgs/msg/detail/mask__functions.h
[9.151s] -- Up-to-date symlink: /home/ayaan/sim_ws/install/yolo_msgs/include/yolo_msgs/yolo_msgs/msg/detail/mask__struct.h
[9.152s] -- Up-to-date symlink: /home/ayaan/sim_ws/install/yolo_msgs/include/yolo_msgs/yolo_msgs/msg/detail/mask__type_support.h
[9.152s] -- Up-to-date symlink: /home/ayaan/sim_ws/install/yolo_msgs/include/yolo_msgs/yolo_msgs/msg/detail/point2_d__functions.h
[9.153s] -- Up-to-date symlink: /home/ayaan/sim_ws/install/yolo_msgs/include/yolo_msgs/yolo_msgs/msg/detail/point2_d__struct.h
[9.154s] -- Up-to-date symlink: /home/ayaan/sim_ws/install/yolo_msgs/include/yolo_msgs/yolo_msgs/msg/detail/point2_d__type_support.h
[9.155s] -- Up-to-date symlink: /home/ayaan/sim_ws/install/yolo_msgs/include/yolo_msgs/yolo_msgs/msg/detail/pose2_d__functions.h
[9.156s] -- Up-to-date symlink: /home/ayaan/sim_ws/install/yolo_msgs/include/yolo_msgs/yolo_msgs/msg/detail/pose2_d__struct.h
[9.157s] -- Up-to-date symlink: /home/ayaan/sim_ws/install/yolo_msgs/include/yolo_msgs/yolo_msgs/msg/detail/pose2_d__type_support.h
[9.163s] -- Up-to-date symlink: /home/ayaan/sim_ws/install/yolo_msgs/include/yolo_msgs/yolo_msgs/msg/detail/vector2__functions.h
[9.164s] -- Up-to-date symlink: /home/ayaan/sim_ws/install/yolo_msgs/include/yolo_msgs/yolo_msgs/msg/detail/vector2__struct.h
[9.164s] -- Up-to-date symlink: /home/ayaan/sim_ws/install/yolo_msgs/include/yolo_msgs/yolo_msgs/msg/detail/vector2__type_support.h
[9.182s] -- Up-to-date symlink: /home/ayaan/sim_ws/install/yolo_msgs/include/yolo_msgs/yolo_msgs/msg/detection.h
[9.183s] -- Up-to-date symlink: /home/ayaan/sim_ws/install/yolo_msgs/include/yolo_msgs/yolo_msgs/msg/detection_array.h
[9.223s] -- Up-to-date symlink: /home/ayaan/sim_ws/install/yolo_msgs/include/yolo_msgs/yolo_msgs/msg/key_point2_d.h
[9.246s] -- Up-to-date symlink: /home/ayaan/sim_ws/install/yolo_msgs/include/yolo_msgs/yolo_msgs/msg/key_point2_d_array.h
[9.246s] -- Up-to-date symlink: /home/ayaan/sim_ws/install/yolo_msgs/include/yolo_msgs/yolo_msgs/msg/key_point3_d.h
[9.270s] -- Up-to-date symlink: /home/ayaan/sim_ws/install/yolo_msgs/include/yolo_msgs/yolo_msgs/msg/key_point3_d_array.h
[9.295s] -- Up-to-date symlink: /home/ayaan/sim_ws/install/yolo_msgs/include/yolo_msgs/yolo_msgs/msg/mask.h
[9.319s] -- Up-to-date symlink: /home/ayaan/sim_ws/install/yolo_msgs/include/yolo_msgs/yolo_msgs/msg/point2_d.h
[9.344s] -- Up-to-date symlink: /home/ayaan/sim_ws/install/yolo_msgs/include/yolo_msgs/yolo_msgs/msg/pose2_d.h
[9.345s] -- Up-to-date symlink: /home/ayaan/sim_ws/install/yolo_msgs/include/yolo_msgs/yolo_msgs/msg/rosidl_generator_c__visibility_control.h
[9.368s] -- Up-to-date symlink: /home/ayaan/sim_ws/install/yolo_msgs/include/yolo_msgs/yolo_msgs/msg/vector2.h
[9.408s] -- Up-to-date symlink: /home/ayaan/sim_ws/install/yolo_msgs/include/yolo_msgs/yolo_msgs/srv/detail/set_classes__functions.h
[9.409s] -- Up-to-date symlink: /home/ayaan/sim_ws/install/yolo_msgs/include/yolo_msgs/yolo_msgs/srv/detail/set_classes__struct.h
[9.424s] -- Up-to-date symlink: /home/ayaan/sim_ws/install/yolo_msgs/include/yolo_msgs/yolo_msgs/srv/detail/set_classes__type_support.h
[9.451s] -- Up-to-date symlink: /home/ayaan/sim_ws/install/yolo_msgs/include/yolo_msgs/yolo_msgs/srv/set_classes.h
[9.501s] -- Up-to-date symlink: /home/ayaan/sim_ws/install/yolo_msgs/share/yolo_msgs/environment/library_path.sh
[9.501s] -- Up-to-date symlink: /home/ayaan/sim_ws/install/yolo_msgs/share/yolo_msgs/environment/library_path.dsv
[9.505s] -- Up-to-date symlink: /home/ayaan/sim_ws/install/yolo_msgs/include/yolo_msgs/yolo_msgs/msg/detail/bounding_box2_d__rosidl_typesupport_fastrtps_c.h
[9.550s] -- Up-to-date symlink: /home/ayaan/sim_ws/install/yolo_msgs/include/yolo_msgs/yolo_msgs/msg/detail/bounding_box3_d__rosidl_typesupport_fastrtps_c.h
[9.600s] -- Up-to-date symlink: /home/ayaan/sim_ws/install/yolo_msgs/include/yolo_msgs/yolo_msgs/msg/detail/detection__rosidl_typesupport_fastrtps_c.h
[9.625s] -- Up-to-date symlink: /home/ayaan/sim_ws/install/yolo_msgs/include/yolo_msgs/yolo_msgs/msg/detail/detection_array__rosidl_typesupport_fastrtps_c.h
[9.626s] -- Up-to-date symlink: /home/ayaan/sim_ws/install/yolo_msgs/include/yolo_msgs/yolo_msgs/msg/detail/key_point2_d__rosidl_typesupport_fastrtps_c.h
[9.627s] -- Up-to-date symlink: /home/ayaan/sim_ws/install/yolo_msgs/include/yolo_msgs/yolo_msgs/msg/detail/key_point2_d_array__rosidl_typesupport_fastrtps_c.h
[9.628s] -- Up-to-date symlink: /home/ayaan/sim_ws/install/yolo_msgs/include/yolo_msgs/yolo_msgs/msg/detail/key_point3_d__rosidl_typesupport_fastrtps_c.h
[9.629s] -- Up-to-date symlink: /home/ayaan/sim_ws/install/yolo_msgs/include/yolo_msgs/yolo_msgs/msg/detail/key_point3_d_array__rosidl_typesupport_fastrtps_c.h
[9.630s] -- Up-to-date symlink: /home/ayaan/sim_ws/install/yolo_msgs/include/yolo_msgs/yolo_msgs/msg/detail/mask__rosidl_typesupport_fastrtps_c.h
[9.661s] -- Up-to-date symlink: /home/ayaan/sim_ws/install/yolo_msgs/include/yolo_msgs/yolo_msgs/msg/detail/point2_d__rosidl_typesupport_fastrtps_c.h
[9.685s] -- Up-to-date symlink: /home/ayaan/sim_ws/install/yolo_msgs/include/yolo_msgs/yolo_msgs/msg/detail/pose2_d__rosidl_typesupport_fastrtps_c.h
[9.710s] -- Up-to-date symlink: /home/ayaan/sim_ws/install/yolo_msgs/include/yolo_msgs/yolo_msgs/msg/detail/vector2__rosidl_typesupport_fastrtps_c.h
[9.735s] -- Up-to-date symlink: /home/ayaan/sim_ws/install/yolo_msgs/include/yolo_msgs/yolo_msgs/msg/rosidl_typesupport_fastrtps_c__visibility_control.h
[9.736s] -- Up-to-date symlink: /home/ayaan/sim_ws/install/yolo_msgs/include/yolo_msgs/yolo_msgs/srv/detail/set_classes__rosidl_typesupport_fastrtps_c.h
[9.759s] -- Up-to-date symlink: /home/ayaan/sim_ws/install/yolo_msgs/include/yolo_msgs/yolo_msgs/msg/detail/bounding_box2_d__rosidl_typesupport_introspection_c.h
[9.784s] -- Up-to-date symlink: /home/ayaan/sim_ws/install/yolo_msgs/include/yolo_msgs/yolo_msgs/msg/detail/bounding_box3_d__rosidl_typesupport_introspection_c.h
[9.809s] -- Up-to-date symlink: /home/ayaan/sim_ws/install/yolo_msgs/include/yolo_msgs/yolo_msgs/msg/detail/detection__rosidl_typesupport_introspection_c.h
[9.833s] -- Up-to-date symlink: /home/ayaan/sim_ws/install/yolo_msgs/include/yolo_msgs/yolo_msgs/msg/detail/detection_array__rosidl_typesupport_introspection_c.h
[9.834s] -- Up-to-date symlink: /home/ayaan/sim_ws/install/yolo_msgs/include/yolo_msgs/yolo_msgs/msg/detail/key_point2_d__rosidl_typesupport_introspection_c.h
[9.835s] -- Up-to-date symlink: /home/ayaan/sim_ws/install/yolo_msgs/include/yolo_msgs/yolo_msgs/msg/detail/key_point2_d_array__rosidl_typesupport_introspection_c.h
[9.836s] -- Up-to-date symlink: /home/ayaan/sim_ws/install/yolo_msgs/include/yolo_msgs/yolo_msgs/msg/detail/key_point3_d__rosidl_typesupport_introspection_c.h
[9.837s] -- Up-to-date symlink: /home/ayaan/sim_ws/install/yolo_msgs/include/yolo_msgs/yolo_msgs/msg/detail/key_point3_d_array__rosidl_typesupport_introspection_c.h
[9.837s] -- Up-to-date symlink: /home/ayaan/sim_ws/install/yolo_msgs/include/yolo_msgs/yolo_msgs/msg/detail/mask__rosidl_typesupport_introspection_c.h
[9.839s] -- Up-to-date symlink: /home/ayaan/sim_ws/install/yolo_msgs/include/yolo_msgs/yolo_msgs/msg/detail/point2_d__rosidl_typesupport_introspection_c.h
[9.839s] -- Up-to-date symlink: /home/ayaan/sim_ws/install/yolo_msgs/include/yolo_msgs/yolo_msgs/msg/detail/pose2_d__rosidl_typesupport_introspection_c.h
[9.840s] -- Up-to-date symlink: /home/ayaan/sim_ws/install/yolo_msgs/include/yolo_msgs/yolo_msgs/msg/detail/vector2__rosidl_typesupport_introspection_c.h
[9.840s] -- Up-to-date symlink: /home/ayaan/sim_ws/install/yolo_msgs/include/yolo_msgs/yolo_msgs/msg/rosidl_typesupport_introspection_c__visibility_control.h
[9.841s] -- Up-to-date symlink: /home/ayaan/sim_ws/install/yolo_msgs/include/yolo_msgs/yolo_msgs/srv/detail/set_classes__rosidl_typesupport_introspection_c.h
[9.845s] -- Up-to-date symlink: /home/ayaan/sim_ws/install/yolo_msgs/include/yolo_msgs/yolo_msgs/msg/bounding_box2_d.hpp
[9.845s] -- Up-to-date symlink: /home/ayaan/sim_ws/install/yolo_msgs/include/yolo_msgs/yolo_msgs/msg/bounding_box3_d.hpp
[9.846s] -- Up-to-date symlink: /home/ayaan/sim_ws/install/yolo_msgs/include/yolo_msgs/yolo_msgs/msg/detail/bounding_box2_d__builder.hpp
[9.847s] -- Up-to-date symlink: /home/ayaan/sim_ws/install/yolo_msgs/include/yolo_msgs/yolo_msgs/msg/detail/bounding_box2_d__struct.hpp
[9.848s] -- Up-to-date symlink: /home/ayaan/sim_ws/install/yolo_msgs/include/yolo_msgs/yolo_msgs/msg/detail/bounding_box2_d__traits.hpp
[9.849s] -- Up-to-date symlink: /home/ayaan/sim_ws/install/yolo_msgs/include/yolo_msgs/yolo_msgs/msg/detail/bounding_box2_d__type_support.hpp
[9.850s] -- Up-to-date symlink: /home/ayaan/sim_ws/install/yolo_msgs/include/yolo_msgs/yolo_msgs/msg/detail/bounding_box3_d__builder.hpp
[9.851s] -- Up-to-date symlink: /home/ayaan/sim_ws/install/yolo_msgs/include/yolo_msgs/yolo_msgs/msg/detail/bounding_box3_d__struct.hpp
[9.852s] -- Up-to-date symlink: /home/ayaan/sim_ws/install/yolo_msgs/include/yolo_msgs/yolo_msgs/msg/detail/bounding_box3_d__traits.hpp
[9.853s] -- Up-to-date symlink: /home/ayaan/sim_ws/install/yolo_msgs/include/yolo_msgs/yolo_msgs/msg/detail/bounding_box3_d__type_support.hpp
[9.854s] -- Up-to-date symlink: /home/ayaan/sim_ws/install/yolo_msgs/include/yolo_msgs/yolo_msgs/msg/detail/detection__builder.hpp
[9.855s] -- Up-to-date symlink: /home/ayaan/sim_ws/install/yolo_msgs/include/yolo_msgs/yolo_msgs/msg/detail/detection__struct.hpp
[9.856s] -- Up-to-date symlink: /home/ayaan/sim_ws/install/yolo_msgs/include/yolo_msgs/yolo_msgs/msg/detail/detection__traits.hpp
[9.857s] -- Up-to-date symlink: /home/ayaan/sim_ws/install/yolo_msgs/include/yolo_msgs/yolo_msgs/msg/detail/detection__type_support.hpp
[9.858s] -- Up-to-date symlink: /home/ayaan/sim_ws/install/yolo_msgs/include/yolo_msgs/yolo_msgs/msg/detail/detection_array__builder.hpp
[9.859s] -- Up-to-date symlink: /home/ayaan/sim_ws/install/yolo_msgs/include/yolo_msgs/yolo_msgs/msg/detail/detection_array__struct.hpp
[9.859s] -- Up-to-date symlink: /home/ayaan/sim_ws/install/yolo_msgs/include/yolo_msgs/yolo_msgs/msg/detail/detection_array__traits.hpp
[9.861s] -- Up-to-date symlink: /home/ayaan/sim_ws/install/yolo_msgs/include/yolo_msgs/yolo_msgs/msg/detail/detection_array__type_support.hpp
[9.861s] -- Up-to-date symlink: /home/ayaan/sim_ws/install/yolo_msgs/include/yolo_msgs/yolo_msgs/msg/detail/key_point2_d__builder.hpp
[9.862s] -- Up-to-date symlink: /home/ayaan/sim_ws/install/yolo_msgs/include/yolo_msgs/yolo_msgs/msg/detail/key_point2_d__struct.hpp
[9.862s] -- Up-to-date symlink: /home/ayaan/sim_ws/install/yolo_msgs/include/yolo_msgs/yolo_msgs/msg/detail/key_point2_d__traits.hpp
[9.863s] -- Up-to-date symlink: /home/ayaan/sim_ws/install/yolo_msgs/include/yolo_msgs/yolo_msgs/msg/detail/key_point2_d__type_support.hpp
[9.864s] -- Up-to-date symlink: /home/ayaan/sim_ws/install/yolo_msgs/include/yolo_msgs/yolo_msgs/msg/detail/key_point2_d_array__builder.hpp
[9.864s] -- Up-to-date symlink: /home/ayaan/sim_ws/install/yolo_msgs/include/yolo_msgs/yolo_msgs/msg/detail/key_point2_d_array__struct.hpp
[9.865s] -- Up-to-date symlink: /home/ayaan/sim_ws/install/yolo_msgs/include/yolo_msgs/yolo_msgs/msg/detail/key_point2_d_array__traits.hpp
[9.865s] -- Up-to-date symlink: /home/ayaan/sim_ws/install/yolo_msgs/include/yolo_msgs/yolo_msgs/msg/detail/key_point2_d_array__type_support.hpp
[9.866s] -- Up-to-date symlink: /home/ayaan/sim_ws/install/yolo_msgs/include/yolo_msgs/yolo_msgs/msg/detail/key_point3_d__builder.hpp
[9.866s] -- Up-to-date symlink: /home/ayaan/sim_ws/install/yolo_msgs/include/yolo_msgs/yolo_msgs/msg/detail/key_point3_d__struct.hpp
[9.867s] -- Up-to-date symlink: /home/ayaan/sim_ws/install/yolo_msgs/include/yolo_msgs/yolo_msgs/msg/detail/key_point3_d__traits.hpp
[9.867s] -- Up-to-date symlink: /home/ayaan/sim_ws/install/yolo_msgs/include/yolo_msgs/yolo_msgs/msg/detail/key_point3_d__type_support.hpp
[9.868s] -- Up-to-date symlink: /home/ayaan/sim_ws/install/yolo_msgs/include/yolo_msgs/yolo_msgs/msg/detail/key_point3_d_array__builder.hpp
[9.868s] -- Up-to-date symlink: /home/ayaan/sim_ws/install/yolo_msgs/include/yolo_msgs/yolo_msgs/msg/detail/key_point3_d_array__struct.hpp
[9.868s] -- Up-to-date symlink: /home/ayaan/sim_ws/install/yolo_msgs/include/yolo_msgs/yolo_msgs/msg/detail/key_point3_d_array__traits.hpp
[9.869s] -- Up-to-date symlink: /home/ayaan/sim_ws/install/yolo_msgs/include/yolo_msgs/yolo_msgs/msg/detail/key_point3_d_array__type_support.hpp
[9.869s] -- Up-to-date symlink: /home/ayaan/sim_ws/install/yolo_msgs/include/yolo_msgs/yolo_msgs/msg/detail/mask__builder.hpp
[9.870s] -- Up-to-date symlink: /home/ayaan/sim_ws/install/yolo_msgs/include/yolo_msgs/yolo_msgs/msg/detail/mask__struct.hpp
[9.870s] -- Up-to-date symlink: /home/ayaan/sim_ws/install/yolo_msgs/include/yolo_msgs/yolo_msgs/msg/detail/mask__traits.hpp
[9.871s] -- Up-to-date symlink: /home/ayaan/sim_ws/install/yolo_msgs/include/yolo_msgs/yolo_msgs/msg/detail/mask__type_support.hpp
[9.871s] -- Up-to-date symlink: /home/ayaan/sim_ws/install/yolo_msgs/include/yolo_msgs/yolo_msgs/msg/detail/point2_d__builder.hpp
[9.872s] -- Up-to-date symlink: /home/ayaan/sim_ws/install/yolo_msgs/include/yolo_msgs/yolo_msgs/msg/detail/point2_d__struct.hpp
[9.872s] -- Up-to-date symlink: /home/ayaan/sim_ws/install/yolo_msgs/include/yolo_msgs/yolo_msgs/msg/detail/point2_d__traits.hpp
[9.873s] -- Up-to-date symlink: /home/ayaan/sim_ws/install/yolo_msgs/include/yolo_msgs/yolo_msgs/msg/detail/point2_d__type_support.hpp
[9.873s] -- Up-to-date symlink: /home/ayaan/sim_ws/install/yolo_msgs/include/yolo_msgs/yolo_msgs/msg/detail/pose2_d__builder.hpp
[9.873s] -- Up-to-date symlink: /home/ayaan/sim_ws/install/yolo_msgs/include/yolo_msgs/yolo_msgs/msg/detail/pose2_d__struct.hpp
[9.873s] -- Up-to-date symlink: /home/ayaan/sim_ws/install/yolo_msgs/include/yolo_msgs/yolo_msgs/msg/detail/pose2_d__traits.hpp
[9.876s] -- Up-to-date symlink: /home/ayaan/sim_ws/install/yolo_msgs/include/yolo_msgs/yolo_msgs/msg/detail/pose2_d__type_support.hpp
[9.880s] -- Up-to-date symlink: /home/ayaan/sim_ws/install/yolo_msgs/include/yolo_msgs/yolo_msgs/msg/detail/vector2__builder.hpp
[9.927s] -- Up-to-date symlink: /home/ayaan/sim_ws/install/yolo_msgs/include/yolo_msgs/yolo_msgs/msg/detail/vector2__struct.hpp
[9.952s] -- Up-to-date symlink: /home/ayaan/sim_ws/install/yolo_msgs/include/yolo_msgs/yolo_msgs/msg/detail/vector2__traits.hpp
[9.953s] -- Up-to-date symlink: /home/ayaan/sim_ws/install/yolo_msgs/include/yolo_msgs/yolo_msgs/msg/detail/vector2__type_support.hpp
[9.976s] -- Up-to-date symlink: /home/ayaan/sim_ws/install/yolo_msgs/include/yolo_msgs/yolo_msgs/msg/detection.hpp
[10.001s] -- Up-to-date symlink: /home/ayaan/sim_ws/install/yolo_msgs/include/yolo_msgs/yolo_msgs/msg/detection_array.hpp
[10.026s] -- Up-to-date symlink: /home/ayaan/sim_ws/install/yolo_msgs/include/yolo_msgs/yolo_msgs/msg/key_point2_d.hpp
[10.050s] -- Up-to-date symlink: /home/ayaan/sim_ws/install/yolo_msgs/include/yolo_msgs/yolo_msgs/msg/key_point2_d_array.hpp
[10.051s] -- Up-to-date symlink: /home/ayaan/sim_ws/install/yolo_msgs/include/yolo_msgs/yolo_msgs/msg/key_point3_d.hpp
[10.052s] -- Up-to-date symlink: /home/ayaan/sim_ws/install/yolo_msgs/include/yolo_msgs/yolo_msgs/msg/key_point3_d_array.hpp
[10.053s] -- Up-to-date symlink: /home/ayaan/sim_ws/install/yolo_msgs/include/yolo_msgs/yolo_msgs/msg/mask.hpp
[10.054s] -- Up-to-date symlink: /home/ayaan/sim_ws/install/yolo_msgs/include/yolo_msgs/yolo_msgs/msg/point2_d.hpp
[10.055s] -- Up-to-date symlink: /home/ayaan/sim_ws/install/yolo_msgs/include/yolo_msgs/yolo_msgs/msg/pose2_d.hpp
[10.056s] -- Up-to-date symlink: /home/ayaan/sim_ws/install/yolo_msgs/include/yolo_msgs/yolo_msgs/msg/rosidl_generator_cpp__visibility_control.hpp
[10.056s] -- Up-to-date symlink: /home/ayaan/sim_ws/install/yolo_msgs/include/yolo_msgs/yolo_msgs/msg/vector2.hpp
[10.057s] -- Up-to-date symlink: /home/ayaan/sim_ws/install/yolo_msgs/include/yolo_msgs/yolo_msgs/srv/detail/set_classes__builder.hpp
[10.058s] -- Up-to-date symlink: /home/ayaan/sim_ws/install/yolo_msgs/include/yolo_msgs/yolo_msgs/srv/detail/set_classes__struct.hpp
[10.059s] -- Up-to-date symlink: /home/ayaan/sim_ws/install/yolo_msgs/include/yolo_msgs/yolo_msgs/srv/detail/set_classes__traits.hpp
[10.060s] -- Up-to-date symlink: /home/ayaan/sim_ws/install/yolo_msgs/include/yolo_msgs/yolo_msgs/srv/detail/set_classes__type_support.hpp
[10.060s] -- Up-to-date symlink: /home/ayaan/sim_ws/install/yolo_msgs/include/yolo_msgs/yolo_msgs/srv/set_classes.hpp
[10.064s] -- Up-to-date symlink: /home/ayaan/sim_ws/install/yolo_msgs/include/yolo_msgs/yolo_msgs/msg/detail/bounding_box2_d__rosidl_typesupport_fastrtps_cpp.hpp
[10.065s] -- Up-to-date symlink: /home/ayaan/sim_ws/install/yolo_msgs/include/yolo_msgs/yolo_msgs/msg/detail/bounding_box3_d__rosidl_typesupport_fastrtps_cpp.hpp
[10.066s] -- Up-to-date symlink: /home/ayaan/sim_ws/install/yolo_msgs/include/yolo_msgs/yolo_msgs/msg/detail/detection__rosidl_typesupport_fastrtps_cpp.hpp
[10.066s] -- Up-to-date symlink: /home/ayaan/sim_ws/install/yolo_msgs/include/yolo_msgs/yolo_msgs/msg/detail/detection_array__rosidl_typesupport_fastrtps_cpp.hpp
[10.067s] -- Up-to-date symlink: /home/ayaan/sim_ws/install/yolo_msgs/include/yolo_msgs/yolo_msgs/msg/detail/key_point2_d__rosidl_typesupport_fastrtps_cpp.hpp
[10.068s] -- Up-to-date symlink: /home/ayaan/sim_ws/install/yolo_msgs/include/yolo_msgs/yolo_msgs/msg/detail/key_point2_d_array__rosidl_typesupport_fastrtps_cpp.hpp
[10.068s] -- Up-to-date symlink: /home/ayaan/sim_ws/install/yolo_msgs/include/yolo_msgs/yolo_msgs/msg/detail/key_point3_d__rosidl_typesupport_fastrtps_cpp.hpp
[10.069s] -- Up-to-date symlink: /home/ayaan/sim_ws/install/yolo_msgs/include/yolo_msgs/yolo_msgs/msg/detail/key_point3_d_array__rosidl_typesupport_fastrtps_cpp.hpp
[10.069s] -- Up-to-date symlink: /home/ayaan/sim_ws/install/yolo_msgs/include/yolo_msgs/yolo_msgs/msg/detail/mask__rosidl_typesupport_fastrtps_cpp.hpp
[10.070s] -- Up-to-date symlink: /home/ayaan/sim_ws/install/yolo_msgs/include/yolo_msgs/yolo_msgs/msg/detail/point2_d__rosidl_typesupport_fastrtps_cpp.hpp
[10.070s] -- Up-to-date symlink: /home/ayaan/sim_ws/install/yolo_msgs/include/yolo_msgs/yolo_msgs/msg/detail/pose2_d__rosidl_typesupport_fastrtps_cpp.hpp
[10.071s] -- Up-to-date symlink: /home/ayaan/sim_ws/install/yolo_msgs/include/yolo_msgs/yolo_msgs/msg/detail/vector2__rosidl_typesupport_fastrtps_cpp.hpp
[10.071s] -- Up-to-date symlink: /home/ayaan/sim_ws/install/yolo_msgs/include/yolo_msgs/yolo_msgs/msg/rosidl_typesupport_fastrtps_cpp__visibility_control.h
[10.072s] -- Up-to-date symlink: /home/ayaan/sim_ws/install/yolo_msgs/include/yolo_msgs/yolo_msgs/srv/detail/set_classes__rosidl_typesupport_fastrtps_cpp.hpp
[10.073s] -- Up-to-date symlink: /home/ayaan/sim_ws/install/yolo_msgs/include/yolo_msgs/yolo_msgs/msg/detail/bounding_box2_d__rosidl_typesupport_introspection_cpp.hpp
[10.073s] -- Up-to-date symlink: /home/ayaan/sim_ws/install/yolo_msgs/include/yolo_msgs/yolo_msgs/msg/detail/bounding_box3_d__rosidl_typesupport_introspection_cpp.hpp
[10.074s] -- Up-to-date symlink: /home/ayaan/sim_ws/install/yolo_msgs/include/yolo_msgs/yolo_msgs/msg/detail/detection__rosidl_typesupport_introspection_cpp.hpp
[10.074s] -- Up-to-date symlink: /home/ayaan/sim_ws/install/yolo_msgs/include/yolo_msgs/yolo_msgs/msg/detail/detection_array__rosidl_typesupport_introspection_cpp.hpp
[10.075s] -- Up-to-date symlink: /home/ayaan/sim_ws/install/yolo_msgs/include/yolo_msgs/yolo_msgs/msg/detail/key_point2_d__rosidl_typesupport_introspection_cpp.hpp
[10.075s] -- Up-to-date symlink: /home/ayaan/sim_ws/install/yolo_msgs/include/yolo_msgs/yolo_msgs/msg/detail/key_point2_d_array__rosidl_typesupport_introspection_cpp.hpp
[10.075s] -- Up-to-date symlink: /home/ayaan/sim_ws/install/yolo_msgs/include/yolo_msgs/yolo_msgs/msg/detail/key_point3_d__rosidl_typesupport_introspection_cpp.hpp
[10.076s] -- Up-to-date symlink: /home/ayaan/sim_ws/install/yolo_msgs/include/yolo_msgs/yolo_msgs/msg/detail/key_point3_d_array__rosidl_typesupport_introspection_cpp.hpp
[10.076s] -- Up-to-date symlink: /home/ayaan/sim_ws/install/yolo_msgs/include/yolo_msgs/yolo_msgs/msg/detail/mask__rosidl_typesupport_introspection_cpp.hpp
[10.077s] -- Up-to-date symlink: /home/ayaan/sim_ws/install/yolo_msgs/include/yolo_msgs/yolo_msgs/msg/detail/point2_d__rosidl_typesupport_introspection_cpp.hpp
[10.077s] -- Up-to-date symlink: /home/ayaan/sim_ws/install/yolo_msgs/include/yolo_msgs/yolo_msgs/msg/detail/pose2_d__rosidl_typesupport_introspection_cpp.hpp
[10.077s] -- Up-to-date symlink: /home/ayaan/sim_ws/install/yolo_msgs/include/yolo_msgs/yolo_msgs/msg/detail/vector2__rosidl_typesupport_introspection_cpp.hpp
[10.078s] -- Up-to-date symlink: /home/ayaan/sim_ws/install/yolo_msgs/include/yolo_msgs/yolo_msgs/srv/detail/set_classes__rosidl_typesupport_introspection_cpp.hpp
[10.078s] -- Up-to-date symlink: /home/ayaan/sim_ws/install/yolo_msgs/share/yolo_msgs/environment/pythonpath.sh
[10.078s] -- Up-to-date symlink: /home/ayaan/sim_ws/install/yolo_msgs/share/yolo_msgs/environment/pythonpath.dsv
[10.079s] -- Up-to-date symlink: /home/ayaan/sim_ws/install/yolo_msgs/local/lib/python3.10/dist-packages/yolo_msgs-4.2.0-py3.10.egg-info/PKG-INFO
[10.096s] -- Up-to-date symlink: /home/ayaan/sim_ws/install/yolo_msgs/local/lib/python3.10/dist-packages/yolo_msgs-4.2.0-py3.10.egg-info/SOURCES.txt
[10.096s] -- Up-to-date symlink: /home/ayaan/sim_ws/install/yolo_msgs/local/lib/python3.10/dist-packages/yolo_msgs-4.2.0-py3.10.egg-info/dependency_links.txt
[10.096s] -- Up-to-date symlink: /home/ayaan/sim_ws/install/yolo_msgs/local/lib/python3.10/dist-packages/yolo_msgs-4.2.0-py3.10.egg-info/top_level.txt
[10.097s] -- Up-to-date symlink: /home/ayaan/sim_ws/install/yolo_msgs/local/lib/python3.10/dist-packages/yolo_msgs/__init__.py
[10.097s] -- Up-to-date symlink: /home/ayaan/sim_ws/install/yolo_msgs/local/lib/python3.10/dist-packages/yolo_msgs/_yolo_msgs_s.ep.rosidl_typesupport_c.c
[10.098s] -- Up-to-date symlink: /home/ayaan/sim_ws/install/yolo_msgs/local/lib/python3.10/dist-packages/yolo_msgs/_yolo_msgs_s.ep.rosidl_typesupport_fastrtps_c.c
[10.098s] -- Up-to-date symlink: /home/ayaan/sim_ws/install/yolo_msgs/local/lib/python3.10/dist-packages/yolo_msgs/_yolo_msgs_s.ep.rosidl_typesupport_introspection_c.c
[10.098s] -- Up-to-date symlink: /home/ayaan/sim_ws/install/yolo_msgs/local/lib/python3.10/dist-packages/yolo_msgs/libyolo_msgs__rosidl_generator_py.so
[10.098s] -- Up-to-date symlink: /home/ayaan/sim_ws/install/yolo_msgs/local/lib/python3.10/dist-packages/yolo_msgs/msg/__init__.py
[10.099s] -- Up-to-date symlink: /home/ayaan/sim_ws/install/yolo_msgs/local/lib/python3.10/dist-packages/yolo_msgs/msg/_bounding_box2_d.py
[10.099s] -- Up-to-date symlink: /home/ayaan/sim_ws/install/yolo_msgs/local/lib/python3.10/dist-packages/yolo_msgs/msg/_bounding_box2_d_s.c
[10.099s] -- Up-to-date symlink: /home/ayaan/sim_ws/install/yolo_msgs/local/lib/python3.10/dist-packages/yolo_msgs/msg/_bounding_box3_d.py
[10.099s] -- Up-to-date symlink: /home/ayaan/sim_ws/install/yolo_msgs/local/lib/python3.10/dist-packages/yolo_msgs/msg/_bounding_box3_d_s.c
[10.100s] -- Up-to-date symlink: /home/ayaan/sim_ws/install/yolo_msgs/local/lib/python3.10/dist-packages/yolo_msgs/msg/_detection.py
[10.100s] -- Up-to-date symlink: /home/ayaan/sim_ws/install/yolo_msgs/local/lib/python3.10/dist-packages/yolo_msgs/msg/_detection_array.py
[10.100s] -- Up-to-date symlink: /home/ayaan/sim_ws/install/yolo_msgs/local/lib/python3.10/dist-packages/yolo_msgs/msg/_detection_array_s.c
[10.100s] -- Up-to-date symlink: /home/ayaan/sim_ws/install/yolo_msgs/local/lib/python3.10/dist-packages/yolo_msgs/msg/_detection_s.c
[10.100s] -- Up-to-date symlink: /home/ayaan/sim_ws/install/yolo_msgs/local/lib/python3.10/dist-packages/yolo_msgs/msg/_key_point2_d.py
[10.101s] -- Up-to-date symlink: /home/ayaan/sim_ws/install/yolo_msgs/local/lib/python3.10/dist-packages/yolo_msgs/msg/_key_point2_d_array.py
[10.101s] -- Up-to-date symlink: /home/ayaan/sim_ws/install/yolo_msgs/local/lib/python3.10/dist-packages/yolo_msgs/msg/_key_point2_d_array_s.c
[10.101s] -- Up-to-date symlink: /home/ayaan/sim_ws/install/yolo_msgs/local/lib/python3.10/dist-packages/yolo_msgs/msg/_key_point2_d_s.c
[10.101s] -- Up-to-date symlink: /home/ayaan/sim_ws/install/yolo_msgs/local/lib/python3.10/dist-packages/yolo_msgs/msg/_key_point3_d.py
[10.102s] -- Up-to-date symlink: /home/ayaan/sim_ws/install/yolo_msgs/local/lib/python3.10/dist-packages/yolo_msgs/msg/_key_point3_d_array.py
[10.102s] -- Up-to-date symlink: /home/ayaan/sim_ws/install/yolo_msgs/local/lib/python3.10/dist-packages/yolo_msgs/msg/_key_point3_d_array_s.c
[10.102s] -- Up-to-date symlink: /home/ayaan/sim_ws/install/yolo_msgs/local/lib/python3.10/dist-packages/yolo_msgs/msg/_key_point3_d_s.c
[10.102s] -- Up-to-date symlink: /home/ayaan/sim_ws/install/yolo_msgs/local/lib/python3.10/dist-packages/yolo_msgs/msg/_mask.py
[10.103s] -- Up-to-date symlink: /home/ayaan/sim_ws/install/yolo_msgs/local/lib/python3.10/dist-packages/yolo_msgs/msg/_mask_s.c
[10.103s] -- Up-to-date symlink: /home/ayaan/sim_ws/install/yolo_msgs/local/lib/python3.10/dist-packages/yolo_msgs/msg/_point2_d.py
[10.103s] -- Up-to-date symlink: /home/ayaan/sim_ws/install/yolo_msgs/local/lib/python3.10/dist-packages/yolo_msgs/msg/_point2_d_s.c
[10.103s] -- Up-to-date symlink: /home/ayaan/sim_ws/install/yolo_msgs/local/lib/python3.10/dist-packages/yolo_msgs/msg/_pose2_d.py
[10.103s] -- Up-to-date symlink: /home/ayaan/sim_ws/install/yolo_msgs/local/lib/python3.10/dist-packages/yolo_msgs/msg/_pose2_d_s.c
[10.104s] -- Up-to-date symlink: /home/ayaan/sim_ws/install/yolo_msgs/local/lib/python3.10/dist-packages/yolo_msgs/msg/_vector2.py
[10.104s] -- Up-to-date symlink: /home/ayaan/sim_ws/install/yolo_msgs/local/lib/python3.10/dist-packages/yolo_msgs/msg/_vector2_s.c
[10.104s] -- Up-to-date symlink: /home/ayaan/sim_ws/install/yolo_msgs/local/lib/python3.10/dist-packages/yolo_msgs/srv/__init__.py
[10.104s] -- Up-to-date symlink: /home/ayaan/sim_ws/install/yolo_msgs/local/lib/python3.10/dist-packages/yolo_msgs/srv/_set_classes.py
[10.105s] -- Up-to-date symlink: /home/ayaan/sim_ws/install/yolo_msgs/local/lib/python3.10/dist-packages/yolo_msgs/srv/_set_classes_s.c
[10.105s] -- Up-to-date symlink: /home/ayaan/sim_ws/install/yolo_msgs/local/lib/python3.10/dist-packages/yolo_msgs/yolo_msgs_s__rosidl_typesupport_c.cpython-310-x86_64-linux-gnu.so
[10.105s] -- Up-to-date symlink: /home/ayaan/sim_ws/install/yolo_msgs/local/lib/python3.10/dist-packages/yolo_msgs/yolo_msgs_s__rosidl_typesupport_fastrtps_c.cpython-310-x86_64-linux-gnu.so
[10.105s] -- Up-to-date symlink: /home/ayaan/sim_ws/install/yolo_msgs/local/lib/python3.10/dist-packages/yolo_msgs/yolo_msgs_s__rosidl_typesupport_introspection_c.cpython-310-x86_64-linux-gnu.so
[10.106s] -- Up-to-date symlink: /home/ayaan/sim_ws/install/yolo_msgs/local/lib/python3.10/dist-packages/yolo_msgs/yolo_msgs_s__rosidl_typesupport_fastrtps_c.cpython-310-x86_64-linux-gnu.so
[10.106s] -- Up-to-date symlink: /home/ayaan/sim_ws/install/yolo_msgs/local/lib/python3.10/dist-packages/yolo_msgs/yolo_msgs_s__rosidl_typesupport_introspection_c.cpython-310-x86_64-linux-gnu.so
[10.106s] -- Up-to-date symlink: /home/ayaan/sim_ws/install/yolo_msgs/local/lib/python3.10/dist-packages/yolo_msgs/yolo_msgs_s__rosidl_typesupport_c.cpython-310-x86_64-linux-gnu.so
[10.107s] -- Up-to-date symlink: /home/ayaan/sim_ws/install/yolo_msgs/share/yolo_msgs/msg/Point2D.idl
[10.107s] -- Up-to-date symlink: /home/ayaan/sim_ws/install/yolo_msgs/share/yolo_msgs/msg/Vector2.idl
[10.107s] -- Up-to-date symlink: /home/ayaan/sim_ws/install/yolo_msgs/share/yolo_msgs/msg/Pose2D.idl
[10.107s] -- Up-to-date symlink: /home/ayaan/sim_ws/install/yolo_msgs/share/yolo_msgs/msg/BoundingBox2D.idl
[10.108s] -- Up-to-date symlink: /home/ayaan/sim_ws/install/yolo_msgs/share/yolo_msgs/msg/BoundingBox3D.idl
[10.108s] -- Up-to-date symlink: /home/ayaan/sim_ws/install/yolo_msgs/share/yolo_msgs/msg/Mask.idl
[10.108s] -- Up-to-date symlink: /home/ayaan/sim_ws/install/yolo_msgs/share/yolo_msgs/msg/KeyPoint2D.idl
[10.108s] -- Up-to-date symlink: /home/ayaan/sim_ws/install/yolo_msgs/share/yolo_msgs/msg/KeyPoint2DArray.idl
[10.109s] -- Up-to-date symlink: /home/ayaan/sim_ws/install/yolo_msgs/share/yolo_msgs/msg/KeyPoint3D.idl
[10.109s] -- Up-to-date symlink: /home/ayaan/sim_ws/install/yolo_msgs/share/yolo_msgs/msg/KeyPoint3DArray.idl
[10.109s] -- Up-to-date symlink: /home/ayaan/sim_ws/install/yolo_msgs/share/yolo_msgs/msg/Detection.idl
[10.109s] -- Up-to-date symlink: /home/ayaan/sim_ws/install/yolo_msgs/share/yolo_msgs/msg/DetectionArray.idl
[10.110s] -- Up-to-date symlink: /home/ayaan/sim_ws/install/yolo_msgs/share/yolo_msgs/srv/SetClasses.idl
[10.110s] -- Up-to-date symlink: /home/ayaan/sim_ws/install/yolo_msgs/share/yolo_msgs/msg/Point2D.msg
[10.110s] -- Up-to-date symlink: /home/ayaan/sim_ws/install/yolo_msgs/share/yolo_msgs/msg/Vector2.msg
[10.110s] -- Up-to-date symlink: /home/ayaan/sim_ws/install/yolo_msgs/share/yolo_msgs/msg/Pose2D.msg
[10.110s] -- Up-to-date symlink: /home/ayaan/sim_ws/install/yolo_msgs/share/yolo_msgs/msg/BoundingBox2D.msg
[10.111s] -- Up-to-date symlink: /home/ayaan/sim_ws/install/yolo_msgs/share/yolo_msgs/msg/BoundingBox3D.msg
[10.111s] -- Up-to-date symlink: /home/ayaan/sim_ws/install/yolo_msgs/share/yolo_msgs/msg/Mask.msg
[10.111s] -- Up-to-date symlink: /home/ayaan/sim_ws/install/yolo_msgs/share/yolo_msgs/msg/KeyPoint2D.msg
[10.111s] -- Up-to-date symlink: /home/ayaan/sim_ws/install/yolo_msgs/share/yolo_msgs/msg/KeyPoint2DArray.msg
[10.111s] -- Up-to-date symlink: /home/ayaan/sim_ws/install/yolo_msgs/share/yolo_msgs/msg/KeyPoint3D.msg
[10.112s] -- Up-to-date symlink: /home/ayaan/sim_ws/install/yolo_msgs/share/yolo_msgs/msg/KeyPoint3DArray.msg
[10.112s] -- Up-to-date symlink: /home/ayaan/sim_ws/install/yolo_msgs/share/yolo_msgs/msg/Detection.msg
[10.112s] -- Up-to-date symlink: /home/ayaan/sim_ws/install/yolo_msgs/share/yolo_msgs/msg/DetectionArray.msg
[10.112s] -- Up-to-date symlink: /home/ayaan/sim_ws/install/yolo_msgs/share/yolo_msgs/srv/SetClasses.srv
[10.113s] -- Up-to-date symlink: /home/ayaan/sim_ws/install/yolo_msgs/share/yolo_msgs/srv/SetClasses_Request.msg
[10.113s] -- Up-to-date symlink: /home/ayaan/sim_ws/install/yolo_msgs/share/yolo_msgs/srv/SetClasses_Response.msg
[10.113s] -- Up-to-date symlink: /home/ayaan/sim_ws/install/yolo_msgs/share/ament_index/resource_index/package_run_dependencies/yolo_msgs
[10.113s] -- Up-to-date symlink: /home/ayaan/sim_ws/install/yolo_msgs/share/ament_index/resource_index/parent_prefix_path/yolo_msgs
[10.114s] -- Up-to-date symlink: /home/ayaan/sim_ws/install/yolo_msgs/share/yolo_msgs/environment/ament_prefix_path.sh
[10.114s] -- Up-to-date symlink: /home/ayaan/sim_ws/install/yolo_msgs/share/yolo_msgs/environment/ament_prefix_path.dsv
[10.115s] -- Up-to-date symlink: /home/ayaan/sim_ws/install/yolo_msgs/share/yolo_msgs/environment/path.sh
[10.115s] -- Up-to-date symlink: /home/ayaan/sim_ws/install/yolo_msgs/share/yolo_msgs/environment/path.dsv
[10.153s] -- Up-to-date symlink: /home/ayaan/sim_ws/install/yolo_msgs/share/yolo_msgs/local_setup.bash
[10.177s] -- Up-to-date symlink: /home/ayaan/sim_ws/install/yolo_msgs/share/yolo_msgs/local_setup.sh
[10.202s] -- Up-to-date symlink: /home/ayaan/sim_ws/install/yolo_msgs/share/yolo_msgs/local_setup.zsh
[10.203s] -- Up-to-date symlink: /home/ayaan/sim_ws/install/yolo_msgs/share/yolo_msgs/local_setup.dsv
[10.203s] -- Symlinking: /home/ayaan/sim_ws/install/yolo_msgs/share/yolo_msgs/package.dsv
[10.272s] -- Up-to-date symlink: /home/ayaan/sim_ws/install/yolo_msgs/share/ament_index/resource_index/packages/yolo_msgs
[10.309s] -- Up-to-date symlink: /home/ayaan/sim_ws/install/yolo_msgs/share/yolo_msgs/cmake/rosidl_cmake-extras.cmake
[10.333s] -- Up-to-date symlink: /home/ayaan/sim_ws/install/yolo_msgs/share/yolo_msgs/cmake/ament_cmake_export_dependencies-extras.cmake
[10.358s] -- Up-to-date symlink: /home/ayaan/sim_ws/install/yolo_msgs/share/yolo_msgs/cmake/ament_cmake_export_include_directories-extras.cmake
[10.383s] -- Up-to-date symlink: /home/ayaan/sim_ws/install/yolo_msgs/share/yolo_msgs/cmake/ament_cmake_export_libraries-extras.cmake
[10.428s] -- Up-to-date symlink: /home/ayaan/sim_ws/install/yolo_msgs/share/yolo_msgs/cmake/ament_cmake_export_targets-extras.cmake
[10.465s] -- Up-to-date symlink: /home/ayaan/sim_ws/install/yolo_msgs/share/yolo_msgs/cmake/rosidl_cmake_export_typesupport_targets-extras.cmake
[10.503s] -- Up-to-date symlink: /home/ayaan/sim_ws/install/yolo_msgs/share/yolo_msgs/cmake/rosidl_cmake_export_typesupport_libraries-extras.cmake
[10.504s] -- Up-to-date symlink: /home/ayaan/sim_ws/install/yolo_msgs/share/yolo_msgs/cmake/yolo_msgsConfig.cmake
[10.505s] -- Up-to-date symlink: /home/ayaan/sim_ws/install/yolo_msgs/share/yolo_msgs/cmake/yolo_msgsConfig-version.cmake
[10.506s] -- Up-to-date symlink: /home/ayaan/sim_ws/install/yolo_msgs/share/yolo_msgs/package.xml
[10.525s] -- Up-to-date: /home/ayaan/sim_ws/install/yolo_msgs/lib/libyolo_msgs__rosidl_generator_c.so
[10.526s] -- Up-to-date: /home/ayaan/sim_ws/install/yolo_msgs/lib/libyolo_msgs__rosidl_typesupport_fastrtps_c.so
[10.528s] -- Up-to-date: /home/ayaan/sim_ws/install/yolo_msgs/lib/libyolo_msgs__rosidl_typesupport_introspection_c.so
[10.529s] -- Up-to-date: /home/ayaan/sim_ws/install/yolo_msgs/lib/libyolo_msgs__rosidl_typesupport_c.so
[10.537s] -- Up-to-date: /home/ayaan/sim_ws/install/yolo_msgs/lib/libyolo_msgs__rosidl_typesupport_fastrtps_cpp.so
[10.825s] -- Up-to-date: /home/ayaan/sim_ws/install/yolo_msgs/lib/libyolo_msgs__rosidl_typesupport_introspection_cpp.so
[10.997s] -- Up-to-date: /home/ayaan/sim_ws/install/yolo_msgs/lib/libyolo_msgs__rosidl_typesupport_cpp.so
[11.393s] Listing '/home/ayaan/sim_ws/install/yolo_msgs/local/lib/python3.10/dist-packages/yolo_msgs'...
[11.393s] Compiling '/home/ayaan/sim_ws/install/yolo_msgs/local/lib/python3.10/dist-packages/yolo_msgs/__init__.py'...
[11.393s] Listing '/home/ayaan/sim_ws/install/yolo_msgs/local/lib/python3.10/dist-packages/yolo_msgs/msg'...
[11.393s] Listing '/home/ayaan/sim_ws/install/yolo_msgs/local/lib/python3.10/dist-packages/yolo_msgs/srv'...
[11.432s] -- Up-to-date: /home/ayaan/sim_ws/install/yolo_msgs/lib/libyolo_msgs__rosidl_generator_py.so
[11.432s] -- Up-to-date: /home/ayaan/sim_ws/install/yolo_msgs/share/yolo_msgs/cmake/export_yolo_msgs__rosidl_generator_cExport.cmake
[11.433s] -- Up-to-date: /home/ayaan/sim_ws/install/yolo_msgs/share/yolo_msgs/cmake/export_yolo_msgs__rosidl_generator_cExport-noconfig.cmake
[11.434s] -- Up-to-date: /home/ayaan/sim_ws/install/yolo_msgs/share/yolo_msgs/cmake/export_yolo_msgs__rosidl_typesupport_fastrtps_cExport.cmake
[11.434s] -- Up-to-date: /home/ayaan/sim_ws/install/yolo_msgs/share/yolo_msgs/cmake/export_yolo_msgs__rosidl_typesupport_fastrtps_cExport-noconfig.cmake
[11.434s] -- Up-to-date: /home/ayaan/sim_ws/install/yolo_msgs/share/yolo_msgs/cmake/yolo_msgs__rosidl_typesupport_introspection_cExport.cmake
[11.434s] -- Up-to-date: /home/ayaan/sim_ws/install/yolo_msgs/share/yolo_msgs/cmake/yolo_msgs__rosidl_typesupport_introspection_cExport-noconfig.cmake
[11.434s] -- Up-to-date: /home/ayaan/sim_ws/install/yolo_msgs/share/yolo_msgs/cmake/yolo_msgs__rosidl_typesupport_cExport.cmake
[11.434s] -- Up-to-date: /home/ayaan/sim_ws/install/yolo_msgs/share/yolo_msgs/cmake/yolo_msgs__rosidl_typesupport_cExport-noconfig.cmake
[11.435s] -- Up-to-date: /home/ayaan/sim_ws/install/yolo_msgs/share/yolo_msgs/cmake/export_yolo_msgs__rosidl_generator_cppExport.cmake
[11.435s] -- Up-to-date: /home/ayaan/sim_ws/install/yolo_msgs/share/yolo_msgs/cmake/export_yolo_msgs__rosidl_typesupport_fastrtps_cppExport.cmake
[11.435s] -- Up-to-date: /home/ayaan/sim_ws/install/yolo_msgs/share/yolo_msgs/cmake/export_yolo_msgs__rosidl_typesupport_fastrtps_cppExport-noconfig.cmake
[11.435s] -- Up-to-date: /home/ayaan/sim_ws/install/yolo_msgs/share/yolo_msgs/cmake/yolo_msgs__rosidl_typesupport_introspection_cppExport.cmake
[11.435s] -- Up-to-date: /home/ayaan/sim_ws/install/yolo_msgs/share/yolo_msgs/cmake/yolo_msgs__rosidl_typesupport_introspection_cppExport-noconfig.cmake
[11.436s] -- Up-to-date: /home/ayaan/sim_ws/install/yolo_msgs/share/yolo_msgs/cmake/yolo_msgs__rosidl_typesupport_cppExport.cmake
[11.436s] -- Up-to-date: /home/ayaan/sim_ws/install/yolo_msgs/share/yolo_msgs/cmake/yolo_msgs__rosidl_typesupport_cppExport-noconfig.cmake
[11.436s] -- Up-to-date: /home/ayaan/sim_ws/install/yolo_msgs/share/yolo_msgs/cmake/export_yolo_msgs__rosidl_generator_pyExport.cmake
[11.436s] -- Up-to-date: /home/ayaan/sim_ws/install/yolo_msgs/share/yolo_msgs/cmake/export_yolo_msgs__rosidl_generator_pyExport-noconfig.cmake
[11.438s] Invoked command in '/home/ayaan/sim_ws/build/yolo_msgs' returned '0': CMAKE_PREFIX_PATH=${CMAKE_PREFIX_PATH}:/home/ayaan/sim_ws/install/yolo_ros:/home/ayaan/sim_ws/install/sim_lobby_classic:/home/ayaan/sim_ws/install/pot_follower:/home/ayaan/turtlebot3_ws/install/turtlebot3_teleop:/home/ayaan/turtlebot3_ws/install/turtlebot3_example:/opt/ros/humble /usr/bin/cmake --install /home/ayaan/sim_ws/build/yolo_msgs
