[0.014s] Invoking command in '/home/ayaan/sim_ws/build/yolo_msgs': CMAKE_PREFIX_PATH=${CMAKE_PREFIX_PATH}:/home/ayaan/sim_ws/install/yolo_ros:/home/ayaan/sim_ws/install/sim_lobby_classic:/home/ayaan/turtlebot3_ws/install/turtlebot3_teleop:/home/ayaan/turtlebot3_ws/install/turtlebot3_example:/opt/ros/humble /usr/bin/cmake /home/ayaan/sim_ws/src/yolo_ros/yolo_msgs -DAMENT_CMAKE_SYMLINK_INSTALL=1 -DCMAKE_INSTALL_PREFIX=/home/ayaan/sim_ws/install/yolo_msgs
[0.085s] -- The C compiler identification is GNU 11.4.0
[0.136s] -- The CXX compiler identification is GNU 11.4.0
[0.142s] -- Detecting C compiler ABI info
[0.202s] -- Detecting C compiler ABI info - done
[0.209s] -- Check for working C compiler: /usr/bin/cc - skipped
[0.209s] -- Detecting C compile features
[0.209s] -- Detecting C compile features - done
[0.212s] -- Detecting CXX compiler ABI info
[0.282s] -- Detecting CXX compiler ABI info - done
[0.290s] -- Check for working CXX compiler: /usr/bin/c++ - skipped
[0.290s] -- Detecting CXX compile features
[0.291s] -- Detecting CXX compile features - done
[0.315s] -- Found ament_cmake: 1.3.11 (/opt/ros/humble/share/ament_cmake/cmake)
[0.545s] -- Found Python3: /usr/bin/python3 (found version "3.10.12") found components: Interpreter 
[0.609s] -- Override CMake install command with custom implementation using symlinks instead of copying resources
[0.684s] -- Found rosidl_default_generators: 1.2.0 (/opt/ros/humble/share/rosidl_default_generators/cmake)
[0.710s] -- Using all available rosidl_typesupport_c: rosidl_typesupport_fastrtps_c;rosidl_typesupport_introspection_c
[0.763s] -- Found rosidl_adapter: 3.1.6 (/opt/ros/humble/share/rosidl_adapter/cmake)
[0.967s] -- Using all available rosidl_typesupport_cpp: rosidl_typesupport_fastrtps_cpp;rosidl_typesupport_introspection_cpp
[1.119s] -- Found std_msgs: 4.8.0 (/opt/ros/humble/share/std_msgs/cmake)
[1.235s] -- Found geometry_msgs: 4.8.0 (/opt/ros/humble/share/geometry_msgs/cmake)
[1.687s] -- Found ament_cmake_ros: 0.10.0 (/opt/ros/humble/share/ament_cmake_ros/cmake)
[2.013s] -- Using all available rosidl_typesupport_c: rosidl_typesupport_fastrtps_c;rosidl_typesupport_introspection_c
[2.336s] -- Using all available rosidl_typesupport_cpp: rosidl_typesupport_fastrtps_cpp;rosidl_typesupport_introspection_cpp
[2.358s] -- Found PythonInterp: /usr/bin/python3 (found suitable version "3.10.12", minimum required is "3.6") 
[2.361s] -- Found python_cmake_module: 0.10.0 (/opt/ros/humble/share/python_cmake_module/cmake)
[2.423s] -- Found PythonLibs: /usr/lib/x86_64-linux-gnu/libpython3.10.so (found suitable version "3.10.12", minimum required is "3.5") 
[2.423s] -- Using PYTHON_EXECUTABLE: /usr/bin/python3
[2.423s] -- Using PYTHON_INCLUDE_DIRS: /usr/include/python3.10
[2.423s] -- Using PYTHON_LIBRARIES: /usr/lib/x86_64-linux-gnu/libpython3.10.so
[2.452s] -- Found PythonExtra: .so  
[2.661s] -- Configuring done
[2.728s] -- Generating done
[2.741s] -- Build files have been written to: /home/ayaan/sim_ws/build/yolo_msgs
[2.747s] Invoked command in '/home/ayaan/sim_ws/build/yolo_msgs' returned '0': CMAKE_PREFIX_PATH=${CMAKE_PREFIX_PATH}:/home/ayaan/sim_ws/install/yolo_ros:/home/ayaan/sim_ws/install/sim_lobby_classic:/home/ayaan/turtlebot3_ws/install/turtlebot3_teleop:/home/ayaan/turtlebot3_ws/install/turtlebot3_example:/opt/ros/humble /usr/bin/cmake /home/ayaan/sim_ws/src/yolo_ros/yolo_msgs -DAMENT_CMAKE_SYMLINK_INSTALL=1 -DCMAKE_INSTALL_PREFIX=/home/ayaan/sim_ws/install/yolo_msgs
[2.748s] Invoking command in '/home/ayaan/sim_ws/build/yolo_msgs': CMAKE_PREFIX_PATH=${CMAKE_PREFIX_PATH}:/home/ayaan/sim_ws/install/yolo_ros:/home/ayaan/sim_ws/install/sim_lobby_classic:/home/ayaan/turtlebot3_ws/install/turtlebot3_teleop:/home/ayaan/turtlebot3_ws/install/turtlebot3_example:/opt/ros/humble /usr/bin/cmake --build /home/ayaan/sim_ws/build/yolo_msgs -- -j8 -l8
[2.785s] [  1%] [34m[1mGenerating C code for ROS interfaces[0m
[2.794s] [  1%] [34m[1mGenerating C++ code for ROS interfaces[0m
[2.800s] [  1%] Built target ament_cmake_python_symlink_yolo_msgs
[3.041s] running egg_info
[3.041s] creating yolo_msgs.egg-info
[3.041s] writing yolo_msgs.egg-info/PKG-INFO
[3.041s] writing dependency_links to yolo_msgs.egg-info/dependency_links.txt
[3.042s] writing top-level names to yolo_msgs.egg-info/top_level.txt
[3.042s] writing manifest file 'yolo_msgs.egg-info/SOURCES.txt'
[3.044s] reading manifest file 'yolo_msgs.egg-info/SOURCES.txt'
[3.044s] writing manifest file 'yolo_msgs.egg-info/SOURCES.txt'
[3.070s] [  1%] Built target ament_cmake_python_build_yolo_msgs_egg
[3.923s] [  1%] Built target yolo_msgs__cpp
[3.937s] [  2%] [34m[1mGenerating C++ type support dispatch for ROS interfaces[0m
[3.945s] [  3%] [34m[1mGenerating C++ type support for eProsima Fast-RTPS[0m
[3.946s] [  3%] [34m[1mGenerating C++ introspection for ROS interfaces[0m
[4.031s] [  4%] [32mBuilding C object CMakeFiles/yolo_msgs__rosidl_generator_c.dir/rosidl_generator_c/yolo_msgs/msg/detail/vector2__functions.c.o[0m
[4.031s] [  5%] [32mBuilding C object CMakeFiles/yolo_msgs__rosidl_generator_c.dir/rosidl_generator_c/yolo_msgs/msg/detail/pose2_d__functions.c.o[0m
[4.031s] [  7%] [32mBuilding C object CMakeFiles/yolo_msgs__rosidl_generator_c.dir/rosidl_generator_c/yolo_msgs/msg/detail/bounding_box3_d__functions.c.o[0m
[4.031s] [  7%] [32mBuilding C object CMakeFiles/yolo_msgs__rosidl_generator_c.dir/rosidl_generator_c/yolo_msgs/msg/detail/bounding_box2_d__functions.c.o[0m
[4.032s] [  5%] [32mBuilding C object CMakeFiles/yolo_msgs__rosidl_generator_c.dir/rosidl_generator_c/yolo_msgs/msg/detail/point2_d__functions.c.o[0m
[4.108s] [  8%] [32mBuilding C object CMakeFiles/yolo_msgs__rosidl_generator_c.dir/rosidl_generator_c/yolo_msgs/msg/detail/mask__functions.c.o[0m
[4.109s] [  8%] [32mBuilding C object CMakeFiles/yolo_msgs__rosidl_generator_c.dir/rosidl_generator_c/yolo_msgs/msg/detail/key_point2_d__functions.c.o[0m
[4.109s] [  9%] [32mBuilding C object CMakeFiles/yolo_msgs__rosidl_generator_c.dir/rosidl_generator_c/yolo_msgs/msg/detail/key_point3_d__functions.c.o[0m
[4.110s] [ 10%] [32mBuilding C object CMakeFiles/yolo_msgs__rosidl_generator_c.dir/rosidl_generator_c/yolo_msgs/msg/detail/key_point2_d_array__functions.c.o[0m
[4.120s] [ 11%] [32mBuilding C object CMakeFiles/yolo_msgs__rosidl_generator_c.dir/rosidl_generator_c/yolo_msgs/msg/detail/key_point3_d_array__functions.c.o[0m
[4.174s] [ 11%] [32mBuilding C object CMakeFiles/yolo_msgs__rosidl_generator_c.dir/rosidl_generator_c/yolo_msgs/msg/detail/detection_array__functions.c.o[0m
[4.175s] [ 13%] [32mBuilding C object CMakeFiles/yolo_msgs__rosidl_generator_c.dir/rosidl_generator_c/yolo_msgs/srv/detail/set_classes__functions.c.o[0m
[4.176s] [ 13%] [32mBuilding C object CMakeFiles/yolo_msgs__rosidl_generator_c.dir/rosidl_generator_c/yolo_msgs/msg/detail/detection__functions.c.o[0m
[4.240s] [ 14%] [32m[1mLinking C shared library libyolo_msgs__rosidl_generator_c.so[0m
[4.274s] [ 14%] Built target yolo_msgs__rosidl_generator_c
[4.285s] [ 15%] [34m[1mGenerating C type support for eProsima Fast-RTPS[0m
[4.287s] [ 16%] [34m[1mGenerating C introspection for ROS interfaces[0m
[4.287s] [ 17%] [34m[1mGenerating C type support dispatch for ROS interfaces[0m
[5.017s] [ 18%] [32mBuilding CXX object CMakeFiles/yolo_msgs__rosidl_typesupport_introspection_cpp.dir/rosidl_typesupport_introspection_cpp/yolo_msgs/msg/detail/pose2_d__type_support.cpp.o[0m
[5.017s] [ 19%] [32mBuilding CXX object CMakeFiles/yolo_msgs__rosidl_typesupport_introspection_cpp.dir/rosidl_typesupport_introspection_cpp/yolo_msgs/msg/detail/point2_d__type_support.cpp.o[0m
[5.018s] [ 20%] [32mBuilding CXX object CMakeFiles/yolo_msgs__rosidl_typesupport_introspection_cpp.dir/rosidl_typesupport_introspection_cpp/yolo_msgs/msg/detail/vector2__type_support.cpp.o[0m
[5.336s] [ 21%] [32mBuilding CXX object CMakeFiles/yolo_msgs__rosidl_typesupport_cpp.dir/rosidl_typesupport_cpp/yolo_msgs/msg/point2_d__type_support.cpp.o[0m
[5.614s] [ 22%] [32mBuilding C object CMakeFiles/yolo_msgs__rosidl_typesupport_introspection_c.dir/rosidl_typesupport_introspection_c/yolo_msgs/msg/detail/point2_d__type_support.c.o[0m
[5.669s] [ 23%] [32mBuilding C object CMakeFiles/yolo_msgs__rosidl_typesupport_introspection_c.dir/rosidl_typesupport_introspection_c/yolo_msgs/msg/detail/vector2__type_support.c.o[0m
[5.711s] [ 24%] [32mBuilding C object CMakeFiles/yolo_msgs__rosidl_typesupport_introspection_c.dir/rosidl_typesupport_introspection_c/yolo_msgs/msg/detail/bounding_box2_d__type_support.c.o[0m
[5.712s] [ 24%] [32mBuilding C object CMakeFiles/yolo_msgs__rosidl_typesupport_introspection_c.dir/rosidl_typesupport_introspection_c/yolo_msgs/msg/detail/pose2_d__type_support.c.o[0m
[5.718s] [ 25%] [32mBuilding CXX object CMakeFiles/yolo_msgs__rosidl_typesupport_introspection_cpp.dir/rosidl_typesupport_introspection_cpp/yolo_msgs/msg/detail/bounding_box2_d__type_support.cpp.o[0m
[5.728s] [ 25%] [32mBuilding CXX object CMakeFiles/yolo_msgs__rosidl_typesupport_c.dir/rosidl_typesupport_c/yolo_msgs/msg/point2_d__type_support.cpp.o[0m
[5.733s] [ 26%] [32mBuilding CXX object CMakeFiles/yolo_msgs__rosidl_typesupport_c.dir/rosidl_typesupport_c/yolo_msgs/msg/vector2__type_support.cpp.o[0m
[5.758s] [ 27%] [32mBuilding CXX object CMakeFiles/yolo_msgs__rosidl_typesupport_c.dir/rosidl_typesupport_c/yolo_msgs/msg/pose2_d__type_support.cpp.o[0m
[5.763s] [ 28%] [32mBuilding C object CMakeFiles/yolo_msgs__rosidl_typesupport_introspection_c.dir/rosidl_typesupport_introspection_c/yolo_msgs/msg/detail/bounding_box3_d__type_support.c.o[0m
[5.770s] [ 28%] [32mBuilding CXX object CMakeFiles/yolo_msgs__rosidl_typesupport_introspection_cpp.dir/rosidl_typesupport_introspection_cpp/yolo_msgs/msg/detail/bounding_box3_d__type_support.cpp.o[0m
[5.777s] [ 29%] [32mBuilding CXX object CMakeFiles/yolo_msgs__rosidl_typesupport_cpp.dir/rosidl_typesupport_cpp/yolo_msgs/msg/vector2__type_support.cpp.o[0m
[5.785s] [ 29%] [32mBuilding CXX object CMakeFiles/yolo_msgs__rosidl_typesupport_cpp.dir/rosidl_typesupport_cpp/yolo_msgs/msg/pose2_d__type_support.cpp.o[0m
[5.799s] [ 30%] [32mBuilding CXX object CMakeFiles/yolo_msgs__rosidl_typesupport_c.dir/rosidl_typesupport_c/yolo_msgs/msg/bounding_box2_d__type_support.cpp.o[0m
[5.842s] [ 31%] [32mBuilding CXX object CMakeFiles/yolo_msgs__rosidl_typesupport_c.dir/rosidl_typesupport_c/yolo_msgs/msg/bounding_box3_d__type_support.cpp.o[0m
[5.892s] [ 31%] [32mBuilding CXX object CMakeFiles/yolo_msgs__rosidl_typesupport_c.dir/rosidl_typesupport_c/yolo_msgs/msg/mask__type_support.cpp.o[0m
[5.892s] [ 32%] [32mBuilding C object CMakeFiles/yolo_msgs__rosidl_typesupport_introspection_c.dir/rosidl_typesupport_introspection_c/yolo_msgs/msg/detail/mask__type_support.c.o[0m
[5.900s] [ 33%] [32mBuilding CXX object CMakeFiles/yolo_msgs__rosidl_typesupport_fastrtps_cpp.dir/rosidl_typesupport_fastrtps_cpp/yolo_msgs/msg/detail/dds_fastrtps/point2_d__type_support.cpp.o[0m
[5.931s] [ 34%] [32mBuilding CXX object CMakeFiles/yolo_msgs__rosidl_typesupport_c.dir/rosidl_typesupport_c/yolo_msgs/msg/key_point2_d__type_support.cpp.o[0m
[5.944s] [ 35%] [32mBuilding C object CMakeFiles/yolo_msgs__rosidl_typesupport_introspection_c.dir/rosidl_typesupport_introspection_c/yolo_msgs/msg/detail/key_point2_d__type_support.c.o[0m
[5.974s] [ 36%] [32mBuilding CXX object CMakeFiles/yolo_msgs__rosidl_typesupport_c.dir/rosidl_typesupport_c/yolo_msgs/msg/key_point2_d_array__type_support.cpp.o[0m
[6.000s] [ 36%] [32mBuilding C object CMakeFiles/yolo_msgs__rosidl_typesupport_introspection_c.dir/rosidl_typesupport_introspection_c/yolo_msgs/msg/detail/key_point2_d_array__type_support.c.o[0m
[6.022s] [ 37%] [32mBuilding CXX object CMakeFiles/yolo_msgs__rosidl_typesupport_c.dir/rosidl_typesupport_c/yolo_msgs/msg/key_point3_d__type_support.cpp.o[0m
[6.059s] [ 38%] [32mBuilding C object CMakeFiles/yolo_msgs__rosidl_typesupport_introspection_c.dir/rosidl_typesupport_introspection_c/yolo_msgs/msg/detail/key_point3_d__type_support.c.o[0m
[6.066s] [ 39%] [32mBuilding CXX object CMakeFiles/yolo_msgs__rosidl_typesupport_c.dir/rosidl_typesupport_c/yolo_msgs/msg/key_point3_d_array__type_support.cpp.o[0m
[6.112s] [ 39%] [32mBuilding CXX object CMakeFiles/yolo_msgs__rosidl_typesupport_c.dir/rosidl_typesupport_c/yolo_msgs/msg/detection__type_support.cpp.o[0m
[6.134s] [ 40%] [32mBuilding C object CMakeFiles/yolo_msgs__rosidl_typesupport_introspection_c.dir/rosidl_typesupport_introspection_c/yolo_msgs/msg/detail/key_point3_d_array__type_support.c.o[0m
[6.163s] [ 41%] [32mBuilding CXX object CMakeFiles/yolo_msgs__rosidl_typesupport_c.dir/rosidl_typesupport_c/yolo_msgs/msg/detection_array__type_support.cpp.o[0m
[6.191s] [ 42%] [32mBuilding C object CMakeFiles/yolo_msgs__rosidl_typesupport_introspection_c.dir/rosidl_typesupport_introspection_c/yolo_msgs/msg/detail/detection__type_support.c.o[0m
[6.192s] [ 43%] [32mBuilding CXX object CMakeFiles/yolo_msgs__rosidl_typesupport_c.dir/rosidl_typesupport_c/yolo_msgs/srv/set_classes__type_support.cpp.o[0m
[6.198s] [ 44%] [32mBuilding CXX object CMakeFiles/yolo_msgs__rosidl_typesupport_cpp.dir/rosidl_typesupport_cpp/yolo_msgs/msg/bounding_box2_d__type_support.cpp.o[0m
[6.214s] [ 45%] [32mBuilding CXX object CMakeFiles/yolo_msgs__rosidl_typesupport_cpp.dir/rosidl_typesupport_cpp/yolo_msgs/msg/bounding_box3_d__type_support.cpp.o[0m
[6.240s] [ 46%] [32m[1mLinking CXX shared library libyolo_msgs__rosidl_typesupport_c.so[0m
[6.248s] [ 47%] [32mBuilding C object CMakeFiles/yolo_msgs__rosidl_typesupport_introspection_c.dir/rosidl_typesupport_introspection_c/yolo_msgs/msg/detail/detection_array__type_support.c.o[0m
[6.304s] [ 48%] [32mBuilding CXX object CMakeFiles/yolo_msgs__rosidl_typesupport_fastrtps_cpp.dir/rosidl_typesupport_fastrtps_cpp/yolo_msgs/msg/detail/dds_fastrtps/vector2__type_support.cpp.o[0m
[6.306s] [ 48%] Built target yolo_msgs__rosidl_typesupport_c
[6.314s] [ 49%] [32mBuilding CXX object CMakeFiles/yolo_msgs__rosidl_typesupport_fastrtps_c.dir/rosidl_typesupport_fastrtps_c/yolo_msgs/msg/detail/point2_d__type_support_c.cpp.o[0m
[6.318s] [ 50%] [32mBuilding CXX object CMakeFiles/yolo_msgs__rosidl_typesupport_cpp.dir/rosidl_typesupport_cpp/yolo_msgs/msg/mask__type_support.cpp.o[0m
[6.332s] [ 50%] [32mBuilding C object CMakeFiles/yolo_msgs__rosidl_typesupport_introspection_c.dir/rosidl_typesupport_introspection_c/yolo_msgs/srv/detail/set_classes__type_support.c.o[0m
[6.361s] [ 51%] [32mBuilding CXX object CMakeFiles/yolo_msgs__rosidl_typesupport_introspection_cpp.dir/rosidl_typesupport_introspection_cpp/yolo_msgs/msg/detail/mask__type_support.cpp.o[0m
[6.389s] [ 52%] [32m[1mLinking C shared library libyolo_msgs__rosidl_typesupport_introspection_c.so[0m
[6.437s] [ 52%] Built target yolo_msgs__rosidl_typesupport_introspection_c
[6.452s] [ 53%] [32mBuilding CXX object CMakeFiles/yolo_msgs__rosidl_typesupport_cpp.dir/rosidl_typesupport_cpp/yolo_msgs/msg/key_point2_d__type_support.cpp.o[0m
[6.520s] [ 53%] [32mBuilding CXX object CMakeFiles/yolo_msgs__rosidl_typesupport_fastrtps_c.dir/rosidl_typesupport_fastrtps_c/yolo_msgs/msg/detail/vector2__type_support_c.cpp.o[0m
[6.611s] [ 54%] [32mBuilding CXX object CMakeFiles/yolo_msgs__rosidl_typesupport_introspection_cpp.dir/rosidl_typesupport_introspection_cpp/yolo_msgs/msg/detail/key_point2_d__type_support.cpp.o[0m
[6.614s] [ 55%] [32mBuilding CXX object CMakeFiles/yolo_msgs__rosidl_typesupport_fastrtps_c.dir/rosidl_typesupport_fastrtps_c/yolo_msgs/msg/detail/pose2_d__type_support_c.cpp.o[0m
[6.738s] [ 56%] [32mBuilding CXX object CMakeFiles/yolo_msgs__rosidl_typesupport_introspection_cpp.dir/rosidl_typesupport_introspection_cpp/yolo_msgs/msg/detail/key_point2_d_array__type_support.cpp.o[0m
[6.832s] [ 56%] [32mBuilding CXX object CMakeFiles/yolo_msgs__rosidl_typesupport_cpp.dir/rosidl_typesupport_cpp/yolo_msgs/msg/key_point2_d_array__type_support.cpp.o[0m
[6.859s] [ 57%] [32mBuilding CXX object CMakeFiles/yolo_msgs__rosidl_typesupport_fastrtps_cpp.dir/rosidl_typesupport_fastrtps_cpp/yolo_msgs/msg/detail/dds_fastrtps/pose2_d__type_support.cpp.o[0m
[6.937s] [ 58%] [32mBuilding CXX object CMakeFiles/yolo_msgs__rosidl_typesupport_cpp.dir/rosidl_typesupport_cpp/yolo_msgs/msg/key_point3_d__type_support.cpp.o[0m
[7.016s] [ 58%] [32mBuilding CXX object CMakeFiles/yolo_msgs__rosidl_typesupport_fastrtps_cpp.dir/rosidl_typesupport_fastrtps_cpp/yolo_msgs/msg/detail/dds_fastrtps/bounding_box2_d__type_support.cpp.o[0m
[7.037s] [ 59%] [32mBuilding CXX object CMakeFiles/yolo_msgs__rosidl_typesupport_introspection_cpp.dir/rosidl_typesupport_introspection_cpp/yolo_msgs/msg/detail/key_point3_d__type_support.cpp.o[0m
[7.160s] [ 60%] [32mBuilding CXX object CMakeFiles/yolo_msgs__rosidl_typesupport_fastrtps_c.dir/rosidl_typesupport_fastrtps_c/yolo_msgs/msg/detail/bounding_box2_d__type_support_c.cpp.o[0m
[7.208s] [ 61%] [32mBuilding CXX object CMakeFiles/yolo_msgs__rosidl_typesupport_cpp.dir/rosidl_typesupport_cpp/yolo_msgs/msg/key_point3_d_array__type_support.cpp.o[0m
[7.247s] [ 62%] [32mBuilding CXX object CMakeFiles/yolo_msgs__rosidl_typesupport_fastrtps_cpp.dir/rosidl_typesupport_fastrtps_cpp/yolo_msgs/msg/detail/dds_fastrtps/bounding_box3_d__type_support.cpp.o[0m
[7.351s] [ 62%] [32mBuilding CXX object CMakeFiles/yolo_msgs__rosidl_typesupport_introspection_cpp.dir/rosidl_typesupport_introspection_cpp/yolo_msgs/msg/detail/key_point3_d_array__type_support.cpp.o[0m
[7.401s] [ 63%] [32mBuilding CXX object CMakeFiles/yolo_msgs__rosidl_typesupport_cpp.dir/rosidl_typesupport_cpp/yolo_msgs/msg/detection__type_support.cpp.o[0m
[7.479s] [ 64%] [32mBuilding CXX object CMakeFiles/yolo_msgs__rosidl_typesupport_introspection_cpp.dir/rosidl_typesupport_introspection_cpp/yolo_msgs/msg/detail/detection__type_support.cpp.o[0m
[7.631s] [ 65%] [32mBuilding CXX object CMakeFiles/yolo_msgs__rosidl_typesupport_fastrtps_c.dir/rosidl_typesupport_fastrtps_c/yolo_msgs/msg/detail/bounding_box3_d__type_support_c.cpp.o[0m
[7.639s] [ 66%] [32mBuilding CXX object CMakeFiles/yolo_msgs__rosidl_typesupport_fastrtps_cpp.dir/rosidl_typesupport_fastrtps_cpp/yolo_msgs/msg/detail/dds_fastrtps/mask__type_support.cpp.o[0m
[7.639s] [ 67%] [32mBuilding CXX object CMakeFiles/yolo_msgs__rosidl_typesupport_fastrtps_c.dir/rosidl_typesupport_fastrtps_c/yolo_msgs/msg/detail/mask__type_support_c.cpp.o[0m
[7.699s] [ 68%] [32mBuilding CXX object CMakeFiles/yolo_msgs__rosidl_typesupport_fastrtps_cpp.dir/rosidl_typesupport_fastrtps_cpp/yolo_msgs/msg/detail/dds_fastrtps/key_point2_d__type_support.cpp.o[0m
[7.826s] [ 69%] [32mBuilding CXX object CMakeFiles/yolo_msgs__rosidl_typesupport_cpp.dir/rosidl_typesupport_cpp/yolo_msgs/msg/detection_array__type_support.cpp.o[0m
[7.872s] [ 69%] [32mBuilding CXX object CMakeFiles/yolo_msgs__rosidl_typesupport_cpp.dir/rosidl_typesupport_cpp/yolo_msgs/srv/set_classes__type_support.cpp.o[0m
[8.030s] [ 70%] [32mBuilding CXX object CMakeFiles/yolo_msgs__rosidl_typesupport_fastrtps_cpp.dir/rosidl_typesupport_fastrtps_cpp/yolo_msgs/msg/detail/dds_fastrtps/key_point2_d_array__type_support.cpp.o[0m
[8.170s] [ 71%] [32mBuilding CXX object CMakeFiles/yolo_msgs__rosidl_typesupport_introspection_cpp.dir/rosidl_typesupport_introspection_cpp/yolo_msgs/msg/detail/detection_array__type_support.cpp.o[0m
[8.174s] [ 71%] [32mBuilding CXX object CMakeFiles/yolo_msgs__rosidl_typesupport_fastrtps_c.dir/rosidl_typesupport_fastrtps_c/yolo_msgs/msg/detail/key_point2_d__type_support_c.cpp.o[0m
[8.182s] [ 72%] [32mBuilding CXX object CMakeFiles/yolo_msgs__rosidl_typesupport_introspection_cpp.dir/rosidl_typesupport_introspection_cpp/yolo_msgs/srv/detail/set_classes__type_support.cpp.o[0m
[8.268s] [ 73%] [32mBuilding CXX object CMakeFiles/yolo_msgs__rosidl_typesupport_fastrtps_c.dir/rosidl_typesupport_fastrtps_c/yolo_msgs/msg/detail/key_point2_d_array__type_support_c.cpp.o[0m
[8.302s] [ 74%] [32m[1mLinking CXX shared library libyolo_msgs__rosidl_typesupport_cpp.so[0m
[8.334s] [ 75%] [32mBuilding CXX object CMakeFiles/yolo_msgs__rosidl_typesupport_fastrtps_c.dir/rosidl_typesupport_fastrtps_c/yolo_msgs/msg/detail/key_point3_d__type_support_c.cpp.o[0m
[8.345s] [ 76%] [32mBuilding CXX object CMakeFiles/yolo_msgs__rosidl_typesupport_fastrtps_c.dir/rosidl_typesupport_fastrtps_c/yolo_msgs/msg/detail/key_point3_d_array__type_support_c.cpp.o[0m
[8.366s] [ 76%] Built target yolo_msgs__rosidl_typesupport_cpp
[8.378s] [ 76%] [32mBuilding CXX object CMakeFiles/yolo_msgs__rosidl_typesupport_fastrtps_cpp.dir/rosidl_typesupport_fastrtps_cpp/yolo_msgs/msg/detail/dds_fastrtps/key_point3_d__type_support.cpp.o[0m
[8.713s] [ 77%] [32mBuilding CXX object CMakeFiles/yolo_msgs__rosidl_typesupport_fastrtps_cpp.dir/rosidl_typesupport_fastrtps_cpp/yolo_msgs/msg/detail/dds_fastrtps/key_point3_d_array__type_support.cpp.o[0m
[8.767s] [ 78%] [32mBuilding CXX object CMakeFiles/yolo_msgs__rosidl_typesupport_fastrtps_c.dir/rosidl_typesupport_fastrtps_c/yolo_msgs/msg/detail/detection__type_support_c.cpp.o[0m
[8.806s] [ 79%] [32mBuilding CXX object CMakeFiles/yolo_msgs__rosidl_typesupport_fastrtps_cpp.dir/rosidl_typesupport_fastrtps_cpp/yolo_msgs/msg/detail/dds_fastrtps/detection__type_support.cpp.o[0m
[8.850s] [ 80%] [32mBuilding CXX object CMakeFiles/yolo_msgs__rosidl_typesupport_fastrtps_cpp.dir/rosidl_typesupport_fastrtps_cpp/yolo_msgs/msg/detail/dds_fastrtps/detection_array__type_support.cpp.o[0m
[8.865s] [ 81%] [32mBuilding CXX object CMakeFiles/yolo_msgs__rosidl_typesupport_fastrtps_cpp.dir/rosidl_typesupport_fastrtps_cpp/yolo_msgs/srv/detail/dds_fastrtps/set_classes__type_support.cpp.o[0m
[8.895s] [ 81%] [32mBuilding CXX object CMakeFiles/yolo_msgs__rosidl_typesupport_fastrtps_c.dir/rosidl_typesupport_fastrtps_c/yolo_msgs/msg/detail/detection_array__type_support_c.cpp.o[0m
[9.008s] [ 82%] [32mBuilding CXX object CMakeFiles/yolo_msgs__rosidl_typesupport_fastrtps_c.dir/rosidl_typesupport_fastrtps_c/yolo_msgs/srv/detail/set_classes__type_support_c.cpp.o[0m
[9.109s] [ 83%] [32m[1mLinking CXX shared library libyolo_msgs__rosidl_typesupport_introspection_cpp.so[0m
[9.275s] [ 83%] Built target yolo_msgs__rosidl_typesupport_introspection_cpp
[9.526s] [ 84%] [32m[1mLinking CXX shared library libyolo_msgs__rosidl_typesupport_fastrtps_c.so[0m
[9.541s] [ 84%] [32m[1mLinking CXX shared library libyolo_msgs__rosidl_typesupport_fastrtps_cpp.so[0m
[9.620s] [ 84%] Built target yolo_msgs__rosidl_typesupport_fastrtps_c
[9.648s] [ 84%] Built target yolo_msgs__rosidl_typesupport_fastrtps_cpp
[9.668s] [ 84%] Built target yolo_msgs
[9.689s] [ 85%] [34m[1mGenerating Python code for ROS interfaces[0m
[11.443s] [ 85%] Built target yolo_msgs__py
[11.464s] [ 87%] [32mBuilding C object CMakeFiles/yolo_msgs__rosidl_generator_py.dir/rosidl_generator_py/yolo_msgs/msg/_pose2_d_s.c.o[0m
[11.465s] [ 88%] [32mBuilding C object CMakeFiles/yolo_msgs__rosidl_generator_py.dir/rosidl_generator_py/yolo_msgs/msg/_bounding_box2_d_s.c.o[0m
[11.465s] [ 89%] [32mBuilding C object CMakeFiles/yolo_msgs__rosidl_generator_py.dir/rosidl_generator_py/yolo_msgs/msg/_point2_d_s.c.o[0m
[11.465s] [ 89%] [32mBuilding C object CMakeFiles/yolo_msgs__rosidl_generator_py.dir/rosidl_generator_py/yolo_msgs/msg/_bounding_box3_d_s.c.o[0m
[11.465s] [ 87%] [32mBuilding C object CMakeFiles/yolo_msgs__rosidl_generator_py.dir/rosidl_generator_py/yolo_msgs/msg/_vector2_s.c.o[0m
[11.465s] [ 90%] [32mBuilding C object CMakeFiles/yolo_msgs__rosidl_generator_py.dir/rosidl_generator_py/yolo_msgs/msg/_mask_s.c.o[0m
[11.465s] [ 90%] [32mBuilding C object CMakeFiles/yolo_msgs__rosidl_generator_py.dir/rosidl_generator_py/yolo_msgs/msg/_key_point2_d_s.c.o[0m
[11.465s] [ 91%] [32mBuilding C object CMakeFiles/yolo_msgs__rosidl_generator_py.dir/rosidl_generator_py/yolo_msgs/msg/_key_point2_d_array_s.c.o[0m
[11.826s] [ 92%] [32mBuilding C object CMakeFiles/yolo_msgs__rosidl_generator_py.dir/rosidl_generator_py/yolo_msgs/msg/_key_point3_d_s.c.o[0m
[11.826s] [ 93%] [32mBuilding C object CMakeFiles/yolo_msgs__rosidl_generator_py.dir/rosidl_generator_py/yolo_msgs/msg/_key_point3_d_array_s.c.o[0m
[11.827s] [ 94%] [32mBuilding C object CMakeFiles/yolo_msgs__rosidl_generator_py.dir/rosidl_generator_py/yolo_msgs/srv/_set_classes_s.c.o[0m
[11.828s] [ 95%] [32mBuilding C object CMakeFiles/yolo_msgs__rosidl_generator_py.dir/rosidl_generator_py/yolo_msgs/msg/_detection_s.c.o[0m
[11.828s] [ 95%] [32mBuilding C object CMakeFiles/yolo_msgs__rosidl_generator_py.dir/rosidl_generator_py/yolo_msgs/msg/_detection_array_s.c.o[0m
[11.975s] [ 96%] [32m[1mLinking C shared library rosidl_generator_py/yolo_msgs/libyolo_msgs__rosidl_generator_py.so[0m
[12.013s] [ 96%] Built target yolo_msgs__rosidl_generator_py
[12.032s] [ 99%] [32mBuilding C object CMakeFiles/yolo_msgs__rosidl_typesupport_c__pyext.dir/rosidl_generator_py/yolo_msgs/_yolo_msgs_s.ep.rosidl_typesupport_c.c.o[0m
[12.032s] [ 99%] [32mBuilding C object CMakeFiles/yolo_msgs__rosidl_typesupport_introspection_c__pyext.dir/rosidl_generator_py/yolo_msgs/_yolo_msgs_s.ep.rosidl_typesupport_introspection_c.c.o[0m
[12.032s] [ 99%] [32mBuilding C object CMakeFiles/yolo_msgs__rosidl_typesupport_fastrtps_c__pyext.dir/rosidl_generator_py/yolo_msgs/_yolo_msgs_s.ep.rosidl_typesupport_fastrtps_c.c.o[0m
[12.160s] [100%] [32m[1mLinking C shared library rosidl_generator_py/yolo_msgs/yolo_msgs_s__rosidl_typesupport_fastrtps_c.cpython-310-x86_64-linux-gnu.so[0m
[12.160s] [100%] [32m[1mLinking C shared library rosidl_generator_py/yolo_msgs/yolo_msgs_s__rosidl_typesupport_c.cpython-310-x86_64-linux-gnu.so[0m
[12.160s] [100%] [32m[1mLinking C shared library rosidl_generator_py/yolo_msgs/yolo_msgs_s__rosidl_typesupport_introspection_c.cpython-310-x86_64-linux-gnu.so[0m
[12.196s] [100%] Built target yolo_msgs__rosidl_typesupport_c__pyext
[12.197s] [100%] Built target yolo_msgs__rosidl_typesupport_fastrtps_c__pyext
[12.197s] [100%] Built target yolo_msgs__rosidl_typesupport_introspection_c__pyext
[12.207s] Invoked command in '/home/ayaan/sim_ws/build/yolo_msgs' returned '0': CMAKE_PREFIX_PATH=${CMAKE_PREFIX_PATH}:/home/ayaan/sim_ws/install/yolo_ros:/home/ayaan/sim_ws/install/sim_lobby_classic:/home/ayaan/turtlebot3_ws/install/turtlebot3_teleop:/home/ayaan/turtlebot3_ws/install/turtlebot3_example:/opt/ros/humble /usr/bin/cmake --build /home/ayaan/sim_ws/build/yolo_msgs -- -j8 -l8
[12.209s] Invoking command in '/home/ayaan/sim_ws/build/yolo_msgs': CMAKE_PREFIX_PATH=${CMAKE_PREFIX_PATH}:/home/ayaan/sim_ws/install/yolo_ros:/home/ayaan/sim_ws/install/sim_lobby_classic:/home/ayaan/turtlebot3_ws/install/turtlebot3_teleop:/home/ayaan/turtlebot3_ws/install/turtlebot3_example:/opt/ros/humble /usr/bin/cmake --install /home/ayaan/sim_ws/build/yolo_msgs
[12.215s] -- Install configuration: ""
[12.216s] -- Execute custom install script
[12.216s] -- Symlinking: /home/ayaan/sim_ws/install/yolo_msgs/share/ament_index/resource_index/rosidl_interfaces/yolo_msgs
[12.224s] -- Symlinking: /home/ayaan/sim_ws/install/yolo_msgs/include/yolo_msgs/yolo_msgs/msg/bounding_box2_d.h
[12.232s] -- Symlinking: /home/ayaan/sim_ws/install/yolo_msgs/include/yolo_msgs/yolo_msgs/msg/bounding_box3_d.h
[12.239s] -- Symlinking: /home/ayaan/sim_ws/install/yolo_msgs/include/yolo_msgs/yolo_msgs/msg/detail/bounding_box2_d__functions.h
[12.247s] -- Symlinking: /home/ayaan/sim_ws/install/yolo_msgs/include/yolo_msgs/yolo_msgs/msg/detail/bounding_box2_d__struct.h
[12.254s] -- Symlinking: /home/ayaan/sim_ws/install/yolo_msgs/include/yolo_msgs/yolo_msgs/msg/detail/bounding_box2_d__type_support.h
[12.262s] -- Symlinking: /home/ayaan/sim_ws/install/yolo_msgs/include/yolo_msgs/yolo_msgs/msg/detail/bounding_box3_d__functions.h
[12.270s] -- Symlinking: /home/ayaan/sim_ws/install/yolo_msgs/include/yolo_msgs/yolo_msgs/msg/detail/bounding_box3_d__struct.h
[12.278s] -- Symlinking: /home/ayaan/sim_ws/install/yolo_msgs/include/yolo_msgs/yolo_msgs/msg/detail/bounding_box3_d__type_support.h
[12.286s] -- Symlinking: /home/ayaan/sim_ws/install/yolo_msgs/include/yolo_msgs/yolo_msgs/msg/detail/detection__functions.h
[12.294s] -- Symlinking: /home/ayaan/sim_ws/install/yolo_msgs/include/yolo_msgs/yolo_msgs/msg/detail/detection__struct.h
[12.302s] -- Symlinking: /home/ayaan/sim_ws/install/yolo_msgs/include/yolo_msgs/yolo_msgs/msg/detail/detection__type_support.h
[12.310s] -- Symlinking: /home/ayaan/sim_ws/install/yolo_msgs/include/yolo_msgs/yolo_msgs/msg/detail/detection_array__functions.h
[12.317s] -- Symlinking: /home/ayaan/sim_ws/install/yolo_msgs/include/yolo_msgs/yolo_msgs/msg/detail/detection_array__struct.h
[12.325s] -- Symlinking: /home/ayaan/sim_ws/install/yolo_msgs/include/yolo_msgs/yolo_msgs/msg/detail/detection_array__type_support.h
[12.333s] -- Symlinking: /home/ayaan/sim_ws/install/yolo_msgs/include/yolo_msgs/yolo_msgs/msg/detail/key_point2_d__functions.h
[12.341s] -- Symlinking: /home/ayaan/sim_ws/install/yolo_msgs/include/yolo_msgs/yolo_msgs/msg/detail/key_point2_d__struct.h
[12.349s] -- Symlinking: /home/ayaan/sim_ws/install/yolo_msgs/include/yolo_msgs/yolo_msgs/msg/detail/key_point2_d__type_support.h
[12.357s] -- Symlinking: /home/ayaan/sim_ws/install/yolo_msgs/include/yolo_msgs/yolo_msgs/msg/detail/key_point2_d_array__functions.h
[12.365s] -- Symlinking: /home/ayaan/sim_ws/install/yolo_msgs/include/yolo_msgs/yolo_msgs/msg/detail/key_point2_d_array__struct.h
[12.373s] -- Symlinking: /home/ayaan/sim_ws/install/yolo_msgs/include/yolo_msgs/yolo_msgs/msg/detail/key_point2_d_array__type_support.h
[12.381s] -- Symlinking: /home/ayaan/sim_ws/install/yolo_msgs/include/yolo_msgs/yolo_msgs/msg/detail/key_point3_d__functions.h
[12.388s] -- Symlinking: /home/ayaan/sim_ws/install/yolo_msgs/include/yolo_msgs/yolo_msgs/msg/detail/key_point3_d__struct.h
[12.396s] -- Symlinking: /home/ayaan/sim_ws/install/yolo_msgs/include/yolo_msgs/yolo_msgs/msg/detail/key_point3_d__type_support.h
[12.404s] -- Symlinking: /home/ayaan/sim_ws/install/yolo_msgs/include/yolo_msgs/yolo_msgs/msg/detail/key_point3_d_array__functions.h
[12.411s] -- Symlinking: /home/ayaan/sim_ws/install/yolo_msgs/include/yolo_msgs/yolo_msgs/msg/detail/key_point3_d_array__struct.h
[12.419s] -- Symlinking: /home/ayaan/sim_ws/install/yolo_msgs/include/yolo_msgs/yolo_msgs/msg/detail/key_point3_d_array__type_support.h
[12.426s] -- Symlinking: /home/ayaan/sim_ws/install/yolo_msgs/include/yolo_msgs/yolo_msgs/msg/detail/mask__functions.h
[12.435s] -- Symlinking: /home/ayaan/sim_ws/install/yolo_msgs/include/yolo_msgs/yolo_msgs/msg/detail/mask__struct.h
[12.442s] -- Symlinking: /home/ayaan/sim_ws/install/yolo_msgs/include/yolo_msgs/yolo_msgs/msg/detail/mask__type_support.h
[12.450s] -- Symlinking: /home/ayaan/sim_ws/install/yolo_msgs/include/yolo_msgs/yolo_msgs/msg/detail/point2_d__functions.h
[12.458s] -- Symlinking: /home/ayaan/sim_ws/install/yolo_msgs/include/yolo_msgs/yolo_msgs/msg/detail/point2_d__struct.h
[12.465s] -- Symlinking: /home/ayaan/sim_ws/install/yolo_msgs/include/yolo_msgs/yolo_msgs/msg/detail/point2_d__type_support.h
[12.473s] -- Symlinking: /home/ayaan/sim_ws/install/yolo_msgs/include/yolo_msgs/yolo_msgs/msg/detail/pose2_d__functions.h
[12.481s] -- Symlinking: /home/ayaan/sim_ws/install/yolo_msgs/include/yolo_msgs/yolo_msgs/msg/detail/pose2_d__struct.h
[12.489s] -- Symlinking: /home/ayaan/sim_ws/install/yolo_msgs/include/yolo_msgs/yolo_msgs/msg/detail/pose2_d__type_support.h
[12.496s] -- Symlinking: /home/ayaan/sim_ws/install/yolo_msgs/include/yolo_msgs/yolo_msgs/msg/detail/vector2__functions.h
[12.504s] -- Symlinking: /home/ayaan/sim_ws/install/yolo_msgs/include/yolo_msgs/yolo_msgs/msg/detail/vector2__struct.h
[12.511s] -- Symlinking: /home/ayaan/sim_ws/install/yolo_msgs/include/yolo_msgs/yolo_msgs/msg/detail/vector2__type_support.h
[12.519s] -- Symlinking: /home/ayaan/sim_ws/install/yolo_msgs/include/yolo_msgs/yolo_msgs/msg/detection.h
[12.527s] -- Symlinking: /home/ayaan/sim_ws/install/yolo_msgs/include/yolo_msgs/yolo_msgs/msg/detection_array.h
[12.534s] -- Symlinking: /home/ayaan/sim_ws/install/yolo_msgs/include/yolo_msgs/yolo_msgs/msg/key_point2_d.h
[12.542s] -- Symlinking: /home/ayaan/sim_ws/install/yolo_msgs/include/yolo_msgs/yolo_msgs/msg/key_point2_d_array.h
[12.550s] -- Symlinking: /home/ayaan/sim_ws/install/yolo_msgs/include/yolo_msgs/yolo_msgs/msg/key_point3_d.h
[12.557s] -- Symlinking: /home/ayaan/sim_ws/install/yolo_msgs/include/yolo_msgs/yolo_msgs/msg/key_point3_d_array.h
[12.565s] -- Symlinking: /home/ayaan/sim_ws/install/yolo_msgs/include/yolo_msgs/yolo_msgs/msg/mask.h
[12.573s] -- Symlinking: /home/ayaan/sim_ws/install/yolo_msgs/include/yolo_msgs/yolo_msgs/msg/point2_d.h
[12.580s] -- Symlinking: /home/ayaan/sim_ws/install/yolo_msgs/include/yolo_msgs/yolo_msgs/msg/pose2_d.h
[12.588s] -- Symlinking: /home/ayaan/sim_ws/install/yolo_msgs/include/yolo_msgs/yolo_msgs/msg/rosidl_generator_c__visibility_control.h
[12.596s] -- Symlinking: /home/ayaan/sim_ws/install/yolo_msgs/include/yolo_msgs/yolo_msgs/msg/vector2.h
[12.603s] -- Symlinking: /home/ayaan/sim_ws/install/yolo_msgs/include/yolo_msgs/yolo_msgs/srv/detail/set_classes__functions.h
[12.611s] -- Symlinking: /home/ayaan/sim_ws/install/yolo_msgs/include/yolo_msgs/yolo_msgs/srv/detail/set_classes__struct.h
[12.619s] -- Symlinking: /home/ayaan/sim_ws/install/yolo_msgs/include/yolo_msgs/yolo_msgs/srv/detail/set_classes__type_support.h
[12.627s] -- Symlinking: /home/ayaan/sim_ws/install/yolo_msgs/include/yolo_msgs/yolo_msgs/srv/set_classes.h
[12.635s] -- Symlinking: /home/ayaan/sim_ws/install/yolo_msgs/share/yolo_msgs/environment/library_path.sh
[12.642s] -- Symlinking: /home/ayaan/sim_ws/install/yolo_msgs/share/yolo_msgs/environment/library_path.dsv
[12.651s] -- Symlinking: /home/ayaan/sim_ws/install/yolo_msgs/include/yolo_msgs/yolo_msgs/msg/detail/bounding_box2_d__rosidl_typesupport_fastrtps_c.h
[12.659s] -- Symlinking: /home/ayaan/sim_ws/install/yolo_msgs/include/yolo_msgs/yolo_msgs/msg/detail/bounding_box3_d__rosidl_typesupport_fastrtps_c.h
[12.666s] -- Symlinking: /home/ayaan/sim_ws/install/yolo_msgs/include/yolo_msgs/yolo_msgs/msg/detail/detection__rosidl_typesupport_fastrtps_c.h
[12.674s] -- Symlinking: /home/ayaan/sim_ws/install/yolo_msgs/include/yolo_msgs/yolo_msgs/msg/detail/detection_array__rosidl_typesupport_fastrtps_c.h
[12.681s] -- Symlinking: /home/ayaan/sim_ws/install/yolo_msgs/include/yolo_msgs/yolo_msgs/msg/detail/key_point2_d__rosidl_typesupport_fastrtps_c.h
[12.689s] -- Symlinking: /home/ayaan/sim_ws/install/yolo_msgs/include/yolo_msgs/yolo_msgs/msg/detail/key_point2_d_array__rosidl_typesupport_fastrtps_c.h
[12.696s] -- Symlinking: /home/ayaan/sim_ws/install/yolo_msgs/include/yolo_msgs/yolo_msgs/msg/detail/key_point3_d__rosidl_typesupport_fastrtps_c.h
[12.704s] -- Symlinking: /home/ayaan/sim_ws/install/yolo_msgs/include/yolo_msgs/yolo_msgs/msg/detail/key_point3_d_array__rosidl_typesupport_fastrtps_c.h
[12.711s] -- Symlinking: /home/ayaan/sim_ws/install/yolo_msgs/include/yolo_msgs/yolo_msgs/msg/detail/mask__rosidl_typesupport_fastrtps_c.h
[12.719s] -- Symlinking: /home/ayaan/sim_ws/install/yolo_msgs/include/yolo_msgs/yolo_msgs/msg/detail/point2_d__rosidl_typesupport_fastrtps_c.h
[12.727s] -- Symlinking: /home/ayaan/sim_ws/install/yolo_msgs/include/yolo_msgs/yolo_msgs/msg/detail/pose2_d__rosidl_typesupport_fastrtps_c.h
[12.734s] -- Symlinking: /home/ayaan/sim_ws/install/yolo_msgs/include/yolo_msgs/yolo_msgs/msg/detail/vector2__rosidl_typesupport_fastrtps_c.h
[12.742s] -- Symlinking: /home/ayaan/sim_ws/install/yolo_msgs/include/yolo_msgs/yolo_msgs/msg/rosidl_typesupport_fastrtps_c__visibility_control.h
[12.749s] -- Symlinking: /home/ayaan/sim_ws/install/yolo_msgs/include/yolo_msgs/yolo_msgs/srv/detail/set_classes__rosidl_typesupport_fastrtps_c.h
[12.757s] -- Symlinking: /home/ayaan/sim_ws/install/yolo_msgs/include/yolo_msgs/yolo_msgs/msg/detail/bounding_box2_d__rosidl_typesupport_introspection_c.h
[12.764s] -- Symlinking: /home/ayaan/sim_ws/install/yolo_msgs/include/yolo_msgs/yolo_msgs/msg/detail/bounding_box3_d__rosidl_typesupport_introspection_c.h
[12.772s] -- Symlinking: /home/ayaan/sim_ws/install/yolo_msgs/include/yolo_msgs/yolo_msgs/msg/detail/detection__rosidl_typesupport_introspection_c.h
[12.780s] -- Symlinking: /home/ayaan/sim_ws/install/yolo_msgs/include/yolo_msgs/yolo_msgs/msg/detail/detection_array__rosidl_typesupport_introspection_c.h
[12.787s] -- Symlinking: /home/ayaan/sim_ws/install/yolo_msgs/include/yolo_msgs/yolo_msgs/msg/detail/key_point2_d__rosidl_typesupport_introspection_c.h
[12.795s] -- Symlinking: /home/ayaan/sim_ws/install/yolo_msgs/include/yolo_msgs/yolo_msgs/msg/detail/key_point2_d_array__rosidl_typesupport_introspection_c.h
[12.802s] -- Symlinking: /home/ayaan/sim_ws/install/yolo_msgs/include/yolo_msgs/yolo_msgs/msg/detail/key_point3_d__rosidl_typesupport_introspection_c.h
[12.809s] -- Symlinking: /home/ayaan/sim_ws/install/yolo_msgs/include/yolo_msgs/yolo_msgs/msg/detail/key_point3_d_array__rosidl_typesupport_introspection_c.h
[12.817s] -- Symlinking: /home/ayaan/sim_ws/install/yolo_msgs/include/yolo_msgs/yolo_msgs/msg/detail/mask__rosidl_typesupport_introspection_c.h
[12.824s] -- Symlinking: /home/ayaan/sim_ws/install/yolo_msgs/include/yolo_msgs/yolo_msgs/msg/detail/point2_d__rosidl_typesupport_introspection_c.h
[12.832s] -- Symlinking: /home/ayaan/sim_ws/install/yolo_msgs/include/yolo_msgs/yolo_msgs/msg/detail/pose2_d__rosidl_typesupport_introspection_c.h
[12.839s] -- Symlinking: /home/ayaan/sim_ws/install/yolo_msgs/include/yolo_msgs/yolo_msgs/msg/detail/vector2__rosidl_typesupport_introspection_c.h
[12.847s] -- Symlinking: /home/ayaan/sim_ws/install/yolo_msgs/include/yolo_msgs/yolo_msgs/msg/rosidl_typesupport_introspection_c__visibility_control.h
[12.855s] -- Symlinking: /home/ayaan/sim_ws/install/yolo_msgs/include/yolo_msgs/yolo_msgs/srv/detail/set_classes__rosidl_typesupport_introspection_c.h
[12.863s] -- Symlinking: /home/ayaan/sim_ws/install/yolo_msgs/include/yolo_msgs/yolo_msgs/msg/bounding_box2_d.hpp
[12.871s] -- Symlinking: /home/ayaan/sim_ws/install/yolo_msgs/include/yolo_msgs/yolo_msgs/msg/bounding_box3_d.hpp
[12.879s] -- Symlinking: /home/ayaan/sim_ws/install/yolo_msgs/include/yolo_msgs/yolo_msgs/msg/detail/bounding_box2_d__builder.hpp
[12.887s] -- Symlinking: /home/ayaan/sim_ws/install/yolo_msgs/include/yolo_msgs/yolo_msgs/msg/detail/bounding_box2_d__struct.hpp
[12.894s] -- Symlinking: /home/ayaan/sim_ws/install/yolo_msgs/include/yolo_msgs/yolo_msgs/msg/detail/bounding_box2_d__traits.hpp
[12.902s] -- Symlinking: /home/ayaan/sim_ws/install/yolo_msgs/include/yolo_msgs/yolo_msgs/msg/detail/bounding_box2_d__type_support.hpp
[12.909s] -- Symlinking: /home/ayaan/sim_ws/install/yolo_msgs/include/yolo_msgs/yolo_msgs/msg/detail/bounding_box3_d__builder.hpp
[12.916s] -- Symlinking: /home/ayaan/sim_ws/install/yolo_msgs/include/yolo_msgs/yolo_msgs/msg/detail/bounding_box3_d__struct.hpp
[12.924s] -- Symlinking: /home/ayaan/sim_ws/install/yolo_msgs/include/yolo_msgs/yolo_msgs/msg/detail/bounding_box3_d__traits.hpp
[12.931s] -- Symlinking: /home/ayaan/sim_ws/install/yolo_msgs/include/yolo_msgs/yolo_msgs/msg/detail/bounding_box3_d__type_support.hpp
[12.938s] -- Symlinking: /home/ayaan/sim_ws/install/yolo_msgs/include/yolo_msgs/yolo_msgs/msg/detail/detection__builder.hpp
[12.945s] -- Symlinking: /home/ayaan/sim_ws/install/yolo_msgs/include/yolo_msgs/yolo_msgs/msg/detail/detection__struct.hpp
[12.952s] -- Symlinking: /home/ayaan/sim_ws/install/yolo_msgs/include/yolo_msgs/yolo_msgs/msg/detail/detection__traits.hpp
[12.960s] -- Symlinking: /home/ayaan/sim_ws/install/yolo_msgs/include/yolo_msgs/yolo_msgs/msg/detail/detection__type_support.hpp
[12.967s] -- Symlinking: /home/ayaan/sim_ws/install/yolo_msgs/include/yolo_msgs/yolo_msgs/msg/detail/detection_array__builder.hpp
[12.975s] -- Symlinking: /home/ayaan/sim_ws/install/yolo_msgs/include/yolo_msgs/yolo_msgs/msg/detail/detection_array__struct.hpp
[12.983s] -- Symlinking: /home/ayaan/sim_ws/install/yolo_msgs/include/yolo_msgs/yolo_msgs/msg/detail/detection_array__traits.hpp
[12.991s] -- Symlinking: /home/ayaan/sim_ws/install/yolo_msgs/include/yolo_msgs/yolo_msgs/msg/detail/detection_array__type_support.hpp
[12.998s] -- Symlinking: /home/ayaan/sim_ws/install/yolo_msgs/include/yolo_msgs/yolo_msgs/msg/detail/key_point2_d__builder.hpp
[13.006s] -- Symlinking: /home/ayaan/sim_ws/install/yolo_msgs/include/yolo_msgs/yolo_msgs/msg/detail/key_point2_d__struct.hpp
[13.013s] -- Symlinking: /home/ayaan/sim_ws/install/yolo_msgs/include/yolo_msgs/yolo_msgs/msg/detail/key_point2_d__traits.hpp
[13.020s] -- Symlinking: /home/ayaan/sim_ws/install/yolo_msgs/include/yolo_msgs/yolo_msgs/msg/detail/key_point2_d__type_support.hpp
[13.028s] -- Symlinking: /home/ayaan/sim_ws/install/yolo_msgs/include/yolo_msgs/yolo_msgs/msg/detail/key_point2_d_array__builder.hpp
[13.036s] -- Symlinking: /home/ayaan/sim_ws/install/yolo_msgs/include/yolo_msgs/yolo_msgs/msg/detail/key_point2_d_array__struct.hpp
[13.044s] -- Symlinking: /home/ayaan/sim_ws/install/yolo_msgs/include/yolo_msgs/yolo_msgs/msg/detail/key_point2_d_array__traits.hpp
[13.051s] -- Symlinking: /home/ayaan/sim_ws/install/yolo_msgs/include/yolo_msgs/yolo_msgs/msg/detail/key_point2_d_array__type_support.hpp
[13.059s] -- Symlinking: /home/ayaan/sim_ws/install/yolo_msgs/include/yolo_msgs/yolo_msgs/msg/detail/key_point3_d__builder.hpp
[13.067s] -- Symlinking: /home/ayaan/sim_ws/install/yolo_msgs/include/yolo_msgs/yolo_msgs/msg/detail/key_point3_d__struct.hpp
[13.074s] -- Symlinking: /home/ayaan/sim_ws/install/yolo_msgs/include/yolo_msgs/yolo_msgs/msg/detail/key_point3_d__traits.hpp
[13.082s] -- Symlinking: /home/ayaan/sim_ws/install/yolo_msgs/include/yolo_msgs/yolo_msgs/msg/detail/key_point3_d__type_support.hpp
[13.090s] -- Symlinking: /home/ayaan/sim_ws/install/yolo_msgs/include/yolo_msgs/yolo_msgs/msg/detail/key_point3_d_array__builder.hpp
[13.097s] -- Symlinking: /home/ayaan/sim_ws/install/yolo_msgs/include/yolo_msgs/yolo_msgs/msg/detail/key_point3_d_array__struct.hpp
[13.105s] -- Symlinking: /home/ayaan/sim_ws/install/yolo_msgs/include/yolo_msgs/yolo_msgs/msg/detail/key_point3_d_array__traits.hpp
[13.112s] -- Symlinking: /home/ayaan/sim_ws/install/yolo_msgs/include/yolo_msgs/yolo_msgs/msg/detail/key_point3_d_array__type_support.hpp
[13.120s] -- Symlinking: /home/ayaan/sim_ws/install/yolo_msgs/include/yolo_msgs/yolo_msgs/msg/detail/mask__builder.hpp
[13.128s] -- Symlinking: /home/ayaan/sim_ws/install/yolo_msgs/include/yolo_msgs/yolo_msgs/msg/detail/mask__struct.hpp
[13.135s] -- Symlinking: /home/ayaan/sim_ws/install/yolo_msgs/include/yolo_msgs/yolo_msgs/msg/detail/mask__traits.hpp
[13.143s] -- Symlinking: /home/ayaan/sim_ws/install/yolo_msgs/include/yolo_msgs/yolo_msgs/msg/detail/mask__type_support.hpp
[13.151s] -- Symlinking: /home/ayaan/sim_ws/install/yolo_msgs/include/yolo_msgs/yolo_msgs/msg/detail/point2_d__builder.hpp
[13.159s] -- Symlinking: /home/ayaan/sim_ws/install/yolo_msgs/include/yolo_msgs/yolo_msgs/msg/detail/point2_d__struct.hpp
[13.166s] -- Symlinking: /home/ayaan/sim_ws/install/yolo_msgs/include/yolo_msgs/yolo_msgs/msg/detail/point2_d__traits.hpp
[13.174s] -- Symlinking: /home/ayaan/sim_ws/install/yolo_msgs/include/yolo_msgs/yolo_msgs/msg/detail/point2_d__type_support.hpp
[13.182s] -- Symlinking: /home/ayaan/sim_ws/install/yolo_msgs/include/yolo_msgs/yolo_msgs/msg/detail/pose2_d__builder.hpp
[13.190s] -- Symlinking: /home/ayaan/sim_ws/install/yolo_msgs/include/yolo_msgs/yolo_msgs/msg/detail/pose2_d__struct.hpp
[13.198s] -- Symlinking: /home/ayaan/sim_ws/install/yolo_msgs/include/yolo_msgs/yolo_msgs/msg/detail/pose2_d__traits.hpp
[13.206s] -- Symlinking: /home/ayaan/sim_ws/install/yolo_msgs/include/yolo_msgs/yolo_msgs/msg/detail/pose2_d__type_support.hpp
[13.214s] -- Symlinking: /home/ayaan/sim_ws/install/yolo_msgs/include/yolo_msgs/yolo_msgs/msg/detail/vector2__builder.hpp
[13.221s] -- Symlinking: /home/ayaan/sim_ws/install/yolo_msgs/include/yolo_msgs/yolo_msgs/msg/detail/vector2__struct.hpp
[13.229s] -- Symlinking: /home/ayaan/sim_ws/install/yolo_msgs/include/yolo_msgs/yolo_msgs/msg/detail/vector2__traits.hpp
[13.236s] -- Symlinking: /home/ayaan/sim_ws/install/yolo_msgs/include/yolo_msgs/yolo_msgs/msg/detail/vector2__type_support.hpp
[13.244s] -- Symlinking: /home/ayaan/sim_ws/install/yolo_msgs/include/yolo_msgs/yolo_msgs/msg/detection.hpp
[13.251s] -- Symlinking: /home/ayaan/sim_ws/install/yolo_msgs/include/yolo_msgs/yolo_msgs/msg/detection_array.hpp
[13.259s] -- Symlinking: /home/ayaan/sim_ws/install/yolo_msgs/include/yolo_msgs/yolo_msgs/msg/key_point2_d.hpp
[13.267s] -- Symlinking: /home/ayaan/sim_ws/install/yolo_msgs/include/yolo_msgs/yolo_msgs/msg/key_point2_d_array.hpp
[13.275s] -- Symlinking: /home/ayaan/sim_ws/install/yolo_msgs/include/yolo_msgs/yolo_msgs/msg/key_point3_d.hpp
[13.282s] -- Symlinking: /home/ayaan/sim_ws/install/yolo_msgs/include/yolo_msgs/yolo_msgs/msg/key_point3_d_array.hpp
[13.290s] -- Symlinking: /home/ayaan/sim_ws/install/yolo_msgs/include/yolo_msgs/yolo_msgs/msg/mask.hpp
[13.297s] -- Symlinking: /home/ayaan/sim_ws/install/yolo_msgs/include/yolo_msgs/yolo_msgs/msg/point2_d.hpp
[13.305s] -- Symlinking: /home/ayaan/sim_ws/install/yolo_msgs/include/yolo_msgs/yolo_msgs/msg/pose2_d.hpp
[13.312s] -- Symlinking: /home/ayaan/sim_ws/install/yolo_msgs/include/yolo_msgs/yolo_msgs/msg/rosidl_generator_cpp__visibility_control.hpp
[13.320s] -- Symlinking: /home/ayaan/sim_ws/install/yolo_msgs/include/yolo_msgs/yolo_msgs/msg/vector2.hpp
[13.328s] -- Symlinking: /home/ayaan/sim_ws/install/yolo_msgs/include/yolo_msgs/yolo_msgs/srv/detail/set_classes__builder.hpp
[13.335s] -- Symlinking: /home/ayaan/sim_ws/install/yolo_msgs/include/yolo_msgs/yolo_msgs/srv/detail/set_classes__struct.hpp
[13.343s] -- Symlinking: /home/ayaan/sim_ws/install/yolo_msgs/include/yolo_msgs/yolo_msgs/srv/detail/set_classes__traits.hpp
[13.350s] -- Symlinking: /home/ayaan/sim_ws/install/yolo_msgs/include/yolo_msgs/yolo_msgs/srv/detail/set_classes__type_support.hpp
[13.358s] -- Symlinking: /home/ayaan/sim_ws/install/yolo_msgs/include/yolo_msgs/yolo_msgs/srv/set_classes.hpp
[13.367s] -- Symlinking: /home/ayaan/sim_ws/install/yolo_msgs/include/yolo_msgs/yolo_msgs/msg/detail/bounding_box2_d__rosidl_typesupport_fastrtps_cpp.hpp
[13.374s] -- Symlinking: /home/ayaan/sim_ws/install/yolo_msgs/include/yolo_msgs/yolo_msgs/msg/detail/bounding_box3_d__rosidl_typesupport_fastrtps_cpp.hpp
[13.382s] -- Symlinking: /home/ayaan/sim_ws/install/yolo_msgs/include/yolo_msgs/yolo_msgs/msg/detail/detection__rosidl_typesupport_fastrtps_cpp.hpp
[13.390s] -- Symlinking: /home/ayaan/sim_ws/install/yolo_msgs/include/yolo_msgs/yolo_msgs/msg/detail/detection_array__rosidl_typesupport_fastrtps_cpp.hpp
[13.397s] -- Symlinking: /home/ayaan/sim_ws/install/yolo_msgs/include/yolo_msgs/yolo_msgs/msg/detail/key_point2_d__rosidl_typesupport_fastrtps_cpp.hpp
[13.405s] -- Symlinking: /home/ayaan/sim_ws/install/yolo_msgs/include/yolo_msgs/yolo_msgs/msg/detail/key_point2_d_array__rosidl_typesupport_fastrtps_cpp.hpp
[13.412s] -- Symlinking: /home/ayaan/sim_ws/install/yolo_msgs/include/yolo_msgs/yolo_msgs/msg/detail/key_point3_d__rosidl_typesupport_fastrtps_cpp.hpp
[13.420s] -- Symlinking: /home/ayaan/sim_ws/install/yolo_msgs/include/yolo_msgs/yolo_msgs/msg/detail/key_point3_d_array__rosidl_typesupport_fastrtps_cpp.hpp
[13.428s] -- Symlinking: /home/ayaan/sim_ws/install/yolo_msgs/include/yolo_msgs/yolo_msgs/msg/detail/mask__rosidl_typesupport_fastrtps_cpp.hpp
[13.435s] -- Symlinking: /home/ayaan/sim_ws/install/yolo_msgs/include/yolo_msgs/yolo_msgs/msg/detail/point2_d__rosidl_typesupport_fastrtps_cpp.hpp
[13.443s] -- Symlinking: /home/ayaan/sim_ws/install/yolo_msgs/include/yolo_msgs/yolo_msgs/msg/detail/pose2_d__rosidl_typesupport_fastrtps_cpp.hpp
[13.451s] -- Symlinking: /home/ayaan/sim_ws/install/yolo_msgs/include/yolo_msgs/yolo_msgs/msg/detail/vector2__rosidl_typesupport_fastrtps_cpp.hpp
[13.459s] -- Symlinking: /home/ayaan/sim_ws/install/yolo_msgs/include/yolo_msgs/yolo_msgs/msg/rosidl_typesupport_fastrtps_cpp__visibility_control.h
[13.467s] -- Symlinking: /home/ayaan/sim_ws/install/yolo_msgs/include/yolo_msgs/yolo_msgs/srv/detail/set_classes__rosidl_typesupport_fastrtps_cpp.hpp
[13.475s] -- Symlinking: /home/ayaan/sim_ws/install/yolo_msgs/include/yolo_msgs/yolo_msgs/msg/detail/bounding_box2_d__rosidl_typesupport_introspection_cpp.hpp
[13.482s] -- Symlinking: /home/ayaan/sim_ws/install/yolo_msgs/include/yolo_msgs/yolo_msgs/msg/detail/bounding_box3_d__rosidl_typesupport_introspection_cpp.hpp
[13.490s] -- Symlinking: /home/ayaan/sim_ws/install/yolo_msgs/include/yolo_msgs/yolo_msgs/msg/detail/detection__rosidl_typesupport_introspection_cpp.hpp
[13.497s] -- Symlinking: /home/ayaan/sim_ws/install/yolo_msgs/include/yolo_msgs/yolo_msgs/msg/detail/detection_array__rosidl_typesupport_introspection_cpp.hpp
[13.505s] -- Symlinking: /home/ayaan/sim_ws/install/yolo_msgs/include/yolo_msgs/yolo_msgs/msg/detail/key_point2_d__rosidl_typesupport_introspection_cpp.hpp
[13.512s] -- Symlinking: /home/ayaan/sim_ws/install/yolo_msgs/include/yolo_msgs/yolo_msgs/msg/detail/key_point2_d_array__rosidl_typesupport_introspection_cpp.hpp
[13.520s] -- Symlinking: /home/ayaan/sim_ws/install/yolo_msgs/include/yolo_msgs/yolo_msgs/msg/detail/key_point3_d__rosidl_typesupport_introspection_cpp.hpp
[13.527s] -- Symlinking: /home/ayaan/sim_ws/install/yolo_msgs/include/yolo_msgs/yolo_msgs/msg/detail/key_point3_d_array__rosidl_typesupport_introspection_cpp.hpp
[13.535s] -- Symlinking: /home/ayaan/sim_ws/install/yolo_msgs/include/yolo_msgs/yolo_msgs/msg/detail/mask__rosidl_typesupport_introspection_cpp.hpp
[13.543s] -- Symlinking: /home/ayaan/sim_ws/install/yolo_msgs/include/yolo_msgs/yolo_msgs/msg/detail/point2_d__rosidl_typesupport_introspection_cpp.hpp
[13.551s] -- Symlinking: /home/ayaan/sim_ws/install/yolo_msgs/include/yolo_msgs/yolo_msgs/msg/detail/pose2_d__rosidl_typesupport_introspection_cpp.hpp
[13.558s] -- Symlinking: /home/ayaan/sim_ws/install/yolo_msgs/include/yolo_msgs/yolo_msgs/msg/detail/vector2__rosidl_typesupport_introspection_cpp.hpp
[13.566s] -- Symlinking: /home/ayaan/sim_ws/install/yolo_msgs/include/yolo_msgs/yolo_msgs/srv/detail/set_classes__rosidl_typesupport_introspection_cpp.hpp
[13.574s] -- Symlinking: /home/ayaan/sim_ws/install/yolo_msgs/share/yolo_msgs/environment/pythonpath.sh
[13.582s] -- Symlinking: /home/ayaan/sim_ws/install/yolo_msgs/share/yolo_msgs/environment/pythonpath.dsv
[13.590s] -- Symlinking: /home/ayaan/sim_ws/install/yolo_msgs/local/lib/python3.10/dist-packages/yolo_msgs-4.2.0-py3.10.egg-info/PKG-INFO
[13.598s] -- Symlinking: /home/ayaan/sim_ws/install/yolo_msgs/local/lib/python3.10/dist-packages/yolo_msgs-4.2.0-py3.10.egg-info/SOURCES.txt
[13.605s] -- Symlinking: /home/ayaan/sim_ws/install/yolo_msgs/local/lib/python3.10/dist-packages/yolo_msgs-4.2.0-py3.10.egg-info/dependency_links.txt
[13.613s] -- Symlinking: /home/ayaan/sim_ws/install/yolo_msgs/local/lib/python3.10/dist-packages/yolo_msgs-4.2.0-py3.10.egg-info/top_level.txt
[13.622s] -- Symlinking: /home/ayaan/sim_ws/install/yolo_msgs/local/lib/python3.10/dist-packages/yolo_msgs/__init__.py
[13.629s] -- Symlinking: /home/ayaan/sim_ws/install/yolo_msgs/local/lib/python3.10/dist-packages/yolo_msgs/_yolo_msgs_s.ep.rosidl_typesupport_c.c
[13.637s] -- Symlinking: /home/ayaan/sim_ws/install/yolo_msgs/local/lib/python3.10/dist-packages/yolo_msgs/_yolo_msgs_s.ep.rosidl_typesupport_fastrtps_c.c
[13.645s] -- Symlinking: /home/ayaan/sim_ws/install/yolo_msgs/local/lib/python3.10/dist-packages/yolo_msgs/_yolo_msgs_s.ep.rosidl_typesupport_introspection_c.c
[13.653s] -- Symlinking: /home/ayaan/sim_ws/install/yolo_msgs/local/lib/python3.10/dist-packages/yolo_msgs/libyolo_msgs__rosidl_generator_py.so
[13.661s] -- Symlinking: /home/ayaan/sim_ws/install/yolo_msgs/local/lib/python3.10/dist-packages/yolo_msgs/msg/__init__.py
[13.668s] -- Symlinking: /home/ayaan/sim_ws/install/yolo_msgs/local/lib/python3.10/dist-packages/yolo_msgs/msg/_bounding_box2_d.py
[13.676s] -- Symlinking: /home/ayaan/sim_ws/install/yolo_msgs/local/lib/python3.10/dist-packages/yolo_msgs/msg/_bounding_box2_d_s.c
[13.684s] -- Symlinking: /home/ayaan/sim_ws/install/yolo_msgs/local/lib/python3.10/dist-packages/yolo_msgs/msg/_bounding_box3_d.py
[13.692s] -- Symlinking: /home/ayaan/sim_ws/install/yolo_msgs/local/lib/python3.10/dist-packages/yolo_msgs/msg/_bounding_box3_d_s.c
[13.700s] -- Symlinking: /home/ayaan/sim_ws/install/yolo_msgs/local/lib/python3.10/dist-packages/yolo_msgs/msg/_detection.py
[13.708s] -- Symlinking: /home/ayaan/sim_ws/install/yolo_msgs/local/lib/python3.10/dist-packages/yolo_msgs/msg/_detection_array.py
[13.716s] -- Symlinking: /home/ayaan/sim_ws/install/yolo_msgs/local/lib/python3.10/dist-packages/yolo_msgs/msg/_detection_array_s.c
[13.724s] -- Symlinking: /home/ayaan/sim_ws/install/yolo_msgs/local/lib/python3.10/dist-packages/yolo_msgs/msg/_detection_s.c
[13.731s] -- Symlinking: /home/ayaan/sim_ws/install/yolo_msgs/local/lib/python3.10/dist-packages/yolo_msgs/msg/_key_point2_d.py
[13.739s] -- Symlinking: /home/ayaan/sim_ws/install/yolo_msgs/local/lib/python3.10/dist-packages/yolo_msgs/msg/_key_point2_d_array.py
[13.747s] -- Symlinking: /home/ayaan/sim_ws/install/yolo_msgs/local/lib/python3.10/dist-packages/yolo_msgs/msg/_key_point2_d_array_s.c
[13.755s] -- Symlinking: /home/ayaan/sim_ws/install/yolo_msgs/local/lib/python3.10/dist-packages/yolo_msgs/msg/_key_point2_d_s.c
[13.762s] -- Symlinking: /home/ayaan/sim_ws/install/yolo_msgs/local/lib/python3.10/dist-packages/yolo_msgs/msg/_key_point3_d.py
[13.770s] -- Symlinking: /home/ayaan/sim_ws/install/yolo_msgs/local/lib/python3.10/dist-packages/yolo_msgs/msg/_key_point3_d_array.py
[13.778s] -- Symlinking: /home/ayaan/sim_ws/install/yolo_msgs/local/lib/python3.10/dist-packages/yolo_msgs/msg/_key_point3_d_array_s.c
[13.786s] -- Symlinking: /home/ayaan/sim_ws/install/yolo_msgs/local/lib/python3.10/dist-packages/yolo_msgs/msg/_key_point3_d_s.c
[13.793s] -- Symlinking: /home/ayaan/sim_ws/install/yolo_msgs/local/lib/python3.10/dist-packages/yolo_msgs/msg/_mask.py
[13.801s] -- Symlinking: /home/ayaan/sim_ws/install/yolo_msgs/local/lib/python3.10/dist-packages/yolo_msgs/msg/_mask_s.c
[13.808s] -- Symlinking: /home/ayaan/sim_ws/install/yolo_msgs/local/lib/python3.10/dist-packages/yolo_msgs/msg/_point2_d.py
[13.816s] -- Symlinking: /home/ayaan/sim_ws/install/yolo_msgs/local/lib/python3.10/dist-packages/yolo_msgs/msg/_point2_d_s.c
[13.824s] -- Symlinking: /home/ayaan/sim_ws/install/yolo_msgs/local/lib/python3.10/dist-packages/yolo_msgs/msg/_pose2_d.py
[13.831s] -- Symlinking: /home/ayaan/sim_ws/install/yolo_msgs/local/lib/python3.10/dist-packages/yolo_msgs/msg/_pose2_d_s.c
[13.839s] -- Symlinking: /home/ayaan/sim_ws/install/yolo_msgs/local/lib/python3.10/dist-packages/yolo_msgs/msg/_vector2.py
[13.847s] -- Symlinking: /home/ayaan/sim_ws/install/yolo_msgs/local/lib/python3.10/dist-packages/yolo_msgs/msg/_vector2_s.c
[13.854s] -- Symlinking: /home/ayaan/sim_ws/install/yolo_msgs/local/lib/python3.10/dist-packages/yolo_msgs/srv/__init__.py
[13.862s] -- Symlinking: /home/ayaan/sim_ws/install/yolo_msgs/local/lib/python3.10/dist-packages/yolo_msgs/srv/_set_classes.py
[13.870s] -- Symlinking: /home/ayaan/sim_ws/install/yolo_msgs/local/lib/python3.10/dist-packages/yolo_msgs/srv/_set_classes_s.c
[13.878s] -- Symlinking: /home/ayaan/sim_ws/install/yolo_msgs/local/lib/python3.10/dist-packages/yolo_msgs/yolo_msgs_s__rosidl_typesupport_c.cpython-310-x86_64-linux-gnu.so
[13.885s] -- Symlinking: /home/ayaan/sim_ws/install/yolo_msgs/local/lib/python3.10/dist-packages/yolo_msgs/yolo_msgs_s__rosidl_typesupport_fastrtps_c.cpython-310-x86_64-linux-gnu.so
[13.893s] -- Symlinking: /home/ayaan/sim_ws/install/yolo_msgs/local/lib/python3.10/dist-packages/yolo_msgs/yolo_msgs_s__rosidl_typesupport_introspection_c.cpython-310-x86_64-linux-gnu.so
[13.901s] -- Up-to-date symlink: /home/ayaan/sim_ws/install/yolo_msgs/local/lib/python3.10/dist-packages/yolo_msgs/yolo_msgs_s__rosidl_typesupport_fastrtps_c.cpython-310-x86_64-linux-gnu.so
[13.901s] -- Up-to-date symlink: /home/ayaan/sim_ws/install/yolo_msgs/local/lib/python3.10/dist-packages/yolo_msgs/yolo_msgs_s__rosidl_typesupport_introspection_c.cpython-310-x86_64-linux-gnu.so
[13.901s] -- Up-to-date symlink: /home/ayaan/sim_ws/install/yolo_msgs/local/lib/python3.10/dist-packages/yolo_msgs/yolo_msgs_s__rosidl_typesupport_c.cpython-310-x86_64-linux-gnu.so
[13.901s] -- Symlinking: /home/ayaan/sim_ws/install/yolo_msgs/share/yolo_msgs/msg/Point2D.idl
[13.909s] -- Symlinking: /home/ayaan/sim_ws/install/yolo_msgs/share/yolo_msgs/msg/Vector2.idl
[13.917s] -- Symlinking: /home/ayaan/sim_ws/install/yolo_msgs/share/yolo_msgs/msg/Pose2D.idl
[13.924s] -- Symlinking: /home/ayaan/sim_ws/install/yolo_msgs/share/yolo_msgs/msg/BoundingBox2D.idl
[13.932s] -- Symlinking: /home/ayaan/sim_ws/install/yolo_msgs/share/yolo_msgs/msg/BoundingBox3D.idl
[13.940s] -- Symlinking: /home/ayaan/sim_ws/install/yolo_msgs/share/yolo_msgs/msg/Mask.idl
[13.948s] -- Symlinking: /home/ayaan/sim_ws/install/yolo_msgs/share/yolo_msgs/msg/KeyPoint2D.idl
[13.956s] -- Symlinking: /home/ayaan/sim_ws/install/yolo_msgs/share/yolo_msgs/msg/KeyPoint2DArray.idl
[13.964s] -- Symlinking: /home/ayaan/sim_ws/install/yolo_msgs/share/yolo_msgs/msg/KeyPoint3D.idl
[13.972s] -- Symlinking: /home/ayaan/sim_ws/install/yolo_msgs/share/yolo_msgs/msg/KeyPoint3DArray.idl
[13.980s] -- Symlinking: /home/ayaan/sim_ws/install/yolo_msgs/share/yolo_msgs/msg/Detection.idl
[13.988s] -- Symlinking: /home/ayaan/sim_ws/install/yolo_msgs/share/yolo_msgs/msg/DetectionArray.idl
[13.996s] -- Symlinking: /home/ayaan/sim_ws/install/yolo_msgs/share/yolo_msgs/srv/SetClasses.idl
[14.003s] -- Symlinking: /home/ayaan/sim_ws/install/yolo_msgs/share/yolo_msgs/msg/Point2D.msg
[14.011s] -- Symlinking: /home/ayaan/sim_ws/install/yolo_msgs/share/yolo_msgs/msg/Vector2.msg
[14.018s] -- Symlinking: /home/ayaan/sim_ws/install/yolo_msgs/share/yolo_msgs/msg/Pose2D.msg
[14.026s] -- Symlinking: /home/ayaan/sim_ws/install/yolo_msgs/share/yolo_msgs/msg/BoundingBox2D.msg
[14.034s] -- Symlinking: /home/ayaan/sim_ws/install/yolo_msgs/share/yolo_msgs/msg/BoundingBox3D.msg
[14.042s] -- Symlinking: /home/ayaan/sim_ws/install/yolo_msgs/share/yolo_msgs/msg/Mask.msg
[14.050s] -- Symlinking: /home/ayaan/sim_ws/install/yolo_msgs/share/yolo_msgs/msg/KeyPoint2D.msg
[14.058s] -- Symlinking: /home/ayaan/sim_ws/install/yolo_msgs/share/yolo_msgs/msg/KeyPoint2DArray.msg
[14.066s] -- Symlinking: /home/ayaan/sim_ws/install/yolo_msgs/share/yolo_msgs/msg/KeyPoint3D.msg
[14.073s] -- Symlinking: /home/ayaan/sim_ws/install/yolo_msgs/share/yolo_msgs/msg/KeyPoint3DArray.msg
[14.081s] -- Symlinking: /home/ayaan/sim_ws/install/yolo_msgs/share/yolo_msgs/msg/Detection.msg
[14.089s] -- Symlinking: /home/ayaan/sim_ws/install/yolo_msgs/share/yolo_msgs/msg/DetectionArray.msg
[14.097s] -- Symlinking: /home/ayaan/sim_ws/install/yolo_msgs/share/yolo_msgs/srv/SetClasses.srv
[14.105s] -- Symlinking: /home/ayaan/sim_ws/install/yolo_msgs/share/yolo_msgs/srv/SetClasses_Request.msg
[14.112s] -- Symlinking: /home/ayaan/sim_ws/install/yolo_msgs/share/yolo_msgs/srv/SetClasses_Response.msg
[14.119s] -- Symlinking: /home/ayaan/sim_ws/install/yolo_msgs/share/ament_index/resource_index/package_run_dependencies/yolo_msgs
[14.127s] -- Symlinking: /home/ayaan/sim_ws/install/yolo_msgs/share/ament_index/resource_index/parent_prefix_path/yolo_msgs
[14.134s] -- Symlinking: /home/ayaan/sim_ws/install/yolo_msgs/share/yolo_msgs/environment/ament_prefix_path.sh
[14.142s] -- Symlinking: /home/ayaan/sim_ws/install/yolo_msgs/share/yolo_msgs/environment/ament_prefix_path.dsv
[14.149s] -- Symlinking: /home/ayaan/sim_ws/install/yolo_msgs/share/yolo_msgs/environment/path.sh
[14.157s] -- Symlinking: /home/ayaan/sim_ws/install/yolo_msgs/share/yolo_msgs/environment/path.dsv
[14.164s] -- Symlinking: /home/ayaan/sim_ws/install/yolo_msgs/share/yolo_msgs/local_setup.bash
[14.172s] -- Symlinking: /home/ayaan/sim_ws/install/yolo_msgs/share/yolo_msgs/local_setup.sh
[14.180s] -- Symlinking: /home/ayaan/sim_ws/install/yolo_msgs/share/yolo_msgs/local_setup.zsh
[14.187s] -- Symlinking: /home/ayaan/sim_ws/install/yolo_msgs/share/yolo_msgs/local_setup.dsv
[14.195s] -- Symlinking: /home/ayaan/sim_ws/install/yolo_msgs/share/yolo_msgs/package.dsv
[14.203s] -- Symlinking: /home/ayaan/sim_ws/install/yolo_msgs/share/ament_index/resource_index/packages/yolo_msgs
[14.210s] -- Symlinking: /home/ayaan/sim_ws/install/yolo_msgs/share/yolo_msgs/cmake/rosidl_cmake-extras.cmake
[14.218s] -- Symlinking: /home/ayaan/sim_ws/install/yolo_msgs/share/yolo_msgs/cmake/ament_cmake_export_dependencies-extras.cmake
[14.226s] -- Symlinking: /home/ayaan/sim_ws/install/yolo_msgs/share/yolo_msgs/cmake/ament_cmake_export_include_directories-extras.cmake
[14.234s] -- Symlinking: /home/ayaan/sim_ws/install/yolo_msgs/share/yolo_msgs/cmake/ament_cmake_export_libraries-extras.cmake
[14.241s] -- Symlinking: /home/ayaan/sim_ws/install/yolo_msgs/share/yolo_msgs/cmake/ament_cmake_export_targets-extras.cmake
[14.249s] -- Symlinking: /home/ayaan/sim_ws/install/yolo_msgs/share/yolo_msgs/cmake/rosidl_cmake_export_typesupport_targets-extras.cmake
[14.257s] -- Symlinking: /home/ayaan/sim_ws/install/yolo_msgs/share/yolo_msgs/cmake/rosidl_cmake_export_typesupport_libraries-extras.cmake
[14.265s] -- Symlinking: /home/ayaan/sim_ws/install/yolo_msgs/share/yolo_msgs/cmake/yolo_msgsConfig.cmake
[14.272s] -- Symlinking: /home/ayaan/sim_ws/install/yolo_msgs/share/yolo_msgs/cmake/yolo_msgsConfig-version.cmake
[14.281s] -- Symlinking: /home/ayaan/sim_ws/install/yolo_msgs/share/yolo_msgs/package.xml
[14.288s] -- Installing: /home/ayaan/sim_ws/install/yolo_msgs/lib/libyolo_msgs__rosidl_generator_c.so
[14.288s] -- Set runtime path of "/home/ayaan/sim_ws/install/yolo_msgs/lib/libyolo_msgs__rosidl_generator_c.so" to ""
[14.289s] -- Installing: /home/ayaan/sim_ws/install/yolo_msgs/lib/libyolo_msgs__rosidl_typesupport_fastrtps_c.so
[14.289s] -- Set runtime path of "/home/ayaan/sim_ws/install/yolo_msgs/lib/libyolo_msgs__rosidl_typesupport_fastrtps_c.so" to ""
[14.289s] -- Installing: /home/ayaan/sim_ws/install/yolo_msgs/lib/libyolo_msgs__rosidl_typesupport_introspection_c.so
[14.289s] -- Set runtime path of "/home/ayaan/sim_ws/install/yolo_msgs/lib/libyolo_msgs__rosidl_typesupport_introspection_c.so" to ""
[14.289s] -- Installing: /home/ayaan/sim_ws/install/yolo_msgs/lib/libyolo_msgs__rosidl_typesupport_c.so
[14.289s] -- Set runtime path of "/home/ayaan/sim_ws/install/yolo_msgs/lib/libyolo_msgs__rosidl_typesupport_c.so" to ""
[14.289s] -- Installing: /home/ayaan/sim_ws/install/yolo_msgs/lib/libyolo_msgs__rosidl_typesupport_fastrtps_cpp.so
[14.290s] -- Set runtime path of "/home/ayaan/sim_ws/install/yolo_msgs/lib/libyolo_msgs__rosidl_typesupport_fastrtps_cpp.so" to ""
[14.290s] -- Installing: /home/ayaan/sim_ws/install/yolo_msgs/lib/libyolo_msgs__rosidl_typesupport_introspection_cpp.so
[14.290s] -- Set runtime path of "/home/ayaan/sim_ws/install/yolo_msgs/lib/libyolo_msgs__rosidl_typesupport_introspection_cpp.so" to ""
[14.290s] -- Installing: /home/ayaan/sim_ws/install/yolo_msgs/lib/libyolo_msgs__rosidl_typesupport_cpp.so
[14.290s] -- Set runtime path of "/home/ayaan/sim_ws/install/yolo_msgs/lib/libyolo_msgs__rosidl_typesupport_cpp.so" to ""
[14.337s] Listing '/home/ayaan/sim_ws/install/yolo_msgs/local/lib/python3.10/dist-packages/yolo_msgs'...
[14.337s] Compiling '/home/ayaan/sim_ws/install/yolo_msgs/local/lib/python3.10/dist-packages/yolo_msgs/__init__.py'...
[14.337s] Listing '/home/ayaan/sim_ws/install/yolo_msgs/local/lib/python3.10/dist-packages/yolo_msgs/msg'...
[14.337s] Compiling '/home/ayaan/sim_ws/install/yolo_msgs/local/lib/python3.10/dist-packages/yolo_msgs/msg/__init__.py'...
[14.337s] Compiling '/home/ayaan/sim_ws/install/yolo_msgs/local/lib/python3.10/dist-packages/yolo_msgs/msg/_bounding_box2_d.py'...
[14.337s] Compiling '/home/ayaan/sim_ws/install/yolo_msgs/local/lib/python3.10/dist-packages/yolo_msgs/msg/_bounding_box3_d.py'...
[14.338s] Compiling '/home/ayaan/sim_ws/install/yolo_msgs/local/lib/python3.10/dist-packages/yolo_msgs/msg/_detection.py'...
[14.338s] Compiling '/home/ayaan/sim_ws/install/yolo_msgs/local/lib/python3.10/dist-packages/yolo_msgs/msg/_detection_array.py'...
[14.338s] Compiling '/home/ayaan/sim_ws/install/yolo_msgs/local/lib/python3.10/dist-packages/yolo_msgs/msg/_key_point2_d.py'...
[14.338s] Compiling '/home/ayaan/sim_ws/install/yolo_msgs/local/lib/python3.10/dist-packages/yolo_msgs/msg/_key_point2_d_array.py'...
[14.338s] Compiling '/home/ayaan/sim_ws/install/yolo_msgs/local/lib/python3.10/dist-packages/yolo_msgs/msg/_key_point3_d.py'...
[14.338s] Compiling '/home/ayaan/sim_ws/install/yolo_msgs/local/lib/python3.10/dist-packages/yolo_msgs/msg/_key_point3_d_array.py'...
[14.338s] Compiling '/home/ayaan/sim_ws/install/yolo_msgs/local/lib/python3.10/dist-packages/yolo_msgs/msg/_mask.py'...
[14.338s] Compiling '/home/ayaan/sim_ws/install/yolo_msgs/local/lib/python3.10/dist-packages/yolo_msgs/msg/_point2_d.py'...
[14.338s] Compiling '/home/ayaan/sim_ws/install/yolo_msgs/local/lib/python3.10/dist-packages/yolo_msgs/msg/_pose2_d.py'...
[14.338s] Compiling '/home/ayaan/sim_ws/install/yolo_msgs/local/lib/python3.10/dist-packages/yolo_msgs/msg/_vector2.py'...
[14.338s] Listing '/home/ayaan/sim_ws/install/yolo_msgs/local/lib/python3.10/dist-packages/yolo_msgs/srv'...
[14.338s] Compiling '/home/ayaan/sim_ws/install/yolo_msgs/local/lib/python3.10/dist-packages/yolo_msgs/srv/__init__.py'...
[14.338s] Compiling '/home/ayaan/sim_ws/install/yolo_msgs/local/lib/python3.10/dist-packages/yolo_msgs/srv/_set_classes.py'...
[14.342s] -- Installing: /home/ayaan/sim_ws/install/yolo_msgs/lib/libyolo_msgs__rosidl_generator_py.so
[14.342s] -- Set runtime path of "/home/ayaan/sim_ws/install/yolo_msgs/lib/libyolo_msgs__rosidl_generator_py.so" to ""
[14.342s] -- Installing: /home/ayaan/sim_ws/install/yolo_msgs/share/yolo_msgs/cmake/export_yolo_msgs__rosidl_generator_cExport.cmake
[14.342s] -- Installing: /home/ayaan/sim_ws/install/yolo_msgs/share/yolo_msgs/cmake/export_yolo_msgs__rosidl_generator_cExport-noconfig.cmake
[14.342s] -- Installing: /home/ayaan/sim_ws/install/yolo_msgs/share/yolo_msgs/cmake/export_yolo_msgs__rosidl_typesupport_fastrtps_cExport.cmake
[14.343s] -- Installing: /home/ayaan/sim_ws/install/yolo_msgs/share/yolo_msgs/cmake/export_yolo_msgs__rosidl_typesupport_fastrtps_cExport-noconfig.cmake
[14.343s] -- Installing: /home/ayaan/sim_ws/install/yolo_msgs/share/yolo_msgs/cmake/yolo_msgs__rosidl_typesupport_introspection_cExport.cmake
[14.343s] -- Installing: /home/ayaan/sim_ws/install/yolo_msgs/share/yolo_msgs/cmake/yolo_msgs__rosidl_typesupport_introspection_cExport-noconfig.cmake
[14.343s] -- Installing: /home/ayaan/sim_ws/install/yolo_msgs/share/yolo_msgs/cmake/yolo_msgs__rosidl_typesupport_cExport.cmake
[14.343s] -- Installing: /home/ayaan/sim_ws/install/yolo_msgs/share/yolo_msgs/cmake/yolo_msgs__rosidl_typesupport_cExport-noconfig.cmake
[14.343s] -- Installing: /home/ayaan/sim_ws/install/yolo_msgs/share/yolo_msgs/cmake/export_yolo_msgs__rosidl_generator_cppExport.cmake
[14.343s] -- Installing: /home/ayaan/sim_ws/install/yolo_msgs/share/yolo_msgs/cmake/export_yolo_msgs__rosidl_typesupport_fastrtps_cppExport.cmake
[14.343s] -- Installing: /home/ayaan/sim_ws/install/yolo_msgs/share/yolo_msgs/cmake/export_yolo_msgs__rosidl_typesupport_fastrtps_cppExport-noconfig.cmake
[14.343s] -- Installing: /home/ayaan/sim_ws/install/yolo_msgs/share/yolo_msgs/cmake/yolo_msgs__rosidl_typesupport_introspection_cppExport.cmake
[14.343s] -- Installing: /home/ayaan/sim_ws/install/yolo_msgs/share/yolo_msgs/cmake/yolo_msgs__rosidl_typesupport_introspection_cppExport-noconfig.cmake
[14.344s] -- Installing: /home/ayaan/sim_ws/install/yolo_msgs/share/yolo_msgs/cmake/yolo_msgs__rosidl_typesupport_cppExport.cmake
[14.344s] -- Installing: /home/ayaan/sim_ws/install/yolo_msgs/share/yolo_msgs/cmake/yolo_msgs__rosidl_typesupport_cppExport-noconfig.cmake
[14.344s] -- Installing: /home/ayaan/sim_ws/install/yolo_msgs/share/yolo_msgs/cmake/export_yolo_msgs__rosidl_generator_pyExport.cmake
[14.344s] -- Installing: /home/ayaan/sim_ws/install/yolo_msgs/share/yolo_msgs/cmake/export_yolo_msgs__rosidl_generator_pyExport-noconfig.cmake
[14.346s] Invoked command in '/home/ayaan/sim_ws/build/yolo_msgs' returned '0': CMAKE_PREFIX_PATH=${CMAKE_PREFIX_PATH}:/home/ayaan/sim_ws/install/yolo_ros:/home/ayaan/sim_ws/install/sim_lobby_classic:/home/ayaan/turtlebot3_ws/install/turtlebot3_teleop:/home/ayaan/turtlebot3_ws/install/turtlebot3_example:/opt/ros/humble /usr/bin/cmake --install /home/ayaan/sim_ws/build/yolo_msgs
