[0.022s] Invoking command in '/home/ayaan/sim_ws/build/yolo_msgs': CMAKE_PREFIX_PATH=${CMAKE_PREFIX_PATH}:/home/ayaan/sim_ws/install/yolo_ros:/home/ayaan/sim_ws/install/sim_lobby_classic:/home/ayaan/sim_ws/install/pot_follower:/home/ayaan/turtlebot3_ws/install/turtlebot3_teleop:/home/ayaan/turtlebot3_ws/install/turtlebot3_example:/opt/ros/humble /usr/bin/cmake --build /home/ayaan/sim_ws/build/yolo_msgs -- -j8 -l8
[0.076s] [  0%] Built target yolo_msgs__cpp
[0.081s] [ 12%] Built target yolo_msgs__rosidl_generator_c
[0.085s] [ 12%] Built target ament_cmake_python_symlink_yolo_msgs
[0.118s] [ 24%] Built target yolo_msgs__rosidl_typesupport_c
[0.119s] [ 36%] Built target yolo_msgs__rosidl_typesupport_introspection_c
[0.120s] [ 52%] Built target yolo_msgs__rosidl_typesupport_fastrtps_cpp
[0.121s] [ 60%] Built target yolo_msgs__rosidl_typesupport_introspection_cpp
[0.126s] [ 84%] Built target yolo_msgs__rosidl_typesupport_cpp
[0.126s] [ 84%] Built target yolo_msgs__rosidl_typesupport_fastrtps_c
[0.151s] [ 84%] Built target yolo_msgs
[0.175s] [ 85%] Built target yolo_msgs__py
[0.206s] [ 96%] Built target yolo_msgs__rosidl_generator_py
[0.234s] [ 99%] Built target yolo_msgs__rosidl_typesupport_fastrtps_c__pyext
[0.235s] [ 99%] Built target yolo_msgs__rosidl_typesupport_introspection_c__pyext
[0.246s] [100%] Built target yolo_msgs__rosidl_typesupport_c__pyext
[0.509s] running egg_info
[0.509s] writing yolo_msgs.egg-info/PKG-INFO
[0.510s] writing dependency_links to yolo_msgs.egg-info/dependency_links.txt
[0.510s] writing top-level names to yolo_msgs.egg-info/top_level.txt
[0.515s] reading manifest file 'yolo_msgs.egg-info/SOURCES.txt'
[0.518s] writing manifest file 'yolo_msgs.egg-info/SOURCES.txt'
[0.563s] [100%] Built target ament_cmake_python_build_yolo_msgs_egg
[1.073s] Invoked command in '/home/ayaan/sim_ws/build/yolo_msgs' returned '0': CMAKE_PREFIX_PATH=${CMAKE_PREFIX_PATH}:/home/ayaan/sim_ws/install/yolo_ros:/home/ayaan/sim_ws/install/sim_lobby_classic:/home/ayaan/sim_ws/install/pot_follower:/home/ayaan/turtlebot3_ws/install/turtlebot3_teleop:/home/ayaan/turtlebot3_ws/install/turtlebot3_example:/opt/ros/humble /usr/bin/cmake --build /home/ayaan/sim_ws/build/yolo_msgs -- -j8 -l8
[1.077s] Invoking command in '/home/ayaan/sim_ws/build/yolo_msgs': CMAKE_PREFIX_PATH=${CMAKE_PREFIX_PATH}:/home/ayaan/sim_ws/install/yolo_ros:/home/ayaan/sim_ws/install/sim_lobby_classic:/home/ayaan/sim_ws/install/pot_follower:/home/ayaan/turtlebot3_ws/install/turtlebot3_teleop:/home/ayaan/turtlebot3_ws/install/turtlebot3_example:/opt/ros/humble /usr/bin/cmake --install /home/ayaan/sim_ws/build/yolo_msgs
[1.089s] -- Install configuration: ""
[1.090s] -- Execute custom install script
[1.090s] -- Up-to-date symlink: /home/ayaan/sim_ws/install/yolo_msgs/share/ament_index/resource_index/rosidl_interfaces/yolo_msgs
[1.091s] -- Up-to-date symlink: /home/ayaan/sim_ws/install/yolo_msgs/include/yolo_msgs/yolo_msgs/msg/bounding_box2_d.h
[1.092s] -- Up-to-date symlink: /home/ayaan/sim_ws/install/yolo_msgs/include/yolo_msgs/yolo_msgs/msg/bounding_box3_d.h
[1.092s] -- Up-to-date symlink: /home/ayaan/sim_ws/install/yolo_msgs/include/yolo_msgs/yolo_msgs/msg/detail/bounding_box2_d__functions.h
[1.092s] -- Up-to-date symlink: /home/ayaan/sim_ws/install/yolo_msgs/include/yolo_msgs/yolo_msgs/msg/detail/bounding_box2_d__struct.h
[1.092s] -- Up-to-date symlink: /home/ayaan/sim_ws/install/yolo_msgs/include/yolo_msgs/yolo_msgs/msg/detail/bounding_box2_d__type_support.h
[1.093s] -- Up-to-date symlink: /home/ayaan/sim_ws/install/yolo_msgs/include/yolo_msgs/yolo_msgs/msg/detail/bounding_box3_d__functions.h
[1.093s] -- Up-to-date symlink: /home/ayaan/sim_ws/install/yolo_msgs/include/yolo_msgs/yolo_msgs/msg/detail/bounding_box3_d__struct.h
[1.093s] -- Up-to-date symlink: /home/ayaan/sim_ws/install/yolo_msgs/include/yolo_msgs/yolo_msgs/msg/detail/bounding_box3_d__type_support.h
[1.093s] -- Up-to-date symlink: /home/ayaan/sim_ws/install/yolo_msgs/include/yolo_msgs/yolo_msgs/msg/detail/detection__functions.h
[1.093s] -- Up-to-date symlink: /home/ayaan/sim_ws/install/yolo_msgs/include/yolo_msgs/yolo_msgs/msg/detail/detection__struct.h
[1.094s] -- Up-to-date symlink: /home/ayaan/sim_ws/install/yolo_msgs/include/yolo_msgs/yolo_msgs/msg/detail/detection__type_support.h
[1.094s] -- Up-to-date symlink: /home/ayaan/sim_ws/install/yolo_msgs/include/yolo_msgs/yolo_msgs/msg/detail/detection_array__functions.h
[1.094s] -- Up-to-date symlink: /home/ayaan/sim_ws/install/yolo_msgs/include/yolo_msgs/yolo_msgs/msg/detail/detection_array__struct.h
[1.094s] -- Up-to-date symlink: /home/ayaan/sim_ws/install/yolo_msgs/include/yolo_msgs/yolo_msgs/msg/detail/detection_array__type_support.h
[1.095s] -- Up-to-date symlink: /home/ayaan/sim_ws/install/yolo_msgs/include/yolo_msgs/yolo_msgs/msg/detail/key_point2_d__functions.h
[1.095s] -- Up-to-date symlink: /home/ayaan/sim_ws/install/yolo_msgs/include/yolo_msgs/yolo_msgs/msg/detail/key_point2_d__struct.h
[1.095s] -- Up-to-date symlink: /home/ayaan/sim_ws/install/yolo_msgs/include/yolo_msgs/yolo_msgs/msg/detail/key_point2_d__type_support.h
[1.095s] -- Up-to-date symlink: /home/ayaan/sim_ws/install/yolo_msgs/include/yolo_msgs/yolo_msgs/msg/detail/key_point2_d_array__functions.h
[1.096s] -- Up-to-date symlink: /home/ayaan/sim_ws/install/yolo_msgs/include/yolo_msgs/yolo_msgs/msg/detail/key_point2_d_array__struct.h
[1.096s] -- Up-to-date symlink: /home/ayaan/sim_ws/install/yolo_msgs/include/yolo_msgs/yolo_msgs/msg/detail/key_point2_d_array__type_support.h
[1.096s] -- Up-to-date symlink: /home/ayaan/sim_ws/install/yolo_msgs/include/yolo_msgs/yolo_msgs/msg/detail/key_point3_d__functions.h
[1.097s] -- Up-to-date symlink: /home/ayaan/sim_ws/install/yolo_msgs/include/yolo_msgs/yolo_msgs/msg/detail/key_point3_d__struct.h
[1.097s] -- Up-to-date symlink: /home/ayaan/sim_ws/install/yolo_msgs/include/yolo_msgs/yolo_msgs/msg/detail/key_point3_d__type_support.h
[1.097s] -- Up-to-date symlink: /home/ayaan/sim_ws/install/yolo_msgs/include/yolo_msgs/yolo_msgs/msg/detail/key_point3_d_array__functions.h
[1.097s] -- Up-to-date symlink: /home/ayaan/sim_ws/install/yolo_msgs/include/yolo_msgs/yolo_msgs/msg/detail/key_point3_d_array__struct.h
[1.097s] -- Up-to-date symlink: /home/ayaan/sim_ws/install/yolo_msgs/include/yolo_msgs/yolo_msgs/msg/detail/key_point3_d_array__type_support.h
[1.097s] -- Up-to-date symlink: /home/ayaan/sim_ws/install/yolo_msgs/include/yolo_msgs/yolo_msgs/msg/detail/mask__functions.h
[1.098s] -- Up-to-date symlink: /home/ayaan/sim_ws/install/yolo_msgs/include/yolo_msgs/yolo_msgs/msg/detail/mask__struct.h
[1.098s] -- Up-to-date symlink: /home/ayaan/sim_ws/install/yolo_msgs/include/yolo_msgs/yolo_msgs/msg/detail/mask__type_support.h
[1.098s] -- Up-to-date symlink: /home/ayaan/sim_ws/install/yolo_msgs/include/yolo_msgs/yolo_msgs/msg/detail/point2_d__functions.h
[1.098s] -- Up-to-date symlink: /home/ayaan/sim_ws/install/yolo_msgs/include/yolo_msgs/yolo_msgs/msg/detail/point2_d__struct.h
[1.098s] -- Up-to-date symlink: /home/ayaan/sim_ws/install/yolo_msgs/include/yolo_msgs/yolo_msgs/msg/detail/point2_d__type_support.h
[1.099s] -- Up-to-date symlink: /home/ayaan/sim_ws/install/yolo_msgs/include/yolo_msgs/yolo_msgs/msg/detail/pose2_d__functions.h
[1.099s] -- Up-to-date symlink: /home/ayaan/sim_ws/install/yolo_msgs/include/yolo_msgs/yolo_msgs/msg/detail/pose2_d__struct.h
[1.099s] -- Up-to-date symlink: /home/ayaan/sim_ws/install/yolo_msgs/include/yolo_msgs/yolo_msgs/msg/detail/pose2_d__type_support.h
[1.099s] -- Up-to-date symlink: /home/ayaan/sim_ws/install/yolo_msgs/include/yolo_msgs/yolo_msgs/msg/detail/vector2__functions.h
[1.099s] -- Up-to-date symlink: /home/ayaan/sim_ws/install/yolo_msgs/include/yolo_msgs/yolo_msgs/msg/detail/vector2__struct.h
[1.100s] -- Up-to-date symlink: /home/ayaan/sim_ws/install/yolo_msgs/include/yolo_msgs/yolo_msgs/msg/detail/vector2__type_support.h
[1.100s] -- Up-to-date symlink: /home/ayaan/sim_ws/install/yolo_msgs/include/yolo_msgs/yolo_msgs/msg/detection.h
[1.100s] -- Up-to-date symlink: /home/ayaan/sim_ws/install/yolo_msgs/include/yolo_msgs/yolo_msgs/msg/detection_array.h
[1.100s] -- Up-to-date symlink: /home/ayaan/sim_ws/install/yolo_msgs/include/yolo_msgs/yolo_msgs/msg/key_point2_d.h
[1.100s] -- Up-to-date symlink: /home/ayaan/sim_ws/install/yolo_msgs/include/yolo_msgs/yolo_msgs/msg/key_point2_d_array.h
[1.101s] -- Up-to-date symlink: /home/ayaan/sim_ws/install/yolo_msgs/include/yolo_msgs/yolo_msgs/msg/key_point3_d.h
[1.101s] -- Up-to-date symlink: /home/ayaan/sim_ws/install/yolo_msgs/include/yolo_msgs/yolo_msgs/msg/key_point3_d_array.h
[1.101s] -- Up-to-date symlink: /home/ayaan/sim_ws/install/yolo_msgs/include/yolo_msgs/yolo_msgs/msg/mask.h
[1.101s] -- Up-to-date symlink: /home/ayaan/sim_ws/install/yolo_msgs/include/yolo_msgs/yolo_msgs/msg/point2_d.h
[1.101s] -- Up-to-date symlink: /home/ayaan/sim_ws/install/yolo_msgs/include/yolo_msgs/yolo_msgs/msg/pose2_d.h
[1.102s] -- Up-to-date symlink: /home/ayaan/sim_ws/install/yolo_msgs/include/yolo_msgs/yolo_msgs/msg/rosidl_generator_c__visibility_control.h
[1.102s] -- Up-to-date symlink: /home/ayaan/sim_ws/install/yolo_msgs/include/yolo_msgs/yolo_msgs/msg/vector2.h
[1.102s] -- Up-to-date symlink: /home/ayaan/sim_ws/install/yolo_msgs/include/yolo_msgs/yolo_msgs/srv/detail/set_classes__functions.h
[1.102s] -- Up-to-date symlink: /home/ayaan/sim_ws/install/yolo_msgs/include/yolo_msgs/yolo_msgs/srv/detail/set_classes__struct.h
[1.103s] -- Up-to-date symlink: /home/ayaan/sim_ws/install/yolo_msgs/include/yolo_msgs/yolo_msgs/srv/detail/set_classes__type_support.h
[1.103s] -- Up-to-date symlink: /home/ayaan/sim_ws/install/yolo_msgs/include/yolo_msgs/yolo_msgs/srv/set_classes.h
[1.103s] -- Up-to-date symlink: /home/ayaan/sim_ws/install/yolo_msgs/share/yolo_msgs/environment/library_path.sh
[1.104s] -- Up-to-date symlink: /home/ayaan/sim_ws/install/yolo_msgs/share/yolo_msgs/environment/library_path.dsv
[1.105s] -- Up-to-date symlink: /home/ayaan/sim_ws/install/yolo_msgs/include/yolo_msgs/yolo_msgs/msg/detail/bounding_box2_d__rosidl_typesupport_fastrtps_c.h
[1.105s] -- Up-to-date symlink: /home/ayaan/sim_ws/install/yolo_msgs/include/yolo_msgs/yolo_msgs/msg/detail/bounding_box3_d__rosidl_typesupport_fastrtps_c.h
[1.105s] -- Up-to-date symlink: /home/ayaan/sim_ws/install/yolo_msgs/include/yolo_msgs/yolo_msgs/msg/detail/detection__rosidl_typesupport_fastrtps_c.h
[1.106s] -- Up-to-date symlink: /home/ayaan/sim_ws/install/yolo_msgs/include/yolo_msgs/yolo_msgs/msg/detail/detection_array__rosidl_typesupport_fastrtps_c.h
[1.106s] -- Up-to-date symlink: /home/ayaan/sim_ws/install/yolo_msgs/include/yolo_msgs/yolo_msgs/msg/detail/key_point2_d__rosidl_typesupport_fastrtps_c.h
[1.106s] -- Up-to-date symlink: /home/ayaan/sim_ws/install/yolo_msgs/include/yolo_msgs/yolo_msgs/msg/detail/key_point2_d_array__rosidl_typesupport_fastrtps_c.h
[1.106s] -- Up-to-date symlink: /home/ayaan/sim_ws/install/yolo_msgs/include/yolo_msgs/yolo_msgs/msg/detail/key_point3_d__rosidl_typesupport_fastrtps_c.h
[1.107s] -- Up-to-date symlink: /home/ayaan/sim_ws/install/yolo_msgs/include/yolo_msgs/yolo_msgs/msg/detail/key_point3_d_array__rosidl_typesupport_fastrtps_c.h
[1.107s] -- Up-to-date symlink: /home/ayaan/sim_ws/install/yolo_msgs/include/yolo_msgs/yolo_msgs/msg/detail/mask__rosidl_typesupport_fastrtps_c.h
[1.107s] -- Up-to-date symlink: /home/ayaan/sim_ws/install/yolo_msgs/include/yolo_msgs/yolo_msgs/msg/detail/point2_d__rosidl_typesupport_fastrtps_c.h
[1.107s] -- Up-to-date symlink: /home/ayaan/sim_ws/install/yolo_msgs/include/yolo_msgs/yolo_msgs/msg/detail/pose2_d__rosidl_typesupport_fastrtps_c.h
[1.107s] -- Up-to-date symlink: /home/ayaan/sim_ws/install/yolo_msgs/include/yolo_msgs/yolo_msgs/msg/detail/vector2__rosidl_typesupport_fastrtps_c.h
[1.107s] -- Up-to-date symlink: /home/ayaan/sim_ws/install/yolo_msgs/include/yolo_msgs/yolo_msgs/msg/rosidl_typesupport_fastrtps_c__visibility_control.h
[1.108s] -- Up-to-date symlink: /home/ayaan/sim_ws/install/yolo_msgs/include/yolo_msgs/yolo_msgs/srv/detail/set_classes__rosidl_typesupport_fastrtps_c.h
[1.109s] -- Up-to-date symlink: /home/ayaan/sim_ws/install/yolo_msgs/include/yolo_msgs/yolo_msgs/msg/detail/bounding_box2_d__rosidl_typesupport_introspection_c.h
[1.109s] -- Up-to-date symlink: /home/ayaan/sim_ws/install/yolo_msgs/include/yolo_msgs/yolo_msgs/msg/detail/bounding_box3_d__rosidl_typesupport_introspection_c.h
[1.109s] -- Up-to-date symlink: /home/ayaan/sim_ws/install/yolo_msgs/include/yolo_msgs/yolo_msgs/msg/detail/detection__rosidl_typesupport_introspection_c.h
[1.109s] -- Up-to-date symlink: /home/ayaan/sim_ws/install/yolo_msgs/include/yolo_msgs/yolo_msgs/msg/detail/detection_array__rosidl_typesupport_introspection_c.h
[1.110s] -- Up-to-date symlink: /home/ayaan/sim_ws/install/yolo_msgs/include/yolo_msgs/yolo_msgs/msg/detail/key_point2_d__rosidl_typesupport_introspection_c.h
[1.110s] -- Up-to-date symlink: /home/ayaan/sim_ws/install/yolo_msgs/include/yolo_msgs/yolo_msgs/msg/detail/key_point2_d_array__rosidl_typesupport_introspection_c.h
[1.110s] -- Up-to-date symlink: /home/ayaan/sim_ws/install/yolo_msgs/include/yolo_msgs/yolo_msgs/msg/detail/key_point3_d__rosidl_typesupport_introspection_c.h
[1.110s] -- Up-to-date symlink: /home/ayaan/sim_ws/install/yolo_msgs/include/yolo_msgs/yolo_msgs/msg/detail/key_point3_d_array__rosidl_typesupport_introspection_c.h
[1.110s] -- Up-to-date symlink: /home/ayaan/sim_ws/install/yolo_msgs/include/yolo_msgs/yolo_msgs/msg/detail/mask__rosidl_typesupport_introspection_c.h
[1.111s] -- Up-to-date symlink: /home/ayaan/sim_ws/install/yolo_msgs/include/yolo_msgs/yolo_msgs/msg/detail/point2_d__rosidl_typesupport_introspection_c.h
[1.111s] -- Up-to-date symlink: /home/ayaan/sim_ws/install/yolo_msgs/include/yolo_msgs/yolo_msgs/msg/detail/pose2_d__rosidl_typesupport_introspection_c.h
[1.111s] -- Up-to-date symlink: /home/ayaan/sim_ws/install/yolo_msgs/include/yolo_msgs/yolo_msgs/msg/detail/vector2__rosidl_typesupport_introspection_c.h
[1.111s] -- Up-to-date symlink: /home/ayaan/sim_ws/install/yolo_msgs/include/yolo_msgs/yolo_msgs/msg/rosidl_typesupport_introspection_c__visibility_control.h
[1.111s] -- Up-to-date symlink: /home/ayaan/sim_ws/install/yolo_msgs/include/yolo_msgs/yolo_msgs/srv/detail/set_classes__rosidl_typesupport_introspection_c.h
[1.113s] -- Up-to-date symlink: /home/ayaan/sim_ws/install/yolo_msgs/include/yolo_msgs/yolo_msgs/msg/bounding_box2_d.hpp
[1.113s] -- Up-to-date symlink: /home/ayaan/sim_ws/install/yolo_msgs/include/yolo_msgs/yolo_msgs/msg/bounding_box3_d.hpp
[1.114s] -- Up-to-date symlink: /home/ayaan/sim_ws/install/yolo_msgs/include/yolo_msgs/yolo_msgs/msg/detail/bounding_box2_d__builder.hpp
[1.114s] -- Up-to-date symlink: /home/ayaan/sim_ws/install/yolo_msgs/include/yolo_msgs/yolo_msgs/msg/detail/bounding_box2_d__struct.hpp
[1.114s] -- Up-to-date symlink: /home/ayaan/sim_ws/install/yolo_msgs/include/yolo_msgs/yolo_msgs/msg/detail/bounding_box2_d__traits.hpp
[1.114s] -- Up-to-date symlink: /home/ayaan/sim_ws/install/yolo_msgs/include/yolo_msgs/yolo_msgs/msg/detail/bounding_box2_d__type_support.hpp
[1.114s] -- Up-to-date symlink: /home/ayaan/sim_ws/install/yolo_msgs/include/yolo_msgs/yolo_msgs/msg/detail/bounding_box3_d__builder.hpp
[1.115s] -- Up-to-date symlink: /home/ayaan/sim_ws/install/yolo_msgs/include/yolo_msgs/yolo_msgs/msg/detail/bounding_box3_d__struct.hpp
[1.115s] -- Up-to-date symlink: /home/ayaan/sim_ws/install/yolo_msgs/include/yolo_msgs/yolo_msgs/msg/detail/bounding_box3_d__traits.hpp
[1.115s] -- Up-to-date symlink: /home/ayaan/sim_ws/install/yolo_msgs/include/yolo_msgs/yolo_msgs/msg/detail/bounding_box3_d__type_support.hpp
[1.115s] -- Up-to-date symlink: /home/ayaan/sim_ws/install/yolo_msgs/include/yolo_msgs/yolo_msgs/msg/detail/detection__builder.hpp
[1.115s] -- Up-to-date symlink: /home/ayaan/sim_ws/install/yolo_msgs/include/yolo_msgs/yolo_msgs/msg/detail/detection__struct.hpp
[1.115s] -- Up-to-date symlink: /home/ayaan/sim_ws/install/yolo_msgs/include/yolo_msgs/yolo_msgs/msg/detail/detection__traits.hpp
[1.116s] -- Up-to-date symlink: /home/ayaan/sim_ws/install/yolo_msgs/include/yolo_msgs/yolo_msgs/msg/detail/detection__type_support.hpp
[1.116s] -- Up-to-date symlink: /home/ayaan/sim_ws/install/yolo_msgs/include/yolo_msgs/yolo_msgs/msg/detail/detection_array__builder.hpp
[1.116s] -- Up-to-date symlink: /home/ayaan/sim_ws/install/yolo_msgs/include/yolo_msgs/yolo_msgs/msg/detail/detection_array__struct.hpp
[1.116s] -- Up-to-date symlink: /home/ayaan/sim_ws/install/yolo_msgs/include/yolo_msgs/yolo_msgs/msg/detail/detection_array__traits.hpp
[1.116s] -- Up-to-date symlink: /home/ayaan/sim_ws/install/yolo_msgs/include/yolo_msgs/yolo_msgs/msg/detail/detection_array__type_support.hpp
[1.117s] -- Up-to-date symlink: /home/ayaan/sim_ws/install/yolo_msgs/include/yolo_msgs/yolo_msgs/msg/detail/key_point2_d__builder.hpp
[1.117s] -- Up-to-date symlink: /home/ayaan/sim_ws/install/yolo_msgs/include/yolo_msgs/yolo_msgs/msg/detail/key_point2_d__struct.hpp
[1.117s] -- Up-to-date symlink: /home/ayaan/sim_ws/install/yolo_msgs/include/yolo_msgs/yolo_msgs/msg/detail/key_point2_d__traits.hpp
[1.117s] -- Up-to-date symlink: /home/ayaan/sim_ws/install/yolo_msgs/include/yolo_msgs/yolo_msgs/msg/detail/key_point2_d__type_support.hpp
[1.117s] -- Up-to-date symlink: /home/ayaan/sim_ws/install/yolo_msgs/include/yolo_msgs/yolo_msgs/msg/detail/key_point2_d_array__builder.hpp
[1.118s] -- Up-to-date symlink: /home/ayaan/sim_ws/install/yolo_msgs/include/yolo_msgs/yolo_msgs/msg/detail/key_point2_d_array__struct.hpp
[1.118s] -- Up-to-date symlink: /home/ayaan/sim_ws/install/yolo_msgs/include/yolo_msgs/yolo_msgs/msg/detail/key_point2_d_array__traits.hpp
[1.118s] -- Up-to-date symlink: /home/ayaan/sim_ws/install/yolo_msgs/include/yolo_msgs/yolo_msgs/msg/detail/key_point2_d_array__type_support.hpp
[1.118s] -- Up-to-date symlink: /home/ayaan/sim_ws/install/yolo_msgs/include/yolo_msgs/yolo_msgs/msg/detail/key_point3_d__builder.hpp
[1.118s] -- Up-to-date symlink: /home/ayaan/sim_ws/install/yolo_msgs/include/yolo_msgs/yolo_msgs/msg/detail/key_point3_d__struct.hpp
[1.118s] -- Up-to-date symlink: /home/ayaan/sim_ws/install/yolo_msgs/include/yolo_msgs/yolo_msgs/msg/detail/key_point3_d__traits.hpp
[1.119s] -- Up-to-date symlink: /home/ayaan/sim_ws/install/yolo_msgs/include/yolo_msgs/yolo_msgs/msg/detail/key_point3_d__type_support.hpp
[1.119s] -- Up-to-date symlink: /home/ayaan/sim_ws/install/yolo_msgs/include/yolo_msgs/yolo_msgs/msg/detail/key_point3_d_array__builder.hpp
[1.119s] -- Up-to-date symlink: /home/ayaan/sim_ws/install/yolo_msgs/include/yolo_msgs/yolo_msgs/msg/detail/key_point3_d_array__struct.hpp
[1.119s] -- Up-to-date symlink: /home/ayaan/sim_ws/install/yolo_msgs/include/yolo_msgs/yolo_msgs/msg/detail/key_point3_d_array__traits.hpp
[1.119s] -- Up-to-date symlink: /home/ayaan/sim_ws/install/yolo_msgs/include/yolo_msgs/yolo_msgs/msg/detail/key_point3_d_array__type_support.hpp
[1.120s] -- Up-to-date symlink: /home/ayaan/sim_ws/install/yolo_msgs/include/yolo_msgs/yolo_msgs/msg/detail/mask__builder.hpp
[1.120s] -- Up-to-date symlink: /home/ayaan/sim_ws/install/yolo_msgs/include/yolo_msgs/yolo_msgs/msg/detail/mask__struct.hpp
[1.120s] -- Up-to-date symlink: /home/ayaan/sim_ws/install/yolo_msgs/include/yolo_msgs/yolo_msgs/msg/detail/mask__traits.hpp
[1.120s] -- Up-to-date symlink: /home/ayaan/sim_ws/install/yolo_msgs/include/yolo_msgs/yolo_msgs/msg/detail/mask__type_support.hpp
[1.120s] -- Up-to-date symlink: /home/ayaan/sim_ws/install/yolo_msgs/include/yolo_msgs/yolo_msgs/msg/detail/point2_d__builder.hpp
[1.120s] -- Up-to-date symlink: /home/ayaan/sim_ws/install/yolo_msgs/include/yolo_msgs/yolo_msgs/msg/detail/point2_d__struct.hpp
[1.121s] -- Up-to-date symlink: /home/ayaan/sim_ws/install/yolo_msgs/include/yolo_msgs/yolo_msgs/msg/detail/point2_d__traits.hpp
[1.121s] -- Up-to-date symlink: /home/ayaan/sim_ws/install/yolo_msgs/include/yolo_msgs/yolo_msgs/msg/detail/point2_d__type_support.hpp
[1.121s] -- Up-to-date symlink: /home/ayaan/sim_ws/install/yolo_msgs/include/yolo_msgs/yolo_msgs/msg/detail/pose2_d__builder.hpp
[1.121s] -- Up-to-date symlink: /home/ayaan/sim_ws/install/yolo_msgs/include/yolo_msgs/yolo_msgs/msg/detail/pose2_d__struct.hpp
[1.122s] -- Up-to-date symlink: /home/ayaan/sim_ws/install/yolo_msgs/include/yolo_msgs/yolo_msgs/msg/detail/pose2_d__traits.hpp
[1.122s] -- Up-to-date symlink: /home/ayaan/sim_ws/install/yolo_msgs/include/yolo_msgs/yolo_msgs/msg/detail/pose2_d__type_support.hpp
[1.122s] -- Up-to-date symlink: /home/ayaan/sim_ws/install/yolo_msgs/include/yolo_msgs/yolo_msgs/msg/detail/vector2__builder.hpp
[1.122s] -- Up-to-date symlink: /home/ayaan/sim_ws/install/yolo_msgs/include/yolo_msgs/yolo_msgs/msg/detail/vector2__struct.hpp
[1.122s] -- Up-to-date symlink: /home/ayaan/sim_ws/install/yolo_msgs/include/yolo_msgs/yolo_msgs/msg/detail/vector2__traits.hpp
[1.122s] -- Up-to-date symlink: /home/ayaan/sim_ws/install/yolo_msgs/include/yolo_msgs/yolo_msgs/msg/detail/vector2__type_support.hpp
[1.123s] -- Up-to-date symlink: /home/ayaan/sim_ws/install/yolo_msgs/include/yolo_msgs/yolo_msgs/msg/detection.hpp
[1.123s] -- Up-to-date symlink: /home/ayaan/sim_ws/install/yolo_msgs/include/yolo_msgs/yolo_msgs/msg/detection_array.hpp
[1.123s] -- Up-to-date symlink: /home/ayaan/sim_ws/install/yolo_msgs/include/yolo_msgs/yolo_msgs/msg/key_point2_d.hpp
[1.124s] -- Up-to-date symlink: /home/ayaan/sim_ws/install/yolo_msgs/include/yolo_msgs/yolo_msgs/msg/key_point2_d_array.hpp
[1.124s] -- Up-to-date symlink: /home/ayaan/sim_ws/install/yolo_msgs/include/yolo_msgs/yolo_msgs/msg/key_point3_d.hpp
[1.124s] -- Up-to-date symlink: /home/ayaan/sim_ws/install/yolo_msgs/include/yolo_msgs/yolo_msgs/msg/key_point3_d_array.hpp
[1.124s] -- Up-to-date symlink: /home/ayaan/sim_ws/install/yolo_msgs/include/yolo_msgs/yolo_msgs/msg/mask.hpp
[1.125s] -- Up-to-date symlink: /home/ayaan/sim_ws/install/yolo_msgs/include/yolo_msgs/yolo_msgs/msg/point2_d.hpp
[1.125s] -- Up-to-date symlink: /home/ayaan/sim_ws/install/yolo_msgs/include/yolo_msgs/yolo_msgs/msg/pose2_d.hpp
[1.125s] -- Up-to-date symlink: /home/ayaan/sim_ws/install/yolo_msgs/include/yolo_msgs/yolo_msgs/msg/rosidl_generator_cpp__visibility_control.hpp
[1.125s] -- Up-to-date symlink: /home/ayaan/sim_ws/install/yolo_msgs/include/yolo_msgs/yolo_msgs/msg/vector2.hpp
[1.126s] -- Up-to-date symlink: /home/ayaan/sim_ws/install/yolo_msgs/include/yolo_msgs/yolo_msgs/srv/detail/set_classes__builder.hpp
[1.126s] -- Up-to-date symlink: /home/ayaan/sim_ws/install/yolo_msgs/include/yolo_msgs/yolo_msgs/srv/detail/set_classes__struct.hpp
[1.126s] -- Up-to-date symlink: /home/ayaan/sim_ws/install/yolo_msgs/include/yolo_msgs/yolo_msgs/srv/detail/set_classes__traits.hpp
[1.126s] -- Up-to-date symlink: /home/ayaan/sim_ws/install/yolo_msgs/include/yolo_msgs/yolo_msgs/srv/detail/set_classes__type_support.hpp
[1.126s] -- Up-to-date symlink: /home/ayaan/sim_ws/install/yolo_msgs/include/yolo_msgs/yolo_msgs/srv/set_classes.hpp
[1.127s] -- Up-to-date symlink: /home/ayaan/sim_ws/install/yolo_msgs/include/yolo_msgs/yolo_msgs/msg/detail/bounding_box2_d__rosidl_typesupport_fastrtps_cpp.hpp
[1.128s] -- Up-to-date symlink: /home/ayaan/sim_ws/install/yolo_msgs/include/yolo_msgs/yolo_msgs/msg/detail/bounding_box3_d__rosidl_typesupport_fastrtps_cpp.hpp
[1.128s] -- Up-to-date symlink: /home/ayaan/sim_ws/install/yolo_msgs/include/yolo_msgs/yolo_msgs/msg/detail/detection__rosidl_typesupport_fastrtps_cpp.hpp
[1.128s] -- Up-to-date symlink: /home/ayaan/sim_ws/install/yolo_msgs/include/yolo_msgs/yolo_msgs/msg/detail/detection_array__rosidl_typesupport_fastrtps_cpp.hpp
[1.128s] -- Up-to-date symlink: /home/ayaan/sim_ws/install/yolo_msgs/include/yolo_msgs/yolo_msgs/msg/detail/key_point2_d__rosidl_typesupport_fastrtps_cpp.hpp
[1.129s] -- Up-to-date symlink: /home/ayaan/sim_ws/install/yolo_msgs/include/yolo_msgs/yolo_msgs/msg/detail/key_point2_d_array__rosidl_typesupport_fastrtps_cpp.hpp
[1.129s] -- Up-to-date symlink: /home/ayaan/sim_ws/install/yolo_msgs/include/yolo_msgs/yolo_msgs/msg/detail/key_point3_d__rosidl_typesupport_fastrtps_cpp.hpp
[1.129s] -- Up-to-date symlink: /home/ayaan/sim_ws/install/yolo_msgs/include/yolo_msgs/yolo_msgs/msg/detail/key_point3_d_array__rosidl_typesupport_fastrtps_cpp.hpp
[1.129s] -- Up-to-date symlink: /home/ayaan/sim_ws/install/yolo_msgs/include/yolo_msgs/yolo_msgs/msg/detail/mask__rosidl_typesupport_fastrtps_cpp.hpp
[1.129s] -- Up-to-date symlink: /home/ayaan/sim_ws/install/yolo_msgs/include/yolo_msgs/yolo_msgs/msg/detail/point2_d__rosidl_typesupport_fastrtps_cpp.hpp
[1.130s] -- Up-to-date symlink: /home/ayaan/sim_ws/install/yolo_msgs/include/yolo_msgs/yolo_msgs/msg/detail/pose2_d__rosidl_typesupport_fastrtps_cpp.hpp
[1.130s] -- Up-to-date symlink: /home/ayaan/sim_ws/install/yolo_msgs/include/yolo_msgs/yolo_msgs/msg/detail/vector2__rosidl_typesupport_fastrtps_cpp.hpp
[1.130s] -- Up-to-date symlink: /home/ayaan/sim_ws/install/yolo_msgs/include/yolo_msgs/yolo_msgs/msg/rosidl_typesupport_fastrtps_cpp__visibility_control.h
[1.131s] -- Up-to-date symlink: /home/ayaan/sim_ws/install/yolo_msgs/include/yolo_msgs/yolo_msgs/srv/detail/set_classes__rosidl_typesupport_fastrtps_cpp.hpp
[1.131s] -- Up-to-date symlink: /home/ayaan/sim_ws/install/yolo_msgs/include/yolo_msgs/yolo_msgs/msg/detail/bounding_box2_d__rosidl_typesupport_introspection_cpp.hpp
[1.132s] -- Up-to-date symlink: /home/ayaan/sim_ws/install/yolo_msgs/include/yolo_msgs/yolo_msgs/msg/detail/bounding_box3_d__rosidl_typesupport_introspection_cpp.hpp
[1.132s] -- Up-to-date symlink: /home/ayaan/sim_ws/install/yolo_msgs/include/yolo_msgs/yolo_msgs/msg/detail/detection__rosidl_typesupport_introspection_cpp.hpp
[1.132s] -- Up-to-date symlink: /home/ayaan/sim_ws/install/yolo_msgs/include/yolo_msgs/yolo_msgs/msg/detail/detection_array__rosidl_typesupport_introspection_cpp.hpp
[1.133s] -- Up-to-date symlink: /home/ayaan/sim_ws/install/yolo_msgs/include/yolo_msgs/yolo_msgs/msg/detail/key_point2_d__rosidl_typesupport_introspection_cpp.hpp
[1.133s] -- Up-to-date symlink: /home/ayaan/sim_ws/install/yolo_msgs/include/yolo_msgs/yolo_msgs/msg/detail/key_point2_d_array__rosidl_typesupport_introspection_cpp.hpp
[1.133s] -- Up-to-date symlink: /home/ayaan/sim_ws/install/yolo_msgs/include/yolo_msgs/yolo_msgs/msg/detail/key_point3_d__rosidl_typesupport_introspection_cpp.hpp
[1.133s] -- Up-to-date symlink: /home/ayaan/sim_ws/install/yolo_msgs/include/yolo_msgs/yolo_msgs/msg/detail/key_point3_d_array__rosidl_typesupport_introspection_cpp.hpp
[1.134s] -- Up-to-date symlink: /home/ayaan/sim_ws/install/yolo_msgs/include/yolo_msgs/yolo_msgs/msg/detail/mask__rosidl_typesupport_introspection_cpp.hpp
[1.134s] -- Up-to-date symlink: /home/ayaan/sim_ws/install/yolo_msgs/include/yolo_msgs/yolo_msgs/msg/detail/point2_d__rosidl_typesupport_introspection_cpp.hpp
[1.134s] -- Up-to-date symlink: /home/ayaan/sim_ws/install/yolo_msgs/include/yolo_msgs/yolo_msgs/msg/detail/pose2_d__rosidl_typesupport_introspection_cpp.hpp
[1.135s] -- Up-to-date symlink: /home/ayaan/sim_ws/install/yolo_msgs/include/yolo_msgs/yolo_msgs/msg/detail/vector2__rosidl_typesupport_introspection_cpp.hpp
[1.135s] -- Up-to-date symlink: /home/ayaan/sim_ws/install/yolo_msgs/include/yolo_msgs/yolo_msgs/srv/detail/set_classes__rosidl_typesupport_introspection_cpp.hpp
[1.135s] -- Up-to-date symlink: /home/ayaan/sim_ws/install/yolo_msgs/share/yolo_msgs/environment/pythonpath.sh
[1.135s] -- Up-to-date symlink: /home/ayaan/sim_ws/install/yolo_msgs/share/yolo_msgs/environment/pythonpath.dsv
[1.136s] -- Up-to-date symlink: /home/ayaan/sim_ws/install/yolo_msgs/local/lib/python3.10/dist-packages/yolo_msgs-4.2.0-py3.10.egg-info/PKG-INFO
[1.136s] -- Up-to-date symlink: /home/ayaan/sim_ws/install/yolo_msgs/local/lib/python3.10/dist-packages/yolo_msgs-4.2.0-py3.10.egg-info/SOURCES.txt
[1.136s] -- Up-to-date symlink: /home/ayaan/sim_ws/install/yolo_msgs/local/lib/python3.10/dist-packages/yolo_msgs-4.2.0-py3.10.egg-info/dependency_links.txt
[1.137s] -- Up-to-date symlink: /home/ayaan/sim_ws/install/yolo_msgs/local/lib/python3.10/dist-packages/yolo_msgs-4.2.0-py3.10.egg-info/top_level.txt
[1.138s] -- Up-to-date symlink: /home/ayaan/sim_ws/install/yolo_msgs/local/lib/python3.10/dist-packages/yolo_msgs/__init__.py
[1.138s] -- Up-to-date symlink: /home/ayaan/sim_ws/install/yolo_msgs/local/lib/python3.10/dist-packages/yolo_msgs/_yolo_msgs_s.ep.rosidl_typesupport_c.c
[1.139s] -- Up-to-date symlink: /home/ayaan/sim_ws/install/yolo_msgs/local/lib/python3.10/dist-packages/yolo_msgs/_yolo_msgs_s.ep.rosidl_typesupport_fastrtps_c.c
[1.139s] -- Up-to-date symlink: /home/ayaan/sim_ws/install/yolo_msgs/local/lib/python3.10/dist-packages/yolo_msgs/_yolo_msgs_s.ep.rosidl_typesupport_introspection_c.c
[1.139s] -- Up-to-date symlink: /home/ayaan/sim_ws/install/yolo_msgs/local/lib/python3.10/dist-packages/yolo_msgs/libyolo_msgs__rosidl_generator_py.so
[1.139s] -- Up-to-date symlink: /home/ayaan/sim_ws/install/yolo_msgs/local/lib/python3.10/dist-packages/yolo_msgs/msg/__init__.py
[1.140s] -- Up-to-date symlink: /home/ayaan/sim_ws/install/yolo_msgs/local/lib/python3.10/dist-packages/yolo_msgs/msg/_bounding_box2_d.py
[1.140s] -- Up-to-date symlink: /home/ayaan/sim_ws/install/yolo_msgs/local/lib/python3.10/dist-packages/yolo_msgs/msg/_bounding_box2_d_s.c
[1.140s] -- Up-to-date symlink: /home/ayaan/sim_ws/install/yolo_msgs/local/lib/python3.10/dist-packages/yolo_msgs/msg/_bounding_box3_d.py
[1.140s] -- Up-to-date symlink: /home/ayaan/sim_ws/install/yolo_msgs/local/lib/python3.10/dist-packages/yolo_msgs/msg/_bounding_box3_d_s.c
[1.141s] -- Up-to-date symlink: /home/ayaan/sim_ws/install/yolo_msgs/local/lib/python3.10/dist-packages/yolo_msgs/msg/_detection.py
[1.141s] -- Up-to-date symlink: /home/ayaan/sim_ws/install/yolo_msgs/local/lib/python3.10/dist-packages/yolo_msgs/msg/_detection_array.py
[1.141s] -- Up-to-date symlink: /home/ayaan/sim_ws/install/yolo_msgs/local/lib/python3.10/dist-packages/yolo_msgs/msg/_detection_array_s.c
[1.141s] -- Up-to-date symlink: /home/ayaan/sim_ws/install/yolo_msgs/local/lib/python3.10/dist-packages/yolo_msgs/msg/_detection_s.c
[1.142s] -- Up-to-date symlink: /home/ayaan/sim_ws/install/yolo_msgs/local/lib/python3.10/dist-packages/yolo_msgs/msg/_key_point2_d.py
[1.142s] -- Up-to-date symlink: /home/ayaan/sim_ws/install/yolo_msgs/local/lib/python3.10/dist-packages/yolo_msgs/msg/_key_point2_d_array.py
[1.142s] -- Up-to-date symlink: /home/ayaan/sim_ws/install/yolo_msgs/local/lib/python3.10/dist-packages/yolo_msgs/msg/_key_point2_d_array_s.c
[1.142s] -- Up-to-date symlink: /home/ayaan/sim_ws/install/yolo_msgs/local/lib/python3.10/dist-packages/yolo_msgs/msg/_key_point2_d_s.c
[1.142s] -- Up-to-date symlink: /home/ayaan/sim_ws/install/yolo_msgs/local/lib/python3.10/dist-packages/yolo_msgs/msg/_key_point3_d.py
[1.143s] -- Up-to-date symlink: /home/ayaan/sim_ws/install/yolo_msgs/local/lib/python3.10/dist-packages/yolo_msgs/msg/_key_point3_d_array.py
[1.143s] -- Up-to-date symlink: /home/ayaan/sim_ws/install/yolo_msgs/local/lib/python3.10/dist-packages/yolo_msgs/msg/_key_point3_d_array_s.c
[1.143s] -- Up-to-date symlink: /home/ayaan/sim_ws/install/yolo_msgs/local/lib/python3.10/dist-packages/yolo_msgs/msg/_key_point3_d_s.c
[1.143s] -- Up-to-date symlink: /home/ayaan/sim_ws/install/yolo_msgs/local/lib/python3.10/dist-packages/yolo_msgs/msg/_mask.py
[1.144s] -- Up-to-date symlink: /home/ayaan/sim_ws/install/yolo_msgs/local/lib/python3.10/dist-packages/yolo_msgs/msg/_mask_s.c
[1.144s] -- Up-to-date symlink: /home/ayaan/sim_ws/install/yolo_msgs/local/lib/python3.10/dist-packages/yolo_msgs/msg/_point2_d.py
[1.144s] -- Up-to-date symlink: /home/ayaan/sim_ws/install/yolo_msgs/local/lib/python3.10/dist-packages/yolo_msgs/msg/_point2_d_s.c
[1.144s] -- Up-to-date symlink: /home/ayaan/sim_ws/install/yolo_msgs/local/lib/python3.10/dist-packages/yolo_msgs/msg/_pose2_d.py
[1.144s] -- Up-to-date symlink: /home/ayaan/sim_ws/install/yolo_msgs/local/lib/python3.10/dist-packages/yolo_msgs/msg/_pose2_d_s.c
[1.145s] -- Up-to-date symlink: /home/ayaan/sim_ws/install/yolo_msgs/local/lib/python3.10/dist-packages/yolo_msgs/msg/_vector2.py
[1.145s] -- Up-to-date symlink: /home/ayaan/sim_ws/install/yolo_msgs/local/lib/python3.10/dist-packages/yolo_msgs/msg/_vector2_s.c
[1.145s] -- Up-to-date symlink: /home/ayaan/sim_ws/install/yolo_msgs/local/lib/python3.10/dist-packages/yolo_msgs/srv/__init__.py
[1.145s] -- Up-to-date symlink: /home/ayaan/sim_ws/install/yolo_msgs/local/lib/python3.10/dist-packages/yolo_msgs/srv/_set_classes.py
[1.146s] -- Up-to-date symlink: /home/ayaan/sim_ws/install/yolo_msgs/local/lib/python3.10/dist-packages/yolo_msgs/srv/_set_classes_s.c
[1.146s] -- Up-to-date symlink: /home/ayaan/sim_ws/install/yolo_msgs/local/lib/python3.10/dist-packages/yolo_msgs/yolo_msgs_s__rosidl_typesupport_c.cpython-310-x86_64-linux-gnu.so
[1.146s] -- Up-to-date symlink: /home/ayaan/sim_ws/install/yolo_msgs/local/lib/python3.10/dist-packages/yolo_msgs/yolo_msgs_s__rosidl_typesupport_fastrtps_c.cpython-310-x86_64-linux-gnu.so
[1.146s] -- Up-to-date symlink: /home/ayaan/sim_ws/install/yolo_msgs/local/lib/python3.10/dist-packages/yolo_msgs/yolo_msgs_s__rosidl_typesupport_introspection_c.cpython-310-x86_64-linux-gnu.so
[1.146s] -- Up-to-date symlink: /home/ayaan/sim_ws/install/yolo_msgs/local/lib/python3.10/dist-packages/yolo_msgs/yolo_msgs_s__rosidl_typesupport_fastrtps_c.cpython-310-x86_64-linux-gnu.so
[1.147s] -- Up-to-date symlink: /home/ayaan/sim_ws/install/yolo_msgs/local/lib/python3.10/dist-packages/yolo_msgs/yolo_msgs_s__rosidl_typesupport_introspection_c.cpython-310-x86_64-linux-gnu.so
[1.147s] -- Up-to-date symlink: /home/ayaan/sim_ws/install/yolo_msgs/local/lib/python3.10/dist-packages/yolo_msgs/yolo_msgs_s__rosidl_typesupport_c.cpython-310-x86_64-linux-gnu.so
[1.147s] -- Up-to-date symlink: /home/ayaan/sim_ws/install/yolo_msgs/share/yolo_msgs/msg/Point2D.idl
[1.148s] -- Up-to-date symlink: /home/ayaan/sim_ws/install/yolo_msgs/share/yolo_msgs/msg/Vector2.idl
[1.148s] -- Up-to-date symlink: /home/ayaan/sim_ws/install/yolo_msgs/share/yolo_msgs/msg/Pose2D.idl
[1.148s] -- Up-to-date symlink: /home/ayaan/sim_ws/install/yolo_msgs/share/yolo_msgs/msg/BoundingBox2D.idl
[1.148s] -- Up-to-date symlink: /home/ayaan/sim_ws/install/yolo_msgs/share/yolo_msgs/msg/BoundingBox3D.idl
[1.149s] -- Up-to-date symlink: /home/ayaan/sim_ws/install/yolo_msgs/share/yolo_msgs/msg/Mask.idl
[1.149s] -- Up-to-date symlink: /home/ayaan/sim_ws/install/yolo_msgs/share/yolo_msgs/msg/KeyPoint2D.idl
[1.149s] -- Up-to-date symlink: /home/ayaan/sim_ws/install/yolo_msgs/share/yolo_msgs/msg/KeyPoint2DArray.idl
[1.149s] -- Up-to-date symlink: /home/ayaan/sim_ws/install/yolo_msgs/share/yolo_msgs/msg/KeyPoint3D.idl
[1.150s] -- Up-to-date symlink: /home/ayaan/sim_ws/install/yolo_msgs/share/yolo_msgs/msg/KeyPoint3DArray.idl
[1.150s] -- Up-to-date symlink: /home/ayaan/sim_ws/install/yolo_msgs/share/yolo_msgs/msg/Detection.idl
[1.150s] -- Up-to-date symlink: /home/ayaan/sim_ws/install/yolo_msgs/share/yolo_msgs/msg/DetectionArray.idl
[1.150s] -- Up-to-date symlink: /home/ayaan/sim_ws/install/yolo_msgs/share/yolo_msgs/srv/SetClasses.idl
[1.151s] -- Up-to-date symlink: /home/ayaan/sim_ws/install/yolo_msgs/share/yolo_msgs/msg/Point2D.msg
[1.151s] -- Up-to-date symlink: /home/ayaan/sim_ws/install/yolo_msgs/share/yolo_msgs/msg/Vector2.msg
[1.151s] -- Up-to-date symlink: /home/ayaan/sim_ws/install/yolo_msgs/share/yolo_msgs/msg/Pose2D.msg
[1.152s] -- Up-to-date symlink: /home/ayaan/sim_ws/install/yolo_msgs/share/yolo_msgs/msg/BoundingBox2D.msg
[1.152s] -- Up-to-date symlink: /home/ayaan/sim_ws/install/yolo_msgs/share/yolo_msgs/msg/BoundingBox3D.msg
[1.152s] -- Up-to-date symlink: /home/ayaan/sim_ws/install/yolo_msgs/share/yolo_msgs/msg/Mask.msg
[1.152s] -- Up-to-date symlink: /home/ayaan/sim_ws/install/yolo_msgs/share/yolo_msgs/msg/KeyPoint2D.msg
[1.153s] -- Up-to-date symlink: /home/ayaan/sim_ws/install/yolo_msgs/share/yolo_msgs/msg/KeyPoint2DArray.msg
[1.153s] -- Up-to-date symlink: /home/ayaan/sim_ws/install/yolo_msgs/share/yolo_msgs/msg/KeyPoint3D.msg
[1.153s] -- Up-to-date symlink: /home/ayaan/sim_ws/install/yolo_msgs/share/yolo_msgs/msg/KeyPoint3DArray.msg
[1.154s] -- Up-to-date symlink: /home/ayaan/sim_ws/install/yolo_msgs/share/yolo_msgs/msg/Detection.msg
[1.154s] -- Up-to-date symlink: /home/ayaan/sim_ws/install/yolo_msgs/share/yolo_msgs/msg/DetectionArray.msg
[1.154s] -- Up-to-date symlink: /home/ayaan/sim_ws/install/yolo_msgs/share/yolo_msgs/srv/SetClasses.srv
[1.154s] -- Up-to-date symlink: /home/ayaan/sim_ws/install/yolo_msgs/share/yolo_msgs/srv/SetClasses_Request.msg
[1.155s] -- Up-to-date symlink: /home/ayaan/sim_ws/install/yolo_msgs/share/yolo_msgs/srv/SetClasses_Response.msg
[1.155s] -- Up-to-date symlink: /home/ayaan/sim_ws/install/yolo_msgs/share/ament_index/resource_index/package_run_dependencies/yolo_msgs
[1.155s] -- Up-to-date symlink: /home/ayaan/sim_ws/install/yolo_msgs/share/ament_index/resource_index/parent_prefix_path/yolo_msgs
[1.156s] -- Up-to-date symlink: /home/ayaan/sim_ws/install/yolo_msgs/share/yolo_msgs/environment/ament_prefix_path.sh
[1.156s] -- Up-to-date symlink: /home/ayaan/sim_ws/install/yolo_msgs/share/yolo_msgs/environment/ament_prefix_path.dsv
[1.157s] -- Up-to-date symlink: /home/ayaan/sim_ws/install/yolo_msgs/share/yolo_msgs/environment/path.sh
[1.157s] -- Up-to-date symlink: /home/ayaan/sim_ws/install/yolo_msgs/share/yolo_msgs/environment/path.dsv
[1.157s] -- Up-to-date symlink: /home/ayaan/sim_ws/install/yolo_msgs/share/yolo_msgs/local_setup.bash
[1.157s] -- Up-to-date symlink: /home/ayaan/sim_ws/install/yolo_msgs/share/yolo_msgs/local_setup.sh
[1.158s] -- Up-to-date symlink: /home/ayaan/sim_ws/install/yolo_msgs/share/yolo_msgs/local_setup.zsh
[1.158s] -- Up-to-date symlink: /home/ayaan/sim_ws/install/yolo_msgs/share/yolo_msgs/local_setup.dsv
[1.158s] -- Symlinking: /home/ayaan/sim_ws/install/yolo_msgs/share/yolo_msgs/package.dsv
[1.174s] -- Up-to-date symlink: /home/ayaan/sim_ws/install/yolo_msgs/share/ament_index/resource_index/packages/yolo_msgs
[1.174s] -- Up-to-date symlink: /home/ayaan/sim_ws/install/yolo_msgs/share/yolo_msgs/cmake/rosidl_cmake-extras.cmake
[1.174s] -- Up-to-date symlink: /home/ayaan/sim_ws/install/yolo_msgs/share/yolo_msgs/cmake/ament_cmake_export_dependencies-extras.cmake
[1.175s] -- Up-to-date symlink: /home/ayaan/sim_ws/install/yolo_msgs/share/yolo_msgs/cmake/ament_cmake_export_include_directories-extras.cmake
[1.175s] -- Up-to-date symlink: /home/ayaan/sim_ws/install/yolo_msgs/share/yolo_msgs/cmake/ament_cmake_export_libraries-extras.cmake
[1.175s] -- Up-to-date symlink: /home/ayaan/sim_ws/install/yolo_msgs/share/yolo_msgs/cmake/ament_cmake_export_targets-extras.cmake
[1.176s] -- Up-to-date symlink: /home/ayaan/sim_ws/install/yolo_msgs/share/yolo_msgs/cmake/rosidl_cmake_export_typesupport_targets-extras.cmake
[1.176s] -- Up-to-date symlink: /home/ayaan/sim_ws/install/yolo_msgs/share/yolo_msgs/cmake/rosidl_cmake_export_typesupport_libraries-extras.cmake
[1.176s] -- Up-to-date symlink: /home/ayaan/sim_ws/install/yolo_msgs/share/yolo_msgs/cmake/yolo_msgsConfig.cmake
[1.176s] -- Up-to-date symlink: /home/ayaan/sim_ws/install/yolo_msgs/share/yolo_msgs/cmake/yolo_msgsConfig-version.cmake
[1.177s] -- Up-to-date symlink: /home/ayaan/sim_ws/install/yolo_msgs/share/yolo_msgs/package.xml
[1.177s] -- Up-to-date: /home/ayaan/sim_ws/install/yolo_msgs/lib/libyolo_msgs__rosidl_generator_c.so
[1.177s] -- Up-to-date: /home/ayaan/sim_ws/install/yolo_msgs/lib/libyolo_msgs__rosidl_typesupport_fastrtps_c.so
[1.178s] -- Up-to-date: /home/ayaan/sim_ws/install/yolo_msgs/lib/libyolo_msgs__rosidl_typesupport_introspection_c.so
[1.178s] -- Up-to-date: /home/ayaan/sim_ws/install/yolo_msgs/lib/libyolo_msgs__rosidl_typesupport_c.so
[1.179s] -- Up-to-date: /home/ayaan/sim_ws/install/yolo_msgs/lib/libyolo_msgs__rosidl_typesupport_fastrtps_cpp.so
[1.179s] -- Up-to-date: /home/ayaan/sim_ws/install/yolo_msgs/lib/libyolo_msgs__rosidl_typesupport_introspection_cpp.so
[1.180s] -- Up-to-date: /home/ayaan/sim_ws/install/yolo_msgs/lib/libyolo_msgs__rosidl_typesupport_cpp.so
[1.260s] Listing '/home/ayaan/sim_ws/install/yolo_msgs/local/lib/python3.10/dist-packages/yolo_msgs'...
[1.261s] Listing '/home/ayaan/sim_ws/install/yolo_msgs/local/lib/python3.10/dist-packages/yolo_msgs/msg'...
[1.261s] Listing '/home/ayaan/sim_ws/install/yolo_msgs/local/lib/python3.10/dist-packages/yolo_msgs/srv'...
[1.271s] -- Up-to-date: /home/ayaan/sim_ws/install/yolo_msgs/lib/libyolo_msgs__rosidl_generator_py.so
[1.272s] -- Up-to-date: /home/ayaan/sim_ws/install/yolo_msgs/share/yolo_msgs/cmake/export_yolo_msgs__rosidl_generator_cExport.cmake
[1.272s] -- Up-to-date: /home/ayaan/sim_ws/install/yolo_msgs/share/yolo_msgs/cmake/export_yolo_msgs__rosidl_generator_cExport-noconfig.cmake
[1.273s] -- Up-to-date: /home/ayaan/sim_ws/install/yolo_msgs/share/yolo_msgs/cmake/export_yolo_msgs__rosidl_typesupport_fastrtps_cExport.cmake
[1.273s] -- Up-to-date: /home/ayaan/sim_ws/install/yolo_msgs/share/yolo_msgs/cmake/export_yolo_msgs__rosidl_typesupport_fastrtps_cExport-noconfig.cmake
[1.273s] -- Up-to-date: /home/ayaan/sim_ws/install/yolo_msgs/share/yolo_msgs/cmake/yolo_msgs__rosidl_typesupport_introspection_cExport.cmake
[1.273s] -- Up-to-date: /home/ayaan/sim_ws/install/yolo_msgs/share/yolo_msgs/cmake/yolo_msgs__rosidl_typesupport_introspection_cExport-noconfig.cmake
[1.274s] -- Up-to-date: /home/ayaan/sim_ws/install/yolo_msgs/share/yolo_msgs/cmake/yolo_msgs__rosidl_typesupport_cExport.cmake
[1.274s] -- Up-to-date: /home/ayaan/sim_ws/install/yolo_msgs/share/yolo_msgs/cmake/yolo_msgs__rosidl_typesupport_cExport-noconfig.cmake
[1.274s] -- Up-to-date: /home/ayaan/sim_ws/install/yolo_msgs/share/yolo_msgs/cmake/export_yolo_msgs__rosidl_generator_cppExport.cmake
[1.275s] -- Up-to-date: /home/ayaan/sim_ws/install/yolo_msgs/share/yolo_msgs/cmake/export_yolo_msgs__rosidl_typesupport_fastrtps_cppExport.cmake
[1.275s] -- Up-to-date: /home/ayaan/sim_ws/install/yolo_msgs/share/yolo_msgs/cmake/export_yolo_msgs__rosidl_typesupport_fastrtps_cppExport-noconfig.cmake
[1.275s] -- Up-to-date: /home/ayaan/sim_ws/install/yolo_msgs/share/yolo_msgs/cmake/yolo_msgs__rosidl_typesupport_introspection_cppExport.cmake
[1.275s] -- Up-to-date: /home/ayaan/sim_ws/install/yolo_msgs/share/yolo_msgs/cmake/yolo_msgs__rosidl_typesupport_introspection_cppExport-noconfig.cmake
[1.275s] -- Up-to-date: /home/ayaan/sim_ws/install/yolo_msgs/share/yolo_msgs/cmake/yolo_msgs__rosidl_typesupport_cppExport.cmake
[1.276s] -- Up-to-date: /home/ayaan/sim_ws/install/yolo_msgs/share/yolo_msgs/cmake/yolo_msgs__rosidl_typesupport_cppExport-noconfig.cmake
[1.276s] -- Up-to-date: /home/ayaan/sim_ws/install/yolo_msgs/share/yolo_msgs/cmake/export_yolo_msgs__rosidl_generator_pyExport.cmake
[1.276s] -- Up-to-date: /home/ayaan/sim_ws/install/yolo_msgs/share/yolo_msgs/cmake/export_yolo_msgs__rosidl_generator_pyExport-noconfig.cmake
[1.280s] Invoked command in '/home/ayaan/sim_ws/build/yolo_msgs' returned '0': CMAKE_PREFIX_PATH=${CMAKE_PREFIX_PATH}:/home/ayaan/sim_ws/install/yolo_ros:/home/ayaan/sim_ws/install/sim_lobby_classic:/home/ayaan/sim_ws/install/pot_follower:/home/ayaan/turtlebot3_ws/install/turtlebot3_teleop:/home/ayaan/turtlebot3_ws/install/turtlebot3_example:/opt/ros/humble /usr/bin/cmake --install /home/ayaan/sim_ws/build/yolo_msgs
