[0.104s] DEBUG:colcon:Command line arguments: ['/usr/bin/colcon', 'build']
[0.104s] DEBUG:colcon:Parsed command line arguments: Namespace(log_base=None, log_level=None, verb_name='build', build_base='build', install_base='install', merge_install=False, symlink_install=False, test_result_base=None, continue_on_error=False, executor='parallel', parallel_workers=8, event_handlers=None, ignore_user_meta=False, metas=['./colcon.meta'], base_paths=['.'], packages_ignore=None, packages_ignore_regex=None, paths=None, packages_up_to=None, packages_up_to_regex=None, packages_above=None, packages_above_and_dependencies=None, packages_above_depth=None, packages_select_by_dep=None, packages_skip_by_dep=None, packages_skip_up_to=None, packages_select_build_failed=False, packages_skip_build_finished=False, packages_select_test_failures=False, packages_skip_test_passed=False, packages_select=None, packages_skip=None, packages_select_regex=None, packages_skip_regex=None, packages_start=None, packages_end=None, allow_overriding=[], cmake_args=None, cmake_target=None, cmake_target_skip_unavailable=False, cmake_clean_cache=False, cmake_clean_first=False, cmake_force_configure=False, ament_cmake_args=None, catkin_cmake_args=None, catkin_skip_building_tests=False, verb_parser=<colcon_defaults.argument_parser.defaults.DefaultArgumentsDecorator object at 0x732840066ec0>, verb_extension=<colcon_core.verb.build.BuildVerb object at 0x732840066a70>, main=<bound method BuildVerb.main of <colcon_core.verb.build.BuildVerb object at 0x732840066a70>>)
[0.262s] Level 1:colcon.colcon_core.package_discovery:discover_packages(colcon_meta) check parameters
[0.262s] Level 1:colcon.colcon_core.package_discovery:discover_packages(recursive) check parameters
[0.262s] Level 1:colcon.colcon_core.package_discovery:discover_packages(ignore) check parameters
[0.262s] Level 1:colcon.colcon_core.package_discovery:discover_packages(path) check parameters
[0.262s] Level 1:colcon.colcon_core.package_discovery:discover_packages(colcon_meta) discover
[0.262s] Level 1:colcon.colcon_core.package_discovery:discover_packages(recursive) discover
[0.263s] INFO:colcon.colcon_core.package_discovery:Crawling recursively for packages in '/home/ayaan/sim_ws'
[0.263s] Level 1:colcon.colcon_core.package_identification:_identify(.) by extensions ['ignore', 'ignore_ament_install']
[0.263s] Level 1:colcon.colcon_core.package_identification:_identify(.) by extension 'ignore'
[0.263s] Level 1:colcon.colcon_core.package_identification:_identify(.) by extension 'ignore_ament_install'
[0.263s] Level 1:colcon.colcon_core.package_identification:_identify(.) by extensions ['colcon_pkg']
[0.263s] Level 1:colcon.colcon_core.package_identification:_identify(.) by extension 'colcon_pkg'
[0.263s] Level 1:colcon.colcon_core.package_identification:_identify(.) by extensions ['colcon_meta']
[0.263s] Level 1:colcon.colcon_core.package_identification:_identify(.) by extension 'colcon_meta'
[0.263s] Level 1:colcon.colcon_core.package_identification:_identify(.) by extensions ['ros']
[0.263s] Level 1:colcon.colcon_core.package_identification:_identify(.) by extension 'ros'
[0.273s] Level 1:colcon.colcon_core.package_identification:_identify(.) by extensions ['cmake', 'python']
[0.273s] Level 1:colcon.colcon_core.package_identification:_identify(.) by extension 'cmake'
[0.273s] Level 1:colcon.colcon_core.package_identification:_identify(.) by extension 'python'
[0.273s] Level 1:colcon.colcon_core.package_identification:_identify(.) by extensions ['python_setup_py']
[0.273s] Level 1:colcon.colcon_core.package_identification:_identify(.) by extension 'python_setup_py'
[0.273s] Level 1:colcon.colcon_core.package_identification:_identify(build) by extensions ['ignore', 'ignore_ament_install']
[0.273s] Level 1:colcon.colcon_core.package_identification:_identify(build) by extension 'ignore'
[0.273s] Level 1:colcon.colcon_core.package_identification:_identify(build) ignored
[0.273s] Level 1:colcon.colcon_core.package_identification:_identify(custom_yolo_models) by extensions ['ignore', 'ignore_ament_install']
[0.273s] Level 1:colcon.colcon_core.package_identification:_identify(custom_yolo_models) by extension 'ignore'
[0.273s] Level 1:colcon.colcon_core.package_identification:_identify(custom_yolo_models) by extension 'ignore_ament_install'
[0.273s] Level 1:colcon.colcon_core.package_identification:_identify(custom_yolo_models) by extensions ['colcon_pkg']
[0.273s] Level 1:colcon.colcon_core.package_identification:_identify(custom_yolo_models) by extension 'colcon_pkg'
[0.273s] Level 1:colcon.colcon_core.package_identification:_identify(custom_yolo_models) by extensions ['colcon_meta']
[0.273s] Level 1:colcon.colcon_core.package_identification:_identify(custom_yolo_models) by extension 'colcon_meta'
[0.273s] Level 1:colcon.colcon_core.package_identification:_identify(custom_yolo_models) by extensions ['ros']
[0.273s] Level 1:colcon.colcon_core.package_identification:_identify(custom_yolo_models) by extension 'ros'
[0.273s] Level 1:colcon.colcon_core.package_identification:_identify(custom_yolo_models) by extensions ['cmake', 'python']
[0.273s] Level 1:colcon.colcon_core.package_identification:_identify(custom_yolo_models) by extension 'cmake'
[0.273s] Level 1:colcon.colcon_core.package_identification:_identify(custom_yolo_models) by extension 'python'
[0.273s] Level 1:colcon.colcon_core.package_identification:_identify(custom_yolo_models) by extensions ['python_setup_py']
[0.274s] Level 1:colcon.colcon_core.package_identification:_identify(custom_yolo_models) by extension 'python_setup_py'
[0.274s] Level 1:colcon.colcon_core.package_identification:_identify(install) by extensions ['ignore', 'ignore_ament_install']
[0.274s] Level 1:colcon.colcon_core.package_identification:_identify(install) by extension 'ignore'
[0.274s] Level 1:colcon.colcon_core.package_identification:_identify(install) ignored
[0.274s] Level 1:colcon.colcon_core.package_identification:_identify(ip) by extensions ['ignore', 'ignore_ament_install']
[0.274s] Level 1:colcon.colcon_core.package_identification:_identify(ip) by extension 'ignore'
[0.274s] Level 1:colcon.colcon_core.package_identification:_identify(ip) by extension 'ignore_ament_install'
[0.274s] Level 1:colcon.colcon_core.package_identification:_identify(ip) by extensions ['colcon_pkg']
[0.274s] Level 1:colcon.colcon_core.package_identification:_identify(ip) by extension 'colcon_pkg'
[0.274s] Level 1:colcon.colcon_core.package_identification:_identify(ip) by extensions ['colcon_meta']
[0.274s] Level 1:colcon.colcon_core.package_identification:_identify(ip) by extension 'colcon_meta'
[0.274s] Level 1:colcon.colcon_core.package_identification:_identify(ip) by extensions ['ros']
[0.274s] Level 1:colcon.colcon_core.package_identification:_identify(ip) by extension 'ros'
[0.274s] Level 1:colcon.colcon_core.package_identification:_identify(ip) by extensions ['cmake', 'python']
[0.274s] Level 1:colcon.colcon_core.package_identification:_identify(ip) by extension 'cmake'
[0.274s] Level 1:colcon.colcon_core.package_identification:_identify(ip) by extension 'python'
[0.274s] Level 1:colcon.colcon_core.package_identification:_identify(ip) by extensions ['python_setup_py']
[0.274s] Level 1:colcon.colcon_core.package_identification:_identify(ip) by extension 'python_setup_py'
[0.274s] Level 1:colcon.colcon_core.package_identification:_identify(log) by extensions ['ignore', 'ignore_ament_install']
[0.274s] Level 1:colcon.colcon_core.package_identification:_identify(log) by extension 'ignore'
[0.274s] Level 1:colcon.colcon_core.package_identification:_identify(log) ignored
[0.275s] Level 1:colcon.colcon_core.package_identification:_identify(rosbag_pot_data) by extensions ['ignore', 'ignore_ament_install']
[0.275s] Level 1:colcon.colcon_core.package_identification:_identify(rosbag_pot_data) by extension 'ignore'
[0.275s] Level 1:colcon.colcon_core.package_identification:_identify(rosbag_pot_data) by extension 'ignore_ament_install'
[0.275s] Level 1:colcon.colcon_core.package_identification:_identify(rosbag_pot_data) by extensions ['colcon_pkg']
[0.275s] Level 1:colcon.colcon_core.package_identification:_identify(rosbag_pot_data) by extension 'colcon_pkg'
[0.275s] Level 1:colcon.colcon_core.package_identification:_identify(rosbag_pot_data) by extensions ['colcon_meta']
[0.275s] Level 1:colcon.colcon_core.package_identification:_identify(rosbag_pot_data) by extension 'colcon_meta'
[0.275s] Level 1:colcon.colcon_core.package_identification:_identify(rosbag_pot_data) by extensions ['ros']
[0.275s] Level 1:colcon.colcon_core.package_identification:_identify(rosbag_pot_data) by extension 'ros'
[0.275s] Level 1:colcon.colcon_core.package_identification:_identify(rosbag_pot_data) by extensions ['cmake', 'python']
[0.275s] Level 1:colcon.colcon_core.package_identification:_identify(rosbag_pot_data) by extension 'cmake'
[0.275s] Level 1:colcon.colcon_core.package_identification:_identify(rosbag_pot_data) by extension 'python'
[0.275s] Level 1:colcon.colcon_core.package_identification:_identify(rosbag_pot_data) by extensions ['python_setup_py']
[0.275s] Level 1:colcon.colcon_core.package_identification:_identify(rosbag_pot_data) by extension 'python_setup_py'
[0.275s] Level 1:colcon.colcon_core.package_identification:_identify(runs) by extensions ['ignore', 'ignore_ament_install']
[0.275s] Level 1:colcon.colcon_core.package_identification:_identify(runs) by extension 'ignore'
[0.275s] Level 1:colcon.colcon_core.package_identification:_identify(runs) by extension 'ignore_ament_install'
[0.275s] Level 1:colcon.colcon_core.package_identification:_identify(runs) by extensions ['colcon_pkg']
[0.275s] Level 1:colcon.colcon_core.package_identification:_identify(runs) by extension 'colcon_pkg'
[0.275s] Level 1:colcon.colcon_core.package_identification:_identify(runs) by extensions ['colcon_meta']
[0.275s] Level 1:colcon.colcon_core.package_identification:_identify(runs) by extension 'colcon_meta'
[0.275s] Level 1:colcon.colcon_core.package_identification:_identify(runs) by extensions ['ros']
[0.275s] Level 1:colcon.colcon_core.package_identification:_identify(runs) by extension 'ros'
[0.275s] Level 1:colcon.colcon_core.package_identification:_identify(runs) by extensions ['cmake', 'python']
[0.275s] Level 1:colcon.colcon_core.package_identification:_identify(runs) by extension 'cmake'
[0.276s] Level 1:colcon.colcon_core.package_identification:_identify(runs) by extension 'python'
[0.276s] Level 1:colcon.colcon_core.package_identification:_identify(runs) by extensions ['python_setup_py']
[0.276s] Level 1:colcon.colcon_core.package_identification:_identify(runs) by extension 'python_setup_py'
[0.276s] Level 1:colcon.colcon_core.package_identification:_identify(runs/detect) by extensions ['ignore', 'ignore_ament_install']
[0.276s] Level 1:colcon.colcon_core.package_identification:_identify(runs/detect) by extension 'ignore'
[0.276s] Level 1:colcon.colcon_core.package_identification:_identify(runs/detect) by extension 'ignore_ament_install'
[0.276s] Level 1:colcon.colcon_core.package_identification:_identify(runs/detect) by extensions ['colcon_pkg']
[0.276s] Level 1:colcon.colcon_core.package_identification:_identify(runs/detect) by extension 'colcon_pkg'
[0.276s] Level 1:colcon.colcon_core.package_identification:_identify(runs/detect) by extensions ['colcon_meta']
[0.276s] Level 1:colcon.colcon_core.package_identification:_identify(runs/detect) by extension 'colcon_meta'
[0.276s] Level 1:colcon.colcon_core.package_identification:_identify(runs/detect) by extensions ['ros']
[0.276s] Level 1:colcon.colcon_core.package_identification:_identify(runs/detect) by extension 'ros'
[0.276s] Level 1:colcon.colcon_core.package_identification:_identify(runs/detect) by extensions ['cmake', 'python']
[0.276s] Level 1:colcon.colcon_core.package_identification:_identify(runs/detect) by extension 'cmake'
[0.276s] Level 1:colcon.colcon_core.package_identification:_identify(runs/detect) by extension 'python'
[0.276s] Level 1:colcon.colcon_core.package_identification:_identify(runs/detect) by extensions ['python_setup_py']
[0.276s] Level 1:colcon.colcon_core.package_identification:_identify(runs/detect) by extension 'python_setup_py'
[0.276s] Level 1:colcon.colcon_core.package_identification:_identify(runs/detect/flower_pot_detector) by extensions ['ignore', 'ignore_ament_install']
[0.276s] Level 1:colcon.colcon_core.package_identification:_identify(runs/detect/flower_pot_detector) by extension 'ignore'
[0.276s] Level 1:colcon.colcon_core.package_identification:_identify(runs/detect/flower_pot_detector) by extension 'ignore_ament_install'
[0.276s] Level 1:colcon.colcon_core.package_identification:_identify(runs/detect/flower_pot_detector) by extensions ['colcon_pkg']
[0.276s] Level 1:colcon.colcon_core.package_identification:_identify(runs/detect/flower_pot_detector) by extension 'colcon_pkg'
[0.276s] Level 1:colcon.colcon_core.package_identification:_identify(runs/detect/flower_pot_detector) by extensions ['colcon_meta']
[0.277s] Level 1:colcon.colcon_core.package_identification:_identify(runs/detect/flower_pot_detector) by extension 'colcon_meta'
[0.277s] Level 1:colcon.colcon_core.package_identification:_identify(runs/detect/flower_pot_detector) by extensions ['ros']
[0.277s] Level 1:colcon.colcon_core.package_identification:_identify(runs/detect/flower_pot_detector) by extension 'ros'
[0.277s] Level 1:colcon.colcon_core.package_identification:_identify(runs/detect/flower_pot_detector) by extensions ['cmake', 'python']
[0.277s] Level 1:colcon.colcon_core.package_identification:_identify(runs/detect/flower_pot_detector) by extension 'cmake'
[0.277s] Level 1:colcon.colcon_core.package_identification:_identify(runs/detect/flower_pot_detector) by extension 'python'
[0.277s] Level 1:colcon.colcon_core.package_identification:_identify(runs/detect/flower_pot_detector) by extensions ['python_setup_py']
[0.277s] Level 1:colcon.colcon_core.package_identification:_identify(runs/detect/flower_pot_detector) by extension 'python_setup_py'
[0.277s] Level 1:colcon.colcon_core.package_identification:_identify(runs/detect/flower_pot_detector/weights) by extensions ['ignore', 'ignore_ament_install']
[0.277s] Level 1:colcon.colcon_core.package_identification:_identify(runs/detect/flower_pot_detector/weights) by extension 'ignore'
[0.277s] Level 1:colcon.colcon_core.package_identification:_identify(runs/detect/flower_pot_detector/weights) by extension 'ignore_ament_install'
[0.277s] Level 1:colcon.colcon_core.package_identification:_identify(runs/detect/flower_pot_detector/weights) by extensions ['colcon_pkg']
[0.277s] Level 1:colcon.colcon_core.package_identification:_identify(runs/detect/flower_pot_detector/weights) by extension 'colcon_pkg'
[0.277s] Level 1:colcon.colcon_core.package_identification:_identify(runs/detect/flower_pot_detector/weights) by extensions ['colcon_meta']
[0.277s] Level 1:colcon.colcon_core.package_identification:_identify(runs/detect/flower_pot_detector/weights) by extension 'colcon_meta'
[0.277s] Level 1:colcon.colcon_core.package_identification:_identify(runs/detect/flower_pot_detector/weights) by extensions ['ros']
[0.277s] Level 1:colcon.colcon_core.package_identification:_identify(runs/detect/flower_pot_detector/weights) by extension 'ros'
[0.277s] Level 1:colcon.colcon_core.package_identification:_identify(runs/detect/flower_pot_detector/weights) by extensions ['cmake', 'python']
[0.277s] Level 1:colcon.colcon_core.package_identification:_identify(runs/detect/flower_pot_detector/weights) by extension 'cmake'
[0.277s] Level 1:colcon.colcon_core.package_identification:_identify(runs/detect/flower_pot_detector/weights) by extension 'python'
[0.277s] Level 1:colcon.colcon_core.package_identification:_identify(runs/detect/flower_pot_detector/weights) by extensions ['python_setup_py']
[0.277s] Level 1:colcon.colcon_core.package_identification:_identify(runs/detect/flower_pot_detector/weights) by extension 'python_setup_py'
[0.277s] Level 1:colcon.colcon_core.package_identification:_identify(src) by extensions ['ignore', 'ignore_ament_install']
[0.278s] Level 1:colcon.colcon_core.package_identification:_identify(src) by extension 'ignore'
[0.278s] Level 1:colcon.colcon_core.package_identification:_identify(src) by extension 'ignore_ament_install'
[0.278s] Level 1:colcon.colcon_core.package_identification:_identify(src) by extensions ['colcon_pkg']
[0.278s] Level 1:colcon.colcon_core.package_identification:_identify(src) by extension 'colcon_pkg'
[0.278s] Level 1:colcon.colcon_core.package_identification:_identify(src) by extensions ['colcon_meta']
[0.278s] Level 1:colcon.colcon_core.package_identification:_identify(src) by extension 'colcon_meta'
[0.278s] Level 1:colcon.colcon_core.package_identification:_identify(src) by extensions ['ros']
[0.278s] Level 1:colcon.colcon_core.package_identification:_identify(src) by extension 'ros'
[0.278s] Level 1:colcon.colcon_core.package_identification:_identify(src) by extensions ['cmake', 'python']
[0.278s] Level 1:colcon.colcon_core.package_identification:_identify(src) by extension 'cmake'
[0.278s] Level 1:colcon.colcon_core.package_identification:_identify(src) by extension 'python'
[0.278s] Level 1:colcon.colcon_core.package_identification:_identify(src) by extensions ['python_setup_py']
[0.278s] Level 1:colcon.colcon_core.package_identification:_identify(src) by extension 'python_setup_py'
[0.278s] Level 1:colcon.colcon_core.package_identification:_identify(src/pot_follower) by extensions ['ignore', 'ignore_ament_install']
[0.278s] Level 1:colcon.colcon_core.package_identification:_identify(src/pot_follower) by extension 'ignore'
[0.278s] Level 1:colcon.colcon_core.package_identification:_identify(src/pot_follower) by extension 'ignore_ament_install'
[0.278s] Level 1:colcon.colcon_core.package_identification:_identify(src/pot_follower) by extensions ['colcon_pkg']
[0.278s] Level 1:colcon.colcon_core.package_identification:_identify(src/pot_follower) by extension 'colcon_pkg'
[0.278s] Level 1:colcon.colcon_core.package_identification:_identify(src/pot_follower) by extensions ['colcon_meta']
[0.278s] Level 1:colcon.colcon_core.package_identification:_identify(src/pot_follower) by extension 'colcon_meta'
[0.278s] Level 1:colcon.colcon_core.package_identification:_identify(src/pot_follower) by extensions ['ros']
[0.278s] Level 1:colcon.colcon_core.package_identification:_identify(src/pot_follower) by extension 'ros'
[0.280s] DEBUG:colcon.colcon_core.package_identification:Package 'src/pot_follower' with type 'ros.ament_python' and name 'pot_follower'
[0.280s] Level 1:colcon.colcon_core.package_identification:_identify(src/sim_bot) by extensions ['ignore', 'ignore_ament_install']
[0.281s] Level 1:colcon.colcon_core.package_identification:_identify(src/sim_bot) by extension 'ignore'
[0.281s] Level 1:colcon.colcon_core.package_identification:_identify(src/sim_bot) by extension 'ignore_ament_install'
[0.281s] Level 1:colcon.colcon_core.package_identification:_identify(src/sim_bot) by extensions ['colcon_pkg']
[0.281s] Level 1:colcon.colcon_core.package_identification:_identify(src/sim_bot) by extension 'colcon_pkg'
[0.281s] Level 1:colcon.colcon_core.package_identification:_identify(src/sim_bot) by extensions ['colcon_meta']
[0.281s] Level 1:colcon.colcon_core.package_identification:_identify(src/sim_bot) by extension 'colcon_meta'
[0.281s] Level 1:colcon.colcon_core.package_identification:_identify(src/sim_bot) by extensions ['ros']
[0.281s] Level 1:colcon.colcon_core.package_identification:_identify(src/sim_bot) by extension 'ros'
[0.282s] DEBUG:colcon.colcon_core.package_identification:Package 'src/sim_bot' with type 'ros.ament_cmake' and name 'sim_bot'
[0.282s] Level 1:colcon.colcon_core.package_identification:_identify(src/sim_lobby_classic) by extensions ['ignore', 'ignore_ament_install']
[0.282s] Level 1:colcon.colcon_core.package_identification:_identify(src/sim_lobby_classic) by extension 'ignore'
[0.282s] Level 1:colcon.colcon_core.package_identification:_identify(src/sim_lobby_classic) by extension 'ignore_ament_install'
[0.282s] Level 1:colcon.colcon_core.package_identification:_identify(src/sim_lobby_classic) by extensions ['colcon_pkg']
[0.282s] Level 1:colcon.colcon_core.package_identification:_identify(src/sim_lobby_classic) by extension 'colcon_pkg'
[0.282s] Level 1:colcon.colcon_core.package_identification:_identify(src/sim_lobby_classic) by extensions ['colcon_meta']
[0.282s] Level 1:colcon.colcon_core.package_identification:_identify(src/sim_lobby_classic) by extension 'colcon_meta'
[0.282s] Level 1:colcon.colcon_core.package_identification:_identify(src/sim_lobby_classic) by extensions ['ros']
[0.282s] Level 1:colcon.colcon_core.package_identification:_identify(src/sim_lobby_classic) by extension 'ros'
[0.283s] DEBUG:colcon.colcon_core.package_identification:Package 'src/sim_lobby_classic' with type 'ros.ament_python' and name 'sim_lobby_classic'
[0.283s] Level 1:colcon.colcon_core.package_identification:_identify(src/yolo_ros) by extensions ['ignore', 'ignore_ament_install']
[0.283s] Level 1:colcon.colcon_core.package_identification:_identify(src/yolo_ros) by extension 'ignore'
[0.283s] Level 1:colcon.colcon_core.package_identification:_identify(src/yolo_ros) by extension 'ignore_ament_install'
[0.283s] Level 1:colcon.colcon_core.package_identification:_identify(src/yolo_ros) by extensions ['colcon_pkg']
[0.283s] Level 1:colcon.colcon_core.package_identification:_identify(src/yolo_ros) by extension 'colcon_pkg'
[0.283s] Level 1:colcon.colcon_core.package_identification:_identify(src/yolo_ros) by extensions ['colcon_meta']
[0.283s] Level 1:colcon.colcon_core.package_identification:_identify(src/yolo_ros) by extension 'colcon_meta'
[0.283s] Level 1:colcon.colcon_core.package_identification:_identify(src/yolo_ros) by extensions ['ros']
[0.283s] Level 1:colcon.colcon_core.package_identification:_identify(src/yolo_ros) by extension 'ros'
[0.283s] Level 1:colcon.colcon_core.package_identification:_identify(src/yolo_ros) by extensions ['cmake', 'python']
[0.283s] Level 1:colcon.colcon_core.package_identification:_identify(src/yolo_ros) by extension 'cmake'
[0.283s] Level 1:colcon.colcon_core.package_identification:_identify(src/yolo_ros) by extension 'python'
[0.283s] Level 1:colcon.colcon_core.package_identification:_identify(src/yolo_ros) by extensions ['python_setup_py']
[0.283s] Level 1:colcon.colcon_core.package_identification:_identify(src/yolo_ros) by extension 'python_setup_py'
[0.283s] Level 1:colcon.colcon_core.package_identification:_identify(src/yolo_ros/docs) by extensions ['ignore', 'ignore_ament_install']
[0.283s] Level 1:colcon.colcon_core.package_identification:_identify(src/yolo_ros/docs) by extension 'ignore'
[0.283s] Level 1:colcon.colcon_core.package_identification:_identify(src/yolo_ros/docs) by extension 'ignore_ament_install'
[0.283s] Level 1:colcon.colcon_core.package_identification:_identify(src/yolo_ros/docs) by extensions ['colcon_pkg']
[0.283s] Level 1:colcon.colcon_core.package_identification:_identify(src/yolo_ros/docs) by extension 'colcon_pkg'
[0.284s] Level 1:colcon.colcon_core.package_identification:_identify(src/yolo_ros/docs) by extensions ['colcon_meta']
[0.284s] Level 1:colcon.colcon_core.package_identification:_identify(src/yolo_ros/docs) by extension 'colcon_meta'
[0.284s] Level 1:colcon.colcon_core.package_identification:_identify(src/yolo_ros/docs) by extensions ['ros']
[0.284s] Level 1:colcon.colcon_core.package_identification:_identify(src/yolo_ros/docs) by extension 'ros'
[0.284s] Level 1:colcon.colcon_core.package_identification:_identify(src/yolo_ros/docs) by extensions ['cmake', 'python']
[0.284s] Level 1:colcon.colcon_core.package_identification:_identify(src/yolo_ros/docs) by extension 'cmake'
[0.284s] Level 1:colcon.colcon_core.package_identification:_identify(src/yolo_ros/docs) by extension 'python'
[0.284s] Level 1:colcon.colcon_core.package_identification:_identify(src/yolo_ros/docs) by extensions ['python_setup_py']
[0.284s] Level 1:colcon.colcon_core.package_identification:_identify(src/yolo_ros/docs) by extension 'python_setup_py'
[0.284s] Level 1:colcon.colcon_core.package_identification:_identify(src/yolo_ros/weights) by extensions ['ignore', 'ignore_ament_install']
[0.284s] Level 1:colcon.colcon_core.package_identification:_identify(src/yolo_ros/weights) by extension 'ignore'
[0.284s] Level 1:colcon.colcon_core.package_identification:_identify(src/yolo_ros/weights) by extension 'ignore_ament_install'
[0.284s] Level 1:colcon.colcon_core.package_identification:_identify(src/yolo_ros/weights) by extensions ['colcon_pkg']
[0.284s] Level 1:colcon.colcon_core.package_identification:_identify(src/yolo_ros/weights) by extension 'colcon_pkg'
[0.284s] Level 1:colcon.colcon_core.package_identification:_identify(src/yolo_ros/weights) by extensions ['colcon_meta']
[0.284s] Level 1:colcon.colcon_core.package_identification:_identify(src/yolo_ros/weights) by extension 'colcon_meta'
[0.284s] Level 1:colcon.colcon_core.package_identification:_identify(src/yolo_ros/weights) by extensions ['ros']
[0.284s] Level 1:colcon.colcon_core.package_identification:_identify(src/yolo_ros/weights) by extension 'ros'
[0.284s] Level 1:colcon.colcon_core.package_identification:_identify(src/yolo_ros/weights) by extensions ['cmake', 'python']
[0.284s] Level 1:colcon.colcon_core.package_identification:_identify(src/yolo_ros/weights) by extension 'cmake'
[0.284s] Level 1:colcon.colcon_core.package_identification:_identify(src/yolo_ros/weights) by extension 'python'
[0.284s] Level 1:colcon.colcon_core.package_identification:_identify(src/yolo_ros/weights) by extensions ['python_setup_py']
[0.284s] Level 1:colcon.colcon_core.package_identification:_identify(src/yolo_ros/weights) by extension 'python_setup_py'
[0.284s] Level 1:colcon.colcon_core.package_identification:_identify(src/yolo_ros/yolo_bringup) by extensions ['ignore', 'ignore_ament_install']
[0.285s] Level 1:colcon.colcon_core.package_identification:_identify(src/yolo_ros/yolo_bringup) by extension 'ignore'
[0.285s] Level 1:colcon.colcon_core.package_identification:_identify(src/yolo_ros/yolo_bringup) by extension 'ignore_ament_install'
[0.285s] Level 1:colcon.colcon_core.package_identification:_identify(src/yolo_ros/yolo_bringup) by extensions ['colcon_pkg']
[0.285s] Level 1:colcon.colcon_core.package_identification:_identify(src/yolo_ros/yolo_bringup) by extension 'colcon_pkg'
[0.285s] Level 1:colcon.colcon_core.package_identification:_identify(src/yolo_ros/yolo_bringup) by extensions ['colcon_meta']
[0.285s] Level 1:colcon.colcon_core.package_identification:_identify(src/yolo_ros/yolo_bringup) by extension 'colcon_meta'
[0.285s] Level 1:colcon.colcon_core.package_identification:_identify(src/yolo_ros/yolo_bringup) by extensions ['ros']
[0.285s] Level 1:colcon.colcon_core.package_identification:_identify(src/yolo_ros/yolo_bringup) by extension 'ros'
[0.285s] DEBUG:colcon.colcon_core.package_identification:Package 'src/yolo_ros/yolo_bringup' with type 'ros.ament_cmake' and name 'yolo_bringup'
[0.285s] Level 1:colcon.colcon_core.package_identification:_identify(src/yolo_ros/yolo_msgs) by extensions ['ignore', 'ignore_ament_install']
[0.286s] Level 1:colcon.colcon_core.package_identification:_identify(src/yolo_ros/yolo_msgs) by extension 'ignore'
[0.286s] Level 1:colcon.colcon_core.package_identification:_identify(src/yolo_ros/yolo_msgs) by extension 'ignore_ament_install'
[0.286s] Level 1:colcon.colcon_core.package_identification:_identify(src/yolo_ros/yolo_msgs) by extensions ['colcon_pkg']
[0.286s] Level 1:colcon.colcon_core.package_identification:_identify(src/yolo_ros/yolo_msgs) by extension 'colcon_pkg'
[0.286s] Level 1:colcon.colcon_core.package_identification:_identify(src/yolo_ros/yolo_msgs) by extensions ['colcon_meta']
[0.286s] Level 1:colcon.colcon_core.package_identification:_identify(src/yolo_ros/yolo_msgs) by extension 'colcon_meta'
[0.286s] Level 1:colcon.colcon_core.package_identification:_identify(src/yolo_ros/yolo_msgs) by extensions ['ros']
[0.286s] Level 1:colcon.colcon_core.package_identification:_identify(src/yolo_ros/yolo_msgs) by extension 'ros'
[0.286s] DEBUG:colcon.colcon_core.package_identification:Package 'src/yolo_ros/yolo_msgs' with type 'ros.ament_cmake' and name 'yolo_msgs'
[0.287s] Level 1:colcon.colcon_core.package_identification:_identify(src/yolo_ros/yolo_ros) by extensions ['ignore', 'ignore_ament_install']
[0.287s] Level 1:colcon.colcon_core.package_identification:_identify(src/yolo_ros/yolo_ros) by extension 'ignore'
[0.287s] Level 1:colcon.colcon_core.package_identification:_identify(src/yolo_ros/yolo_ros) by extension 'ignore_ament_install'
[0.287s] Level 1:colcon.colcon_core.package_identification:_identify(src/yolo_ros/yolo_ros) by extensions ['colcon_pkg']
[0.287s] Level 1:colcon.colcon_core.package_identification:_identify(src/yolo_ros/yolo_ros) by extension 'colcon_pkg'
[0.287s] Level 1:colcon.colcon_core.package_identification:_identify(src/yolo_ros/yolo_ros) by extensions ['colcon_meta']
[0.287s] Level 1:colcon.colcon_core.package_identification:_identify(src/yolo_ros/yolo_ros) by extension 'colcon_meta'
[0.287s] Level 1:colcon.colcon_core.package_identification:_identify(src/yolo_ros/yolo_ros) by extensions ['ros']
[0.287s] Level 1:colcon.colcon_core.package_identification:_identify(src/yolo_ros/yolo_ros) by extension 'ros'
[0.288s] DEBUG:colcon.colcon_core.package_identification:Package 'src/yolo_ros/yolo_ros' with type 'ros.ament_python' and name 'yolo_ros'
[0.288s] Level 1:colcon.colcon_core.package_discovery:discover_packages(recursive) using defaults
[0.288s] Level 1:colcon.colcon_core.package_discovery:discover_packages(ignore) discover
[0.288s] Level 1:colcon.colcon_core.package_discovery:discover_packages(ignore) using defaults
[0.288s] Level 1:colcon.colcon_core.package_discovery:discover_packages(path) discover
[0.288s] Level 1:colcon.colcon_core.package_discovery:discover_packages(path) using defaults
[0.318s] Level 1:colcon.colcon_core.package_discovery:discover_packages(prefix_path) check parameters
[0.318s] Level 1:colcon.colcon_core.package_discovery:discover_packages(prefix_path) discover
[0.321s] DEBUG:colcon.colcon_installed_package_information.package_discovery:Found 6 installed packages in /home/ayaan/sim_ws/install
[0.321s] DEBUG:colcon.colcon_installed_package_information.package_discovery:Found 12 installed packages in /home/ayaan/turtlebot3_ws/install
[0.323s] DEBUG:colcon.colcon_installed_package_information.package_discovery:Found 377 installed packages in /opt/ros/humble
[0.325s] Level 1:colcon.colcon_core.package_discovery:discover_packages(prefix_path) using defaults
[0.373s] Level 5:colcon.colcon_core.verb:set package 'pot_follower' build argument 'cmake_args' from command line to 'None'
[0.373s] Level 5:colcon.colcon_core.verb:set package 'pot_follower' build argument 'cmake_target' from command line to 'None'
[0.374s] Level 5:colcon.colcon_core.verb:set package 'pot_follower' build argument 'cmake_target_skip_unavailable' from command line to 'False'
[0.374s] Level 5:colcon.colcon_core.verb:set package 'pot_follower' build argument 'cmake_clean_cache' from command line to 'False'
[0.374s] Level 5:colcon.colcon_core.verb:set package 'pot_follower' build argument 'cmake_clean_first' from command line to 'False'
[0.374s] Level 5:colcon.colcon_core.verb:set package 'pot_follower' build argument 'cmake_force_configure' from command line to 'False'
[0.374s] Level 5:colcon.colcon_core.verb:set package 'pot_follower' build argument 'ament_cmake_args' from command line to 'None'
[0.374s] Level 5:colcon.colcon_core.verb:set package 'pot_follower' build argument 'catkin_cmake_args' from command line to 'None'
[0.374s] Level 5:colcon.colcon_core.verb:set package 'pot_follower' build argument 'catkin_skip_building_tests' from command line to 'False'
[0.374s] DEBUG:colcon.colcon_core.verb:Building package 'pot_follower' with the following arguments: {'ament_cmake_args': None, 'build_base': '/home/ayaan/sim_ws/build/pot_follower', 'catkin_cmake_args': None, 'catkin_skip_building_tests': False, 'cmake_args': None, 'cmake_clean_cache': False, 'cmake_clean_first': False, 'cmake_force_configure': False, 'cmake_target': None, 'cmake_target_skip_unavailable': False, 'install_base': '/home/ayaan/sim_ws/install/pot_follower', 'merge_install': False, 'path': '/home/ayaan/sim_ws/src/pot_follower', 'symlink_install': False, 'test_result_base': None}
[0.374s] Level 5:colcon.colcon_core.verb:set package 'sim_bot' build argument 'cmake_args' from command line to 'None'
[0.374s] Level 5:colcon.colcon_core.verb:set package 'sim_bot' build argument 'cmake_target' from command line to 'None'
[0.374s] Level 5:colcon.colcon_core.verb:set package 'sim_bot' build argument 'cmake_target_skip_unavailable' from command line to 'False'
[0.374s] Level 5:colcon.colcon_core.verb:set package 'sim_bot' build argument 'cmake_clean_cache' from command line to 'False'
[0.374s] Level 5:colcon.colcon_core.verb:set package 'sim_bot' build argument 'cmake_clean_first' from command line to 'False'
[0.374s] Level 5:colcon.colcon_core.verb:set package 'sim_bot' build argument 'cmake_force_configure' from command line to 'False'
[0.374s] Level 5:colcon.colcon_core.verb:set package 'sim_bot' build argument 'ament_cmake_args' from command line to 'None'
[0.374s] Level 5:colcon.colcon_core.verb:set package 'sim_bot' build argument 'catkin_cmake_args' from command line to 'None'
[0.374s] Level 5:colcon.colcon_core.verb:set package 'sim_bot' build argument 'catkin_skip_building_tests' from command line to 'False'
[0.374s] DEBUG:colcon.colcon_core.verb:Building package 'sim_bot' with the following arguments: {'ament_cmake_args': None, 'build_base': '/home/ayaan/sim_ws/build/sim_bot', 'catkin_cmake_args': None, 'catkin_skip_building_tests': False, 'cmake_args': None, 'cmake_clean_cache': False, 'cmake_clean_first': False, 'cmake_force_configure': False, 'cmake_target': None, 'cmake_target_skip_unavailable': False, 'install_base': '/home/ayaan/sim_ws/install/sim_bot', 'merge_install': False, 'path': '/home/ayaan/sim_ws/src/sim_bot', 'symlink_install': False, 'test_result_base': None}
[0.375s] Level 5:colcon.colcon_core.verb:set package 'yolo_msgs' build argument 'cmake_args' from command line to 'None'
[0.375s] Level 5:colcon.colcon_core.verb:set package 'yolo_msgs' build argument 'cmake_target' from command line to 'None'
[0.375s] Level 5:colcon.colcon_core.verb:set package 'yolo_msgs' build argument 'cmake_target_skip_unavailable' from command line to 'False'
[0.375s] Level 5:colcon.colcon_core.verb:set package 'yolo_msgs' build argument 'cmake_clean_cache' from command line to 'False'
[0.375s] Level 5:colcon.colcon_core.verb:set package 'yolo_msgs' build argument 'cmake_clean_first' from command line to 'False'
[0.375s] Level 5:colcon.colcon_core.verb:set package 'yolo_msgs' build argument 'cmake_force_configure' from command line to 'False'
[0.375s] Level 5:colcon.colcon_core.verb:set package 'yolo_msgs' build argument 'ament_cmake_args' from command line to 'None'
[0.375s] Level 5:colcon.colcon_core.verb:set package 'yolo_msgs' build argument 'catkin_cmake_args' from command line to 'None'
[0.375s] Level 5:colcon.colcon_core.verb:set package 'yolo_msgs' build argument 'catkin_skip_building_tests' from command line to 'False'
[0.375s] DEBUG:colcon.colcon_core.verb:Building package 'yolo_msgs' with the following arguments: {'ament_cmake_args': None, 'build_base': '/home/ayaan/sim_ws/build/yolo_msgs', 'catkin_cmake_args': None, 'catkin_skip_building_tests': False, 'cmake_args': None, 'cmake_clean_cache': False, 'cmake_clean_first': False, 'cmake_force_configure': False, 'cmake_target': None, 'cmake_target_skip_unavailable': False, 'install_base': '/home/ayaan/sim_ws/install/yolo_msgs', 'merge_install': False, 'path': '/home/ayaan/sim_ws/src/yolo_ros/yolo_msgs', 'symlink_install': False, 'test_result_base': None}
[0.375s] Level 5:colcon.colcon_core.verb:set package 'sim_lobby_classic' build argument 'cmake_args' from command line to 'None'
[0.375s] Level 5:colcon.colcon_core.verb:set package 'sim_lobby_classic' build argument 'cmake_target' from command line to 'None'
[0.375s] Level 5:colcon.colcon_core.verb:set package 'sim_lobby_classic' build argument 'cmake_target_skip_unavailable' from command line to 'False'
[0.375s] Level 5:colcon.colcon_core.verb:set package 'sim_lobby_classic' build argument 'cmake_clean_cache' from command line to 'False'
[0.375s] Level 5:colcon.colcon_core.verb:set package 'sim_lobby_classic' build argument 'cmake_clean_first' from command line to 'False'
[0.375s] Level 5:colcon.colcon_core.verb:set package 'sim_lobby_classic' build argument 'cmake_force_configure' from command line to 'False'
[0.375s] Level 5:colcon.colcon_core.verb:set package 'sim_lobby_classic' build argument 'ament_cmake_args' from command line to 'None'
[0.376s] Level 5:colcon.colcon_core.verb:set package 'sim_lobby_classic' build argument 'catkin_cmake_args' from command line to 'None'
[0.376s] Level 5:colcon.colcon_core.verb:set package 'sim_lobby_classic' build argument 'catkin_skip_building_tests' from command line to 'False'
[0.376s] DEBUG:colcon.colcon_core.verb:Building package 'sim_lobby_classic' with the following arguments: {'ament_cmake_args': None, 'build_base': '/home/ayaan/sim_ws/build/sim_lobby_classic', 'catkin_cmake_args': None, 'catkin_skip_building_tests': False, 'cmake_args': None, 'cmake_clean_cache': False, 'cmake_clean_first': False, 'cmake_force_configure': False, 'cmake_target': None, 'cmake_target_skip_unavailable': False, 'install_base': '/home/ayaan/sim_ws/install/sim_lobby_classic', 'merge_install': False, 'path': '/home/ayaan/sim_ws/src/sim_lobby_classic', 'symlink_install': False, 'test_result_base': None}
[0.376s] Level 5:colcon.colcon_core.verb:set package 'yolo_ros' build argument 'cmake_args' from command line to 'None'
[0.376s] Level 5:colcon.colcon_core.verb:set package 'yolo_ros' build argument 'cmake_target' from command line to 'None'
[0.376s] Level 5:colcon.colcon_core.verb:set package 'yolo_ros' build argument 'cmake_target_skip_unavailable' from command line to 'False'
[0.376s] Level 5:colcon.colcon_core.verb:set package 'yolo_ros' build argument 'cmake_clean_cache' from command line to 'False'
[0.376s] Level 5:colcon.colcon_core.verb:set package 'yolo_ros' build argument 'cmake_clean_first' from command line to 'False'
[0.376s] Level 5:colcon.colcon_core.verb:set package 'yolo_ros' build argument 'cmake_force_configure' from command line to 'False'
[0.376s] Level 5:colcon.colcon_core.verb:set package 'yolo_ros' build argument 'ament_cmake_args' from command line to 'None'
[0.376s] Level 5:colcon.colcon_core.verb:set package 'yolo_ros' build argument 'catkin_cmake_args' from command line to 'None'
[0.376s] Level 5:colcon.colcon_core.verb:set package 'yolo_ros' build argument 'catkin_skip_building_tests' from command line to 'False'
[0.376s] DEBUG:colcon.colcon_core.verb:Building package 'yolo_ros' with the following arguments: {'ament_cmake_args': None, 'build_base': '/home/ayaan/sim_ws/build/yolo_ros', 'catkin_cmake_args': None, 'catkin_skip_building_tests': False, 'cmake_args': None, 'cmake_clean_cache': False, 'cmake_clean_first': False, 'cmake_force_configure': False, 'cmake_target': None, 'cmake_target_skip_unavailable': False, 'install_base': '/home/ayaan/sim_ws/install/yolo_ros', 'merge_install': False, 'path': '/home/ayaan/sim_ws/src/yolo_ros/yolo_ros', 'symlink_install': False, 'test_result_base': None}
[0.376s] Level 5:colcon.colcon_core.verb:set package 'yolo_bringup' build argument 'cmake_args' from command line to 'None'
[0.377s] Level 5:colcon.colcon_core.verb:set package 'yolo_bringup' build argument 'cmake_target' from command line to 'None'
[0.377s] Level 5:colcon.colcon_core.verb:set package 'yolo_bringup' build argument 'cmake_target_skip_unavailable' from command line to 'False'
[0.377s] Level 5:colcon.colcon_core.verb:set package 'yolo_bringup' build argument 'cmake_clean_cache' from command line to 'False'
[0.377s] Level 5:colcon.colcon_core.verb:set package 'yolo_bringup' build argument 'cmake_clean_first' from command line to 'False'
[0.377s] Level 5:colcon.colcon_core.verb:set package 'yolo_bringup' build argument 'cmake_force_configure' from command line to 'False'
[0.377s] Level 5:colcon.colcon_core.verb:set package 'yolo_bringup' build argument 'ament_cmake_args' from command line to 'None'
[0.377s] Level 5:colcon.colcon_core.verb:set package 'yolo_bringup' build argument 'catkin_cmake_args' from command line to 'None'
[0.377s] Level 5:colcon.colcon_core.verb:set package 'yolo_bringup' build argument 'catkin_skip_building_tests' from command line to 'False'
[0.377s] DEBUG:colcon.colcon_core.verb:Building package 'yolo_bringup' with the following arguments: {'ament_cmake_args': None, 'build_base': '/home/ayaan/sim_ws/build/yolo_bringup', 'catkin_cmake_args': None, 'catkin_skip_building_tests': False, 'cmake_args': None, 'cmake_clean_cache': False, 'cmake_clean_first': False, 'cmake_force_configure': False, 'cmake_target': None, 'cmake_target_skip_unavailable': False, 'install_base': '/home/ayaan/sim_ws/install/yolo_bringup', 'merge_install': False, 'path': '/home/ayaan/sim_ws/src/yolo_ros/yolo_bringup', 'symlink_install': False, 'test_result_base': None}
[0.377s] INFO:colcon.colcon_core.executor:Executing jobs using 'parallel' executor
[0.378s] DEBUG:colcon.colcon_parallel_executor.executor.parallel:run_until_complete
[0.378s] INFO:colcon.colcon_ros.task.ament_cmake.build:Building ROS package in '/home/ayaan/sim_ws/src/yolo_ros/yolo_msgs' with build type 'ament_cmake'
[0.378s] INFO:colcon.colcon_cmake.task.cmake.build:Building CMake package in '/home/ayaan/sim_ws/src/yolo_ros/yolo_msgs'
[0.380s] INFO:colcon.colcon_core.plugin_system:Skipping extension 'colcon_core.shell.bat': Not used on non-Windows systems
[0.381s] INFO:colcon.colcon_core.shell:Skip shell extension 'powershell' for command environment: Not usable outside of PowerShell
[0.381s] DEBUG:colcon.colcon_core.shell:Skip shell extension 'dsv' for command environment
[0.386s] INFO:colcon.colcon_ros.task.ament_cmake.build:Building ROS package in '/home/ayaan/sim_ws/src/sim_bot' with build type 'ament_cmake'
[0.386s] INFO:colcon.colcon_cmake.task.cmake.build:Building CMake package in '/home/ayaan/sim_ws/src/sim_bot'
[0.386s] INFO:colcon.colcon_core.shell:Skip shell extension 'powershell' for command environment: Not usable outside of PowerShell
[0.386s] DEBUG:colcon.colcon_core.shell:Skip shell extension 'dsv' for command environment
[0.391s] INFO:colcon.colcon_ros.task.ament_python.build:Building ROS package in '/home/ayaan/sim_ws/src/pot_follower' with build type 'ament_python'
[0.391s] Level 1:colcon.colcon_core.shell:create_environment_hook('pot_follower', 'ament_prefix_path')
[0.391s] INFO:colcon.colcon_core.shell:Creating environment hook '/home/ayaan/sim_ws/install/pot_follower/share/pot_follower/hook/ament_prefix_path.ps1'
[0.392s] INFO:colcon.colcon_core.shell:Creating environment descriptor '/home/ayaan/sim_ws/install/pot_follower/share/pot_follower/hook/ament_prefix_path.dsv'
[0.393s] INFO:colcon.colcon_core.shell:Creating environment hook '/home/ayaan/sim_ws/install/pot_follower/share/pot_follower/hook/ament_prefix_path.sh'
[0.394s] INFO:colcon.colcon_core.shell:Skip shell extension 'powershell' for command environment: Not usable outside of PowerShell
[0.394s] DEBUG:colcon.colcon_core.shell:Skip shell extension 'dsv' for command environment
[0.404s] DEBUG:colcon.colcon_core.event_handler.log_command:Invoking command in '/home/ayaan/sim_ws/build/yolo_msgs': CMAKE_PREFIX_PATH=${CMAKE_PREFIX_PATH}:/home/ayaan/sim_ws/install/pot_follower:/home/ayaan/sim_ws/install/yolo_ros:/home/ayaan/sim_ws/install/sim_lobby_classic:/home/ayaan/turtlebot3_ws/install/turtlebot3_teleop:/home/ayaan/turtlebot3_ws/install/turtlebot3_example:/opt/ros/humble /usr/bin/cmake --build /home/ayaan/sim_ws/build/yolo_msgs -- -j8 -l8
[0.409s] DEBUG:colcon.colcon_core.event_handler.log_command:Invoking command in '/home/ayaan/sim_ws/build/sim_bot': CMAKE_PREFIX_PATH=${CMAKE_PREFIX_PATH}:/home/ayaan/sim_ws/install/pot_follower:/home/ayaan/sim_ws/install/yolo_ros:/home/ayaan/sim_ws/install/sim_lobby_classic:/home/ayaan/turtlebot3_ws/install/turtlebot3_teleop:/home/ayaan/turtlebot3_ws/install/turtlebot3_example:/opt/ros/humble /usr/bin/cmake --build /home/ayaan/sim_ws/build/sim_bot -- -j8 -l8
[0.724s] INFO:colcon.colcon_core.task.python.build:Building Python package in '/home/ayaan/sim_ws/src/pot_follower'
[0.725s] INFO:colcon.colcon_core.shell:Skip shell extension 'powershell' for command environment: Not usable outside of PowerShell
[0.725s] DEBUG:colcon.colcon_core.shell:Skip shell extension 'dsv' for command environment
[0.730s] DEBUG:colcon.colcon_core.event_handler.log_command:Invoked command in '/home/ayaan/sim_ws/build/sim_bot' returned '0': CMAKE_PREFIX_PATH=${CMAKE_PREFIX_PATH}:/home/ayaan/sim_ws/install/pot_follower:/home/ayaan/sim_ws/install/yolo_ros:/home/ayaan/sim_ws/install/sim_lobby_classic:/home/ayaan/turtlebot3_ws/install/turtlebot3_teleop:/home/ayaan/turtlebot3_ws/install/turtlebot3_example:/opt/ros/humble /usr/bin/cmake --build /home/ayaan/sim_ws/build/sim_bot -- -j8 -l8
[0.739s] DEBUG:colcon.colcon_core.event_handler.log_command:Invoking command in '/home/ayaan/sim_ws/build/sim_bot': CMAKE_PREFIX_PATH=${CMAKE_PREFIX_PATH}:/home/ayaan/sim_ws/install/pot_follower:/home/ayaan/sim_ws/install/yolo_ros:/home/ayaan/sim_ws/install/sim_lobby_classic:/home/ayaan/turtlebot3_ws/install/turtlebot3_teleop:/home/ayaan/turtlebot3_ws/install/turtlebot3_example:/opt/ros/humble /usr/bin/cmake --install /home/ayaan/sim_ws/build/sim_bot
[0.760s] Level 1:colcon.colcon_core.environment:create_environment_scripts_only(sim_bot)
[0.761s] DEBUG:colcon.colcon_core.event_handler.log_command:Invoked command in '/home/ayaan/sim_ws/build/sim_bot' returned '0': CMAKE_PREFIX_PATH=${CMAKE_PREFIX_PATH}:/home/ayaan/sim_ws/install/pot_follower:/home/ayaan/sim_ws/install/yolo_ros:/home/ayaan/sim_ws/install/sim_lobby_classic:/home/ayaan/turtlebot3_ws/install/turtlebot3_teleop:/home/ayaan/turtlebot3_ws/install/turtlebot3_example:/opt/ros/humble /usr/bin/cmake --install /home/ayaan/sim_ws/build/sim_bot
[0.764s] Level 1:colcon.colcon_core.environment:checking '/home/ayaan/sim_ws/install/sim_bot' for CMake module files
[0.765s] Level 1:colcon.colcon_core.environment:checking '/home/ayaan/sim_ws/install/sim_bot' for CMake config files
[0.765s] Level 1:colcon.colcon_core.shell:create_environment_hook('sim_bot', 'cmake_prefix_path')
[0.766s] INFO:colcon.colcon_core.shell:Creating environment hook '/home/ayaan/sim_ws/install/sim_bot/share/sim_bot/hook/cmake_prefix_path.ps1'
[0.766s] INFO:colcon.colcon_core.shell:Creating environment descriptor '/home/ayaan/sim_ws/install/sim_bot/share/sim_bot/hook/cmake_prefix_path.dsv'
[0.767s] INFO:colcon.colcon_core.shell:Creating environment hook '/home/ayaan/sim_ws/install/sim_bot/share/sim_bot/hook/cmake_prefix_path.sh'
[0.768s] Level 1:colcon.colcon_core.environment:checking '/home/ayaan/sim_ws/install/sim_bot/bin'
[0.768s] Level 1:colcon.colcon_core.environment:checking '/home/ayaan/sim_ws/install/sim_bot/lib/pkgconfig/sim_bot.pc'
[0.768s] Level 1:colcon.colcon_core.environment:checking '/home/ayaan/sim_ws/install/sim_bot/lib/python3.10/site-packages'
[0.768s] Level 1:colcon.colcon_core.environment:checking '/home/ayaan/sim_ws/install/sim_bot/bin'
[0.769s] INFO:colcon.colcon_core.shell:Creating package script '/home/ayaan/sim_ws/install/sim_bot/share/sim_bot/package.ps1'
[0.770s] INFO:colcon.colcon_core.shell:Creating package descriptor '/home/ayaan/sim_ws/install/sim_bot/share/sim_bot/package.dsv'
[0.771s] INFO:colcon.colcon_core.shell:Creating package script '/home/ayaan/sim_ws/install/sim_bot/share/sim_bot/package.sh'
[0.772s] INFO:colcon.colcon_core.shell:Creating package script '/home/ayaan/sim_ws/install/sim_bot/share/sim_bot/package.bash'
[0.773s] INFO:colcon.colcon_core.shell:Creating package script '/home/ayaan/sim_ws/install/sim_bot/share/sim_bot/package.zsh'
[0.774s] Level 1:colcon.colcon_core.environment:create_file_with_runtime_dependencies(/home/ayaan/sim_ws/install/sim_bot/share/colcon-core/packages/sim_bot)
[0.775s] Level 1:colcon.colcon_core.environment:create_environment_scripts_only(sim_bot)
[0.776s] Level 1:colcon.colcon_core.environment:checking '/home/ayaan/sim_ws/install/sim_bot' for CMake module files
[0.776s] Level 1:colcon.colcon_core.environment:checking '/home/ayaan/sim_ws/install/sim_bot' for CMake config files
[0.777s] Level 1:colcon.colcon_core.shell:create_environment_hook('sim_bot', 'cmake_prefix_path')
[0.777s] INFO:colcon.colcon_core.shell:Creating environment hook '/home/ayaan/sim_ws/install/sim_bot/share/sim_bot/hook/cmake_prefix_path.ps1'
[0.778s] INFO:colcon.colcon_core.shell:Creating environment descriptor '/home/ayaan/sim_ws/install/sim_bot/share/sim_bot/hook/cmake_prefix_path.dsv'
[0.778s] INFO:colcon.colcon_core.shell:Creating environment hook '/home/ayaan/sim_ws/install/sim_bot/share/sim_bot/hook/cmake_prefix_path.sh'
[0.779s] Level 1:colcon.colcon_core.environment:checking '/home/ayaan/sim_ws/install/sim_bot/bin'
[0.779s] Level 1:colcon.colcon_core.environment:checking '/home/ayaan/sim_ws/install/sim_bot/lib/pkgconfig/sim_bot.pc'
[0.780s] Level 1:colcon.colcon_core.environment:checking '/home/ayaan/sim_ws/install/sim_bot/lib/python3.10/site-packages'
[0.780s] Level 1:colcon.colcon_core.environment:checking '/home/ayaan/sim_ws/install/sim_bot/bin'
[0.780s] INFO:colcon.colcon_core.shell:Creating package script '/home/ayaan/sim_ws/install/sim_bot/share/sim_bot/package.ps1'
[0.781s] INFO:colcon.colcon_core.shell:Creating package descriptor '/home/ayaan/sim_ws/install/sim_bot/share/sim_bot/package.dsv'
[0.782s] INFO:colcon.colcon_core.shell:Creating package script '/home/ayaan/sim_ws/install/sim_bot/share/sim_bot/package.sh'
[0.782s] INFO:colcon.colcon_core.shell:Creating package script '/home/ayaan/sim_ws/install/sim_bot/share/sim_bot/package.bash'
[0.783s] INFO:colcon.colcon_core.shell:Creating package script '/home/ayaan/sim_ws/install/sim_bot/share/sim_bot/package.zsh'
[0.784s] Level 1:colcon.colcon_core.environment:create_file_with_runtime_dependencies(/home/ayaan/sim_ws/install/sim_bot/share/colcon-core/packages/sim_bot)
[0.785s] INFO:colcon.colcon_ros.task.ament_python.build:Building ROS package in '/home/ayaan/sim_ws/src/sim_lobby_classic' with build type 'ament_python'
[0.785s] Level 1:colcon.colcon_core.shell:create_environment_hook('sim_lobby_classic', 'ament_prefix_path')
[0.785s] INFO:colcon.colcon_core.shell:Creating environment hook '/home/ayaan/sim_ws/install/sim_lobby_classic/share/sim_lobby_classic/hook/ament_prefix_path.ps1'
[0.786s] INFO:colcon.colcon_core.shell:Creating environment descriptor '/home/ayaan/sim_ws/install/sim_lobby_classic/share/sim_lobby_classic/hook/ament_prefix_path.dsv'
[0.787s] INFO:colcon.colcon_core.shell:Creating environment hook '/home/ayaan/sim_ws/install/sim_lobby_classic/share/sim_lobby_classic/hook/ament_prefix_path.sh'
[0.788s] INFO:colcon.colcon_core.shell:Skip shell extension 'powershell' for command environment: Not usable outside of PowerShell
[0.788s] DEBUG:colcon.colcon_core.shell:Skip shell extension 'dsv' for command environment
[1.071s] INFO:colcon.colcon_core.task.python.build:Building Python package in '/home/ayaan/sim_ws/src/sim_lobby_classic'
[1.071s] INFO:colcon.colcon_core.shell:Skip shell extension 'powershell' for command environment: Not usable outside of PowerShell
[1.071s] DEBUG:colcon.colcon_core.shell:Skip shell extension 'dsv' for command environment
[1.076s] DEBUG:colcon.colcon_core.event_handler.log_command:Invoked command in '/home/ayaan/sim_ws/build/yolo_msgs' returned '0': CMAKE_PREFIX_PATH=${CMAKE_PREFIX_PATH}:/home/ayaan/sim_ws/install/pot_follower:/home/ayaan/sim_ws/install/yolo_ros:/home/ayaan/sim_ws/install/sim_lobby_classic:/home/ayaan/turtlebot3_ws/install/turtlebot3_teleop:/home/ayaan/turtlebot3_ws/install/turtlebot3_example:/opt/ros/humble /usr/bin/cmake --build /home/ayaan/sim_ws/build/yolo_msgs -- -j8 -l8
[1.078s] DEBUG:colcon.colcon_core.event_handler.log_command:Invoking command in '/home/ayaan/sim_ws/build/yolo_msgs': CMAKE_PREFIX_PATH=${CMAKE_PREFIX_PATH}:/home/ayaan/sim_ws/install/pot_follower:/home/ayaan/sim_ws/install/yolo_ros:/home/ayaan/sim_ws/install/sim_lobby_classic:/home/ayaan/turtlebot3_ws/install/turtlebot3_teleop:/home/ayaan/turtlebot3_ws/install/turtlebot3_example:/opt/ros/humble /usr/bin/cmake --install /home/ayaan/sim_ws/build/yolo_msgs
[1.115s] DEBUG:colcon.colcon_core.event_handler.log_command:Invoking command in '/home/ayaan/sim_ws/src/pot_follower': PYTHONPATH=/home/ayaan/sim_ws/build/pot_follower/prefix_override:/usr/lib/python3/dist-packages/colcon_core/task/python/colcon_distutils_commands:/home/ayaan/sim_ws/install/pot_follower/lib/python3.10/site-packages:${PYTHONPATH} /usr/bin/python3 -W ignore:setup.py install is deprecated -W ignore:easy_install command is deprecated setup.py egg_info --egg-base ../../build/pot_follower build --build-base /home/ayaan/sim_ws/build/pot_follower/build install --record /home/ayaan/sim_ws/build/pot_follower/install.log --single-version-externally-managed install_data
[1.178s] Level 1:colcon.colcon_core.environment:create_environment_scripts_only(yolo_msgs)
[1.179s] Level 1:colcon.colcon_core.environment:checking '/home/ayaan/sim_ws/install/yolo_msgs' for CMake module files
[1.179s] DEBUG:colcon.colcon_core.event_handler.log_command:Invoked command in '/home/ayaan/sim_ws/build/yolo_msgs' returned '0': CMAKE_PREFIX_PATH=${CMAKE_PREFIX_PATH}:/home/ayaan/sim_ws/install/pot_follower:/home/ayaan/sim_ws/install/yolo_ros:/home/ayaan/sim_ws/install/sim_lobby_classic:/home/ayaan/turtlebot3_ws/install/turtlebot3_teleop:/home/ayaan/turtlebot3_ws/install/turtlebot3_example:/opt/ros/humble /usr/bin/cmake --install /home/ayaan/sim_ws/build/yolo_msgs
[1.180s] Level 1:colcon.colcon_core.environment:checking '/home/ayaan/sim_ws/install/yolo_msgs' for CMake config files
[1.181s] Level 1:colcon.colcon_core.shell:create_environment_hook('yolo_msgs', 'cmake_prefix_path')
[1.182s] INFO:colcon.colcon_core.shell:Creating environment hook '/home/ayaan/sim_ws/install/yolo_msgs/share/yolo_msgs/hook/cmake_prefix_path.ps1'
[1.182s] INFO:colcon.colcon_core.shell:Creating environment descriptor '/home/ayaan/sim_ws/install/yolo_msgs/share/yolo_msgs/hook/cmake_prefix_path.dsv'
[1.182s] INFO:colcon.colcon_core.shell:Creating environment hook '/home/ayaan/sim_ws/install/yolo_msgs/share/yolo_msgs/hook/cmake_prefix_path.sh'
[1.183s] Level 1:colcon.colcon_core.environment:checking '/home/ayaan/sim_ws/install/yolo_msgs/lib'
[1.183s] Level 1:colcon.colcon_core.shell:create_environment_hook('yolo_msgs', 'ld_library_path_lib')
[1.183s] INFO:colcon.colcon_core.shell:Creating environment hook '/home/ayaan/sim_ws/install/yolo_msgs/share/yolo_msgs/hook/ld_library_path_lib.ps1'
[1.184s] INFO:colcon.colcon_core.shell:Creating environment descriptor '/home/ayaan/sim_ws/install/yolo_msgs/share/yolo_msgs/hook/ld_library_path_lib.dsv'
[1.184s] INFO:colcon.colcon_core.shell:Creating environment hook '/home/ayaan/sim_ws/install/yolo_msgs/share/yolo_msgs/hook/ld_library_path_lib.sh'
[1.184s] Level 1:colcon.colcon_core.environment:checking '/home/ayaan/sim_ws/install/yolo_msgs/bin'
[1.184s] Level 1:colcon.colcon_core.environment:checking '/home/ayaan/sim_ws/install/yolo_msgs/lib/pkgconfig/yolo_msgs.pc'
[1.185s] Level 1:colcon.colcon_core.environment:checking '/home/ayaan/sim_ws/install/yolo_msgs/lib/python3.10/site-packages'
[1.185s] Level 1:colcon.colcon_core.environment:checking '/home/ayaan/sim_ws/install/yolo_msgs/bin'
[1.185s] INFO:colcon.colcon_core.shell:Creating package script '/home/ayaan/sim_ws/install/yolo_msgs/share/yolo_msgs/package.ps1'
[1.186s] INFO:colcon.colcon_core.shell:Creating package descriptor '/home/ayaan/sim_ws/install/yolo_msgs/share/yolo_msgs/package.dsv'
[1.186s] INFO:colcon.colcon_core.shell:Creating package script '/home/ayaan/sim_ws/install/yolo_msgs/share/yolo_msgs/package.sh'
[1.187s] INFO:colcon.colcon_core.shell:Creating package script '/home/ayaan/sim_ws/install/yolo_msgs/share/yolo_msgs/package.bash'
[1.187s] INFO:colcon.colcon_core.shell:Creating package script '/home/ayaan/sim_ws/install/yolo_msgs/share/yolo_msgs/package.zsh'
[1.187s] Level 1:colcon.colcon_core.environment:create_file_with_runtime_dependencies(/home/ayaan/sim_ws/install/yolo_msgs/share/colcon-core/packages/yolo_msgs)
[1.188s] Level 1:colcon.colcon_core.environment:create_environment_scripts_only(yolo_msgs)
[1.188s] Level 1:colcon.colcon_core.environment:checking '/home/ayaan/sim_ws/install/yolo_msgs' for CMake module files
[1.189s] Level 1:colcon.colcon_core.environment:checking '/home/ayaan/sim_ws/install/yolo_msgs' for CMake config files
[1.190s] Level 1:colcon.colcon_core.shell:create_environment_hook('yolo_msgs', 'cmake_prefix_path')
[1.191s] INFO:colcon.colcon_core.shell:Creating environment hook '/home/ayaan/sim_ws/install/yolo_msgs/share/yolo_msgs/hook/cmake_prefix_path.ps1'
[1.191s] INFO:colcon.colcon_core.shell:Creating environment descriptor '/home/ayaan/sim_ws/install/yolo_msgs/share/yolo_msgs/hook/cmake_prefix_path.dsv'
[1.191s] INFO:colcon.colcon_core.shell:Creating environment hook '/home/ayaan/sim_ws/install/yolo_msgs/share/yolo_msgs/hook/cmake_prefix_path.sh'
[1.192s] Level 1:colcon.colcon_core.environment:checking '/home/ayaan/sim_ws/install/yolo_msgs/lib'
[1.192s] Level 1:colcon.colcon_core.shell:create_environment_hook('yolo_msgs', 'ld_library_path_lib')
[1.192s] INFO:colcon.colcon_core.shell:Creating environment hook '/home/ayaan/sim_ws/install/yolo_msgs/share/yolo_msgs/hook/ld_library_path_lib.ps1'
[1.192s] INFO:colcon.colcon_core.shell:Creating environment descriptor '/home/ayaan/sim_ws/install/yolo_msgs/share/yolo_msgs/hook/ld_library_path_lib.dsv'
[1.193s] INFO:colcon.colcon_core.shell:Creating environment hook '/home/ayaan/sim_ws/install/yolo_msgs/share/yolo_msgs/hook/ld_library_path_lib.sh'
[1.193s] Level 1:colcon.colcon_core.environment:checking '/home/ayaan/sim_ws/install/yolo_msgs/bin'
[1.193s] Level 1:colcon.colcon_core.environment:checking '/home/ayaan/sim_ws/install/yolo_msgs/lib/pkgconfig/yolo_msgs.pc'
[1.193s] Level 1:colcon.colcon_core.environment:checking '/home/ayaan/sim_ws/install/yolo_msgs/lib/python3.10/site-packages'
[1.194s] Level 1:colcon.colcon_core.environment:checking '/home/ayaan/sim_ws/install/yolo_msgs/bin'
[1.194s] INFO:colcon.colcon_core.shell:Creating package script '/home/ayaan/sim_ws/install/yolo_msgs/share/yolo_msgs/package.ps1'
[1.194s] INFO:colcon.colcon_core.shell:Creating package descriptor '/home/ayaan/sim_ws/install/yolo_msgs/share/yolo_msgs/package.dsv'
[1.195s] INFO:colcon.colcon_core.shell:Creating package script '/home/ayaan/sim_ws/install/yolo_msgs/share/yolo_msgs/package.sh'
[1.195s] INFO:colcon.colcon_core.shell:Creating package script '/home/ayaan/sim_ws/install/yolo_msgs/share/yolo_msgs/package.bash'
[1.196s] INFO:colcon.colcon_core.shell:Creating package script '/home/ayaan/sim_ws/install/yolo_msgs/share/yolo_msgs/package.zsh'
[1.196s] Level 1:colcon.colcon_core.environment:create_file_with_runtime_dependencies(/home/ayaan/sim_ws/install/yolo_msgs/share/colcon-core/packages/yolo_msgs)
[1.196s] INFO:colcon.colcon_ros.task.ament_python.build:Building ROS package in '/home/ayaan/sim_ws/src/yolo_ros/yolo_ros' with build type 'ament_python'
[1.196s] Level 1:colcon.colcon_core.shell:create_environment_hook('yolo_ros', 'ament_prefix_path')
[1.197s] INFO:colcon.colcon_core.shell:Creating environment hook '/home/ayaan/sim_ws/install/yolo_ros/share/yolo_ros/hook/ament_prefix_path.ps1'
[1.197s] INFO:colcon.colcon_core.shell:Creating environment descriptor '/home/ayaan/sim_ws/install/yolo_ros/share/yolo_ros/hook/ament_prefix_path.dsv'
[1.198s] INFO:colcon.colcon_core.shell:Creating environment hook '/home/ayaan/sim_ws/install/yolo_ros/share/yolo_ros/hook/ament_prefix_path.sh'
[1.198s] INFO:colcon.colcon_core.shell:Skip shell extension 'powershell' for command environment: Not usable outside of PowerShell
[1.198s] DEBUG:colcon.colcon_core.shell:Skip shell extension 'dsv' for command environment
[1.488s] INFO:colcon.colcon_core.task.python.build:Building Python package in '/home/ayaan/sim_ws/src/yolo_ros/yolo_ros'
[1.488s] INFO:colcon.colcon_core.shell:Skip shell extension 'powershell' for command environment: Not usable outside of PowerShell
[1.488s] DEBUG:colcon.colcon_core.shell:Skip shell extension 'dsv' for command environment
[1.497s] Level 1:colcon.colcon_core.environment:checking '/home/ayaan/sim_ws/install/pot_follower' for CMake module files
[1.498s] Level 1:colcon.colcon_core.environment:checking '/home/ayaan/sim_ws/install/pot_follower' for CMake config files
[1.498s] DEBUG:colcon.colcon_core.event_handler.log_command:Invoking command in '/home/ayaan/sim_ws/src/sim_lobby_classic': CMAKE_PREFIX_PATH=/home/ayaan/sim_ws/install/sim_bot:/home/ayaan/sim_ws/install/yolo_bringup:/home/ayaan/sim_ws/install/yolo_msgs:/home/ayaan/turtlebot3_ws/install/turtlebot3:/home/ayaan/turtlebot3_ws/install/turtlebot3_simulations:/home/ayaan/turtlebot3_ws/install/turtlebot3_bringup:/home/ayaan/turtlebot3_ws/install/turtlebot3_node:/home/ayaan/turtlebot3_ws/install/turtlebot3_navigation2:/home/ayaan/turtlebot3_ws/install/turtlebot3_fake_node:/home/ayaan/turtlebot3_ws/install/turtlebot3_msgs:/home/ayaan/turtlebot3_ws/install/turtlebot3_gazebo:/home/ayaan/turtlebot3_ws/install/turtlebot3_description:/home/ayaan/turtlebot3_ws/install/turtlebot3_cartographer PYTHONPATH=/home/ayaan/sim_ws/build/sim_lobby_classic/prefix_override:/usr/lib/python3/dist-packages/colcon_core/task/python/colcon_distutils_commands:/home/ayaan/sim_ws/install/sim_lobby_classic/lib/python3.10/site-packages:${PYTHONPATH} /usr/bin/python3 -W ignore:setup.py install is deprecated -W ignore:easy_install command is deprecated setup.py egg_info --egg-base ../../build/sim_lobby_classic build --build-base /home/ayaan/sim_ws/build/sim_lobby_classic/build install --record /home/ayaan/sim_ws/build/sim_lobby_classic/install.log --single-version-externally-managed install_data
[1.499s] DEBUG:colcon.colcon_core.event_handler.log_command:Invoked command in '/home/ayaan/sim_ws/src/pot_follower' returned '0': PYTHONPATH=/home/ayaan/sim_ws/build/pot_follower/prefix_override:/usr/lib/python3/dist-packages/colcon_core/task/python/colcon_distutils_commands:/home/ayaan/sim_ws/install/pot_follower/lib/python3.10/site-packages:${PYTHONPATH} /usr/bin/python3 -W ignore:setup.py install is deprecated -W ignore:easy_install command is deprecated setup.py egg_info --egg-base ../../build/pot_follower build --build-base /home/ayaan/sim_ws/build/pot_follower/build install --record /home/ayaan/sim_ws/build/pot_follower/install.log --single-version-externally-managed install_data
[1.499s] Level 1:colcon.colcon_core.environment:checking '/home/ayaan/sim_ws/install/pot_follower/lib'
[1.499s] Level 1:colcon.colcon_core.environment:checking '/home/ayaan/sim_ws/install/pot_follower/bin'
[1.499s] Level 1:colcon.colcon_core.environment:checking '/home/ayaan/sim_ws/install/pot_follower/lib/pkgconfig/pot_follower.pc'
[1.499s] Level 1:colcon.colcon_core.environment:checking '/home/ayaan/sim_ws/install/pot_follower/lib/python3.10/site-packages'
[1.499s] Level 1:colcon.colcon_core.shell:create_environment_hook('pot_follower', 'pythonpath')
[1.500s] INFO:colcon.colcon_core.shell:Creating environment hook '/home/ayaan/sim_ws/install/pot_follower/share/pot_follower/hook/pythonpath.ps1'
[1.500s] INFO:colcon.colcon_core.shell:Creating environment descriptor '/home/ayaan/sim_ws/install/pot_follower/share/pot_follower/hook/pythonpath.dsv'
[1.501s] INFO:colcon.colcon_core.shell:Creating environment hook '/home/ayaan/sim_ws/install/pot_follower/share/pot_follower/hook/pythonpath.sh'
[1.501s] Level 1:colcon.colcon_core.environment:checking '/home/ayaan/sim_ws/install/pot_follower/bin'
[1.501s] Level 1:colcon.colcon_core.environment:create_environment_scripts_only(pot_follower)
[1.502s] INFO:colcon.colcon_core.shell:Creating package script '/home/ayaan/sim_ws/install/pot_follower/share/pot_follower/package.ps1'
[1.502s] INFO:colcon.colcon_core.shell:Creating package descriptor '/home/ayaan/sim_ws/install/pot_follower/share/pot_follower/package.dsv'
[1.503s] INFO:colcon.colcon_core.shell:Creating package script '/home/ayaan/sim_ws/install/pot_follower/share/pot_follower/package.sh'
[1.503s] INFO:colcon.colcon_core.shell:Creating package script '/home/ayaan/sim_ws/install/pot_follower/share/pot_follower/package.bash'
[1.503s] INFO:colcon.colcon_core.shell:Creating package script '/home/ayaan/sim_ws/install/pot_follower/share/pot_follower/package.zsh'
[1.504s] Level 1:colcon.colcon_core.environment:create_file_with_runtime_dependencies(/home/ayaan/sim_ws/install/pot_follower/share/colcon-core/packages/pot_follower)
[1.802s] Level 1:colcon.colcon_core.environment:checking '/home/ayaan/sim_ws/install/sim_lobby_classic' for CMake module files
[1.803s] DEBUG:colcon.colcon_core.event_handler.log_command:Invoked command in '/home/ayaan/sim_ws/src/sim_lobby_classic' returned '0': CMAKE_PREFIX_PATH=/home/ayaan/sim_ws/install/sim_bot:/home/ayaan/sim_ws/install/yolo_bringup:/home/ayaan/sim_ws/install/yolo_msgs:/home/ayaan/turtlebot3_ws/install/turtlebot3:/home/ayaan/turtlebot3_ws/install/turtlebot3_simulations:/home/ayaan/turtlebot3_ws/install/turtlebot3_bringup:/home/ayaan/turtlebot3_ws/install/turtlebot3_node:/home/ayaan/turtlebot3_ws/install/turtlebot3_navigation2:/home/ayaan/turtlebot3_ws/install/turtlebot3_fake_node:/home/ayaan/turtlebot3_ws/install/turtlebot3_msgs:/home/ayaan/turtlebot3_ws/install/turtlebot3_gazebo:/home/ayaan/turtlebot3_ws/install/turtlebot3_description:/home/ayaan/turtlebot3_ws/install/turtlebot3_cartographer PYTHONPATH=/home/ayaan/sim_ws/build/sim_lobby_classic/prefix_override:/usr/lib/python3/dist-packages/colcon_core/task/python/colcon_distutils_commands:/home/ayaan/sim_ws/install/sim_lobby_classic/lib/python3.10/site-packages:${PYTHONPATH} /usr/bin/python3 -W ignore:setup.py install is deprecated -W ignore:easy_install command is deprecated setup.py egg_info --egg-base ../../build/sim_lobby_classic build --build-base /home/ayaan/sim_ws/build/sim_lobby_classic/build install --record /home/ayaan/sim_ws/build/sim_lobby_classic/install.log --single-version-externally-managed install_data
[1.803s] Level 1:colcon.colcon_core.environment:checking '/home/ayaan/sim_ws/install/sim_lobby_classic' for CMake config files
[1.804s] Level 1:colcon.colcon_core.environment:checking '/home/ayaan/sim_ws/install/sim_lobby_classic/lib'
[1.804s] Level 1:colcon.colcon_core.environment:checking '/home/ayaan/sim_ws/install/sim_lobby_classic/bin'
[1.804s] Level 1:colcon.colcon_core.environment:checking '/home/ayaan/sim_ws/install/sim_lobby_classic/lib/pkgconfig/sim_lobby_classic.pc'
[1.804s] Level 1:colcon.colcon_core.environment:checking '/home/ayaan/sim_ws/install/sim_lobby_classic/lib/python3.10/site-packages'
[1.804s] Level 1:colcon.colcon_core.shell:create_environment_hook('sim_lobby_classic', 'pythonpath')
[1.804s] INFO:colcon.colcon_core.shell:Creating environment hook '/home/ayaan/sim_ws/install/sim_lobby_classic/share/sim_lobby_classic/hook/pythonpath.ps1'
[1.805s] INFO:colcon.colcon_core.shell:Creating environment descriptor '/home/ayaan/sim_ws/install/sim_lobby_classic/share/sim_lobby_classic/hook/pythonpath.dsv'
[1.805s] INFO:colcon.colcon_core.shell:Creating environment hook '/home/ayaan/sim_ws/install/sim_lobby_classic/share/sim_lobby_classic/hook/pythonpath.sh'
[1.806s] Level 1:colcon.colcon_core.environment:checking '/home/ayaan/sim_ws/install/sim_lobby_classic/bin'
[1.806s] Level 1:colcon.colcon_core.environment:create_environment_scripts_only(sim_lobby_classic)
[1.806s] INFO:colcon.colcon_core.shell:Creating package script '/home/ayaan/sim_ws/install/sim_lobby_classic/share/sim_lobby_classic/package.ps1'
[1.807s] INFO:colcon.colcon_core.shell:Creating package descriptor '/home/ayaan/sim_ws/install/sim_lobby_classic/share/sim_lobby_classic/package.dsv'
[1.808s] INFO:colcon.colcon_core.shell:Creating package script '/home/ayaan/sim_ws/install/sim_lobby_classic/share/sim_lobby_classic/package.sh'
[1.808s] INFO:colcon.colcon_core.shell:Creating package script '/home/ayaan/sim_ws/install/sim_lobby_classic/share/sim_lobby_classic/package.bash'
[1.808s] INFO:colcon.colcon_core.shell:Creating package script '/home/ayaan/sim_ws/install/sim_lobby_classic/share/sim_lobby_classic/package.zsh'
[1.809s] Level 1:colcon.colcon_core.environment:create_file_with_runtime_dependencies(/home/ayaan/sim_ws/install/sim_lobby_classic/share/colcon-core/packages/sim_lobby_classic)
[1.871s] DEBUG:colcon.colcon_core.event_handler.log_command:Invoking command in '/home/ayaan/sim_ws/build/yolo_ros': CMAKE_PREFIX_PATH=/home/ayaan/sim_ws/install/yolo_msgs:/home/ayaan/sim_ws/install/yolo_bringup:/home/ayaan/sim_ws/install/sim_bot:/home/ayaan/turtlebot3_ws/install/turtlebot3:/home/ayaan/turtlebot3_ws/install/turtlebot3_simulations:/home/ayaan/turtlebot3_ws/install/turtlebot3_bringup:/home/ayaan/turtlebot3_ws/install/turtlebot3_node:/home/ayaan/turtlebot3_ws/install/turtlebot3_navigation2:/home/ayaan/turtlebot3_ws/install/turtlebot3_fake_node:/home/ayaan/turtlebot3_ws/install/turtlebot3_msgs:/home/ayaan/turtlebot3_ws/install/turtlebot3_gazebo:/home/ayaan/turtlebot3_ws/install/turtlebot3_description:/home/ayaan/turtlebot3_ws/install/turtlebot3_cartographer LD_LIBRARY_PATH=/home/ayaan/sim_ws/install/yolo_msgs/lib:/home/ayaan/turtlebot3_ws/install/turtlebot3_msgs/lib:/usr/lib/x86_64-linux-gnu/gazebo-11/plugins:/opt/ros/humble/opt/rviz_ogre_vendor/lib:/opt/ros/humble/lib/x86_64-linux-gnu:/opt/ros/humble/lib:/home/ayaan/CoppeliaSim:/usr/lib/x86_64-linux-gnu/gazebo-11/plugins PYTHONPATH=/home/ayaan/sim_ws/build/yolo_ros/prefix_override:/usr/lib/python3/dist-packages/colcon_core/task/python/colcon_distutils_commands:/home/ayaan/sim_ws/install/yolo_ros/lib/python3.10/site-packages:${PYTHONPATH} /usr/bin/python3 -W ignore:setup.py install is deprecated -W ignore:easy_install command is deprecated setup.py develop --uninstall --editable --build-directory /home/ayaan/sim_ws/build/yolo_ros/build
[2.321s] DEBUG:colcon.colcon_core.event_handler.log_command:Invoked command in '/home/ayaan/sim_ws/build/yolo_ros' returned '0': CMAKE_PREFIX_PATH=/home/ayaan/sim_ws/install/yolo_msgs:/home/ayaan/sim_ws/install/yolo_bringup:/home/ayaan/sim_ws/install/sim_bot:/home/ayaan/turtlebot3_ws/install/turtlebot3:/home/ayaan/turtlebot3_ws/install/turtlebot3_simulations:/home/ayaan/turtlebot3_ws/install/turtlebot3_bringup:/home/ayaan/turtlebot3_ws/install/turtlebot3_node:/home/ayaan/turtlebot3_ws/install/turtlebot3_navigation2:/home/ayaan/turtlebot3_ws/install/turtlebot3_fake_node:/home/ayaan/turtlebot3_ws/install/turtlebot3_msgs:/home/ayaan/turtlebot3_ws/install/turtlebot3_gazebo:/home/ayaan/turtlebot3_ws/install/turtlebot3_description:/home/ayaan/turtlebot3_ws/install/turtlebot3_cartographer LD_LIBRARY_PATH=/home/ayaan/sim_ws/install/yolo_msgs/lib:/home/ayaan/turtlebot3_ws/install/turtlebot3_msgs/lib:/usr/lib/x86_64-linux-gnu/gazebo-11/plugins:/opt/ros/humble/opt/rviz_ogre_vendor/lib:/opt/ros/humble/lib/x86_64-linux-gnu:/opt/ros/humble/lib:/home/ayaan/CoppeliaSim:/usr/lib/x86_64-linux-gnu/gazebo-11/plugins PYTHONPATH=/home/ayaan/sim_ws/build/yolo_ros/prefix_override:/usr/lib/python3/dist-packages/colcon_core/task/python/colcon_distutils_commands:/home/ayaan/sim_ws/install/yolo_ros/lib/python3.10/site-packages:${PYTHONPATH} /usr/bin/python3 -W ignore:setup.py install is deprecated -W ignore:easy_install command is deprecated setup.py develop --uninstall --editable --build-directory /home/ayaan/sim_ws/build/yolo_ros/build
[2.322s] DEBUG:colcon.colcon_core.event_handler.log_command:Invoking command in '/home/ayaan/sim_ws/src/yolo_ros/yolo_ros': CMAKE_PREFIX_PATH=/home/ayaan/sim_ws/install/yolo_msgs:/home/ayaan/sim_ws/install/yolo_bringup:/home/ayaan/sim_ws/install/sim_bot:/home/ayaan/turtlebot3_ws/install/turtlebot3:/home/ayaan/turtlebot3_ws/install/turtlebot3_simulations:/home/ayaan/turtlebot3_ws/install/turtlebot3_bringup:/home/ayaan/turtlebot3_ws/install/turtlebot3_node:/home/ayaan/turtlebot3_ws/install/turtlebot3_navigation2:/home/ayaan/turtlebot3_ws/install/turtlebot3_fake_node:/home/ayaan/turtlebot3_ws/install/turtlebot3_msgs:/home/ayaan/turtlebot3_ws/install/turtlebot3_gazebo:/home/ayaan/turtlebot3_ws/install/turtlebot3_description:/home/ayaan/turtlebot3_ws/install/turtlebot3_cartographer LD_LIBRARY_PATH=/home/ayaan/sim_ws/install/yolo_msgs/lib:/home/ayaan/turtlebot3_ws/install/turtlebot3_msgs/lib:/usr/lib/x86_64-linux-gnu/gazebo-11/plugins:/opt/ros/humble/opt/rviz_ogre_vendor/lib:/opt/ros/humble/lib/x86_64-linux-gnu:/opt/ros/humble/lib:/home/ayaan/CoppeliaSim:/usr/lib/x86_64-linux-gnu/gazebo-11/plugins PYTHONPATH=/home/ayaan/sim_ws/build/yolo_ros/prefix_override:/usr/lib/python3/dist-packages/colcon_core/task/python/colcon_distutils_commands:/home/ayaan/sim_ws/install/yolo_ros/lib/python3.10/site-packages:${PYTHONPATH} /usr/bin/python3 -W ignore:setup.py install is deprecated -W ignore:easy_install command is deprecated setup.py egg_info --egg-base ../../../build/yolo_ros build --build-base /home/ayaan/sim_ws/build/yolo_ros/build install --record /home/ayaan/sim_ws/build/yolo_ros/install.log --single-version-externally-managed install_data --force
[2.617s] Level 1:colcon.colcon_core.environment:checking '/home/ayaan/sim_ws/install/yolo_ros' for CMake module files
[2.618s] DEBUG:colcon.colcon_core.event_handler.log_command:Invoked command in '/home/ayaan/sim_ws/src/yolo_ros/yolo_ros' returned '0': CMAKE_PREFIX_PATH=/home/ayaan/sim_ws/install/yolo_msgs:/home/ayaan/sim_ws/install/yolo_bringup:/home/ayaan/sim_ws/install/sim_bot:/home/ayaan/turtlebot3_ws/install/turtlebot3:/home/ayaan/turtlebot3_ws/install/turtlebot3_simulations:/home/ayaan/turtlebot3_ws/install/turtlebot3_bringup:/home/ayaan/turtlebot3_ws/install/turtlebot3_node:/home/ayaan/turtlebot3_ws/install/turtlebot3_navigation2:/home/ayaan/turtlebot3_ws/install/turtlebot3_fake_node:/home/ayaan/turtlebot3_ws/install/turtlebot3_msgs:/home/ayaan/turtlebot3_ws/install/turtlebot3_gazebo:/home/ayaan/turtlebot3_ws/install/turtlebot3_description:/home/ayaan/turtlebot3_ws/install/turtlebot3_cartographer LD_LIBRARY_PATH=/home/ayaan/sim_ws/install/yolo_msgs/lib:/home/ayaan/turtlebot3_ws/install/turtlebot3_msgs/lib:/usr/lib/x86_64-linux-gnu/gazebo-11/plugins:/opt/ros/humble/opt/rviz_ogre_vendor/lib:/opt/ros/humble/lib/x86_64-linux-gnu:/opt/ros/humble/lib:/home/ayaan/CoppeliaSim:/usr/lib/x86_64-linux-gnu/gazebo-11/plugins PYTHONPATH=/home/ayaan/sim_ws/build/yolo_ros/prefix_override:/usr/lib/python3/dist-packages/colcon_core/task/python/colcon_distutils_commands:/home/ayaan/sim_ws/install/yolo_ros/lib/python3.10/site-packages:${PYTHONPATH} /usr/bin/python3 -W ignore:setup.py install is deprecated -W ignore:easy_install command is deprecated setup.py egg_info --egg-base ../../../build/yolo_ros build --build-base /home/ayaan/sim_ws/build/yolo_ros/build install --record /home/ayaan/sim_ws/build/yolo_ros/install.log --single-version-externally-managed install_data --force
[2.618s] Level 1:colcon.colcon_core.environment:checking '/home/ayaan/sim_ws/install/yolo_ros' for CMake config files
[2.619s] Level 1:colcon.colcon_core.environment:checking '/home/ayaan/sim_ws/install/yolo_ros/lib'
[2.619s] Level 1:colcon.colcon_core.environment:checking '/home/ayaan/sim_ws/install/yolo_ros/bin'
[2.619s] Level 1:colcon.colcon_core.environment:checking '/home/ayaan/sim_ws/install/yolo_ros/lib/pkgconfig/yolo_ros.pc'
[2.619s] Level 1:colcon.colcon_core.environment:checking '/home/ayaan/sim_ws/install/yolo_ros/lib/python3.10/site-packages'
[2.619s] Level 1:colcon.colcon_core.shell:create_environment_hook('yolo_ros', 'pythonpath')
[2.619s] INFO:colcon.colcon_core.shell:Creating environment hook '/home/ayaan/sim_ws/install/yolo_ros/share/yolo_ros/hook/pythonpath.ps1'
[2.620s] INFO:colcon.colcon_core.shell:Creating environment descriptor '/home/ayaan/sim_ws/install/yolo_ros/share/yolo_ros/hook/pythonpath.dsv'
[2.620s] INFO:colcon.colcon_core.shell:Creating environment hook '/home/ayaan/sim_ws/install/yolo_ros/share/yolo_ros/hook/pythonpath.sh'
[2.621s] Level 1:colcon.colcon_core.environment:checking '/home/ayaan/sim_ws/install/yolo_ros/bin'
[2.621s] Level 1:colcon.colcon_core.environment:create_environment_scripts_only(yolo_ros)
[2.621s] INFO:colcon.colcon_core.shell:Creating package script '/home/ayaan/sim_ws/install/yolo_ros/share/yolo_ros/package.ps1'
[2.622s] INFO:colcon.colcon_core.shell:Creating package descriptor '/home/ayaan/sim_ws/install/yolo_ros/share/yolo_ros/package.dsv'
[2.622s] INFO:colcon.colcon_core.shell:Creating package script '/home/ayaan/sim_ws/install/yolo_ros/share/yolo_ros/package.sh'
[2.623s] INFO:colcon.colcon_core.shell:Creating package script '/home/ayaan/sim_ws/install/yolo_ros/share/yolo_ros/package.bash'
[2.623s] INFO:colcon.colcon_core.shell:Creating package script '/home/ayaan/sim_ws/install/yolo_ros/share/yolo_ros/package.zsh'
[2.623s] Level 1:colcon.colcon_core.environment:create_file_with_runtime_dependencies(/home/ayaan/sim_ws/install/yolo_ros/share/colcon-core/packages/yolo_ros)
[2.624s] INFO:colcon.colcon_ros.task.ament_cmake.build:Building ROS package in '/home/ayaan/sim_ws/src/yolo_ros/yolo_bringup' with build type 'ament_cmake'
[2.624s] INFO:colcon.colcon_cmake.task.cmake.build:Building CMake package in '/home/ayaan/sim_ws/src/yolo_ros/yolo_bringup'
[2.624s] INFO:colcon.colcon_core.shell:Skip shell extension 'powershell' for command environment: Not usable outside of PowerShell
[2.624s] DEBUG:colcon.colcon_core.shell:Skip shell extension 'dsv' for command environment
[2.636s] DEBUG:colcon.colcon_core.event_handler.log_command:Invoking command in '/home/ayaan/sim_ws/build/yolo_bringup': AMENT_PREFIX_PATH=/home/ayaan/sim_ws/install/yolo_ros:/home/ayaan/sim_ws/install/pot_follower:/home/ayaan/sim_ws/install/yolo_bringup:/home/ayaan/sim_ws/install/yolo_msgs:/home/ayaan/sim_ws/install/sim_lobby_classic:/home/ayaan/sim_ws/install/sim_bot:/home/ayaan/turtlebot3_ws/install/turtlebot3:/home/ayaan/turtlebot3_ws/install/turtlebot3_teleop:/home/ayaan/turtlebot3_ws/install/turtlebot3_simulations:/home/ayaan/turtlebot3_ws/install/turtlebot3_bringup:/home/ayaan/turtlebot3_ws/install/turtlebot3_node:/home/ayaan/turtlebot3_ws/install/turtlebot3_navigation2:/home/ayaan/turtlebot3_ws/install/turtlebot3_fake_node:/home/ayaan/turtlebot3_ws/install/turtlebot3_example:/home/ayaan/turtlebot3_ws/install/turtlebot3_msgs:/home/ayaan/turtlebot3_ws/install/turtlebot3_gazebo:/home/ayaan/turtlebot3_ws/install/turtlebot3_description:/home/ayaan/turtlebot3_ws/install/turtlebot3_cartographer:/opt/ros/humble CMAKE_PREFIX_PATH=/home/ayaan/sim_ws/install/yolo_msgs:/home/ayaan/sim_ws/install/yolo_bringup:/home/ayaan/sim_ws/install/sim_bot:/home/ayaan/turtlebot3_ws/install/turtlebot3:/home/ayaan/turtlebot3_ws/install/turtlebot3_simulations:/home/ayaan/turtlebot3_ws/install/turtlebot3_bringup:/home/ayaan/turtlebot3_ws/install/turtlebot3_node:/home/ayaan/turtlebot3_ws/install/turtlebot3_navigation2:/home/ayaan/turtlebot3_ws/install/turtlebot3_fake_node:/home/ayaan/turtlebot3_ws/install/turtlebot3_msgs:/home/ayaan/turtlebot3_ws/install/turtlebot3_gazebo:/home/ayaan/turtlebot3_ws/install/turtlebot3_description:/home/ayaan/turtlebot3_ws/install/turtlebot3_cartographer:/home/ayaan/sim_ws/install/pot_follower:/home/ayaan/sim_ws/install/yolo_ros:/home/ayaan/sim_ws/install/sim_lobby_classic:/home/ayaan/turtlebot3_ws/install/turtlebot3_teleop:/home/ayaan/turtlebot3_ws/install/turtlebot3_example:/opt/ros/humble LD_LIBRARY_PATH=/home/ayaan/sim_ws/install/yolo_msgs/lib:/home/ayaan/turtlebot3_ws/install/turtlebot3_msgs/lib:/usr/lib/x86_64-linux-gnu/gazebo-11/plugins:/opt/ros/humble/opt/rviz_ogre_vendor/lib:/opt/ros/humble/lib/x86_64-linux-gnu:/opt/ros/humble/lib:/home/ayaan/CoppeliaSim:/usr/lib/x86_64-linux-gnu/gazebo-11/plugins PYTHONPATH=/home/ayaan/sim_ws/install/yolo_ros/lib/python3.10/site-packages:/home/ayaan/sim_ws/build/pot_follower:/home/ayaan/sim_ws/install/pot_follower/lib/python3.10/site-packages:/home/ayaan/sim_ws/build/yolo_ros:/home/ayaan/sim_ws/install/yolo_msgs/local/lib/python3.10/dist-packages:/home/ayaan/sim_ws/build/sim_lobby_classic:/home/ayaan/sim_ws/install/sim_lobby_classic/lib/python3.10/site-packages:/home/ayaan/turtlebot3_ws/build/turtlebot3_teleop:/home/ayaan/turtlebot3_ws/install/turtlebot3_teleop/lib/python3.10/site-packages:/home/ayaan/turtlebot3_ws/build/turtlebot3_example:/home/ayaan/turtlebot3_ws/install/turtlebot3_example/lib/python3.10/site-packages:/home/ayaan/turtlebot3_ws/install/turtlebot3_msgs/local/lib/python3.10/dist-packages:/opt/ros/humble/lib/python3.10/site-packages:/opt/ros/humble/local/lib/python3.10/dist-packages /usr/bin/cmake --build /home/ayaan/sim_ws/build/yolo_bringup -- -j8 -l8
[2.669s] DEBUG:colcon.colcon_core.event_handler.log_command:Invoked command in '/home/ayaan/sim_ws/build/yolo_bringup' returned '0': AMENT_PREFIX_PATH=/home/ayaan/sim_ws/install/yolo_ros:/home/ayaan/sim_ws/install/pot_follower:/home/ayaan/sim_ws/install/yolo_bringup:/home/ayaan/sim_ws/install/yolo_msgs:/home/ayaan/sim_ws/install/sim_lobby_classic:/home/ayaan/sim_ws/install/sim_bot:/home/ayaan/turtlebot3_ws/install/turtlebot3:/home/ayaan/turtlebot3_ws/install/turtlebot3_teleop:/home/ayaan/turtlebot3_ws/install/turtlebot3_simulations:/home/ayaan/turtlebot3_ws/install/turtlebot3_bringup:/home/ayaan/turtlebot3_ws/install/turtlebot3_node:/home/ayaan/turtlebot3_ws/install/turtlebot3_navigation2:/home/ayaan/turtlebot3_ws/install/turtlebot3_fake_node:/home/ayaan/turtlebot3_ws/install/turtlebot3_example:/home/ayaan/turtlebot3_ws/install/turtlebot3_msgs:/home/ayaan/turtlebot3_ws/install/turtlebot3_gazebo:/home/ayaan/turtlebot3_ws/install/turtlebot3_description:/home/ayaan/turtlebot3_ws/install/turtlebot3_cartographer:/opt/ros/humble CMAKE_PREFIX_PATH=/home/ayaan/sim_ws/install/yolo_msgs:/home/ayaan/sim_ws/install/yolo_bringup:/home/ayaan/sim_ws/install/sim_bot:/home/ayaan/turtlebot3_ws/install/turtlebot3:/home/ayaan/turtlebot3_ws/install/turtlebot3_simulations:/home/ayaan/turtlebot3_ws/install/turtlebot3_bringup:/home/ayaan/turtlebot3_ws/install/turtlebot3_node:/home/ayaan/turtlebot3_ws/install/turtlebot3_navigation2:/home/ayaan/turtlebot3_ws/install/turtlebot3_fake_node:/home/ayaan/turtlebot3_ws/install/turtlebot3_msgs:/home/ayaan/turtlebot3_ws/install/turtlebot3_gazebo:/home/ayaan/turtlebot3_ws/install/turtlebot3_description:/home/ayaan/turtlebot3_ws/install/turtlebot3_cartographer:/home/ayaan/sim_ws/install/pot_follower:/home/ayaan/sim_ws/install/yolo_ros:/home/ayaan/sim_ws/install/sim_lobby_classic:/home/ayaan/turtlebot3_ws/install/turtlebot3_teleop:/home/ayaan/turtlebot3_ws/install/turtlebot3_example:/opt/ros/humble LD_LIBRARY_PATH=/home/ayaan/sim_ws/install/yolo_msgs/lib:/home/ayaan/turtlebot3_ws/install/turtlebot3_msgs/lib:/usr/lib/x86_64-linux-gnu/gazebo-11/plugins:/opt/ros/humble/opt/rviz_ogre_vendor/lib:/opt/ros/humble/lib/x86_64-linux-gnu:/opt/ros/humble/lib:/home/ayaan/CoppeliaSim:/usr/lib/x86_64-linux-gnu/gazebo-11/plugins PYTHONPATH=/home/ayaan/sim_ws/install/yolo_ros/lib/python3.10/site-packages:/home/ayaan/sim_ws/build/pot_follower:/home/ayaan/sim_ws/install/pot_follower/lib/python3.10/site-packages:/home/ayaan/sim_ws/build/yolo_ros:/home/ayaan/sim_ws/install/yolo_msgs/local/lib/python3.10/dist-packages:/home/ayaan/sim_ws/build/sim_lobby_classic:/home/ayaan/sim_ws/install/sim_lobby_classic/lib/python3.10/site-packages:/home/ayaan/turtlebot3_ws/build/turtlebot3_teleop:/home/ayaan/turtlebot3_ws/install/turtlebot3_teleop/lib/python3.10/site-packages:/home/ayaan/turtlebot3_ws/build/turtlebot3_example:/home/ayaan/turtlebot3_ws/install/turtlebot3_example/lib/python3.10/site-packages:/home/ayaan/turtlebot3_ws/install/turtlebot3_msgs/local/lib/python3.10/dist-packages:/opt/ros/humble/lib/python3.10/site-packages:/opt/ros/humble/local/lib/python3.10/dist-packages /usr/bin/cmake --build /home/ayaan/sim_ws/build/yolo_bringup -- -j8 -l8
[2.669s] DEBUG:colcon.colcon_core.event_handler.log_command:Invoking command in '/home/ayaan/sim_ws/build/yolo_bringup': AMENT_PREFIX_PATH=/home/ayaan/sim_ws/install/yolo_ros:/home/ayaan/sim_ws/install/pot_follower:/home/ayaan/sim_ws/install/yolo_bringup:/home/ayaan/sim_ws/install/yolo_msgs:/home/ayaan/sim_ws/install/sim_lobby_classic:/home/ayaan/sim_ws/install/sim_bot:/home/ayaan/turtlebot3_ws/install/turtlebot3:/home/ayaan/turtlebot3_ws/install/turtlebot3_teleop:/home/ayaan/turtlebot3_ws/install/turtlebot3_simulations:/home/ayaan/turtlebot3_ws/install/turtlebot3_bringup:/home/ayaan/turtlebot3_ws/install/turtlebot3_node:/home/ayaan/turtlebot3_ws/install/turtlebot3_navigation2:/home/ayaan/turtlebot3_ws/install/turtlebot3_fake_node:/home/ayaan/turtlebot3_ws/install/turtlebot3_example:/home/ayaan/turtlebot3_ws/install/turtlebot3_msgs:/home/ayaan/turtlebot3_ws/install/turtlebot3_gazebo:/home/ayaan/turtlebot3_ws/install/turtlebot3_description:/home/ayaan/turtlebot3_ws/install/turtlebot3_cartographer:/opt/ros/humble CMAKE_PREFIX_PATH=/home/ayaan/sim_ws/install/yolo_msgs:/home/ayaan/sim_ws/install/yolo_bringup:/home/ayaan/sim_ws/install/sim_bot:/home/ayaan/turtlebot3_ws/install/turtlebot3:/home/ayaan/turtlebot3_ws/install/turtlebot3_simulations:/home/ayaan/turtlebot3_ws/install/turtlebot3_bringup:/home/ayaan/turtlebot3_ws/install/turtlebot3_node:/home/ayaan/turtlebot3_ws/install/turtlebot3_navigation2:/home/ayaan/turtlebot3_ws/install/turtlebot3_fake_node:/home/ayaan/turtlebot3_ws/install/turtlebot3_msgs:/home/ayaan/turtlebot3_ws/install/turtlebot3_gazebo:/home/ayaan/turtlebot3_ws/install/turtlebot3_description:/home/ayaan/turtlebot3_ws/install/turtlebot3_cartographer:/home/ayaan/sim_ws/install/pot_follower:/home/ayaan/sim_ws/install/yolo_ros:/home/ayaan/sim_ws/install/sim_lobby_classic:/home/ayaan/turtlebot3_ws/install/turtlebot3_teleop:/home/ayaan/turtlebot3_ws/install/turtlebot3_example:/opt/ros/humble LD_LIBRARY_PATH=/home/ayaan/sim_ws/install/yolo_msgs/lib:/home/ayaan/turtlebot3_ws/install/turtlebot3_msgs/lib:/usr/lib/x86_64-linux-gnu/gazebo-11/plugins:/opt/ros/humble/opt/rviz_ogre_vendor/lib:/opt/ros/humble/lib/x86_64-linux-gnu:/opt/ros/humble/lib:/home/ayaan/CoppeliaSim:/usr/lib/x86_64-linux-gnu/gazebo-11/plugins PYTHONPATH=/home/ayaan/sim_ws/install/yolo_ros/lib/python3.10/site-packages:/home/ayaan/sim_ws/build/pot_follower:/home/ayaan/sim_ws/install/pot_follower/lib/python3.10/site-packages:/home/ayaan/sim_ws/build/yolo_ros:/home/ayaan/sim_ws/install/yolo_msgs/local/lib/python3.10/dist-packages:/home/ayaan/sim_ws/build/sim_lobby_classic:/home/ayaan/sim_ws/install/sim_lobby_classic/lib/python3.10/site-packages:/home/ayaan/turtlebot3_ws/build/turtlebot3_teleop:/home/ayaan/turtlebot3_ws/install/turtlebot3_teleop/lib/python3.10/site-packages:/home/ayaan/turtlebot3_ws/build/turtlebot3_example:/home/ayaan/turtlebot3_ws/install/turtlebot3_example/lib/python3.10/site-packages:/home/ayaan/turtlebot3_ws/install/turtlebot3_msgs/local/lib/python3.10/dist-packages:/opt/ros/humble/lib/python3.10/site-packages:/opt/ros/humble/local/lib/python3.10/dist-packages /usr/bin/cmake --install /home/ayaan/sim_ws/build/yolo_bringup
[2.688s] Level 1:colcon.colcon_core.environment:create_environment_scripts_only(yolo_bringup)
[2.688s] Level 1:colcon.colcon_core.environment:checking '/home/ayaan/sim_ws/install/yolo_bringup' for CMake module files
[2.689s] DEBUG:colcon.colcon_core.event_handler.log_command:Invoked command in '/home/ayaan/sim_ws/build/yolo_bringup' returned '0': AMENT_PREFIX_PATH=/home/ayaan/sim_ws/install/yolo_ros:/home/ayaan/sim_ws/install/pot_follower:/home/ayaan/sim_ws/install/yolo_bringup:/home/ayaan/sim_ws/install/yolo_msgs:/home/ayaan/sim_ws/install/sim_lobby_classic:/home/ayaan/sim_ws/install/sim_bot:/home/ayaan/turtlebot3_ws/install/turtlebot3:/home/ayaan/turtlebot3_ws/install/turtlebot3_teleop:/home/ayaan/turtlebot3_ws/install/turtlebot3_simulations:/home/ayaan/turtlebot3_ws/install/turtlebot3_bringup:/home/ayaan/turtlebot3_ws/install/turtlebot3_node:/home/ayaan/turtlebot3_ws/install/turtlebot3_navigation2:/home/ayaan/turtlebot3_ws/install/turtlebot3_fake_node:/home/ayaan/turtlebot3_ws/install/turtlebot3_example:/home/ayaan/turtlebot3_ws/install/turtlebot3_msgs:/home/ayaan/turtlebot3_ws/install/turtlebot3_gazebo:/home/ayaan/turtlebot3_ws/install/turtlebot3_description:/home/ayaan/turtlebot3_ws/install/turtlebot3_cartographer:/opt/ros/humble CMAKE_PREFIX_PATH=/home/ayaan/sim_ws/install/yolo_msgs:/home/ayaan/sim_ws/install/yolo_bringup:/home/ayaan/sim_ws/install/sim_bot:/home/ayaan/turtlebot3_ws/install/turtlebot3:/home/ayaan/turtlebot3_ws/install/turtlebot3_simulations:/home/ayaan/turtlebot3_ws/install/turtlebot3_bringup:/home/ayaan/turtlebot3_ws/install/turtlebot3_node:/home/ayaan/turtlebot3_ws/install/turtlebot3_navigation2:/home/ayaan/turtlebot3_ws/install/turtlebot3_fake_node:/home/ayaan/turtlebot3_ws/install/turtlebot3_msgs:/home/ayaan/turtlebot3_ws/install/turtlebot3_gazebo:/home/ayaan/turtlebot3_ws/install/turtlebot3_description:/home/ayaan/turtlebot3_ws/install/turtlebot3_cartographer:/home/ayaan/sim_ws/install/pot_follower:/home/ayaan/sim_ws/install/yolo_ros:/home/ayaan/sim_ws/install/sim_lobby_classic:/home/ayaan/turtlebot3_ws/install/turtlebot3_teleop:/home/ayaan/turtlebot3_ws/install/turtlebot3_example:/opt/ros/humble LD_LIBRARY_PATH=/home/ayaan/sim_ws/install/yolo_msgs/lib:/home/ayaan/turtlebot3_ws/install/turtlebot3_msgs/lib:/usr/lib/x86_64-linux-gnu/gazebo-11/plugins:/opt/ros/humble/opt/rviz_ogre_vendor/lib:/opt/ros/humble/lib/x86_64-linux-gnu:/opt/ros/humble/lib:/home/ayaan/CoppeliaSim:/usr/lib/x86_64-linux-gnu/gazebo-11/plugins PYTHONPATH=/home/ayaan/sim_ws/install/yolo_ros/lib/python3.10/site-packages:/home/ayaan/sim_ws/build/pot_follower:/home/ayaan/sim_ws/install/pot_follower/lib/python3.10/site-packages:/home/ayaan/sim_ws/build/yolo_ros:/home/ayaan/sim_ws/install/yolo_msgs/local/lib/python3.10/dist-packages:/home/ayaan/sim_ws/build/sim_lobby_classic:/home/ayaan/sim_ws/install/sim_lobby_classic/lib/python3.10/site-packages:/home/ayaan/turtlebot3_ws/build/turtlebot3_teleop:/home/ayaan/turtlebot3_ws/install/turtlebot3_teleop/lib/python3.10/site-packages:/home/ayaan/turtlebot3_ws/build/turtlebot3_example:/home/ayaan/turtlebot3_ws/install/turtlebot3_example/lib/python3.10/site-packages:/home/ayaan/turtlebot3_ws/install/turtlebot3_msgs/local/lib/python3.10/dist-packages:/opt/ros/humble/lib/python3.10/site-packages:/opt/ros/humble/local/lib/python3.10/dist-packages /usr/bin/cmake --install /home/ayaan/sim_ws/build/yolo_bringup
[2.689s] Level 1:colcon.colcon_core.environment:checking '/home/ayaan/sim_ws/install/yolo_bringup' for CMake config files
[2.689s] Level 1:colcon.colcon_core.shell:create_environment_hook('yolo_bringup', 'cmake_prefix_path')
[2.689s] INFO:colcon.colcon_core.shell:Creating environment hook '/home/ayaan/sim_ws/install/yolo_bringup/share/yolo_bringup/hook/cmake_prefix_path.ps1'
[2.690s] INFO:colcon.colcon_core.shell:Creating environment descriptor '/home/ayaan/sim_ws/install/yolo_bringup/share/yolo_bringup/hook/cmake_prefix_path.dsv'
[2.690s] INFO:colcon.colcon_core.shell:Creating environment hook '/home/ayaan/sim_ws/install/yolo_bringup/share/yolo_bringup/hook/cmake_prefix_path.sh'
[2.691s] Level 1:colcon.colcon_core.environment:checking '/home/ayaan/sim_ws/install/yolo_bringup/bin'
[2.691s] Level 1:colcon.colcon_core.environment:checking '/home/ayaan/sim_ws/install/yolo_bringup/lib/pkgconfig/yolo_bringup.pc'
[2.691s] Level 1:colcon.colcon_core.environment:checking '/home/ayaan/sim_ws/install/yolo_bringup/lib/python3.10/site-packages'
[2.691s] Level 1:colcon.colcon_core.environment:checking '/home/ayaan/sim_ws/install/yolo_bringup/bin'
[2.691s] INFO:colcon.colcon_core.shell:Creating package script '/home/ayaan/sim_ws/install/yolo_bringup/share/yolo_bringup/package.ps1'
[2.692s] INFO:colcon.colcon_core.shell:Creating package descriptor '/home/ayaan/sim_ws/install/yolo_bringup/share/yolo_bringup/package.dsv'
[2.692s] INFO:colcon.colcon_core.shell:Creating package script '/home/ayaan/sim_ws/install/yolo_bringup/share/yolo_bringup/package.sh'
[2.693s] INFO:colcon.colcon_core.shell:Creating package script '/home/ayaan/sim_ws/install/yolo_bringup/share/yolo_bringup/package.bash'
[2.693s] INFO:colcon.colcon_core.shell:Creating package script '/home/ayaan/sim_ws/install/yolo_bringup/share/yolo_bringup/package.zsh'
[2.694s] Level 1:colcon.colcon_core.environment:create_file_with_runtime_dependencies(/home/ayaan/sim_ws/install/yolo_bringup/share/colcon-core/packages/yolo_bringup)
[2.694s] Level 1:colcon.colcon_core.environment:create_environment_scripts_only(yolo_bringup)
[2.695s] Level 1:colcon.colcon_core.environment:checking '/home/ayaan/sim_ws/install/yolo_bringup' for CMake module files
[2.695s] Level 1:colcon.colcon_core.environment:checking '/home/ayaan/sim_ws/install/yolo_bringup' for CMake config files
[2.696s] Level 1:colcon.colcon_core.shell:create_environment_hook('yolo_bringup', 'cmake_prefix_path')
[2.696s] INFO:colcon.colcon_core.shell:Creating environment hook '/home/ayaan/sim_ws/install/yolo_bringup/share/yolo_bringup/hook/cmake_prefix_path.ps1'
[2.697s] INFO:colcon.colcon_core.shell:Creating environment descriptor '/home/ayaan/sim_ws/install/yolo_bringup/share/yolo_bringup/hook/cmake_prefix_path.dsv'
[2.697s] INFO:colcon.colcon_core.shell:Creating environment hook '/home/ayaan/sim_ws/install/yolo_bringup/share/yolo_bringup/hook/cmake_prefix_path.sh'
[2.697s] Level 1:colcon.colcon_core.environment:checking '/home/ayaan/sim_ws/install/yolo_bringup/bin'
[2.698s] Level 1:colcon.colcon_core.environment:checking '/home/ayaan/sim_ws/install/yolo_bringup/lib/pkgconfig/yolo_bringup.pc'
[2.698s] Level 1:colcon.colcon_core.environment:checking '/home/ayaan/sim_ws/install/yolo_bringup/lib/python3.10/site-packages'
[2.698s] Level 1:colcon.colcon_core.environment:checking '/home/ayaan/sim_ws/install/yolo_bringup/bin'
[2.698s] INFO:colcon.colcon_core.shell:Creating package script '/home/ayaan/sim_ws/install/yolo_bringup/share/yolo_bringup/package.ps1'
[2.699s] INFO:colcon.colcon_core.shell:Creating package descriptor '/home/ayaan/sim_ws/install/yolo_bringup/share/yolo_bringup/package.dsv'
[2.699s] INFO:colcon.colcon_core.shell:Creating package script '/home/ayaan/sim_ws/install/yolo_bringup/share/yolo_bringup/package.sh'
[2.699s] INFO:colcon.colcon_core.shell:Creating package script '/home/ayaan/sim_ws/install/yolo_bringup/share/yolo_bringup/package.bash'
[2.700s] INFO:colcon.colcon_core.shell:Creating package script '/home/ayaan/sim_ws/install/yolo_bringup/share/yolo_bringup/package.zsh'
[2.700s] Level 1:colcon.colcon_core.environment:create_file_with_runtime_dependencies(/home/ayaan/sim_ws/install/yolo_bringup/share/colcon-core/packages/yolo_bringup)
[2.700s] DEBUG:colcon.colcon_parallel_executor.executor.parallel:closing loop
[2.701s] DEBUG:colcon.colcon_parallel_executor.executor.parallel:loop closed
[2.701s] DEBUG:colcon.colcon_parallel_executor.executor.parallel:run_until_complete finished with '0'
[2.701s] DEBUG:colcon.colcon_core.event_reactor:joining thread
[2.706s] INFO:colcon.colcon_core.plugin_system:Skipping extension 'colcon_notification.desktop_notification.terminal_notifier': Not used on non-Darwin systems
[2.706s] INFO:colcon.colcon_core.plugin_system:Skipping extension 'colcon_notification.desktop_notification.win32': Not used on non-Windows systems
[2.706s] INFO:colcon.colcon_notification.desktop_notification:Sending desktop notification using 'notify2'
[2.716s] DEBUG:colcon.colcon_core.event_reactor:joined thread
[2.716s] INFO:colcon.colcon_core.shell:Creating prefix script '/home/ayaan/sim_ws/install/local_setup.ps1'
[2.717s] INFO:colcon.colcon_core.shell:Creating prefix util module '/home/ayaan/sim_ws/install/_local_setup_util_ps1.py'
[2.718s] INFO:colcon.colcon_core.shell:Creating prefix chain script '/home/ayaan/sim_ws/install/setup.ps1'
[2.720s] INFO:colcon.colcon_core.shell:Creating prefix script '/home/ayaan/sim_ws/install/local_setup.sh'
[2.720s] INFO:colcon.colcon_core.shell:Creating prefix util module '/home/ayaan/sim_ws/install/_local_setup_util_sh.py'
[2.721s] INFO:colcon.colcon_core.shell:Creating prefix chain script '/home/ayaan/sim_ws/install/setup.sh'
[2.723s] INFO:colcon.colcon_core.shell:Creating prefix script '/home/ayaan/sim_ws/install/local_setup.bash'
[2.724s] INFO:colcon.colcon_core.shell:Creating prefix chain script '/home/ayaan/sim_ws/install/setup.bash'
[2.726s] INFO:colcon.colcon_core.shell:Creating prefix script '/home/ayaan/sim_ws/install/local_setup.zsh'
[2.726s] INFO:colcon.colcon_core.shell:Creating prefix chain script '/home/ayaan/sim_ws/install/setup.zsh'
