[0.936s] Invoking command in '/home/ayaan/sim_ws/src/pot_follower': PYTHONPATH=/home/ayaan/sim_ws/build/pot_follower/prefix_override:/usr/lib/python3/dist-packages/colcon_core/task/python/colcon_distutils_commands:/home/ayaan/sim_ws/install/pot_follower/lib/python3.10/site-packages:${PYTHONPATH} /usr/bin/python3 -W ignore:setup.py install is deprecated -W ignore:easy_install command is deprecated setup.py egg_info --egg-base ../../build/pot_follower build --build-base /home/ayaan/sim_ws/build/pot_follower/build install --record /home/ayaan/sim_ws/build/pot_follower/install.log --single-version-externally-managed install_data
[1.189s] running egg_info
[1.190s] writing ../../build/pot_follower/pot_follower.egg-info/PKG-INFO
[1.190s] writing dependency_links to ../../build/pot_follower/pot_follower.egg-info/dependency_links.txt
[1.190s] writing entry points to ../../build/pot_follower/pot_follower.egg-info/entry_points.txt
[1.190s] writing requirements to ../../build/pot_follower/pot_follower.egg-info/requires.txt
[1.190s] writing top-level names to ../../build/pot_follower/pot_follower.egg-info/top_level.txt
[1.208s] reading manifest file '../../build/pot_follower/pot_follower.egg-info/SOURCES.txt'
[1.208s] writing manifest file '../../build/pot_follower/pot_follower.egg-info/SOURCES.txt'
[1.209s] running build
[1.209s] running build_py
[1.209s] running install
[1.209s] running install_lib
[1.210s] running install_data
[1.211s] running install_egg_info
[1.212s] removing '/home/ayaan/sim_ws/install/pot_follower/lib/python3.10/site-packages/pot_follower-0.0.0-py3.10.egg-info' (and everything under it)
[1.224s] Copying ../../build/pot_follower/pot_follower.egg-info to /home/ayaan/sim_ws/install/pot_follower/lib/python3.10/site-packages/pot_follower-0.0.0-py3.10.egg-info
[1.225s] running install_scripts
[1.247s] Installing extract_images script to /home/ayaan/sim_ws/install/pot_follower/lib/pot_follower
[1.247s] Installing pot_follower_node script to /home/ayaan/sim_ws/install/pot_follower/lib/pot_follower
[1.248s] writing list of installed files to '/home/ayaan/sim_ws/build/pot_follower/install.log'
[1.279s] Invoked command in '/home/ayaan/sim_ws/src/pot_follower' returned '0': PYTHONPATH=/home/ayaan/sim_ws/build/pot_follower/prefix_override:/usr/lib/python3/dist-packages/colcon_core/task/python/colcon_distutils_commands:/home/ayaan/sim_ws/install/pot_follower/lib/python3.10/site-packages:${PYTHONPATH} /usr/bin/python3 -W ignore:setup.py install is deprecated -W ignore:easy_install command is deprecated setup.py egg_info --egg-base ../../build/pot_follower build --build-base /home/ayaan/sim_ws/build/pot_follower/build install --record /home/ayaan/sim_ws/build/pot_follower/install.log --single-version-externally-managed install_data
