[0.644s] Invoking command in '/home/ayaan/sim_ws/build/sim_lobby_classic': CMAKE_PREFIX_PATH=/home/ayaan/sim_ws/install/sim_bot:/home/ayaan/sim_ws/install/yolo_bringup:/home/ayaan/sim_ws/install/yolo_msgs:/home/ayaan/turtlebot3_ws/install/turtlebot3:/home/ayaan/turtlebot3_ws/install/turtlebot3_simulations:/home/ayaan/turtlebot3_ws/install/turtlebot3_bringup:/home/ayaan/turtlebot3_ws/install/turtlebot3_node:/home/ayaan/turtlebot3_ws/install/turtlebot3_navigation2:/home/ayaan/turtlebot3_ws/install/turtlebot3_fake_node:/home/ayaan/turtlebot3_ws/install/turtlebot3_msgs:/home/ayaan/turtlebot3_ws/install/turtlebot3_gazebo:/home/ayaan/turtlebot3_ws/install/turtlebot3_description:/home/ayaan/turtlebot3_ws/install/turtlebot3_cartographer PYTHONPATH=/home/ayaan/sim_ws/build/sim_lobby_classic/prefix_override:/usr/lib/python3/dist-packages/colcon_core/task/python/colcon_distutils_commands:/home/ayaan/sim_ws/install/sim_lobby_classic/lib/python3.10/site-packages:${PYTHONPATH} /usr/bin/python3 -W ignore:setup.py install is deprecated -W ignore:easy_install command is deprecated setup.py develop --editable --build-directory /home/ayaan/sim_ws/build/sim_lobby_classic/build --no-deps symlink_data
[0.901s] running develop
[1.066s] running egg_info
[1.066s] creating sim_lobby_classic.egg-info
[1.066s] writing sim_lobby_classic.egg-info/PKG-INFO
[1.066s] writing dependency_links to sim_lobby_classic.egg-info/dependency_links.txt
[1.067s] writing entry points to sim_lobby_classic.egg-info/entry_points.txt
[1.067s] writing requirements to sim_lobby_classic.egg-info/requires.txt
[1.067s] writing top-level names to sim_lobby_classic.egg-info/top_level.txt
[1.067s] writing manifest file 'sim_lobby_classic.egg-info/SOURCES.txt'
[1.068s] reading manifest file 'sim_lobby_classic.egg-info/SOURCES.txt'
[1.069s] writing manifest file 'sim_lobby_classic.egg-info/SOURCES.txt'
[1.070s] running build_ext
[1.070s] Creating /home/ayaan/sim_ws/install/sim_lobby_classic/lib/python3.10/site-packages/sim-lobby-classic.egg-link (link to .)
[1.071s] 
[1.071s] Installed /home/ayaan/sim_ws/build/sim_lobby_classic
[1.071s] running symlink_data
[1.071s] creating /home/ayaan/sim_ws/install/sim_lobby_classic/share/ament_index
[1.072s] creating /home/ayaan/sim_ws/install/sim_lobby_classic/share/ament_index/resource_index
[1.072s] creating /home/ayaan/sim_ws/install/sim_lobby_classic/share/ament_index/resource_index/packages
[1.072s] symbolically linking /home/ayaan/sim_ws/build/sim_lobby_classic/resource/sim_lobby_classic -> /home/ayaan/sim_ws/install/sim_lobby_classic/share/ament_index/resource_index/packages
[1.072s] symbolically linking /home/ayaan/sim_ws/build/sim_lobby_classic/package.xml -> /home/ayaan/sim_ws/install/sim_lobby_classic/share/sim_lobby_classic
[1.072s] creating /home/ayaan/sim_ws/install/sim_lobby_classic/share/sim_lobby_classic/launch
[1.072s] symbolically linking /home/ayaan/sim_ws/build/sim_lobby_classic/launch/lobby_classic.launch.py -> /home/ayaan/sim_ws/install/sim_lobby_classic/share/sim_lobby_classic/launch
[1.072s] creating /home/ayaan/sim_ws/install/sim_lobby_classic/share/sim_lobby_classic/worlds
[1.072s] symbolically linking /home/ayaan/sim_ws/build/sim_lobby_classic/worlds/lobby_with_pots.world -> /home/ayaan/sim_ws/install/sim_lobby_classic/share/sim_lobby_classic/worlds
[1.100s] Invoked command in '/home/ayaan/sim_ws/build/sim_lobby_classic' returned '0': CMAKE_PREFIX_PATH=/home/ayaan/sim_ws/install/sim_bot:/home/ayaan/sim_ws/install/yolo_bringup:/home/ayaan/sim_ws/install/yolo_msgs:/home/ayaan/turtlebot3_ws/install/turtlebot3:/home/ayaan/turtlebot3_ws/install/turtlebot3_simulations:/home/ayaan/turtlebot3_ws/install/turtlebot3_bringup:/home/ayaan/turtlebot3_ws/install/turtlebot3_node:/home/ayaan/turtlebot3_ws/install/turtlebot3_navigation2:/home/ayaan/turtlebot3_ws/install/turtlebot3_fake_node:/home/ayaan/turtlebot3_ws/install/turtlebot3_msgs:/home/ayaan/turtlebot3_ws/install/turtlebot3_gazebo:/home/ayaan/turtlebot3_ws/install/turtlebot3_description:/home/ayaan/turtlebot3_ws/install/turtlebot3_cartographer PYTHONPATH=/home/ayaan/sim_ws/build/sim_lobby_classic/prefix_override:/usr/lib/python3/dist-packages/colcon_core/task/python/colcon_distutils_commands:/home/ayaan/sim_ws/install/sim_lobby_classic/lib/python3.10/site-packages:${PYTHONPATH} /usr/bin/python3 -W ignore:setup.py install is deprecated -W ignore:easy_install command is deprecated setup.py develop --editable --build-directory /home/ayaan/sim_ws/build/sim_lobby_classic/build --no-deps symlink_data
