[1.125s] Invoking command in '/home/ayaan/sim_ws/build/pot_follower': PYTHONPATH=/home/ayaan/sim_ws/build/pot_follower/prefix_override:/usr/lib/python3/dist-packages/colcon_core/task/python/colcon_distutils_commands:/home/ayaan/sim_ws/install/pot_follower/lib/python3.10/site-packages:${PYTHONPATH} /usr/bin/python3 -W ignore:setup.py install is deprecated -W ignore:easy_install command is deprecated setup.py develop --editable --build-directory /home/ayaan/sim_ws/build/pot_follower/build --no-deps symlink_data
[1.419s] running develop
[1.673s] running egg_info
[1.673s] creating pot_follower.egg-info
[1.674s] writing pot_follower.egg-info/PKG-INFO
[1.674s] writing dependency_links to pot_follower.egg-info/dependency_links.txt
[1.674s] writing entry points to pot_follower.egg-info/entry_points.txt
[1.674s] writing requirements to pot_follower.egg-info/requires.txt
[1.674s] writing top-level names to pot_follower.egg-info/top_level.txt
[1.674s] writing manifest file 'pot_follower.egg-info/SOURCES.txt'
[1.676s] reading manifest file 'pot_follower.egg-info/SOURCES.txt'
[1.676s] writing manifest file 'pot_follower.egg-info/SOURCES.txt'
[1.678s] running build_ext
[1.678s] Creating /home/ayaan/sim_ws/install/pot_follower/lib/python3.10/site-packages/pot-follower.egg-link (link to .)
[1.679s] Installing extract_images script to /home/ayaan/sim_ws/install/pot_follower/lib/pot_follower
[1.679s] Installing pot_follower_node script to /home/ayaan/sim_ws/install/pot_follower/lib/pot_follower
[1.679s] 
[1.679s] Installed /home/ayaan/sim_ws/build/pot_follower
[1.679s] running symlink_data
[1.679s] creating /home/ayaan/sim_ws/install/pot_follower/share/ament_index
[1.679s] creating /home/ayaan/sim_ws/install/pot_follower/share/ament_index/resource_index
[1.679s] creating /home/ayaan/sim_ws/install/pot_follower/share/ament_index/resource_index/packages
[1.679s] symbolically linking /home/ayaan/sim_ws/build/pot_follower/resource/pot_follower -> /home/ayaan/sim_ws/install/pot_follower/share/ament_index/resource_index/packages
[1.679s] symbolically linking /home/ayaan/sim_ws/build/pot_follower/package.xml -> /home/ayaan/sim_ws/install/pot_follower/share/pot_follower
[1.711s] Invoked command in '/home/ayaan/sim_ws/build/pot_follower' returned '0': PYTHONPATH=/home/ayaan/sim_ws/build/pot_follower/prefix_override:/usr/lib/python3/dist-packages/colcon_core/task/python/colcon_distutils_commands:/home/ayaan/sim_ws/install/pot_follower/lib/python3.10/site-packages:${PYTHONPATH} /usr/bin/python3 -W ignore:setup.py install is deprecated -W ignore:easy_install command is deprecated setup.py develop --editable --build-directory /home/ayaan/sim_ws/build/pot_follower/build --no-deps symlink_data
