[4.007s] Invoking command in '/home/ayaan/sim_ws/build/pot_follower': PYTHONPATH=/home/ayaan/sim_ws/build/pot_follower/prefix_override:/usr/lib/python3/dist-packages/colcon_core/task/python/colcon_distutils_commands:/home/ayaan/sim_ws/install/pot_follower/lib/python3.10/site-packages:${PYTHONPATH} /usr/bin/python3 -W ignore:setup.py install is deprecated -W ignore:easy_install command is deprecated setup.py develop --editable --build-directory /home/ayaan/sim_ws/build/pot_follower/build --no-deps symlink_data --force
[4.752s] running develop
[5.341s] running egg_info
[5.341s] writing pot_follower.egg-info/PKG-INFO
[5.342s] writing dependency_links to pot_follower.egg-info/dependency_links.txt
[5.343s] writing entry points to pot_follower.egg-info/entry_points.txt
[5.343s] writing requirements to pot_follower.egg-info/requires.txt
[5.344s] writing top-level names to pot_follower.egg-info/top_level.txt
[5.349s] reading manifest file 'pot_follower.egg-info/SOURCES.txt'
[5.351s] writing manifest file 'pot_follower.egg-info/SOURCES.txt'
[5.355s] running build_ext
[5.355s] Creating /home/ayaan/sim_ws/install/pot_follower/lib/python3.10/site-packages/pot-follower.egg-link (link to .)
[5.358s] Installing extract_images script to /home/ayaan/sim_ws/install/pot_follower/lib/pot_follower
[5.358s] Installing pot_follower_node script to /home/ayaan/sim_ws/install/pot_follower/lib/pot_follower
[5.359s] 
[5.359s] Installed /home/ayaan/sim_ws/build/pot_follower
[5.359s] running symlink_data
[5.360s] symbolically linking /home/ayaan/sim_ws/build/pot_follower/resource/pot_follower -> /home/ayaan/sim_ws/install/pot_follower/share/ament_index/resource_index/packages
[5.360s] symbolically linking /home/ayaan/sim_ws/build/pot_follower/package.xml -> /home/ayaan/sim_ws/install/pot_follower/share/pot_follower
[5.427s] Invoked command in '/home/ayaan/sim_ws/build/pot_follower' returned '0': PYTHONPATH=/home/ayaan/sim_ws/build/pot_follower/prefix_override:/usr/lib/python3/dist-packages/colcon_core/task/python/colcon_distutils_commands:/home/ayaan/sim_ws/install/pot_follower/lib/python3.10/site-packages:${PYTHONPATH} /usr/bin/python3 -W ignore:setup.py install is deprecated -W ignore:easy_install command is deprecated setup.py develop --editable --build-directory /home/ayaan/sim_ws/build/pot_follower/build --no-deps symlink_data --force
