running develop
Removing /home/ayaan/sim_ws/install/pot_follower/lib/python3.10/site-packages/pot-follower.egg-link (link to .)
running egg_info
writing ../../build/pot_follower/pot_follower.egg-info/PKG-INFO
writing dependency_links to ../../build/pot_follower/pot_follower.egg-info/dependency_links.txt
writing entry points to ../../build/pot_follower/pot_follower.egg-info/entry_points.txt
writing requirements to ../../build/pot_follower/pot_follower.egg-info/requires.txt
writing top-level names to ../../build/pot_follower/pot_follower.egg-info/top_level.txt
reading manifest file '../../build/pot_follower/pot_follower.egg-info/SOURCES.txt'
writing manifest file '../../build/pot_follower/pot_follower.egg-info/SOURCES.txt'
running build
running build_py
creating /home/ayaan/sim_ws/build/pot_follower/build
creating /home/ayaan/sim_ws/build/pot_follower/build/lib
creating /home/ayaan/sim_ws/build/pot_follower/build/lib/pot_follower
copying pot_follower/__init__.py -> /home/ayaan/sim_ws/build/pot_follower/build/lib/pot_follower
copying pot_follower/pot_follower_node.py -> /home/ayaan/sim_ws/build/pot_follower/build/lib/pot_follower
running install
running install_lib
creating /home/ayaan/sim_ws/install/pot_follower/lib/python3.10/site-packages/pot_follower
copying /home/ayaan/sim_ws/build/pot_follower/build/lib/pot_follower/__init__.py -> /home/ayaan/sim_ws/install/pot_follower/lib/python3.10/site-packages/pot_follower
copying /home/ayaan/sim_ws/build/pot_follower/build/lib/pot_follower/pot_follower_node.py -> /home/ayaan/sim_ws/install/pot_follower/lib/python3.10/site-packages/pot_follower
byte-compiling /home/ayaan/sim_ws/install/pot_follower/lib/python3.10/site-packages/pot_follower/__init__.py to __init__.cpython-310.pyc
byte-compiling /home/ayaan/sim_ws/install/pot_follower/lib/python3.10/site-packages/pot_follower/pot_follower_node.py to pot_follower_node.cpython-310.pyc
running install_data
copying resource/pot_follower -> /home/ayaan/sim_ws/install/pot_follower/share/ament_index/resource_index/packages
copying package.xml -> /home/ayaan/sim_ws/install/pot_follower/share/pot_follower
running install_egg_info
Copying ../../build/pot_follower/pot_follower.egg-info to /home/ayaan/sim_ws/install/pot_follower/lib/python3.10/site-packages/pot_follower-0.0.0-py3.10.egg-info
running install_scripts
Installing extract_images script to /home/ayaan/sim_ws/install/pot_follower/lib/pot_follower
Installing pot_follower_node script to /home/ayaan/sim_ws/install/pot_follower/lib/pot_follower
writing list of installed files to '/home/ayaan/sim_ws/build/pot_follower/install.log'
