[0.704s] Invoking command in '/home/ayaan/sim_ws/build/pot_follower': PYTHONPATH=/home/ayaan/sim_ws/build/pot_follower/prefix_override:/usr/lib/python3/dist-packages/colcon_core/task/python/colcon_distutils_commands:/home/ayaan/sim_ws/install/pot_follower/lib/python3.10/site-packages:${PYTHONPATH} /usr/bin/python3 -W ignore:setup.py install is deprecated -W ignore:easy_install command is deprecated setup.py develop --uninstall --editable --build-directory /home/ayaan/sim_ws/build/pot_follower/build
[0.972s] running develop
[1.156s] Removing /home/ayaan/sim_ws/install/pot_follower/lib/python3.10/site-packages/pot-follower.egg-link (link to .)
[1.273s] Invoked command in '/home/ayaan/sim_ws/build/pot_follower' returned '0': PYTHONPATH=/home/ayaan/sim_ws/build/pot_follower/prefix_override:/usr/lib/python3/dist-packages/colcon_core/task/python/colcon_distutils_commands:/home/ayaan/sim_ws/install/pot_follower/lib/python3.10/site-packages:${PYTHONPATH} /usr/bin/python3 -W ignore:setup.py install is deprecated -W ignore:easy_install command is deprecated setup.py develop --uninstall --editable --build-directory /home/ayaan/sim_ws/build/pot_follower/build
[1.276s] Invoking command in '/home/ayaan/sim_ws/src/pot_follower': PYTHONPATH=/home/ayaan/sim_ws/build/pot_follower/prefix_override:/usr/lib/python3/dist-packages/colcon_core/task/python/colcon_distutils_commands:/home/ayaan/sim_ws/install/pot_follower/lib/python3.10/site-packages:${PYTHONPATH} /usr/bin/python3 -W ignore:setup.py install is deprecated -W ignore:easy_install command is deprecated setup.py egg_info --egg-base ../../build/pot_follower build --build-base /home/ayaan/sim_ws/build/pot_follower/build install --record /home/ayaan/sim_ws/build/pot_follower/install.log --single-version-externally-managed install_data --force
[1.540s] running egg_info
[1.541s] writing ../../build/pot_follower/pot_follower.egg-info/PKG-INFO
[1.541s] writing dependency_links to ../../build/pot_follower/pot_follower.egg-info/dependency_links.txt
[1.541s] writing entry points to ../../build/pot_follower/pot_follower.egg-info/entry_points.txt
[1.542s] writing requirements to ../../build/pot_follower/pot_follower.egg-info/requires.txt
[1.542s] writing top-level names to ../../build/pot_follower/pot_follower.egg-info/top_level.txt
[1.544s] reading manifest file '../../build/pot_follower/pot_follower.egg-info/SOURCES.txt'
[1.544s] writing manifest file '../../build/pot_follower/pot_follower.egg-info/SOURCES.txt'
[1.545s] running build
[1.545s] running build_py
[1.545s] creating /home/ayaan/sim_ws/build/pot_follower/build
[1.545s] creating /home/ayaan/sim_ws/build/pot_follower/build/lib
[1.545s] creating /home/ayaan/sim_ws/build/pot_follower/build/lib/pot_follower
[1.545s] copying pot_follower/__init__.py -> /home/ayaan/sim_ws/build/pot_follower/build/lib/pot_follower
[1.545s] copying pot_follower/pot_follower_node.py -> /home/ayaan/sim_ws/build/pot_follower/build/lib/pot_follower
[1.545s] running install
[1.546s] running install_lib
[1.546s] creating /home/ayaan/sim_ws/install/pot_follower/lib/python3.10/site-packages/pot_follower
[1.547s] copying /home/ayaan/sim_ws/build/pot_follower/build/lib/pot_follower/__init__.py -> /home/ayaan/sim_ws/install/pot_follower/lib/python3.10/site-packages/pot_follower
[1.547s] copying /home/ayaan/sim_ws/build/pot_follower/build/lib/pot_follower/pot_follower_node.py -> /home/ayaan/sim_ws/install/pot_follower/lib/python3.10/site-packages/pot_follower
[1.547s] byte-compiling /home/ayaan/sim_ws/install/pot_follower/lib/python3.10/site-packages/pot_follower/__init__.py to __init__.cpython-310.pyc
[1.548s] byte-compiling /home/ayaan/sim_ws/install/pot_follower/lib/python3.10/site-packages/pot_follower/pot_follower_node.py to pot_follower_node.cpython-310.pyc
[1.549s] running install_data
[1.549s] copying resource/pot_follower -> /home/ayaan/sim_ws/install/pot_follower/share/ament_index/resource_index/packages
[1.549s] copying package.xml -> /home/ayaan/sim_ws/install/pot_follower/share/pot_follower
[1.549s] running install_egg_info
[1.551s] Copying ../../build/pot_follower/pot_follower.egg-info to /home/ayaan/sim_ws/install/pot_follower/lib/python3.10/site-packages/pot_follower-0.0.0-py3.10.egg-info
[1.552s] running install_scripts
[1.572s] Installing extract_images script to /home/ayaan/sim_ws/install/pot_follower/lib/pot_follower
[1.573s] Installing pot_follower_node script to /home/ayaan/sim_ws/install/pot_follower/lib/pot_follower
[1.573s] writing list of installed files to '/home/ayaan/sim_ws/build/pot_follower/install.log'
[1.684s] Invoked command in '/home/ayaan/sim_ws/src/pot_follower' returned '0': PYTHONPATH=/home/ayaan/sim_ws/build/pot_follower/prefix_override:/usr/lib/python3/dist-packages/colcon_core/task/python/colcon_distutils_commands:/home/ayaan/sim_ws/install/pot_follower/lib/python3.10/site-packages:${PYTHONPATH} /usr/bin/python3 -W ignore:setup.py install is deprecated -W ignore:easy_install command is deprecated setup.py egg_info --egg-base ../../build/pot_follower build --build-base /home/ayaan/sim_ws/build/pot_follower/build install --record /home/ayaan/sim_ws/build/pot_follower/install.log --single-version-externally-managed install_data --force
