[0.673s] Invoking command in '/home/ayaan/sim_ws/build/yolo_ros': CMAKE_PREFIX_PATH=/home/ayaan/sim_ws/install/yolo_msgs:/home/ayaan/sim_ws/install/yolo_bringup:/home/ayaan/sim_ws/install/sim_bot:/home/ayaan/turtlebot3_ws/install/turtlebot3:/home/ayaan/turtlebot3_ws/install/turtlebot3_simulations:/home/ayaan/turtlebot3_ws/install/turtlebot3_bringup:/home/ayaan/turtlebot3_ws/install/turtlebot3_node:/home/ayaan/turtlebot3_ws/install/turtlebot3_navigation2:/home/ayaan/turtlebot3_ws/install/turtlebot3_fake_node:/home/ayaan/turtlebot3_ws/install/turtlebot3_msgs:/home/ayaan/turtlebot3_ws/install/turtlebot3_gazebo:/home/ayaan/turtlebot3_ws/install/turtlebot3_description:/home/ayaan/turtlebot3_ws/install/turtlebot3_cartographer LD_LIBRARY_PATH=/home/ayaan/sim_ws/install/yolo_msgs/lib:/home/ayaan/turtlebot3_ws/install/turtlebot3_msgs/lib:/usr/lib/x86_64-linux-gnu/gazebo-11/plugins:/opt/ros/humble/opt/rviz_ogre_vendor/lib:/opt/ros/humble/lib/x86_64-linux-gnu:/opt/ros/humble/lib:/home/ayaan/CoppeliaSim:/usr/lib/x86_64-linux-gnu/gazebo-11/plugins PYTHONPATH=/home/ayaan/sim_ws/build/yolo_ros/prefix_override:/usr/lib/python3/dist-packages/colcon_core/task/python/colcon_distutils_commands:/home/ayaan/sim_ws/install/yolo_ros/lib/python3.10/site-packages:${PYTHONPATH} /usr/bin/python3 -W ignore:setup.py install is deprecated -W ignore:easy_install command is deprecated setup.py develop --uninstall --editable --build-directory /home/ayaan/sim_ws/build/yolo_ros/build
[0.931s] running develop
[1.095s] Removing /home/ayaan/sim_ws/install/yolo_ros/lib/python3.10/site-packages/yolo-ros.egg-link (link to .)
[1.123s] Invoked command in '/home/ayaan/sim_ws/build/yolo_ros' returned '0': CMAKE_PREFIX_PATH=/home/ayaan/sim_ws/install/yolo_msgs:/home/ayaan/sim_ws/install/yolo_bringup:/home/ayaan/sim_ws/install/sim_bot:/home/ayaan/turtlebot3_ws/install/turtlebot3:/home/ayaan/turtlebot3_ws/install/turtlebot3_simulations:/home/ayaan/turtlebot3_ws/install/turtlebot3_bringup:/home/ayaan/turtlebot3_ws/install/turtlebot3_node:/home/ayaan/turtlebot3_ws/install/turtlebot3_navigation2:/home/ayaan/turtlebot3_ws/install/turtlebot3_fake_node:/home/ayaan/turtlebot3_ws/install/turtlebot3_msgs:/home/ayaan/turtlebot3_ws/install/turtlebot3_gazebo:/home/ayaan/turtlebot3_ws/install/turtlebot3_description:/home/ayaan/turtlebot3_ws/install/turtlebot3_cartographer LD_LIBRARY_PATH=/home/ayaan/sim_ws/install/yolo_msgs/lib:/home/ayaan/turtlebot3_ws/install/turtlebot3_msgs/lib:/usr/lib/x86_64-linux-gnu/gazebo-11/plugins:/opt/ros/humble/opt/rviz_ogre_vendor/lib:/opt/ros/humble/lib/x86_64-linux-gnu:/opt/ros/humble/lib:/home/ayaan/CoppeliaSim:/usr/lib/x86_64-linux-gnu/gazebo-11/plugins PYTHONPATH=/home/ayaan/sim_ws/build/yolo_ros/prefix_override:/usr/lib/python3/dist-packages/colcon_core/task/python/colcon_distutils_commands:/home/ayaan/sim_ws/install/yolo_ros/lib/python3.10/site-packages:${PYTHONPATH} /usr/bin/python3 -W ignore:setup.py install is deprecated -W ignore:easy_install command is deprecated setup.py develop --uninstall --editable --build-directory /home/ayaan/sim_ws/build/yolo_ros/build
[1.124s] Invoking command in '/home/ayaan/sim_ws/src/yolo_ros/yolo_ros': CMAKE_PREFIX_PATH=/home/ayaan/sim_ws/install/yolo_msgs:/home/ayaan/sim_ws/install/yolo_bringup:/home/ayaan/sim_ws/install/sim_bot:/home/ayaan/turtlebot3_ws/install/turtlebot3:/home/ayaan/turtlebot3_ws/install/turtlebot3_simulations:/home/ayaan/turtlebot3_ws/install/turtlebot3_bringup:/home/ayaan/turtlebot3_ws/install/turtlebot3_node:/home/ayaan/turtlebot3_ws/install/turtlebot3_navigation2:/home/ayaan/turtlebot3_ws/install/turtlebot3_fake_node:/home/ayaan/turtlebot3_ws/install/turtlebot3_msgs:/home/ayaan/turtlebot3_ws/install/turtlebot3_gazebo:/home/ayaan/turtlebot3_ws/install/turtlebot3_description:/home/ayaan/turtlebot3_ws/install/turtlebot3_cartographer LD_LIBRARY_PATH=/home/ayaan/sim_ws/install/yolo_msgs/lib:/home/ayaan/turtlebot3_ws/install/turtlebot3_msgs/lib:/usr/lib/x86_64-linux-gnu/gazebo-11/plugins:/opt/ros/humble/opt/rviz_ogre_vendor/lib:/opt/ros/humble/lib/x86_64-linux-gnu:/opt/ros/humble/lib:/home/ayaan/CoppeliaSim:/usr/lib/x86_64-linux-gnu/gazebo-11/plugins PYTHONPATH=/home/ayaan/sim_ws/build/yolo_ros/prefix_override:/usr/lib/python3/dist-packages/colcon_core/task/python/colcon_distutils_commands:/home/ayaan/sim_ws/install/yolo_ros/lib/python3.10/site-packages:${PYTHONPATH} /usr/bin/python3 -W ignore:setup.py install is deprecated -W ignore:easy_install command is deprecated setup.py egg_info --egg-base ../../../build/yolo_ros build --build-base /home/ayaan/sim_ws/build/yolo_ros/build install --record /home/ayaan/sim_ws/build/yolo_ros/install.log --single-version-externally-managed install_data --force
[1.358s] running egg_info
[1.359s] writing ../../../build/yolo_ros/yolo_ros.egg-info/PKG-INFO
[1.359s] writing dependency_links to ../../../build/yolo_ros/yolo_ros.egg-info/dependency_links.txt
[1.360s] writing entry points to ../../../build/yolo_ros/yolo_ros.egg-info/entry_points.txt
[1.360s] writing requirements to ../../../build/yolo_ros/yolo_ros.egg-info/requires.txt
[1.360s] writing top-level names to ../../../build/yolo_ros/yolo_ros.egg-info/top_level.txt
[1.362s] reading manifest file '../../../build/yolo_ros/yolo_ros.egg-info/SOURCES.txt'
[1.363s] writing manifest file '../../../build/yolo_ros/yolo_ros.egg-info/SOURCES.txt'
[1.363s] running build
[1.363s] running build_py
[1.363s] running install
[1.364s] running install_lib
[1.364s] creating /home/ayaan/sim_ws/install/yolo_ros/lib/python3.10/site-packages/yolo_ros
[1.364s] copying /home/ayaan/sim_ws/build/yolo_ros/build/lib/yolo_ros/debug_node.py -> /home/ayaan/sim_ws/install/yolo_ros/lib/python3.10/site-packages/yolo_ros
[1.365s] copying /home/ayaan/sim_ws/build/yolo_ros/build/lib/yolo_ros/__init__.py -> /home/ayaan/sim_ws/install/yolo_ros/lib/python3.10/site-packages/yolo_ros
[1.365s] copying /home/ayaan/sim_ws/build/yolo_ros/build/lib/yolo_ros/tracking_node.py -> /home/ayaan/sim_ws/install/yolo_ros/lib/python3.10/site-packages/yolo_ros
[1.365s] copying /home/ayaan/sim_ws/build/yolo_ros/build/lib/yolo_ros/yolo_node.py -> /home/ayaan/sim_ws/install/yolo_ros/lib/python3.10/site-packages/yolo_ros
[1.365s] copying /home/ayaan/sim_ws/build/yolo_ros/build/lib/yolo_ros/detect_3d_node.py -> /home/ayaan/sim_ws/install/yolo_ros/lib/python3.10/site-packages/yolo_ros
[1.365s] byte-compiling /home/ayaan/sim_ws/install/yolo_ros/lib/python3.10/site-packages/yolo_ros/debug_node.py to debug_node.cpython-310.pyc
[1.368s] byte-compiling /home/ayaan/sim_ws/install/yolo_ros/lib/python3.10/site-packages/yolo_ros/__init__.py to __init__.cpython-310.pyc
[1.368s] byte-compiling /home/ayaan/sim_ws/install/yolo_ros/lib/python3.10/site-packages/yolo_ros/tracking_node.py to tracking_node.cpython-310.pyc
[1.369s] byte-compiling /home/ayaan/sim_ws/install/yolo_ros/lib/python3.10/site-packages/yolo_ros/yolo_node.py to yolo_node.cpython-310.pyc
[1.370s] byte-compiling /home/ayaan/sim_ws/install/yolo_ros/lib/python3.10/site-packages/yolo_ros/detect_3d_node.py to detect_3d_node.cpython-310.pyc
[1.372s] running install_data
[1.373s] copying resource/yolo_ros -> /home/ayaan/sim_ws/install/yolo_ros/share/ament_index/resource_index/packages
[1.373s] copying package.xml -> /home/ayaan/sim_ws/install/yolo_ros/share/yolo_ros
[1.373s] running install_egg_info
[1.375s] Copying ../../../build/yolo_ros/yolo_ros.egg-info to /home/ayaan/sim_ws/install/yolo_ros/lib/python3.10/site-packages/yolo_ros-0.0.0-py3.10.egg-info
[1.375s] running install_scripts
[1.395s] Installing debug_node script to /home/ayaan/sim_ws/install/yolo_ros/lib/yolo_ros
[1.395s] Installing detect_3d_node script to /home/ayaan/sim_ws/install/yolo_ros/lib/yolo_ros
[1.395s] Installing tracking_node script to /home/ayaan/sim_ws/install/yolo_ros/lib/yolo_ros
[1.396s] Installing yolo_node script to /home/ayaan/sim_ws/install/yolo_ros/lib/yolo_ros
[1.396s] writing list of installed files to '/home/ayaan/sim_ws/build/yolo_ros/install.log'
[1.420s] Invoked command in '/home/ayaan/sim_ws/src/yolo_ros/yolo_ros' returned '0': CMAKE_PREFIX_PATH=/home/ayaan/sim_ws/install/yolo_msgs:/home/ayaan/sim_ws/install/yolo_bringup:/home/ayaan/sim_ws/install/sim_bot:/home/ayaan/turtlebot3_ws/install/turtlebot3:/home/ayaan/turtlebot3_ws/install/turtlebot3_simulations:/home/ayaan/turtlebot3_ws/install/turtlebot3_bringup:/home/ayaan/turtlebot3_ws/install/turtlebot3_node:/home/ayaan/turtlebot3_ws/install/turtlebot3_navigation2:/home/ayaan/turtlebot3_ws/install/turtlebot3_fake_node:/home/ayaan/turtlebot3_ws/install/turtlebot3_msgs:/home/ayaan/turtlebot3_ws/install/turtlebot3_gazebo:/home/ayaan/turtlebot3_ws/install/turtlebot3_description:/home/ayaan/turtlebot3_ws/install/turtlebot3_cartographer LD_LIBRARY_PATH=/home/ayaan/sim_ws/install/yolo_msgs/lib:/home/ayaan/turtlebot3_ws/install/turtlebot3_msgs/lib:/usr/lib/x86_64-linux-gnu/gazebo-11/plugins:/opt/ros/humble/opt/rviz_ogre_vendor/lib:/opt/ros/humble/lib/x86_64-linux-gnu:/opt/ros/humble/lib:/home/ayaan/CoppeliaSim:/usr/lib/x86_64-linux-gnu/gazebo-11/plugins PYTHONPATH=/home/ayaan/sim_ws/build/yolo_ros/prefix_override:/usr/lib/python3/dist-packages/colcon_core/task/python/colcon_distutils_commands:/home/ayaan/sim_ws/install/yolo_ros/lib/python3.10/site-packages:${PYTHONPATH} /usr/bin/python3 -W ignore:setup.py install is deprecated -W ignore:easy_install command is deprecated setup.py egg_info --egg-base ../../../build/yolo_ros build --build-base /home/ayaan/sim_ws/build/yolo_ros/build install --record /home/ayaan/sim_ws/build/yolo_ros/install.log --single-version-externally-managed install_data --force
